Start testing: Jun 03 22:59 New Zealand Standard Time
----------------------------------------------------------
1/300 Testing: s2n_3des_test
1/300 Test: s2n_3des_test
Command: "C:/Users/samue/repos/s2n-tls/build_msvc2005_static/bin/s2n_3des_test.exe"
Directory: C:/Users/samue/repos/s2n-tls/tests/unit
"s2n_3des_test" start time: Jun 03 22:59 New Zealand Standard Time
Output:
----------------------------------------------------------
<end of output>
Test time =   0.02 sec
----------------------------------------------------------
Test Passed.
"s2n_3des_test" end time: Jun 03 22:59 New Zealand Standard Time
"s2n_3des_test" time elapsed: 00:00:00
----------------------------------------------------------

2/300 Testing: s2n_aead_aes_test
2/300 Test: s2n_aead_aes_test
Command: "C:/Users/samue/repos/s2n-tls/build_msvc2005_static/bin/s2n_aead_aes_test.exe"
Directory: C:/Users/samue/repos/s2n-tls/tests/unit
"s2n_aead_aes_test" start time: Jun 03 22:59 New Zealand Standard Time
Output:
----------------------------------------------------------
<end of output>
Test time =   0.02 sec
----------------------------------------------------------
Test Passed.
"s2n_aead_aes_test" end time: Jun 03 22:59 New Zealand Standard Time
"s2n_aead_aes_test" time elapsed: 00:00:00
----------------------------------------------------------

3/300 Testing: s2n_aead_chacha20_poly1305_test
3/300 Test: s2n_aead_chacha20_poly1305_test
Command: "C:/Users/samue/repos/s2n-tls/build_msvc2005_static/bin/s2n_aead_chacha20_poly1305_test.exe"
Directory: C:/Users/samue/repos/s2n-tls/tests/unit
"s2n_aead_chacha20_poly1305_test" start time: Jun 03 22:59 New Zealand Standard Time
Output:
----------------------------------------------------------
<end of output>
Test time =   0.02 sec
----------------------------------------------------------
Test Passed.
"s2n_aead_chacha20_poly1305_test" end time: Jun 03 22:59 New Zealand Standard Time
"s2n_aead_chacha20_poly1305_test" time elapsed: 00:00:00
----------------------------------------------------------

4/300 Testing: s2n_aes_sha_composite_test
4/300 Test: s2n_aes_sha_composite_test
Command: "C:/Users/samue/repos/s2n-tls/build_msvc2005_static/bin/s2n_aes_sha_composite_test.exe"
Directory: C:/Users/samue/repos/s2n-tls/tests/unit
"s2n_aes_sha_composite_test" start time: Jun 03 22:59 New Zealand Standard Time
Output:
----------------------------------------------------------
<end of output>
Test time =   0.02 sec
----------------------------------------------------------
Test Passed.
"s2n_aes_sha_composite_test" end time: Jun 03 22:59 New Zealand Standard Time
"s2n_aes_sha_composite_test" time elapsed: 00:00:00
----------------------------------------------------------

5/300 Testing: s2n_aes_test
5/300 Test: s2n_aes_test
Command: "C:/Users/samue/repos/s2n-tls/build_msvc2005_static/bin/s2n_aes_test.exe"
Directory: C:/Users/samue/repos/s2n-tls/tests/unit
"s2n_aes_test" start time: Jun 03 22:59 New Zealand Standard Time
Output:
----------------------------------------------------------
<end of output>
Test time =   0.02 sec
----------------------------------------------------------
Test Passed.
"s2n_aes_test" end time: Jun 03 22:59 New Zealand Standard Time
"s2n_aes_test" time elapsed: 00:00:00
----------------------------------------------------------

6/300 Testing: s2n_alerts_protocol_test
6/300 Test: s2n_alerts_protocol_test
Command: "C:/Users/samue/repos/s2n-tls/build_msvc2005_static/bin/s2n_alerts_protocol_test.exe"
Directory: C:/Users/samue/repos/s2n-tls/tests/unit
"s2n_alerts_protocol_test" start time: Jun 03 22:59 New Zealand Standard Time
Output:
----------------------------------------------------------
<end of output>
Test time =   0.02 sec
----------------------------------------------------------
Test Passed.
"s2n_alerts_protocol_test" end time: Jun 03 22:59 New Zealand Standard Time
"s2n_alerts_protocol_test" time elapsed: 00:00:00
----------------------------------------------------------

7/300 Testing: s2n_alerts_test
7/300 Test: s2n_alerts_test
Command: "C:/Users/samue/repos/s2n-tls/build_msvc2005_static/bin/s2n_alerts_test.exe"
Directory: C:/Users/samue/repos/s2n-tls/tests/unit
"s2n_alerts_test" start time: Jun 03 22:59 New Zealand Standard Time
Output:
----------------------------------------------------------
<end of output>
Test time =   0.02 sec
----------------------------------------------------------
Test Passed.
"s2n_alerts_test" end time: Jun 03 22:59 New Zealand Standard Time
"s2n_alerts_test" time elapsed: 00:00:00
----------------------------------------------------------

8/300 Testing: s2n_array_test
8/300 Test: s2n_array_test
Command: "C:/Users/samue/repos/s2n-tls/build_msvc2005_static/bin/s2n_array_test.exe"
Directory: C:/Users/samue/repos/s2n-tls/tests/unit
"s2n_array_test" start time: Jun 03 22:59 New Zealand Standard Time
Output:
----------------------------------------------------------
<end of output>
Test time =   0.02 sec
----------------------------------------------------------
Test Passed.
"s2n_array_test" end time: Jun 03 22:59 New Zealand Standard Time
"s2n_array_test" time elapsed: 00:00:00
----------------------------------------------------------

9/300 Testing: s2n_async_offload_cb_test
9/300 Test: s2n_async_offload_cb_test
Command: "C:/Users/samue/repos/s2n-tls/build_msvc2005_static/bin/s2n_async_offload_cb_test.exe"
Directory: C:/Users/samue/repos/s2n-tls/tests/unit
"s2n_async_offload_cb_test" start time: Jun 03 22:59 New Zealand Standard Time
Output:
----------------------------------------------------------
<end of output>
Test time =   0.02 sec
----------------------------------------------------------
Test Passed.
"s2n_async_offload_cb_test" end time: Jun 03 22:59 New Zealand Standard Time
"s2n_async_offload_cb_test" time elapsed: 00:00:00
----------------------------------------------------------

10/300 Testing: s2n_async_pkey_test
10/300 Test: s2n_async_pkey_test
Command: "C:/Users/samue/repos/s2n-tls/build_msvc2005_static/bin/s2n_async_pkey_test.exe"
Directory: C:/Users/samue/repos/s2n-tls/tests/unit
"s2n_async_pkey_test" start time: Jun 03 22:59 New Zealand Standard Time
Output:
----------------------------------------------------------
<end of output>
Test time =   0.02 sec
----------------------------------------------------------
Test Passed.
"s2n_async_pkey_test" end time: Jun 03 22:59 New Zealand Standard Time
"s2n_async_pkey_test" time elapsed: 00:00:00
----------------------------------------------------------

11/300 Testing: s2n_auth_selection_test
11/300 Test: s2n_auth_selection_test
Command: "C:/Users/samue/repos/s2n-tls/build_msvc2005_static/bin/s2n_auth_selection_test.exe"
Directory: C:/Users/samue/repos/s2n-tls/tests/unit
"s2n_auth_selection_test" start time: Jun 03 22:59 New Zealand Standard Time
Output:
----------------------------------------------------------
<end of output>
Test time =   0.02 sec
----------------------------------------------------------
Test Passed.
"s2n_auth_selection_test" end time: Jun 03 22:59 New Zealand Standard Time
"s2n_auth_selection_test" time elapsed: 00:00:00
----------------------------------------------------------

12/300 Testing: s2n_blob_test
12/300 Test: s2n_blob_test
Command: "C:/Users/samue/repos/s2n-tls/build_msvc2005_static/bin/s2n_blob_test.exe"
Directory: C:/Users/samue/repos/s2n-tls/tests/unit
"s2n_blob_test" start time: Jun 03 22:59 New Zealand Standard Time
Output:
----------------------------------------------------------
<end of output>
Test time =   0.02 sec
----------------------------------------------------------
Test Passed.
"s2n_blob_test" end time: Jun 03 22:59 New Zealand Standard Time
"s2n_blob_test" time elapsed: 00:00:00
----------------------------------------------------------

13/300 Testing: s2n_build_test
13/300 Test: s2n_build_test
Command: "C:/Users/samue/repos/s2n-tls/build_msvc2005_static/bin/s2n_build_test.exe"
Directory: C:/Users/samue/repos/s2n-tls/tests/unit
"s2n_build_test" start time: Jun 03 22:59 New Zealand Standard Time
Output:
----------------------------------------------------------
<end of output>
Test time =   0.02 sec
----------------------------------------------------------
Test Passed.
"s2n_build_test" end time: Jun 03 22:59 New Zealand Standard Time
"s2n_build_test" time elapsed: 00:00:00
----------------------------------------------------------

14/300 Testing: s2n_cbc_test
14/300 Test: s2n_cbc_test
Command: "C:/Users/samue/repos/s2n-tls/build_msvc2005_static/bin/s2n_cbc_test.exe"
Directory: C:/Users/samue/repos/s2n-tls/tests/unit
"s2n_cbc_test" start time: Jun 03 22:59 New Zealand Standard Time
Output:
----------------------------------------------------------
<end of output>
Test time =   0.02 sec
----------------------------------------------------------
Test Passed.
"s2n_cbc_test" end time: Jun 03 22:59 New Zealand Standard Time
"s2n_cbc_test" time elapsed: 00:00:00
----------------------------------------------------------

15/300 Testing: s2n_cert_authorities_test
15/300 Test: s2n_cert_authorities_test
Command: "C:/Users/samue/repos/s2n-tls/build_msvc2005_static/bin/s2n_cert_authorities_test.exe"
Directory: C:/Users/samue/repos/s2n-tls/tests/unit
"s2n_cert_authorities_test" start time: Jun 03 22:59 New Zealand Standard Time
Output:
----------------------------------------------------------
<end of output>
Test time =   0.02 sec
----------------------------------------------------------
Test Passed.
"s2n_cert_authorities_test" end time: Jun 03 22:59 New Zealand Standard Time
"s2n_cert_authorities_test" time elapsed: 00:00:00
----------------------------------------------------------

16/300 Testing: s2n_cert_chain_and_key_load_test
16/300 Test: s2n_cert_chain_and_key_load_test
Command: "C:/Users/samue/repos/s2n-tls/build_msvc2005_static/bin/s2n_cert_chain_and_key_load_test.exe"
Directory: C:/Users/samue/repos/s2n-tls/tests/unit
"s2n_cert_chain_and_key_load_test" start time: Jun 03 22:59 New Zealand Standard Time
Output:
----------------------------------------------------------
<end of output>
Test time =   0.02 sec
----------------------------------------------------------
Test Passed.
"s2n_cert_chain_and_key_load_test" end time: Jun 03 22:59 New Zealand Standard Time
"s2n_cert_chain_and_key_load_test" time elapsed: 00:00:00
----------------------------------------------------------

17/300 Testing: s2n_cert_chain_and_key_test
17/300 Test: s2n_cert_chain_and_key_test
Command: "C:/Users/samue/repos/s2n-tls/build_msvc2005_static/bin/s2n_cert_chain_and_key_test.exe"
Directory: C:/Users/samue/repos/s2n-tls/tests/unit
"s2n_cert_chain_and_key_test" start time: Jun 03 22:59 New Zealand Standard Time
Output:
----------------------------------------------------------
<end of output>
Test time =   0.02 sec
----------------------------------------------------------
Test Passed.
"s2n_cert_chain_and_key_test" end time: Jun 03 22:59 New Zealand Standard Time
"s2n_cert_chain_and_key_test" time elapsed: 00:00:00
----------------------------------------------------------

18/300 Testing: s2n_cert_status_extension_test
18/300 Test: s2n_cert_status_extension_test
Command: "C:/Users/samue/repos/s2n-tls/build_msvc2005_static/bin/s2n_cert_status_extension_test.exe"
Directory: C:/Users/samue/repos/s2n-tls/tests/unit
"s2n_cert_status_extension_test" start time: Jun 03 22:59 New Zealand Standard Time
Output:
----------------------------------------------------------
<end of output>
Test time =   0.02 sec
----------------------------------------------------------
Test Passed.
"s2n_cert_status_extension_test" end time: Jun 03 22:59 New Zealand Standard Time
"s2n_cert_status_extension_test" time elapsed: 00:00:00
----------------------------------------------------------

19/300 Testing: s2n_cert_status_response_extension_test
19/300 Test: s2n_cert_status_response_extension_test
Command: "C:/Users/samue/repos/s2n-tls/build_msvc2005_static/bin/s2n_cert_status_response_extension_test.exe"
Directory: C:/Users/samue/repos/s2n-tls/tests/unit
"s2n_cert_status_response_extension_test" start time: Jun 03 22:59 New Zealand Standard Time
Output:
----------------------------------------------------------
<end of output>
Test time =   0.02 sec
----------------------------------------------------------
Test Passed.
"s2n_cert_status_response_extension_test" end time: Jun 03 22:59 New Zealand Standard Time
"s2n_cert_status_response_extension_test" time elapsed: 00:00:00
----------------------------------------------------------

20/300 Testing: s2n_cert_validation_callback_test
20/300 Test: s2n_cert_validation_callback_test
Command: "C:/Users/samue/repos/s2n-tls/build_msvc2005_static/bin/s2n_cert_validation_callback_test.exe"
Directory: C:/Users/samue/repos/s2n-tls/tests/unit
"s2n_cert_validation_callback_test" start time: Jun 03 22:59 New Zealand Standard Time
Output:
----------------------------------------------------------
<end of output>
Test time =   0.02 sec
----------------------------------------------------------
Test Passed.
"s2n_cert_validation_callback_test" end time: Jun 03 22:59 New Zealand Standard Time
"s2n_cert_validation_callback_test" time elapsed: 00:00:00
----------------------------------------------------------

21/300 Testing: s2n_certificate_extensions_test
21/300 Test: s2n_certificate_extensions_test
Command: "C:/Users/samue/repos/s2n-tls/build_msvc2005_static/bin/s2n_certificate_extensions_test.exe"
Directory: C:/Users/samue/repos/s2n-tls/tests/unit
"s2n_certificate_extensions_test" start time: Jun 03 22:59 New Zealand Standard Time
Output:
----------------------------------------------------------
<end of output>
Test time =   0.02 sec
----------------------------------------------------------
Test Passed.
"s2n_certificate_extensions_test" end time: Jun 03 22:59 New Zealand Standard Time
"s2n_certificate_extensions_test" time elapsed: 00:00:00
----------------------------------------------------------

22/300 Testing: s2n_certificate_parsing_test
22/300 Test: s2n_certificate_parsing_test
Command: "C:/Users/samue/repos/s2n-tls/build_msvc2005_static/bin/s2n_certificate_parsing_test.exe"
Directory: C:/Users/samue/repos/s2n-tls/tests/unit
"s2n_certificate_parsing_test" start time: Jun 03 22:59 New Zealand Standard Time
Output:
----------------------------------------------------------
<end of output>
Test time =   0.02 sec
----------------------------------------------------------
Test Passed.
"s2n_certificate_parsing_test" end time: Jun 03 22:59 New Zealand Standard Time
"s2n_certificate_parsing_test" time elapsed: 00:00:00
----------------------------------------------------------

23/300 Testing: s2n_certificate_test
23/300 Test: s2n_certificate_test
Command: "C:/Users/samue/repos/s2n-tls/build_msvc2005_static/bin/s2n_certificate_test.exe"
Directory: C:/Users/samue/repos/s2n-tls/tests/unit
"s2n_certificate_test" start time: Jun 03 22:59 New Zealand Standard Time
Output:
----------------------------------------------------------
<end of output>
Test time =   0.02 sec
----------------------------------------------------------
Test Passed.
"s2n_certificate_test" end time: Jun 03 22:59 New Zealand Standard Time
"s2n_certificate_test" time elapsed: 00:00:00
----------------------------------------------------------

24/300 Testing: s2n_change_cipher_spec_test
24/300 Test: s2n_change_cipher_spec_test
Command: "C:/Users/samue/repos/s2n-tls/build_msvc2005_static/bin/s2n_change_cipher_spec_test.exe"
Directory: C:/Users/samue/repos/s2n-tls/tests/unit
"s2n_change_cipher_spec_test" start time: Jun 03 22:59 New Zealand Standard Time
Output:
----------------------------------------------------------
<end of output>
Test time =   0.02 sec
----------------------------------------------------------
Test Passed.
"s2n_change_cipher_spec_test" end time: Jun 03 22:59 New Zealand Standard Time
"s2n_change_cipher_spec_test" time elapsed: 00:00:00
----------------------------------------------------------

25/300 Testing: s2n_choose_supported_group_test
25/300 Test: s2n_choose_supported_group_test
Command: "C:/Users/samue/repos/s2n-tls/build_msvc2005_static/bin/s2n_choose_supported_group_test.exe"
Directory: C:/Users/samue/repos/s2n-tls/tests/unit
"s2n_choose_supported_group_test" start time: Jun 03 22:59 New Zealand Standard Time
Output:
----------------------------------------------------------
<end of output>
Test time =   0.02 sec
----------------------------------------------------------
Test Passed.
"s2n_choose_supported_group_test" end time: Jun 03 22:59 New Zealand Standard Time
"s2n_choose_supported_group_test" time elapsed: 00:00:00
----------------------------------------------------------

26/300 Testing: s2n_cipher_info_test
26/300 Test: s2n_cipher_info_test
Command: "C:/Users/samue/repos/s2n-tls/build_msvc2005_static/bin/s2n_cipher_info_test.exe"
Directory: C:/Users/samue/repos/s2n-tls/tests/unit
"s2n_cipher_info_test" start time: Jun 03 22:59 New Zealand Standard Time
Output:
----------------------------------------------------------
<end of output>
Test time =   0.02 sec
----------------------------------------------------------
Test Passed.
"s2n_cipher_info_test" end time: Jun 03 22:59 New Zealand Standard Time
"s2n_cipher_info_test" time elapsed: 00:00:00
----------------------------------------------------------

27/300 Testing: s2n_cipher_suite_match_test
27/300 Test: s2n_cipher_suite_match_test
Command: "C:/Users/samue/repos/s2n-tls/build_msvc2005_static/bin/s2n_cipher_suite_match_test.exe"
Directory: C:/Users/samue/repos/s2n-tls/tests/unit
"s2n_cipher_suite_match_test" start time: Jun 03 22:59 New Zealand Standard Time
Output:
----------------------------------------------------------
<end of output>
Test time =   0.02 sec
----------------------------------------------------------
Test Passed.
"s2n_cipher_suite_match_test" end time: Jun 03 22:59 New Zealand Standard Time
"s2n_cipher_suite_match_test" time elapsed: 00:00:00
----------------------------------------------------------

28/300 Testing: s2n_cipher_suites_test
28/300 Test: s2n_cipher_suites_test
Command: "C:/Users/samue/repos/s2n-tls/build_msvc2005_static/bin/s2n_cipher_suites_test.exe"
Directory: C:/Users/samue/repos/s2n-tls/tests/unit
"s2n_cipher_suites_test" start time: Jun 03 22:59 New Zealand Standard Time
Output:
----------------------------------------------------------
<end of output>
Test time =   0.02 sec
----------------------------------------------------------
Test Passed.
"s2n_cipher_suites_test" end time: Jun 03 22:59 New Zealand Standard Time
"s2n_cipher_suites_test" time elapsed: 00:00:00
----------------------------------------------------------

29/300 Testing: s2n_cleanup_test
29/300 Test: s2n_cleanup_test
Command: "C:/Users/samue/repos/s2n-tls/build_msvc2005_static/bin/s2n_cleanup_test.exe"
Directory: C:/Users/samue/repos/s2n-tls/tests/unit
"s2n_cleanup_test" start time: Jun 03 22:59 New Zealand Standard Time
Output:
----------------------------------------------------------
<end of output>
Test time =   0.02 sec
----------------------------------------------------------
Test Passed.
"s2n_cleanup_test" end time: Jun 03 22:59 New Zealand Standard Time
"s2n_cleanup_test" time elapsed: 00:00:00
----------------------------------------------------------

30/300 Testing: s2n_cleanup_with_no_init_test
30/300 Test: s2n_cleanup_with_no_init_test
Command: "C:/Users/samue/repos/s2n-tls/build_msvc2005_static/bin/s2n_cleanup_with_no_init_test.exe"
Directory: C:/Users/samue/repos/s2n-tls/tests/unit
"s2n_cleanup_with_no_init_test" start time: Jun 03 22:59 New Zealand Standard Time
Output:
----------------------------------------------------------
<end of output>
Test time =   0.02 sec
----------------------------------------------------------
Test Passed.
"s2n_cleanup_with_no_init_test" end time: Jun 03 22:59 New Zealand Standard Time
"s2n_cleanup_with_no_init_test" time elapsed: 00:00:00
----------------------------------------------------------

31/300 Testing: s2n_client_alpn_extension_test
31/300 Test: s2n_client_alpn_extension_test
Command: "C:/Users/samue/repos/s2n-tls/build_msvc2005_static/bin/s2n_client_alpn_extension_test.exe"
Directory: C:/Users/samue/repos/s2n-tls/tests/unit
"s2n_client_alpn_extension_test" start time: Jun 03 22:59 New Zealand Standard Time
Output:
----------------------------------------------------------
<end of output>
Test time =   0.02 sec
----------------------------------------------------------
Test Passed.
"s2n_client_alpn_extension_test" end time: Jun 03 22:59 New Zealand Standard Time
"s2n_client_alpn_extension_test" time elapsed: 00:00:00
----------------------------------------------------------

32/300 Testing: s2n_client_auth_handshake_test
32/300 Test: s2n_client_auth_handshake_test
Command: "C:/Users/samue/repos/s2n-tls/build_msvc2005_static/bin/s2n_client_auth_handshake_test.exe"
Directory: C:/Users/samue/repos/s2n-tls/tests/unit
"s2n_client_auth_handshake_test" start time: Jun 03 22:59 New Zealand Standard Time
Output:
----------------------------------------------------------
<end of output>
Test time =   0.02 sec
----------------------------------------------------------
Test Passed.
"s2n_client_auth_handshake_test" end time: Jun 03 22:59 New Zealand Standard Time
"s2n_client_auth_handshake_test" time elapsed: 00:00:00
----------------------------------------------------------

33/300 Testing: s2n_client_cert_request_context_test
33/300 Test: s2n_client_cert_request_context_test
Command: "C:/Users/samue/repos/s2n-tls/build_msvc2005_static/bin/s2n_client_cert_request_context_test.exe"
Directory: C:/Users/samue/repos/s2n-tls/tests/unit
"s2n_client_cert_request_context_test" start time: Jun 03 22:59 New Zealand Standard Time
Output:
----------------------------------------------------------
<end of output>
Test time =   0.02 sec
----------------------------------------------------------
Test Passed.
"s2n_client_cert_request_context_test" end time: Jun 03 22:59 New Zealand Standard Time
"s2n_client_cert_request_context_test" time elapsed: 00:00:00
----------------------------------------------------------

34/300 Testing: s2n_client_cert_status_request_extension_test
34/300 Test: s2n_client_cert_status_request_extension_test
Command: "C:/Users/samue/repos/s2n-tls/build_msvc2005_static/bin/s2n_client_cert_status_request_extension_test.exe"
Directory: C:/Users/samue/repos/s2n-tls/tests/unit
"s2n_client_cert_status_request_extension_test" start time: Jun 03 22:59 New Zealand Standard Time
Output:
----------------------------------------------------------
<end of output>
Test time =   0.02 sec
----------------------------------------------------------
Test Passed.
"s2n_client_cert_status_request_extension_test" end time: Jun 03 22:59 New Zealand Standard Time
"s2n_client_cert_status_request_extension_test" time elapsed: 00:00:00
----------------------------------------------------------

35/300 Testing: s2n_client_cert_verify_test
35/300 Test: s2n_client_cert_verify_test
Command: "C:/Users/samue/repos/s2n-tls/build_msvc2005_static/bin/s2n_client_cert_verify_test.exe"
Directory: C:/Users/samue/repos/s2n-tls/tests/unit
"s2n_client_cert_verify_test" start time: Jun 03 22:59 New Zealand Standard Time
Output:
----------------------------------------------------------
<end of output>
Test time =   0.02 sec
----------------------------------------------------------
Test Passed.
"s2n_client_cert_verify_test" end time: Jun 03 22:59 New Zealand Standard Time
"s2n_client_cert_verify_test" time elapsed: 00:00:00
----------------------------------------------------------

36/300 Testing: s2n_client_early_data_indication_test
36/300 Test: s2n_client_early_data_indication_test
Command: "C:/Users/samue/repos/s2n-tls/build_msvc2005_static/bin/s2n_client_early_data_indication_test.exe"
Directory: C:/Users/samue/repos/s2n-tls/tests/unit
"s2n_client_early_data_indication_test" start time: Jun 03 22:59 New Zealand Standard Time
Output:
----------------------------------------------------------
<end of output>
Test time =   0.02 sec
----------------------------------------------------------
Test Passed.
"s2n_client_early_data_indication_test" end time: Jun 03 22:59 New Zealand Standard Time
"s2n_client_early_data_indication_test" time elapsed: 00:00:00
----------------------------------------------------------

37/300 Testing: s2n_client_empty_cert_test
37/300 Test: s2n_client_empty_cert_test
Command: "C:/Users/samue/repos/s2n-tls/build_msvc2005_static/bin/s2n_client_empty_cert_test.exe"
Directory: C:/Users/samue/repos/s2n-tls/tests/unit
"s2n_client_empty_cert_test" start time: Jun 03 22:59 New Zealand Standard Time
Output:
----------------------------------------------------------
<end of output>
Test time =   0.03 sec
----------------------------------------------------------
Test Passed.
"s2n_client_empty_cert_test" end time: Jun 03 22:59 New Zealand Standard Time
"s2n_client_empty_cert_test" time elapsed: 00:00:00
----------------------------------------------------------

38/300 Testing: s2n_client_extensions_test
38/300 Test: s2n_client_extensions_test
Command: "C:/Users/samue/repos/s2n-tls/build_msvc2005_static/bin/s2n_client_extensions_test.exe"
Directory: C:/Users/samue/repos/s2n-tls/tests/unit
"s2n_client_extensions_test" start time: Jun 03 22:59 New Zealand Standard Time
Output:
----------------------------------------------------------
<end of output>
Test time =   0.02 sec
----------------------------------------------------------
Test Passed.
"s2n_client_extensions_test" end time: Jun 03 22:59 New Zealand Standard Time
"s2n_client_extensions_test" time elapsed: 00:00:00
----------------------------------------------------------

39/300 Testing: s2n_client_finished_test
39/300 Test: s2n_client_finished_test
Command: "C:/Users/samue/repos/s2n-tls/build_msvc2005_static/bin/s2n_client_finished_test.exe"
Directory: C:/Users/samue/repos/s2n-tls/tests/unit
"s2n_client_finished_test" start time: Jun 03 22:59 New Zealand Standard Time
Output:
----------------------------------------------------------
<end of output>
Test time =   0.02 sec
----------------------------------------------------------
Test Passed.
"s2n_client_finished_test" end time: Jun 03 22:59 New Zealand Standard Time
"s2n_client_finished_test" time elapsed: 00:00:00
----------------------------------------------------------

40/300 Testing: s2n_client_hello_get_supported_groups_test
40/300 Test: s2n_client_hello_get_supported_groups_test
Command: "C:/Users/samue/repos/s2n-tls/build_msvc2005_static/bin/s2n_client_hello_get_supported_groups_test.exe"
Directory: C:/Users/samue/repos/s2n-tls/tests/unit
"s2n_client_hello_get_supported_groups_test" start time: Jun 03 22:59 New Zealand Standard Time
Output:
----------------------------------------------------------
<end of output>
Test time =   0.02 sec
----------------------------------------------------------
Test Passed.
"s2n_client_hello_get_supported_groups_test" end time: Jun 03 22:59 New Zealand Standard Time
"s2n_client_hello_get_supported_groups_test" time elapsed: 00:00:00
----------------------------------------------------------

41/300 Testing: s2n_client_hello_recv_test
41/300 Test: s2n_client_hello_recv_test
Command: "C:/Users/samue/repos/s2n-tls/build_msvc2005_static/bin/s2n_client_hello_recv_test.exe"
Directory: C:/Users/samue/repos/s2n-tls/tests/unit
"s2n_client_hello_recv_test" start time: Jun 03 22:59 New Zealand Standard Time
Output:
----------------------------------------------------------
<end of output>
Test time =   0.02 sec
----------------------------------------------------------
Test Passed.
"s2n_client_hello_recv_test" end time: Jun 03 22:59 New Zealand Standard Time
"s2n_client_hello_recv_test" time elapsed: 00:00:00
----------------------------------------------------------

42/300 Testing: s2n_client_hello_request_test
42/300 Test: s2n_client_hello_request_test
Command: "C:/Users/samue/repos/s2n-tls/build_msvc2005_static/bin/s2n_client_hello_request_test.exe"
Directory: C:/Users/samue/repos/s2n-tls/tests/unit
"s2n_client_hello_request_test" start time: Jun 03 22:59 New Zealand Standard Time
Output:
----------------------------------------------------------
<end of output>
Test time =   0.02 sec
----------------------------------------------------------
Test Passed.
"s2n_client_hello_request_test" end time: Jun 03 22:59 New Zealand Standard Time
"s2n_client_hello_request_test" time elapsed: 00:00:00
----------------------------------------------------------

43/300 Testing: s2n_client_hello_retry_test
43/300 Test: s2n_client_hello_retry_test
Command: "C:/Users/samue/repos/s2n-tls/build_msvc2005_static/bin/s2n_client_hello_retry_test.exe"
Directory: C:/Users/samue/repos/s2n-tls/tests/unit
"s2n_client_hello_retry_test" start time: Jun 03 22:59 New Zealand Standard Time
Output:
----------------------------------------------------------
<end of output>
Test time =   0.02 sec
----------------------------------------------------------
Test Passed.
"s2n_client_hello_retry_test" end time: Jun 03 22:59 New Zealand Standard Time
"s2n_client_hello_retry_test" time elapsed: 00:00:00
----------------------------------------------------------

44/300 Testing: s2n_client_hello_test
44/300 Test: s2n_client_hello_test
Command: "C:/Users/samue/repos/s2n-tls/build_msvc2005_static/bin/s2n_client_hello_test.exe"
Directory: C:/Users/samue/repos/s2n-tls/tests/unit
"s2n_client_hello_test" start time: Jun 03 22:59 New Zealand Standard Time
Output:
----------------------------------------------------------
<end of output>
Test time =   0.02 sec
----------------------------------------------------------
Test Passed.
"s2n_client_hello_test" end time: Jun 03 22:59 New Zealand Standard Time
"s2n_client_hello_test" time elapsed: 00:00:00
----------------------------------------------------------

45/300 Testing: s2n_client_key_exchange_test
45/300 Test: s2n_client_key_exchange_test
Command: "C:/Users/samue/repos/s2n-tls/build_msvc2005_static/bin/s2n_client_key_exchange_test.exe"
Directory: C:/Users/samue/repos/s2n-tls/tests/unit
"s2n_client_key_exchange_test" start time: Jun 03 22:59 New Zealand Standard Time
Output:
----------------------------------------------------------
<end of output>
Test time =   0.02 sec
----------------------------------------------------------
Test Passed.
"s2n_client_key_exchange_test" end time: Jun 03 22:59 New Zealand Standard Time
"s2n_client_key_exchange_test" time elapsed: 00:00:00
----------------------------------------------------------

46/300 Testing: s2n_client_key_share_extension_pq_test
46/300 Test: s2n_client_key_share_extension_pq_test
Command: "C:/Users/samue/repos/s2n-tls/build_msvc2005_static/bin/s2n_client_key_share_extension_pq_test.exe"
Directory: C:/Users/samue/repos/s2n-tls/tests/unit
"s2n_client_key_share_extension_pq_test" start time: Jun 03 22:59 New Zealand Standard Time
Output:
----------------------------------------------------------
<end of output>
Test time =   0.02 sec
----------------------------------------------------------
Test Passed.
"s2n_client_key_share_extension_pq_test" end time: Jun 03 22:59 New Zealand Standard Time
"s2n_client_key_share_extension_pq_test" time elapsed: 00:00:00
----------------------------------------------------------

47/300 Testing: s2n_client_key_share_extension_test
47/300 Test: s2n_client_key_share_extension_test
Command: "C:/Users/samue/repos/s2n-tls/build_msvc2005_static/bin/s2n_client_key_share_extension_test.exe"
Directory: C:/Users/samue/repos/s2n-tls/tests/unit
"s2n_client_key_share_extension_test" start time: Jun 03 22:59 New Zealand Standard Time
Output:
----------------------------------------------------------
<end of output>
Test time =   0.02 sec
----------------------------------------------------------
Test Passed.
"s2n_client_key_share_extension_test" end time: Jun 03 22:59 New Zealand Standard Time
"s2n_client_key_share_extension_test" time elapsed: 00:00:00
----------------------------------------------------------

48/300 Testing: s2n_client_max_frag_len_extension_test
48/300 Test: s2n_client_max_frag_len_extension_test
Command: "C:/Users/samue/repos/s2n-tls/build_msvc2005_static/bin/s2n_client_max_frag_len_extension_test.exe"
Directory: C:/Users/samue/repos/s2n-tls/tests/unit
"s2n_client_max_frag_len_extension_test" start time: Jun 03 22:59 New Zealand Standard Time
Output:
----------------------------------------------------------
<end of output>
Test time =   0.02 sec
----------------------------------------------------------
Test Passed.
"s2n_client_max_frag_len_extension_test" end time: Jun 03 22:59 New Zealand Standard Time
"s2n_client_max_frag_len_extension_test" time elapsed: 00:00:00
----------------------------------------------------------

49/300 Testing: s2n_client_psk_extension_test
49/300 Test: s2n_client_psk_extension_test
Command: "C:/Users/samue/repos/s2n-tls/build_msvc2005_static/bin/s2n_client_psk_extension_test.exe"
Directory: C:/Users/samue/repos/s2n-tls/tests/unit
"s2n_client_psk_extension_test" start time: Jun 03 22:59 New Zealand Standard Time
Output:
----------------------------------------------------------
<end of output>
Test time =   0.02 sec
----------------------------------------------------------
Test Passed.
"s2n_client_psk_extension_test" end time: Jun 03 22:59 New Zealand Standard Time
"s2n_client_psk_extension_test" time elapsed: 00:00:00
----------------------------------------------------------

50/300 Testing: s2n_client_record_version_test
50/300 Test: s2n_client_record_version_test
Command: "C:/Users/samue/repos/s2n-tls/build_msvc2005_static/bin/s2n_client_record_version_test.exe"
Directory: C:/Users/samue/repos/s2n-tls/tests/unit
"s2n_client_record_version_test" start time: Jun 03 22:59 New Zealand Standard Time
Output:
----------------------------------------------------------
<end of output>
Test time =   0.02 sec
----------------------------------------------------------
Test Passed.
"s2n_client_record_version_test" end time: Jun 03 22:59 New Zealand Standard Time
"s2n_client_record_version_test" time elapsed: 00:00:00
----------------------------------------------------------

51/300 Testing: s2n_client_renegotiation_info_extension_test
51/300 Test: s2n_client_renegotiation_info_extension_test
Command: "C:/Users/samue/repos/s2n-tls/build_msvc2005_static/bin/s2n_client_renegotiation_info_extension_test.exe"
Directory: C:/Users/samue/repos/s2n-tls/tests/unit
"s2n_client_renegotiation_info_extension_test" start time: Jun 03 22:59 New Zealand Standard Time
Output:
----------------------------------------------------------
<end of output>
Test time =   0.02 sec
----------------------------------------------------------
Test Passed.
"s2n_client_renegotiation_info_extension_test" end time: Jun 03 22:59 New Zealand Standard Time
"s2n_client_renegotiation_info_extension_test" time elapsed: 00:00:00
----------------------------------------------------------

52/300 Testing: s2n_client_sct_list_extension_test
52/300 Test: s2n_client_sct_list_extension_test
Command: "C:/Users/samue/repos/s2n-tls/build_msvc2005_static/bin/s2n_client_sct_list_extension_test.exe"
Directory: C:/Users/samue/repos/s2n-tls/tests/unit
"s2n_client_sct_list_extension_test" start time: Jun 03 22:59 New Zealand Standard Time
Output:
----------------------------------------------------------
<end of output>
Test time =   0.02 sec
----------------------------------------------------------
Test Passed.
"s2n_client_sct_list_extension_test" end time: Jun 03 22:59 New Zealand Standard Time
"s2n_client_sct_list_extension_test" time elapsed: 00:00:00
----------------------------------------------------------

53/300 Testing: s2n_client_secure_renegotiation_test
53/300 Test: s2n_client_secure_renegotiation_test
Command: "C:/Users/samue/repos/s2n-tls/build_msvc2005_static/bin/s2n_client_secure_renegotiation_test.exe"
Directory: C:/Users/samue/repos/s2n-tls/tests/unit
"s2n_client_secure_renegotiation_test" start time: Jun 03 22:59 New Zealand Standard Time
Output:
----------------------------------------------------------
<end of output>
Test time =   0.02 sec
----------------------------------------------------------
Test Passed.
"s2n_client_secure_renegotiation_test" end time: Jun 03 22:59 New Zealand Standard Time
"s2n_client_secure_renegotiation_test" time elapsed: 00:00:00
----------------------------------------------------------

54/300 Testing: s2n_client_server_name_extension_test
54/300 Test: s2n_client_server_name_extension_test
Command: "C:/Users/samue/repos/s2n-tls/build_msvc2005_static/bin/s2n_client_server_name_extension_test.exe"
Directory: C:/Users/samue/repos/s2n-tls/tests/unit
"s2n_client_server_name_extension_test" start time: Jun 03 22:59 New Zealand Standard Time
Output:
----------------------------------------------------------
<end of output>
Test time =   0.02 sec
----------------------------------------------------------
Test Passed.
"s2n_client_server_name_extension_test" end time: Jun 03 22:59 New Zealand Standard Time
"s2n_client_server_name_extension_test" time elapsed: 00:00:00
----------------------------------------------------------

55/300 Testing: s2n_client_session_ticket_extension_test
55/300 Test: s2n_client_session_ticket_extension_test
Command: "C:/Users/samue/repos/s2n-tls/build_msvc2005_static/bin/s2n_client_session_ticket_extension_test.exe"
Directory: C:/Users/samue/repos/s2n-tls/tests/unit
"s2n_client_session_ticket_extension_test" start time: Jun 03 22:59 New Zealand Standard Time
Output:
----------------------------------------------------------
<end of output>
Test time =   0.02 sec
----------------------------------------------------------
Test Passed.
"s2n_client_session_ticket_extension_test" end time: Jun 03 22:59 New Zealand Standard Time
"s2n_client_session_ticket_extension_test" time elapsed: 00:00:00
----------------------------------------------------------

56/300 Testing: s2n_client_signature_algorithms_extension_test
56/300 Test: s2n_client_signature_algorithms_extension_test
Command: "C:/Users/samue/repos/s2n-tls/build_msvc2005_static/bin/s2n_client_signature_algorithms_extension_test.exe"
Directory: C:/Users/samue/repos/s2n-tls/tests/unit
"s2n_client_signature_algorithms_extension_test" start time: Jun 03 22:59 New Zealand Standard Time
Output:
----------------------------------------------------------
<end of output>
Test time =   0.02 sec
----------------------------------------------------------
Test Passed.
"s2n_client_signature_algorithms_extension_test" end time: Jun 03 22:59 New Zealand Standard Time
"s2n_client_signature_algorithms_extension_test" time elapsed: 00:00:00
----------------------------------------------------------

57/300 Testing: s2n_client_supported_groups_extension_test
57/300 Test: s2n_client_supported_groups_extension_test
Command: "C:/Users/samue/repos/s2n-tls/build_msvc2005_static/bin/s2n_client_supported_groups_extension_test.exe"
Directory: C:/Users/samue/repos/s2n-tls/tests/unit
"s2n_client_supported_groups_extension_test" start time: Jun 03 22:59 New Zealand Standard Time
Output:
----------------------------------------------------------
<end of output>
Test time =   0.02 sec
----------------------------------------------------------
Test Passed.
"s2n_client_supported_groups_extension_test" end time: Jun 03 22:59 New Zealand Standard Time
"s2n_client_supported_groups_extension_test" time elapsed: 00:00:00
----------------------------------------------------------

58/300 Testing: s2n_client_supported_versions_extension_test
58/300 Test: s2n_client_supported_versions_extension_test
Command: "C:/Users/samue/repos/s2n-tls/build_msvc2005_static/bin/s2n_client_supported_versions_extension_test.exe"
Directory: C:/Users/samue/repos/s2n-tls/tests/unit
"s2n_client_supported_versions_extension_test" start time: Jun 03 22:59 New Zealand Standard Time
Output:
----------------------------------------------------------
<end of output>
Test time =   0.02 sec
----------------------------------------------------------
Test Passed.
"s2n_client_supported_versions_extension_test" end time: Jun 03 22:59 New Zealand Standard Time
"s2n_client_supported_versions_extension_test" time elapsed: 00:00:00
----------------------------------------------------------

59/300 Testing: s2n_config_test
59/300 Test: s2n_config_test
Command: "C:/Users/samue/repos/s2n-tls/build_msvc2005_static/bin/s2n_config_test.exe"
Directory: C:/Users/samue/repos/s2n-tls/tests/unit
"s2n_config_test" start time: Jun 03 22:59 New Zealand Standard Time
Output:
----------------------------------------------------------
<end of output>
Test time =   0.02 sec
----------------------------------------------------------
Test Passed.
"s2n_config_test" end time: Jun 03 22:59 New Zealand Standard Time
"s2n_config_test" time elapsed: 00:00:00
----------------------------------------------------------

60/300 Testing: s2n_connection_blinding_test
60/300 Test: s2n_connection_blinding_test
Command: "C:/Users/samue/repos/s2n-tls/build_msvc2005_static/bin/s2n_connection_blinding_test.exe"
Directory: C:/Users/samue/repos/s2n-tls/tests/unit
"s2n_connection_blinding_test" start time: Jun 03 22:59 New Zealand Standard Time
Output:
----------------------------------------------------------
<end of output>
Test time =   0.02 sec
----------------------------------------------------------
Test Passed.
"s2n_connection_blinding_test" end time: Jun 03 22:59 New Zealand Standard Time
"s2n_connection_blinding_test" time elapsed: 00:00:00
----------------------------------------------------------

61/300 Testing: s2n_connection_context_test
61/300 Test: s2n_connection_context_test
Command: "C:/Users/samue/repos/s2n-tls/build_msvc2005_static/bin/s2n_connection_context_test.exe"
Directory: C:/Users/samue/repos/s2n-tls/tests/unit
"s2n_connection_context_test" start time: Jun 03 22:59 New Zealand Standard Time
Output:
----------------------------------------------------------
<end of output>
Test time =   0.02 sec
----------------------------------------------------------
Test Passed.
"s2n_connection_context_test" end time: Jun 03 22:59 New Zealand Standard Time
"s2n_connection_context_test" time elapsed: 00:00:00
----------------------------------------------------------

62/300 Testing: s2n_connection_preferences_test
62/300 Test: s2n_connection_preferences_test
Command: "C:/Users/samue/repos/s2n-tls/build_msvc2005_static/bin/s2n_connection_preferences_test.exe"
Directory: C:/Users/samue/repos/s2n-tls/tests/unit
"s2n_connection_preferences_test" start time: Jun 03 22:59 New Zealand Standard Time
Output:
----------------------------------------------------------
<end of output>
Test time =   0.02 sec
----------------------------------------------------------
Test Passed.
"s2n_connection_preferences_test" end time: Jun 03 22:59 New Zealand Standard Time
"s2n_connection_preferences_test" time elapsed: 00:00:00
----------------------------------------------------------

63/300 Testing: s2n_connection_protocol_versions_test
63/300 Test: s2n_connection_protocol_versions_test
Command: "C:/Users/samue/repos/s2n-tls/build_msvc2005_static/bin/s2n_connection_protocol_versions_test.exe"
Directory: C:/Users/samue/repos/s2n-tls/tests/unit
"s2n_connection_protocol_versions_test" start time: Jun 03 22:59 New Zealand Standard Time
Output:
----------------------------------------------------------
<end of output>
Test time =   0.02 sec
----------------------------------------------------------
Test Passed.
"s2n_connection_protocol_versions_test" end time: Jun 03 22:59 New Zealand Standard Time
"s2n_connection_protocol_versions_test" time elapsed: 00:00:00
----------------------------------------------------------

64/300 Testing: s2n_connection_serialize_test
64/300 Test: s2n_connection_serialize_test
Command: "C:/Users/samue/repos/s2n-tls/build_msvc2005_static/bin/s2n_connection_serialize_test.exe"
Directory: C:/Users/samue/repos/s2n-tls/tests/unit
"s2n_connection_serialize_test" start time: Jun 03 22:59 New Zealand Standard Time
Output:
----------------------------------------------------------
<end of output>
Test time =   0.02 sec
----------------------------------------------------------
Test Passed.
"s2n_connection_serialize_test" end time: Jun 03 22:59 New Zealand Standard Time
"s2n_connection_serialize_test" time elapsed: 00:00:00
----------------------------------------------------------

65/300 Testing: s2n_connection_size_test
65/300 Test: s2n_connection_size_test
Command: "C:/Users/samue/repos/s2n-tls/build_msvc2005_static/bin/s2n_connection_size_test.exe"
Directory: C:/Users/samue/repos/s2n-tls/tests/unit
"s2n_connection_size_test" start time: Jun 03 22:59 New Zealand Standard Time
Output:
----------------------------------------------------------
<end of output>
Test time =   0.02 sec
----------------------------------------------------------
Test Passed.
"s2n_connection_size_test" end time: Jun 03 22:59 New Zealand Standard Time
"s2n_connection_size_test" time elapsed: 00:00:00
----------------------------------------------------------

66/300 Testing: s2n_connection_test
66/300 Test: s2n_connection_test
Command: "C:/Users/samue/repos/s2n-tls/build_msvc2005_static/bin/s2n_connection_test.exe"
Directory: C:/Users/samue/repos/s2n-tls/tests/unit
"s2n_connection_test" start time: Jun 03 22:59 New Zealand Standard Time
Output:
----------------------------------------------------------
<end of output>
Test time =   0.02 sec
----------------------------------------------------------
Test Passed.
"s2n_connection_test" end time: Jun 03 22:59 New Zealand Standard Time
"s2n_connection_test" time elapsed: 00:00:00
----------------------------------------------------------

67/300 Testing: s2n_cookie_test
67/300 Test: s2n_cookie_test
Command: "C:/Users/samue/repos/s2n-tls/build_msvc2005_static/bin/s2n_cookie_test.exe"
Directory: C:/Users/samue/repos/s2n-tls/tests/unit
"s2n_cookie_test" start time: Jun 03 22:59 New Zealand Standard Time
Output:
----------------------------------------------------------
<end of output>
Test time =   0.02 sec
----------------------------------------------------------
Test Passed.
"s2n_cookie_test" end time: Jun 03 22:59 New Zealand Standard Time
"s2n_cookie_test" time elapsed: 00:00:00
----------------------------------------------------------

68/300 Testing: s2n_crl_test
68/300 Test: s2n_crl_test
Command: "C:/Users/samue/repos/s2n-tls/build_msvc2005_static/bin/s2n_crl_test.exe"
Directory: C:/Users/samue/repos/s2n-tls/tests/unit
"s2n_crl_test" start time: Jun 03 22:59 New Zealand Standard Time
Output:
----------------------------------------------------------
<end of output>
Test time =   0.02 sec
----------------------------------------------------------
Test Passed.
"s2n_crl_test" end time: Jun 03 22:59 New Zealand Standard Time
"s2n_crl_test" time elapsed: 00:00:00
----------------------------------------------------------

69/300 Testing: s2n_crypto_test
69/300 Test: s2n_crypto_test
Command: "C:/Users/samue/repos/s2n-tls/build_msvc2005_static/bin/s2n_crypto_test.exe"
Directory: C:/Users/samue/repos/s2n-tls/tests/unit
"s2n_crypto_test" start time: Jun 03 22:59 New Zealand Standard Time
Output:
----------------------------------------------------------
<end of output>
Test time =   0.02 sec
----------------------------------------------------------
Test Passed.
"s2n_crypto_test" end time: Jun 03 22:59 New Zealand Standard Time
"s2n_crypto_test" time elapsed: 00:00:00
----------------------------------------------------------

70/300 Testing: s2n_drain_alert_test
70/300 Test: s2n_drain_alert_test
Command: "C:/Users/samue/repos/s2n-tls/build_msvc2005_static/bin/s2n_drain_alert_test.exe"
Directory: C:/Users/samue/repos/s2n-tls/tests/unit
"s2n_drain_alert_test" start time: Jun 03 22:59 New Zealand Standard Time
Output:
----------------------------------------------------------
<end of output>
Test time =   0.02 sec
----------------------------------------------------------
Test Passed.
"s2n_drain_alert_test" end time: Jun 03 22:59 New Zealand Standard Time
"s2n_drain_alert_test" time elapsed: 00:00:00
----------------------------------------------------------

71/300 Testing: s2n_early_data_io_api_test
71/300 Test: s2n_early_data_io_api_test
Command: "C:/Users/samue/repos/s2n-tls/build_msvc2005_static/bin/s2n_early_data_io_api_test.exe"
Directory: C:/Users/samue/repos/s2n-tls/tests/unit
"s2n_early_data_io_api_test" start time: Jun 03 22:59 New Zealand Standard Time
Output:
----------------------------------------------------------
<end of output>
Test time =   0.02 sec
----------------------------------------------------------
Test Passed.
"s2n_early_data_io_api_test" end time: Jun 03 22:59 New Zealand Standard Time
"s2n_early_data_io_api_test" time elapsed: 00:00:00
----------------------------------------------------------

72/300 Testing: s2n_early_data_io_test
72/300 Test: s2n_early_data_io_test
Command: "C:/Users/samue/repos/s2n-tls/build_msvc2005_static/bin/s2n_early_data_io_test.exe"
Directory: C:/Users/samue/repos/s2n-tls/tests/unit
"s2n_early_data_io_test" start time: Jun 03 22:59 New Zealand Standard Time
Output:
----------------------------------------------------------
<end of output>
Test time =   0.02 sec
----------------------------------------------------------
Test Passed.
"s2n_early_data_io_test" end time: Jun 03 22:59 New Zealand Standard Time
"s2n_early_data_io_test" time elapsed: 00:00:00
----------------------------------------------------------

73/300 Testing: s2n_early_data_test
73/300 Test: s2n_early_data_test
Command: "C:/Users/samue/repos/s2n-tls/build_msvc2005_static/bin/s2n_early_data_test.exe"
Directory: C:/Users/samue/repos/s2n-tls/tests/unit
"s2n_early_data_test" start time: Jun 03 22:59 New Zealand Standard Time
Output:
----------------------------------------------------------
<end of output>
Test time =   0.02 sec
----------------------------------------------------------
Test Passed.
"s2n_early_data_test" end time: Jun 03 22:59 New Zealand Standard Time
"s2n_early_data_test" time elapsed: 00:00:00
----------------------------------------------------------

74/300 Testing: s2n_ecc_evp_test
74/300 Test: s2n_ecc_evp_test
Command: "C:/Users/samue/repos/s2n-tls/build_msvc2005_static/bin/s2n_ecc_evp_test.exe"
Directory: C:/Users/samue/repos/s2n-tls/tests/unit
"s2n_ecc_evp_test" start time: Jun 03 22:59 New Zealand Standard Time
Output:
----------------------------------------------------------
<end of output>
Test time =   0.02 sec
----------------------------------------------------------
Test Passed.
"s2n_ecc_evp_test" end time: Jun 03 22:59 New Zealand Standard Time
"s2n_ecc_evp_test" time elapsed: 00:00:00
----------------------------------------------------------

75/300 Testing: s2n_ecc_point_format_extension_test
75/300 Test: s2n_ecc_point_format_extension_test
Command: "C:/Users/samue/repos/s2n-tls/build_msvc2005_static/bin/s2n_ecc_point_format_extension_test.exe"
Directory: C:/Users/samue/repos/s2n-tls/tests/unit
"s2n_ecc_point_format_extension_test" start time: Jun 03 22:59 New Zealand Standard Time
Output:
----------------------------------------------------------
<end of output>
Test time =   0.02 sec
----------------------------------------------------------
Test Passed.
"s2n_ecc_point_format_extension_test" end time: Jun 03 22:59 New Zealand Standard Time
"s2n_ecc_point_format_extension_test" time elapsed: 00:00:00
----------------------------------------------------------

76/300 Testing: s2n_ecc_preferences_test
76/300 Test: s2n_ecc_preferences_test
Command: "C:/Users/samue/repos/s2n-tls/build_msvc2005_static/bin/s2n_ecc_preferences_test.exe"
Directory: C:/Users/samue/repos/s2n-tls/tests/unit
"s2n_ecc_preferences_test" start time: Jun 03 22:59 New Zealand Standard Time
Output:
----------------------------------------------------------
<end of output>
Test time =   0.02 sec
----------------------------------------------------------
Test Passed.
"s2n_ecc_preferences_test" end time: Jun 03 22:59 New Zealand Standard Time
"s2n_ecc_preferences_test" time elapsed: 00:00:00
----------------------------------------------------------

77/300 Testing: s2n_ems_extension_test
77/300 Test: s2n_ems_extension_test
Command: "C:/Users/samue/repos/s2n-tls/build_msvc2005_static/bin/s2n_ems_extension_test.exe"
Directory: C:/Users/samue/repos/s2n-tls/tests/unit
"s2n_ems_extension_test" start time: Jun 03 22:59 New Zealand Standard Time
Output:
----------------------------------------------------------
<end of output>
Test time =   0.02 sec
----------------------------------------------------------
Test Passed.
"s2n_ems_extension_test" end time: Jun 03 22:59 New Zealand Standard Time
"s2n_ems_extension_test" time elapsed: 00:00:00
----------------------------------------------------------

78/300 Testing: s2n_encrypted_extensions_test
78/300 Test: s2n_encrypted_extensions_test
Command: "C:/Users/samue/repos/s2n-tls/build_msvc2005_static/bin/s2n_encrypted_extensions_test.exe"
Directory: C:/Users/samue/repos/s2n-tls/tests/unit
"s2n_encrypted_extensions_test" start time: Jun 03 22:59 New Zealand Standard Time
Output:
----------------------------------------------------------
<end of output>
Test time =   0.02 sec
----------------------------------------------------------
Test Passed.
"s2n_encrypted_extensions_test" end time: Jun 03 22:59 New Zealand Standard Time
"s2n_encrypted_extensions_test" time elapsed: 00:00:00
----------------------------------------------------------

79/300 Testing: s2n_error_lookup_test
79/300 Test: s2n_error_lookup_test
Command: "C:/Users/samue/repos/s2n-tls/build_msvc2005_static/bin/s2n_error_lookup_test.exe"
Directory: C:/Users/samue/repos/s2n-tls/tests/unit
"s2n_error_lookup_test" start time: Jun 03 22:59 New Zealand Standard Time
Output:
----------------------------------------------------------
<end of output>
Test time =   0.02 sec
----------------------------------------------------------
Test Passed.
"s2n_error_lookup_test" end time: Jun 03 22:59 New Zealand Standard Time
"s2n_error_lookup_test" time elapsed: 00:00:00
----------------------------------------------------------

80/300 Testing: s2n_error_type_test
80/300 Test: s2n_error_type_test
Command: "C:/Users/samue/repos/s2n-tls/build_msvc2005_static/bin/s2n_error_type_test.exe"
Directory: C:/Users/samue/repos/s2n-tls/tests/unit
"s2n_error_type_test" start time: Jun 03 22:59 New Zealand Standard Time
Output:
----------------------------------------------------------
<end of output>
Test time =   0.03 sec
----------------------------------------------------------
Test Passed.
"s2n_error_type_test" end time: Jun 03 22:59 New Zealand Standard Time
"s2n_error_type_test" time elapsed: 00:00:00
----------------------------------------------------------

81/300 Testing: s2n_events_test
81/300 Test: s2n_events_test
Command: "C:/Users/samue/repos/s2n-tls/build_msvc2005_static/bin/s2n_events_test.exe"
Directory: C:/Users/samue/repos/s2n-tls/tests/unit
"s2n_events_test" start time: Jun 03 22:59 New Zealand Standard Time
Output:
----------------------------------------------------------
<end of output>
Test time =   0.02 sec
----------------------------------------------------------
Test Passed.
"s2n_events_test" end time: Jun 03 22:59 New Zealand Standard Time
"s2n_events_test" time elapsed: 00:00:00
----------------------------------------------------------

82/300 Testing: s2n_examples_test
82/300 Test: s2n_examples_test
Command: "C:/Users/samue/repos/s2n-tls/build_msvc2005_static/bin/s2n_examples_test.exe"
Directory: C:/Users/samue/repos/s2n-tls/tests/unit
"s2n_examples_test" start time: Jun 03 22:59 New Zealand Standard Time
Output:
----------------------------------------------------------
<end of output>
Test time =   0.02 sec
----------------------------------------------------------
Test Passed.
"s2n_examples_test" end time: Jun 03 22:59 New Zealand Standard Time
"s2n_examples_test" time elapsed: 00:00:00
----------------------------------------------------------

83/300 Testing: s2n_extended_master_secret_test
83/300 Test: s2n_extended_master_secret_test
Command: "C:/Users/samue/repos/s2n-tls/build_msvc2005_static/bin/s2n_extended_master_secret_test.exe"
Directory: C:/Users/samue/repos/s2n-tls/tests/unit
"s2n_extended_master_secret_test" start time: Jun 03 22:59 New Zealand Standard Time
Output:
----------------------------------------------------------
<end of output>
Test time =   0.02 sec
----------------------------------------------------------
Test Passed.
"s2n_extended_master_secret_test" end time: Jun 03 22:59 New Zealand Standard Time
"s2n_extended_master_secret_test" time elapsed: 00:00:00
----------------------------------------------------------

84/300 Testing: s2n_extension_list_parse_test
84/300 Test: s2n_extension_list_parse_test
Command: "C:/Users/samue/repos/s2n-tls/build_msvc2005_static/bin/s2n_extension_list_parse_test.exe"
Directory: C:/Users/samue/repos/s2n-tls/tests/unit
"s2n_extension_list_parse_test" start time: Jun 03 22:59 New Zealand Standard Time
Output:
----------------------------------------------------------
<end of output>
Test time =   0.02 sec
----------------------------------------------------------
Test Passed.
"s2n_extension_list_parse_test" end time: Jun 03 22:59 New Zealand Standard Time
"s2n_extension_list_parse_test" time elapsed: 00:00:00
----------------------------------------------------------

85/300 Testing: s2n_extension_list_process_test
85/300 Test: s2n_extension_list_process_test
Command: "C:/Users/samue/repos/s2n-tls/build_msvc2005_static/bin/s2n_extension_list_process_test.exe"
Directory: C:/Users/samue/repos/s2n-tls/tests/unit
"s2n_extension_list_process_test" start time: Jun 03 22:59 New Zealand Standard Time
Output:
----------------------------------------------------------
<end of output>
Test time =   0.02 sec
----------------------------------------------------------
Test Passed.
"s2n_extension_list_process_test" end time: Jun 03 22:59 New Zealand Standard Time
"s2n_extension_list_process_test" time elapsed: 00:00:00
----------------------------------------------------------

86/300 Testing: s2n_extension_list_send_test
86/300 Test: s2n_extension_list_send_test
Command: "C:/Users/samue/repos/s2n-tls/build_msvc2005_static/bin/s2n_extension_list_send_test.exe"
Directory: C:/Users/samue/repos/s2n-tls/tests/unit
"s2n_extension_list_send_test" start time: Jun 03 22:59 New Zealand Standard Time
Output:
----------------------------------------------------------
<end of output>
Test time =   0.02 sec
----------------------------------------------------------
Test Passed.
"s2n_extension_list_send_test" end time: Jun 03 22:59 New Zealand Standard Time
"s2n_extension_list_send_test" time elapsed: 00:00:00
----------------------------------------------------------

87/300 Testing: s2n_extension_type_lists_test
87/300 Test: s2n_extension_type_lists_test
Command: "C:/Users/samue/repos/s2n-tls/build_msvc2005_static/bin/s2n_extension_type_lists_test.exe"
Directory: C:/Users/samue/repos/s2n-tls/tests/unit
"s2n_extension_type_lists_test" start time: Jun 03 22:59 New Zealand Standard Time
Output:
----------------------------------------------------------
<end of output>
Test time =   0.02 sec
----------------------------------------------------------
Test Passed.
"s2n_extension_type_lists_test" end time: Jun 03 22:59 New Zealand Standard Time
"s2n_extension_type_lists_test" time elapsed: 00:00:00
----------------------------------------------------------

88/300 Testing: s2n_extension_type_test
88/300 Test: s2n_extension_type_test
Command: "C:/Users/samue/repos/s2n-tls/build_msvc2005_static/bin/s2n_extension_type_test.exe"
Directory: C:/Users/samue/repos/s2n-tls/tests/unit
"s2n_extension_type_test" start time: Jun 03 22:59 New Zealand Standard Time
Output:
----------------------------------------------------------
<end of output>
Test time =   0.02 sec
----------------------------------------------------------
Test Passed.
"s2n_extension_type_test" end time: Jun 03 22:59 New Zealand Standard Time
"s2n_extension_type_test" time elapsed: 00:00:00
----------------------------------------------------------

89/300 Testing: s2n_extensions_server_key_share_select_test
89/300 Test: s2n_extensions_server_key_share_select_test
Command: "C:/Users/samue/repos/s2n-tls/build_msvc2005_static/bin/s2n_extensions_server_key_share_select_test.exe"
Directory: C:/Users/samue/repos/s2n-tls/tests/unit
"s2n_extensions_server_key_share_select_test" start time: Jun 03 22:59 New Zealand Standard Time
Output:
----------------------------------------------------------
<end of output>
Test time =   0.02 sec
----------------------------------------------------------
Test Passed.
"s2n_extensions_server_key_share_select_test" end time: Jun 03 22:59 New Zealand Standard Time
"s2n_extensions_server_key_share_select_test" time elapsed: 00:00:00
----------------------------------------------------------

90/300 Testing: s2n_fingerprint_ja3_test
90/300 Test: s2n_fingerprint_ja3_test
Command: "C:/Users/samue/repos/s2n-tls/build_msvc2005_static/bin/s2n_fingerprint_ja3_test.exe"
Directory: C:/Users/samue/repos/s2n-tls/tests/unit
"s2n_fingerprint_ja3_test" start time: Jun 03 22:59 New Zealand Standard Time
Output:
----------------------------------------------------------
<end of output>
Test time =   0.02 sec
----------------------------------------------------------
Test Passed.
"s2n_fingerprint_ja3_test" end time: Jun 03 22:59 New Zealand Standard Time
"s2n_fingerprint_ja3_test" time elapsed: 00:00:00
----------------------------------------------------------

91/300 Testing: s2n_fingerprint_ja4_test
91/300 Test: s2n_fingerprint_ja4_test
Command: "C:/Users/samue/repos/s2n-tls/build_msvc2005_static/bin/s2n_fingerprint_ja4_test.exe"
Directory: C:/Users/samue/repos/s2n-tls/tests/unit
"s2n_fingerprint_ja4_test" start time: Jun 03 22:59 New Zealand Standard Time
Output:
----------------------------------------------------------
<end of output>
Test time =   0.02 sec
----------------------------------------------------------
Test Passed.
"s2n_fingerprint_ja4_test" end time: Jun 03 22:59 New Zealand Standard Time
"s2n_fingerprint_ja4_test" time elapsed: 00:00:00
----------------------------------------------------------

92/300 Testing: s2n_fingerprint_test
92/300 Test: s2n_fingerprint_test
Command: "C:/Users/samue/repos/s2n-tls/build_msvc2005_static/bin/s2n_fingerprint_test.exe"
Directory: C:/Users/samue/repos/s2n-tls/tests/unit
"s2n_fingerprint_test" start time: Jun 03 22:59 New Zealand Standard Time
Output:
----------------------------------------------------------
<end of output>
Test time =   0.02 sec
----------------------------------------------------------
Test Passed.
"s2n_fingerprint_test" end time: Jun 03 22:59 New Zealand Standard Time
"s2n_fingerprint_test" time elapsed: 00:00:00
----------------------------------------------------------

93/300 Testing: s2n_fips_rules_test
93/300 Test: s2n_fips_rules_test
Command: "C:/Users/samue/repos/s2n-tls/build_msvc2005_static/bin/s2n_fips_rules_test.exe"
Directory: C:/Users/samue/repos/s2n-tls/tests/unit
"s2n_fips_rules_test" start time: Jun 03 22:59 New Zealand Standard Time
Output:
----------------------------------------------------------
<end of output>
Test time =   0.02 sec
----------------------------------------------------------
Test Passed.
"s2n_fips_rules_test" end time: Jun 03 22:59 New Zealand Standard Time
"s2n_fips_rules_test" time elapsed: 00:00:00
----------------------------------------------------------

94/300 Testing: s2n_fips_test
94/300 Test: s2n_fips_test
Command: "C:/Users/samue/repos/s2n-tls/build_msvc2005_static/bin/s2n_fips_test.exe"
Directory: C:/Users/samue/repos/s2n-tls/tests/unit
"s2n_fips_test" start time: Jun 03 22:59 New Zealand Standard Time
Output:
----------------------------------------------------------
<end of output>
Test time =   0.02 sec
----------------------------------------------------------
Test Passed.
"s2n_fips_test" end time: Jun 03 22:59 New Zealand Standard Time
"s2n_fips_test" time elapsed: 00:00:00
----------------------------------------------------------

95/300 Testing: s2n_fragmentation_coalescing_test
95/300 Test: s2n_fragmentation_coalescing_test
Command: "C:/Users/samue/repos/s2n-tls/build_msvc2005_static/bin/s2n_fragmentation_coalescing_test.exe"
Directory: C:/Users/samue/repos/s2n-tls/tests/unit
"s2n_fragmentation_coalescing_test" start time: Jun 03 22:59 New Zealand Standard Time
Output:
----------------------------------------------------------
<end of output>
Test time =   0.02 sec
----------------------------------------------------------
Test Passed.
"s2n_fragmentation_coalescing_test" end time: Jun 03 22:59 New Zealand Standard Time
"s2n_fragmentation_coalescing_test" time elapsed: 00:00:00
----------------------------------------------------------

96/300 Testing: s2n_handshake_errno_test
96/300 Test: s2n_handshake_errno_test
Command: "C:/Users/samue/repos/s2n-tls/build_msvc2005_static/bin/s2n_handshake_errno_test.exe"
Directory: C:/Users/samue/repos/s2n-tls/tests/unit
"s2n_handshake_errno_test" start time: Jun 03 22:59 New Zealand Standard Time
Output:
----------------------------------------------------------
<end of output>
Test time =   0.02 sec
----------------------------------------------------------
Test Passed.
"s2n_handshake_errno_test" end time: Jun 03 22:59 New Zealand Standard Time
"s2n_handshake_errno_test" time elapsed: 00:00:00
----------------------------------------------------------

97/300 Testing: s2n_handshake_fragment_test
97/300 Test: s2n_handshake_fragment_test
Command: "C:/Users/samue/repos/s2n-tls/build_msvc2005_static/bin/s2n_handshake_fragment_test.exe"
Directory: C:/Users/samue/repos/s2n-tls/tests/unit
"s2n_handshake_fragment_test" start time: Jun 03 22:59 New Zealand Standard Time
Output:
----------------------------------------------------------
<end of output>
Test time =   0.02 sec
----------------------------------------------------------
Test Passed.
"s2n_handshake_fragment_test" end time: Jun 03 22:59 New Zealand Standard Time
"s2n_handshake_fragment_test" time elapsed: 00:00:00
----------------------------------------------------------

98/300 Testing: s2n_handshake_hashes_test
98/300 Test: s2n_handshake_hashes_test
Command: "C:/Users/samue/repos/s2n-tls/build_msvc2005_static/bin/s2n_handshake_hashes_test.exe"
Directory: C:/Users/samue/repos/s2n-tls/tests/unit
"s2n_handshake_hashes_test" start time: Jun 03 22:59 New Zealand Standard Time
Output:
----------------------------------------------------------
<end of output>
Test time =   0.02 sec
----------------------------------------------------------
Test Passed.
"s2n_handshake_hashes_test" end time: Jun 03 22:59 New Zealand Standard Time
"s2n_handshake_hashes_test" time elapsed: 00:00:00
----------------------------------------------------------

99/300 Testing: s2n_handshake_invariant_test
99/300 Test: s2n_handshake_invariant_test
Command: "C:/Users/samue/repos/s2n-tls/build_msvc2005_static/bin/s2n_handshake_invariant_test.exe"
Directory: C:/Users/samue/repos/s2n-tls/tests/unit
"s2n_handshake_invariant_test" start time: Jun 03 22:59 New Zealand Standard Time
Output:
----------------------------------------------------------
<end of output>
Test time =   0.02 sec
----------------------------------------------------------
Test Passed.
"s2n_handshake_invariant_test" end time: Jun 03 22:59 New Zealand Standard Time
"s2n_handshake_invariant_test" time elapsed: 00:00:00
----------------------------------------------------------

100/300 Testing: s2n_handshake_io_async_test
100/300 Test: s2n_handshake_io_async_test
Command: "C:/Users/samue/repos/s2n-tls/build_msvc2005_static/bin/s2n_handshake_io_async_test.exe"
Directory: C:/Users/samue/repos/s2n-tls/tests/unit
"s2n_handshake_io_async_test" start time: Jun 03 22:59 New Zealand Standard Time
Output:
----------------------------------------------------------
<end of output>
Test time =   0.02 sec
----------------------------------------------------------
Test Passed.
"s2n_handshake_io_async_test" end time: Jun 03 22:59 New Zealand Standard Time
"s2n_handshake_io_async_test" time elapsed: 00:00:00
----------------------------------------------------------

101/300 Testing: s2n_handshake_io_early_data_test
101/300 Test: s2n_handshake_io_early_data_test
Command: "C:/Users/samue/repos/s2n-tls/build_msvc2005_static/bin/s2n_handshake_io_early_data_test.exe"
Directory: C:/Users/samue/repos/s2n-tls/tests/unit
"s2n_handshake_io_early_data_test" start time: Jun 03 22:59 New Zealand Standard Time
Output:
----------------------------------------------------------
<end of output>
Test time =   0.02 sec
----------------------------------------------------------
Test Passed.
"s2n_handshake_io_early_data_test" end time: Jun 03 22:59 New Zealand Standard Time
"s2n_handshake_io_early_data_test" time elapsed: 00:00:00
----------------------------------------------------------

102/300 Testing: s2n_handshake_io_errors_test
102/300 Test: s2n_handshake_io_errors_test
Command: "C:/Users/samue/repos/s2n-tls/build_msvc2005_static/bin/s2n_handshake_io_errors_test.exe"
Directory: C:/Users/samue/repos/s2n-tls/tests/unit
"s2n_handshake_io_errors_test" start time: Jun 03 22:59 New Zealand Standard Time
Output:
----------------------------------------------------------
<end of output>
Test time =   0.02 sec
----------------------------------------------------------
Test Passed.
"s2n_handshake_io_errors_test" end time: Jun 03 22:59 New Zealand Standard Time
"s2n_handshake_io_errors_test" time elapsed: 00:00:00
----------------------------------------------------------

103/300 Testing: s2n_handshake_io_test
103/300 Test: s2n_handshake_io_test
Command: "C:/Users/samue/repos/s2n-tls/build_msvc2005_static/bin/s2n_handshake_io_test.exe"
Directory: C:/Users/samue/repos/s2n-tls/tests/unit
"s2n_handshake_io_test" start time: Jun 03 22:59 New Zealand Standard Time
Output:
----------------------------------------------------------
<end of output>
Test time =   0.02 sec
----------------------------------------------------------
Test Passed.
"s2n_handshake_io_test" end time: Jun 03 22:59 New Zealand Standard Time
"s2n_handshake_io_test" time elapsed: 00:00:00
----------------------------------------------------------

104/300 Testing: s2n_handshake_misc_test
104/300 Test: s2n_handshake_misc_test
Command: "C:/Users/samue/repos/s2n-tls/build_msvc2005_static/bin/s2n_handshake_misc_test.exe"
Directory: C:/Users/samue/repos/s2n-tls/tests/unit
"s2n_handshake_misc_test" start time: Jun 03 22:59 New Zealand Standard Time
Output:
----------------------------------------------------------
<end of output>
Test time =   0.02 sec
----------------------------------------------------------
Test Passed.
"s2n_handshake_misc_test" end time: Jun 03 22:59 New Zealand Standard Time
"s2n_handshake_misc_test" time elapsed: 00:00:00
----------------------------------------------------------

105/300 Testing: s2n_handshake_partial_test
105/300 Test: s2n_handshake_partial_test
Command: "C:/Users/samue/repos/s2n-tls/build_msvc2005_static/bin/s2n_handshake_partial_test.exe"
Directory: C:/Users/samue/repos/s2n-tls/tests/unit
"s2n_handshake_partial_test" start time: Jun 03 22:59 New Zealand Standard Time
Output:
----------------------------------------------------------
<end of output>
Test time =   0.02 sec
----------------------------------------------------------
Test Passed.
"s2n_handshake_partial_test" end time: Jun 03 22:59 New Zealand Standard Time
"s2n_handshake_partial_test" time elapsed: 00:00:00
----------------------------------------------------------

106/300 Testing: s2n_handshake_test
106/300 Test: s2n_handshake_test
Command: "C:/Users/samue/repos/s2n-tls/build_msvc2005_static/bin/s2n_handshake_test.exe"
Directory: C:/Users/samue/repos/s2n-tls/tests/unit
"s2n_handshake_test" start time: Jun 03 22:59 New Zealand Standard Time
Output:
----------------------------------------------------------
<end of output>
Test time =   0.02 sec
----------------------------------------------------------
Test Passed.
"s2n_handshake_test" end time: Jun 03 22:59 New Zealand Standard Time
"s2n_handshake_test" time elapsed: 00:00:00
----------------------------------------------------------

107/300 Testing: s2n_handshake_type_test
107/300 Test: s2n_handshake_type_test
Command: "C:/Users/samue/repos/s2n-tls/build_msvc2005_static/bin/s2n_handshake_type_test.exe"
Directory: C:/Users/samue/repos/s2n-tls/tests/unit
"s2n_handshake_type_test" start time: Jun 03 22:59 New Zealand Standard Time
Output:
----------------------------------------------------------
<end of output>
Test time =   0.02 sec
----------------------------------------------------------
Test Passed.
"s2n_handshake_type_test" end time: Jun 03 22:59 New Zealand Standard Time
"s2n_handshake_type_test" time elapsed: 00:00:00
----------------------------------------------------------

108/300 Testing: s2n_hash_all_algs_test
108/300 Test: s2n_hash_all_algs_test
Command: "C:/Users/samue/repos/s2n-tls/build_msvc2005_static/bin/s2n_hash_all_algs_test.exe"
Directory: C:/Users/samue/repos/s2n-tls/tests/unit
"s2n_hash_all_algs_test" start time: Jun 03 22:59 New Zealand Standard Time
Output:
----------------------------------------------------------
<end of output>
Test time =   0.02 sec
----------------------------------------------------------
Test Passed.
"s2n_hash_all_algs_test" end time: Jun 03 22:59 New Zealand Standard Time
"s2n_hash_all_algs_test" time elapsed: 00:00:00
----------------------------------------------------------

109/300 Testing: s2n_hash_test
109/300 Test: s2n_hash_test
Command: "C:/Users/samue/repos/s2n-tls/build_msvc2005_static/bin/s2n_hash_test.exe"
Directory: C:/Users/samue/repos/s2n-tls/tests/unit
"s2n_hash_test" start time: Jun 03 22:59 New Zealand Standard Time
Output:
----------------------------------------------------------
<end of output>
Test time =   0.02 sec
----------------------------------------------------------
Test Passed.
"s2n_hash_test" end time: Jun 03 22:59 New Zealand Standard Time
"s2n_hash_test" time elapsed: 00:00:00
----------------------------------------------------------

110/300 Testing: s2n_hkdf_test
110/300 Test: s2n_hkdf_test
Command: "C:/Users/samue/repos/s2n-tls/build_msvc2005_static/bin/s2n_hkdf_test.exe"
Directory: C:/Users/samue/repos/s2n-tls/tests/unit
"s2n_hkdf_test" start time: Jun 03 22:59 New Zealand Standard Time
Output:
----------------------------------------------------------
<end of output>
Test time =   0.02 sec
----------------------------------------------------------
Test Passed.
"s2n_hkdf_test" end time: Jun 03 22:59 New Zealand Standard Time
"s2n_hkdf_test" time elapsed: 00:00:00
----------------------------------------------------------

111/300 Testing: s2n_hmac_test
111/300 Test: s2n_hmac_test
Command: "C:/Users/samue/repos/s2n-tls/build_msvc2005_static/bin/s2n_hmac_test.exe"
Directory: C:/Users/samue/repos/s2n-tls/tests/unit
"s2n_hmac_test" start time: Jun 03 22:59 New Zealand Standard Time
Output:
----------------------------------------------------------
<end of output>
Test time =   0.02 sec
----------------------------------------------------------
Test Passed.
"s2n_hmac_test" end time: Jun 03 22:59 New Zealand Standard Time
"s2n_hmac_test" time elapsed: 00:00:00
----------------------------------------------------------

112/300 Testing: s2n_init_test
112/300 Test: s2n_init_test
Command: "C:/Users/samue/repos/s2n-tls/build_msvc2005_static/bin/s2n_init_test.exe"
Directory: C:/Users/samue/repos/s2n-tls/tests/unit
"s2n_init_test" start time: Jun 03 22:59 New Zealand Standard Time
Output:
----------------------------------------------------------
<end of output>
Test time =   0.02 sec
----------------------------------------------------------
Test Passed.
"s2n_init_test" end time: Jun 03 22:59 New Zealand Standard Time
"s2n_init_test" time elapsed: 00:00:00
----------------------------------------------------------

113/300 Testing: s2n_io_test
113/300 Test: s2n_io_test
Command: "C:/Users/samue/repos/s2n-tls/build_msvc2005_static/bin/s2n_io_test.exe"
Directory: C:/Users/samue/repos/s2n-tls/tests/unit
"s2n_io_test" start time: Jun 03 22:59 New Zealand Standard Time
Output:
----------------------------------------------------------
<end of output>
Test time =   0.02 sec
----------------------------------------------------------
Test Passed.
"s2n_io_test" end time: Jun 03 22:59 New Zealand Standard Time
"s2n_io_test" time elapsed: 00:00:00
----------------------------------------------------------

114/300 Testing: s2n_kem_preferences_test
114/300 Test: s2n_kem_preferences_test
Command: "C:/Users/samue/repos/s2n-tls/build_msvc2005_static/bin/s2n_kem_preferences_test.exe"
Directory: C:/Users/samue/repos/s2n-tls/tests/unit
"s2n_kem_preferences_test" start time: Jun 03 22:59 New Zealand Standard Time
Output:
----------------------------------------------------------
<end of output>
Test time =   0.02 sec
----------------------------------------------------------
Test Passed.
"s2n_kem_preferences_test" end time: Jun 03 22:59 New Zealand Standard Time
"s2n_kem_preferences_test" time elapsed: 00:00:00
----------------------------------------------------------

115/300 Testing: s2n_kem_test
115/300 Test: s2n_kem_test
Command: "C:/Users/samue/repos/s2n-tls/build_msvc2005_static/bin/s2n_kem_test.exe"
Directory: C:/Users/samue/repos/s2n-tls/tests/unit
"s2n_kem_test" start time: Jun 03 22:59 New Zealand Standard Time
Output:
----------------------------------------------------------
<end of output>
Test time =   0.02 sec
----------------------------------------------------------
Test Passed.
"s2n_kem_test" end time: Jun 03 22:59 New Zealand Standard Time
"s2n_kem_test" time elapsed: 00:00:00
----------------------------------------------------------

116/300 Testing: s2n_kex_test
116/300 Test: s2n_kex_test
Command: "C:/Users/samue/repos/s2n-tls/build_msvc2005_static/bin/s2n_kex_test.exe"
Directory: C:/Users/samue/repos/s2n-tls/tests/unit
"s2n_kex_test" start time: Jun 03 22:59 New Zealand Standard Time
Output:
----------------------------------------------------------
<end of output>
Test time =   0.02 sec
----------------------------------------------------------
Test Passed.
"s2n_kex_test" end time: Jun 03 22:59 New Zealand Standard Time
"s2n_kex_test" time elapsed: 00:00:00
----------------------------------------------------------

117/300 Testing: s2n_key_share_extension_test
117/300 Test: s2n_key_share_extension_test
Command: "C:/Users/samue/repos/s2n-tls/build_msvc2005_static/bin/s2n_key_share_extension_test.exe"
Directory: C:/Users/samue/repos/s2n-tls/tests/unit
"s2n_key_share_extension_test" start time: Jun 03 22:59 New Zealand Standard Time
Output:
----------------------------------------------------------
<end of output>
Test time =   0.02 sec
----------------------------------------------------------
Test Passed.
"s2n_key_share_extension_test" end time: Jun 03 22:59 New Zealand Standard Time
"s2n_key_share_extension_test" time elapsed: 00:00:00
----------------------------------------------------------

118/300 Testing: s2n_key_update_test
118/300 Test: s2n_key_update_test
Command: "C:/Users/samue/repos/s2n-tls/build_msvc2005_static/bin/s2n_key_update_test.exe"
Directory: C:/Users/samue/repos/s2n-tls/tests/unit
"s2n_key_update_test" start time: Jun 03 22:59 New Zealand Standard Time
Output:
----------------------------------------------------------
<end of output>
Test time =   0.00 sec
----------------------------------------------------------
Test Failed.
"s2n_key_update_test" end time: Jun 03 22:59 New Zealand Standard Time
"s2n_key_update_test" time elapsed: 00:00:00
----------------------------------------------------------

119/300 Testing: s2n_key_update_threads_test
119/300 Test: s2n_key_update_threads_test
[...]

* Suite suite_posix_core_misc:
sssssssssssssssssssssssssss
27 tests - 0 passed, 0 failed, 27 skipped (0 ticks, 0.000 sec)

* Suite suite_posix_core_io:
ssssssssss
10 tests - 0 passed, 0 failed, 10 skipped (0 ticks, 0.000 sec)

* Suite suite_posix_core_fs:
sssssssss
9 tests - 0 passed, 0 failed, 9 skipped (0 ticks, 0.000 sec)

* Suite suite_posix_core_ugid:
ssssssssssss
12 tests - 0 passed, 0 failed, 12 skipped (0 ticks, 0.000 sec)

Total: 70 tests (1 ticks, 0.001 sec), 0 assertions
Pass: 1, fail: 0, skip: 69.
<end of output>
Test time =   0.02 sec
----------------------------------------------------------
Test Passed.
"test_posix-core" end time: Jun 03 22:59 New Zealand Standard Time
"test_posix-core" time elapsed: 00:00:00
----------------------------------------------------------

284/300 Testing: test_posix-dlfcn
284/300 Test: test_posix-dlfcn
Command: "C:/Users/samue/repos/s2n-tls/build_msvc2005_static/_deps/auto_win_msvc-build/posix-dlfcn/test_posix-dlfcn.exe"
Directory: C:/Users/samue/repos/s2n-tls/build_msvc2005_static/_deps/auto_win_msvc-build/posix-dlfcn
"test_posix-dlfcn" start time: Jun 03 22:59 New Zealand Standard Time
Output:
----------------------------------------------------------

* Suite suite_posix_dlfcn_core:
.sssss
6 tests - 1 passed, 0 failed, 5 skipped (0 ticks, 0.000 sec)

Total: 6 tests (0 ticks, 0.000 sec), 1 assertion
Pass: 1, fail: 0, skip: 5.
<end of output>
Test time =   0.02 sec
----------------------------------------------------------
Test Passed.
"test_posix-dlfcn" end time: Jun 03 22:59 New Zealand Standard Time
"test_posix-dlfcn" time elapsed: 00:00:00
----------------------------------------------------------

285/300 Testing: test_posix-langinfo
285/300 Test: test_posix-langinfo
Command: "C:/Users/samue/repos/s2n-tls/build_msvc2005_static/_deps/auto_win_msvc-build/posix-langinfo/test_posix-langinfo.exe"
Directory: C:/Users/samue/repos/s2n-tls/build_msvc2005_static/_deps/auto_win_msvc-build/posix-langinfo
"test_posix-langinfo" start time: Jun 03 22:59 New Zealand Standard Time
Output:
----------------------------------------------------------

* Suite suite_posix_langinfo_core:
.s
2 tests - 1 passed, 0 failed, 1 skipped (0 ticks, 0.000 sec)

Total: 2 tests (0 ticks, 0.000 sec), 1 assertion
Pass: 1, fail: 0, skip: 1.
<end of output>
Test time =   0.02 sec
----------------------------------------------------------
Test Passed.
"test_posix-langinfo" end time: Jun 03 22:59 New Zealand Standard Time
"test_posix-langinfo" time elapsed: 00:00:00
----------------------------------------------------------

286/300 Testing: test_posix-libproc
286/300 Test: test_posix-libproc
Command: "C:/Users/samue/repos/s2n-tls/build_msvc2005_static/_deps/auto_win_msvc-build/posix-libproc/test_posix-libproc.exe"
Directory: C:/Users/samue/repos/s2n-tls/build_msvc2005_static/_deps/auto_win_msvc-build/posix-libproc
"test_posix-libproc" start time: Jun 03 22:59 New Zealand Standard Time
Output:
----------------------------------------------------------

* Suite suite_posix_libproc_core:
s
1 test - 0 passed, 0 failed, 1 skipped (0 ticks, 0.000 sec)

Total: 1 test (0 ticks, 0.000 sec), 0 assertions
Pass: 0, fail: 0, skip: 1.
<end of output>
Test time =   0.02 sec
----------------------------------------------------------
Test Passed.
"test_posix-libproc" end time: Jun 03 22:59 New Zealand Standard Time
"test_posix-libproc" time elapsed: 00:00:00
----------------------------------------------------------

287/300 Testing: test_posix-mman
287/300 Test: test_posix-mman
Command: "C:/Users/samue/repos/s2n-tls/build_msvc2005_static/_deps/auto_win_msvc-build/posix-mman/test_posix-mman.exe"
Directory: C:/Users/samue/repos/s2n-tls/build_msvc2005_static/_deps/auto_win_msvc-build/posix-mman
"test_posix-mman" start time: Jun 03 22:59 New Zealand Standard Time
Output:
----------------------------------------------------------

* Suite suite_posix_mman_mman:
.
1 test - 1 passed, 0 failed, 0 skipped (0 ticks, 0.000 sec)

* Suite suite_posix_mman_mlockall:
s
1 test - 0 passed, 0 failed, 1 skipped (0 ticks, 0.000 sec)

* Suite suite_posix_mman_munlockall:
s
1 test - 0 passed, 0 failed, 1 skipped (0 ticks, 0.000 sec)

* Suite suite_posix_mman_madvise:
s
1 test - 0 passed, 0 failed, 1 skipped (0 ticks, 0.000 sec)

* Suite suite_posix_mman_mlock:
s
1 test - 0 passed, 0 failed, 1 skipped (0 ticks, 0.000 sec)

* Suite suite_posix_mman_mmap:
s
1 test - 0 passed, 0 failed, 1 skipped (0 ticks, 0.000 sec)

* Suite suite_posix_mman_mprotect:
s
1 test - 0 passed, 0 failed, 1 skipped (0 ticks, 0.000 sec)

* Suite suite_posix_mman_msync:
s
1 test - 0 passed, 0 failed, 1 skipped (0 ticks, 0.000 sec)

* Suite suite_posix_mman_munlock:
s
1 test - 0 passed, 0 failed, 1 skipped (0 ticks, 0.000 sec)

* Suite suite_posix_mman_munmap:
s
1 test - 0 passed, 0 failed, 1 skipped (0 ticks, 0.000 sec)

* Suite suite_posix_mman_shm:
ss
2 tests - 0 passed, 0 failed, 2 skipped (0 ticks, 0.000 sec)

Total: 12 tests (0 ticks, 0.000 sec), 1 assertion
Pass: 1, fail: 0, skip: 11.
<end of output>
Test time =   0.02 sec
----------------------------------------------------------
Test Passed.
"test_posix-mman" end time: Jun 03 22:59 New Zealand Standard Time
"test_posix-mman" time elapsed: 00:00:00
----------------------------------------------------------

288/300 Testing: test_posix-pthread
288/300 Test: test_posix-pthread
Command: "C:/Users/samue/repos/s2n-tls/build_msvc2005_static/_deps/auto_win_msvc-build/posix-pthread/test_posix-pthread.exe"
Directory: C:/Users/samue/repos/s2n-tls/build_msvc2005_static/_deps/auto_win_msvc-build/posix-pthread
"test_posix-pthread" start time: Jun 03 22:59 New Zealand Standard Time
Output:
----------------------------------------------------------

* Suite suite_posix_pthread_pthread:
.sss
4 tests - 1 passed, 0 failed, 3 skipped (0 ticks, 0.000 sec)

* Suite suite_posix_pthread_pthread_core:
ssssssssssssssssssssss
22 tests - 0 passed, 0 failed, 22 skipped (0 ticks, 0.000 sec)

* Suite suite_posix_pthread_pthread_attr:
ssssssssssssssssss
18 tests - 0 passed, 0 failed, 18 skipped (0 ticks, 0.000 sec)

* Suite suite_posix_pthread_pthread_barrier:
sss
3 tests - 0 passed, 0 failed, 3 skipped (0 ticks, 0.000 sec)

* Suite suite_posix_pthread_pthread_barrierattr:
ssss
4 tests - 0 passed, 0 failed, 4 skipped (0 ticks, 0.000 sec)

* Suite suite_posix_pthread_:
ss
2 tests - 0 passed, 0 failed, 2 skipped (0 ticks, 0.000 sec)

* Suite suite_posix_pthread_pthread_cond:
ssssss
6 tests - 0 passed, 0 failed, 6 skipped (0 ticks, 0.000 sec)

* Suite suite_posix_pthread_pthread_condattr:
ssssss
6 tests - 0 passed, 0 failed, 6 skipped (0 ticks, 0.000 sec)

* Suite suite_posix_pthread_pthread_key:
ss
2 tests - 0 passed, 0 failed, 2 skipped (0 ticks, 0.000 sec)

* Suite suite_posix_pthread_pthread_mutex:
ssssss
6 tests - 0 passed, 0 failed, 6 skipped (0 ticks, 0.000 sec)

* Suite suite_posix_pthread_pthread_mutexattr:
ssssssssss
10 tests - 0 passed, 0 failed, 10 skipped (0 ticks, 0.000 sec)

* Suite suite_posix_pthread_pthread_rwlock:
sssssssss
9 tests - 0 passed, 0 failed, 9 skipped (0 ticks, 0.000 sec)

* Suite suite_posix_pthread_pthread_rwlockattr:
ssss
4 tests - 0 passed, 0 failed, 4 skipped (0 ticks, 0.000 sec)

* Suite suite_posix_pthread_pthread_spin:
sssss
5 tests - 0 passed, 0 failed, 5 skipped (0 ticks, 0.000 sec)

* Suite suite_posix_pthread_sched:
ssssssss
8 tests - 0 passed, 0 failed, 8 skipped (0 ticks, 0.000 sec)

* Suite suite_posix_pthread_sem:
ssssssssss
10 tests - 0 passed, 0 failed, 10 skipped (0 ticks, 0.000 sec)

Total: 119 tests (0 ticks, 0.000 sec), 0 assertions
Pass: 1, fail: 0, skip: 118.
<end of output>
Test time =   0.02 sec
----------------------------------------------------------
Test Passed.
"test_posix-pthread" end time: Jun 03 22:59 New Zealand Standard Time
"test_posix-pthread" time elapsed: 00:00:00
----------------------------------------------------------

289/300 Testing: test_posix-regex
289/300 Test: test_posix-regex
Command: "C:/Users/samue/repos/s2n-tls/build_msvc2005_static/_deps/auto_win_msvc-build/posix-regex/test_posix-regex.exe"
Directory: C:/Users/samue/repos/s2n-tls/build_msvc2005_static/_deps/auto_win_msvc-build/posix-regex
"test_posix-regex" start time: Jun 03 22:59 New Zealand Standard Time
Output:
----------------------------------------------------------

* Suite suite_posix_regex_core:
.sss
4 tests - 1 passed, 0 failed, 3 skipped (0 ticks, 0.000 sec)

Total: 4 tests (0 ticks, 0.000 sec), 1 assertion
Pass: 1, fail: 0, skip: 3.
<end of output>
Test time =   0.02 sec
----------------------------------------------------------
Test Passed.
"test_posix-regex" end time: Jun 03 22:59 New Zealand Standard Time
"test_posix-regex" time elapsed: 00:00:00
----------------------------------------------------------

290/300 Testing: test_posix-signal
290/300 Test: test_posix-signal
Command: "C:/Users/samue/repos/s2n-tls/build_msvc2005_static/_deps/auto_win_msvc-build/posix-signal/test_posix-signal.exe"
Directory: C:/Users/samue/repos/s2n-tls/build_msvc2005_static/_deps/auto_win_msvc-build/posix-signal
"test_posix-signal" start time: Jun 03 22:59 New Zealand Standard Time
Output:
----------------------------------------------------------

* Suite suite_posix_signal_signal:
sssssssssss
11 tests - 0 passed, 0 failed, 11 skipped (0 ticks, 0.000 sec)

Total: 11 tests (0 ticks, 0.000 sec), 0 assertions
Pass: 0, fail: 0, skip: 11.
<end of output>
Test time =   0.02 sec
----------------------------------------------------------
Test Passed.
"test_posix-signal" end time: Jun 03 22:59 New Zealand Standard Time
"test_posix-signal" time elapsed: 00:00:00
----------------------------------------------------------

291/300 Testing: test_posix-spawn
291/300 Test: test_posix-spawn
Command: "C:/Users/samue/repos/s2n-tls/build_msvc2005_static/_deps/auto_win_msvc-build/posix-spawn/test_posix-spawn.exe"
Directory: C:/Users/samue/repos/s2n-tls/build_msvc2005_static/_deps/auto_win_msvc-build/posix-spawn
"test_posix-spawn" start time: Jun 03 22:59 New Zealand Standard Time
Output:
----------------------------------------------------------

* Suite suite_posix_spawn_spawn:
sssssss
7 tests - 0 passed, 0 failed, 7 skipped (0 ticks, 0.000 sec)

* Suite suite_posix_spawn_spawnp:
s
1 test - 0 passed, 0 failed, 1 skipped (0 ticks, 0.000 sec)

* Suite suite_posix_spawn_spawnattr:
ssssssssssssss
14 tests - 0 passed, 0 failed, 14 skipped (0 ticks, 0.000 sec)

Total: 22 tests (0 ticks, 0.000 sec), 0 assertions
Pass: 0, fail: 0, skip: 22.
<end of output>
Test time =   0.02 sec
----------------------------------------------------------
Test Passed.
"test_posix-spawn" end time: Jun 03 22:59 New Zealand Standard Time
"test_posix-spawn" time elapsed: 00:00:00
----------------------------------------------------------

292/300 Testing: test_posix-syslog
292/300 Test: test_posix-syslog
Command: "C:/Users/samue/repos/s2n-tls/build_msvc2005_static/_deps/auto_win_msvc-build/posix-syslog/test_posix-syslog.exe"
Directory: C:/Users/samue/repos/s2n-tls/build_msvc2005_static/_deps/auto_win_msvc-build/posix-syslog
"test_posix-syslog" start time: Jun 03 22:59 New Zealand Standard Time
Output:
----------------------------------------------------------

* Suite suite_posix_syslog_core:
.sss
4 tests - 1 passed, 0 failed, 3 skipped (1 ticks, 0.001 sec)

Total: 4 tests (1 ticks, 0.001 sec), 0 assertions
Pass: 1, fail: 0, skip: 3.
<end of output>
Test time =   0.02 sec
----------------------------------------------------------
Test Passed.
"test_posix-syslog" end time: Jun 03 22:59 New Zealand Standard Time
"test_posix-syslog" time elapsed: 00:00:00
----------------------------------------------------------

293/300 Testing: test_posix-termios
293/300 Test: test_posix-termios
Command: "C:/Users/samue/repos/s2n-tls/build_msvc2005_static/_deps/auto_win_msvc-build/posix-termios/test_posix-termios.exe"
Directory: C:/Users/samue/repos/s2n-tls/build_msvc2005_static/_deps/auto_win_msvc-build/posix-termios
"test_posix-termios" start time: Jun 03 22:59 New Zealand Standard Time
Output:
----------------------------------------------------------

* Suite suite_posix_termios_termios:
s
1 test - 0 passed, 0 failed, 1 skipped (0 ticks, 0.000 sec)

* Suite suite_posix_termios_cfgetispeed:
s
1 test - 0 passed, 0 failed, 1 skipped (0 ticks, 0.000 sec)

* Suite suite_posix_termios_cfgetospeed:
s
1 test - 0 passed, 0 failed, 1 skipped (0 ticks, 0.000 sec)

* Suite suite_posix_termios_cfsetispeed:
s
1 test - 0 passed, 0 failed, 1 skipped (0 ticks, 0.000 sec)

* Suite suite_posix_termios_cfsetospeed:
s
1 test - 0 passed, 0 failed, 1 skipped (0 ticks, 0.000 sec)

* Suite suite_posix_termios_tcdrain:
s
1 test - 0 passed, 0 failed, 1 skipped (0 ticks, 0.000 sec)

* Suite suite_posix_termios_tcflow:
s
1 test - 0 passed, 0 failed, 1 skipped (0 ticks, 0.000 sec)

* Suite suite_posix_termios_tcflush:
s
1 test - 0 passed, 0 failed, 1 skipped (0 ticks, 0.000 sec)

* Suite suite_posix_termios_tcgetattr:
s
1 test - 0 passed, 0 failed, 1 skipped (0 ticks, 0.000 sec)

* Suite suite_posix_termios_tcgetsid:
s
1 test - 0 passed, 0 failed, 1 skipped (0 ticks, 0.000 sec)

* Suite suite_posix_termios_tcsendbreak:
s
1 test - 0 passed, 0 failed, 1 skipped (0 ticks, 0.000 sec)

* Suite suite_posix_termios_tcsetattr:
s
1 test - 0 passed, 0 failed, 1 skipped (0 ticks, 0.000 sec)

Total: 12 tests (0 ticks, 0.000 sec), 0 assertions
Pass: 0, fail: 0, skip: 12.
<end of output>
Test time =   0.02 sec
----------------------------------------------------------
Test Passed.
"test_posix-termios" end time: Jun 03 22:59 New Zealand Standard Time
"test_posix-termios" time elapsed: 00:00:00
----------------------------------------------------------

294/300 Testing: test_posix-time
294/300 Test: test_posix-time
Command: "C:/Users/samue/repos/s2n-tls/build_msvc2005_static/_deps/auto_win_msvc-build/posix-time/test_posix-time.exe"
Directory: C:/Users/samue/repos/s2n-tls/build_msvc2005_static/_deps/auto_win_msvc-build/posix-time
"test_posix-time" start time: Jun 03 22:59 New Zealand Standard Time
Output:
----------------------------------------------------------

* Suite suite_posix_time_core:
.sssssss
8 tests - 1 passed, 0 failed, 7 skipped (0 ticks, 0.000 sec)

Total: 8 tests (0 ticks, 0.000 sec), 1 assertion
Pass: 1, fail: 0, skip: 7.
<end of output>
Test time =   0.02 sec
----------------------------------------------------------
Test Passed.
"test_posix-time" end time: Jun 03 22:59 New Zealand Standard Time
"test_posix-time" time elapsed: 00:00:00
----------------------------------------------------------

295/300 Testing: test_posix-times
295/300 Test: test_posix-times
Command: "C:/Users/samue/repos/s2n-tls/build_msvc2005_static/_deps/auto_win_msvc-build/posix-times/test_posix-times.exe"
Directory: C:/Users/samue/repos/s2n-tls/build_msvc2005_static/_deps/auto_win_msvc-build/posix-times
"test_posix-times" start time: Jun 03 22:59 New Zealand Standard Time
Output:
----------------------------------------------------------

* Suite suite_posix_times_core:
s
1 test - 0 passed, 0 failed, 1 skipped (0 ticks, 0.000 sec)

Total: 1 test (0 ticks, 0.000 sec), 0 assertions
Pass: 0, fail: 0, skip: 1.
<end of output>
Test time =   0.02 sec
----------------------------------------------------------
Test Passed.
"test_posix-times" end time: Jun 03 22:59 New Zealand Standard Time
"test_posix-times" time elapsed: 00:00:00
----------------------------------------------------------

296/300 Testing: test_posix-types
296/300 Test: test_posix-types
Command: "C:/Users/samue/repos/s2n-tls/build_msvc2005_static/_deps/auto_win_msvc-build/posix-types/test_posix-types.exe"
Directory: C:/Users/samue/repos/s2n-tls/build_msvc2005_static/_deps/auto_win_msvc-build/posix-types
"test_posix-types" start time: Jun 03 22:59 New Zealand Standard Time
Output:
----------------------------------------------------------

* Suite suite_posix_types_core:
.
1 test - 1 passed, 0 failed, 0 skipped (0 ticks, 0.000 sec)

Total: 1 test (0 ticks, 0.000 sec), 1 assertion
Pass: 1, fail: 0, skip: 0.
<end of output>
Test time =   0.03 sec
----------------------------------------------------------
Test Passed.
"test_posix-types" end time: Jun 03 22:59 New Zealand Standard Time
"test_posix-types" time elapsed: 00:00:00
----------------------------------------------------------

297/300 Testing: test_posix-utsname
297/300 Test: test_posix-utsname
Command: "C:/Users/samue/repos/s2n-tls/build_msvc2005_static/_deps/auto_win_msvc-build/posix-utsname/test_posix-utsname.exe"
Directory: C:/Users/samue/repos/s2n-tls/build_msvc2005_static/_deps/auto_win_msvc-build/posix-utsname
"test_posix-utsname" start time: Jun 03 22:59 New Zealand Standard Time
Output:
----------------------------------------------------------

* Suite suite_posix_utsname_core:
.
1 test - 1 passed, 0 failed, 0 skipped (0 ticks, 0.000 sec)

Total: 1 test (0 ticks, 0.000 sec), 2 assertions
Pass: 1, fail: 0, skip: 0.
<end of output>
Test time =   0.02 sec
----------------------------------------------------------
Test Passed.
"test_posix-utsname" end time: Jun 03 22:59 New Zealand Standard Time
"test_posix-utsname" time elapsed: 00:00:00
----------------------------------------------------------

298/300 Testing: test_posix-wait
298/300 Test: test_posix-wait
Command: "C:/Users/samue/repos/s2n-tls/build_msvc2005_static/_deps/auto_win_msvc-build/posix-wait/test_posix-wait.exe"
Directory: C:/Users/samue/repos/s2n-tls/build_msvc2005_static/_deps/auto_win_msvc-build/posix-wait
"test_posix-wait" start time: Jun 03 22:59 New Zealand Standard Time
Output:
----------------------------------------------------------

* Suite suite_posix_wait_core:
.s
2 tests - 1 passed, 0 failed, 1 skipped (0 ticks, 0.000 sec)

Total: 2 tests (0 ticks, 0.000 sec), 1 assertion
Pass: 1, fail: 0, skip: 1.
<end of output>
Test time =   0.02 sec
----------------------------------------------------------
Test Passed.
"test_posix-wait" end time: Jun 03 22:59 New Zealand Standard Time
"test_posix-wait" time elapsed: 00:00:00
----------------------------------------------------------

299/300 Testing: test_posix-alloca
299/300 Test: test_posix-alloca
Command: "C:/Users/samue/repos/s2n-tls/build_msvc2005_static/_deps/auto_win_msvc-build/posix-alloca/test_posix-alloca.exe"
Directory: C:/Users/samue/repos/s2n-tls/build_msvc2005_static/_deps/auto_win_msvc-build/posix-alloca
"test_posix-alloca" start time: Jun 03 22:59 New Zealand Standard Time
Output:
----------------------------------------------------------

* Suite suite_posix_alloca_core:
.
1 test - 1 passed, 0 failed, 0 skipped (0 ticks, 0.000 sec)

Total: 1 test (0 ticks, 0.000 sec), 3 assertions
Pass: 1, fail: 0, skip: 0.
<end of output>
Test time =   0.02 sec
----------------------------------------------------------
Test Passed.
"test_posix-alloca" end time: Jun 03 22:59 New Zealand Standard Time
"test_posix-alloca" time elapsed: 00:00:00
----------------------------------------------------------

300/300 Testing: test_posix-unwind
300/300 Test: test_posix-unwind
Command: "C:/Users/samue/repos/s2n-tls/build_msvc2005_static/_deps/auto_win_msvc-build/posix-unwind/test_posix-unwind.exe"
Directory: C:/Users/samue/repos/s2n-tls/build_msvc2005_static/_deps/auto_win_msvc-build/posix-unwind
"test_posix-unwind" start time: Jun 03 22:59 New Zealand Standard Time
Output:
----------------------------------------------------------

* Suite suite_posix_unwind_core:
ssss
4 tests - 0 passed, 0 failed, 4 skipped (0 ticks, 0.000 sec)

Total: 4 tests (0 ticks, 0.000 sec), 0 assertions
Pass: 0, fail: 0, skip: 4.
<end of output>
Test time =   0.02 sec
----------------------------------------------------------
Test Passed.
"test_posix-unwind" end time: Jun 03 22:59 New Zealand Standard Time
"test_posix-unwind" time elapsed: 00:00:00
----------------------------------------------------------

End testing: Jun 03 22:59 New Zealand Standard Time

unit =   5.14 sec*proc

