============================= test session starts ==============================
platform linux -- Python 3.12.3, pytest-8.3.4, pluggy-1.5.0
rootdir: /home/ubuntu/workspace/s2n-tls/tests/integrationv2
configfile: pyproject.toml
plugins: xdist-3.6.1, rerunfailures-15.0
created: 32/32 workers
32 workers [8840 items]

ssssssssssssssssssssssssssssssssssssssssssssssssssssssssssssssssssssssss [  0%]
ssssssssssssssssssssssssssssssssssssssssssssssssssssssssssssssssssssssss [  1%]
ssssssss.ssssssssssssss.ssss.s..ssss..ss.ss.sssssssssssssss.ss.ssss.ssss [  2%]
ssssssssssssssssss.sss.ssssssssss.ssssssssss.ssssssssssss.ssssssssssssss [  3%]
sssssss.sssssss.sss.ssssss..ss.ss.sssssssssss.ssss.s.s.sssssssssss.ss.ss [  4%]
ssss.ssssssssssssssssssss.s..sssssssss..ssssssssssssssssss.sssssssssss.s [  4%]
s.s..ssss.ssssssssssssss.s..ssssss.ssss.s..s.ssssss.s..ssssssss.ssssssss [  5%]
s...s.sssssssssssss.ssssssssssssssssssss..ssss..ss.sssss.sssssssssss.ss. [  6%]
sssss...s.ssss..sss.s.ss..ssss..s..sssssss.sss.sss....s...s....s....s... [  7%]
...s..s..s..s.s..s.....s....s...s..ss.....ss....ss.sssss.s.ss.ss.ssss.ss [  8%]
.ss.s..ss.s.ss.s.ss.sss.ssssssss..ss.ssssss.s.sssss.ss.s.ssssssss.ssss.. [  8%]
.sssssss.s.ss.ss..ssssss.sss.s.s..ssss.s..s.s...ss....s.....ss....ss...s [  9%]
s..s....s...s....sss.....s.ss...s.s...ss..s..s..s.ssss.....ss.s..ss..s.s [ 10%]
..ss...sss.s...s..ss.s.ss.s...sss..sss...ss..s.sss.sss.s.ss.s.....sss.ss [ 11%]
..s...sss.....ss.ss.s.sss..sss...ss.s..ss.....s.s...ss.s....s.s....s.... [ 12%]
ss......s...ss...s.ss...ss.ss.s...s.sss.ss....sssss.s..s.sss..ss.ss..ss. [ 13%]
.sss.ss...ssssssss.s.s..ssssss.s.s..ssss.ssss.sss.s.s.ss.sssss..ssss.sss [ 13%]
sss.ss.s.s..ss.s.ssss.s.s.ssss.ss.s.s.sss..s.sss...sss..ss.s.ss..ss.s.s. [ 14%]
s..s..ss..sss..s.sssss...ss.ss..sss..sss.ss.ss..ss..sssss..ssss.sss.sss. [ 15%]
ss...ss.s.s.s.sssss..sssss.ss.ss..ssss.s.s.sssss.sssss.s...ssss..ssss... [ 16%]
ssss..ss..s.s..ssss..sss.sssssss..sss..ss..sss.s.ssss.s.ss...sssssss.sss [ 17%]
s.ss.sss.ss.ssssss.sss.ssssss..s.ssssssss.s.s..sssssssss.sssssssssssss.s [ 17%]
..ssssss..ssss.sssss.sssss.sssssss.s..sssss.ssss.s..ssssss...ssssss..ss. [ 18%]
.sss.ss.sssssss.ss.s.sss.sss.ssssss.ss.ssssssss.sssssssssss.ssss.ssss.ss [ 19%]
s..ssssssssss.sssssss.sssssss..sssss.ssss.ss.ssssss.ssss.ssssss..sssssss [ 20%]
sss.ssssssssssss.ssssss.ssssssssssssss.s.sssssssssssssssssss.sssss.sssss [ 21%]
sssssssss....sssssssssssss..sss.ss.ssssss.sssss.sssssss..sssss.sss.sssss [ 21%]
ssssssssssssssssssssssssssss.ssssssssss.sssssssssssssssssss.ssssss.sssss [ 22%]
ssssssss.sssssss.ssss.ssssssssssss...sssss.sss.ssssss.ssssss.sss.sssssss [ 23%]
sssssss.ssssssssssssss.sssssssssssssssssssssssssss.sssssssssssssss.sssss [ 24%]
ss.ss.ssssss.ssssssssss.s.sssss.sssssssss.ssss..ssssss.sss.ssss.ssssssss [ 25%]
s.sssssss.sssssss..ssssssssssss.sssssss.ss.ssssss.ssssss.sss..sss.sssss. [ 26%]
sssssss.s.ssssssssssss.ssss..sss..sss.ssss.sssssssss.s.sssssss.sssss.sss [ 26%]
ss.s..ssssssss..s.ssssss.ss.s.ss.ssssssss..sssss.s..sss.s.s..ssss.ssss.s [ 27%]
sssss.s.sss..s.ss..s.sss.ssssss.sss.ssssss.ss.ssss.ss..sssss.ssss..sssss [ 28%]
s.s..ssss..sssssss.ssssss...sssssss.s.ss.ssssss...sssssss.sss.sssssssss. [ 29%]
.ssssssss.s..sssss.ssss.sssssss.ss..ssssss.ssssss..ssssssssss.sss...sss. [ 30%]
ssssssssssss..s.sssss.ss.sssssss.sssss..s.s.sss.s..sssss.s.ss.s.ss.ss..s [ 30%]
.s...sssss.s..sss...sss...ssss.....s.s.sssssss.s.s...sssss...ssss.s.ssss [ 31%]
ss.s.s.ssssss.sssssss.ssss.s..s.sssss.ss.s.sssssssss.ss.s..sss.ss.ss..s. [ 32%]
s.sss...ssss.s.s..ss.s...s....s.s...s..ss.s.s.s.s.s...sss.s.sss...ssss.. [ 33%]
sss.s.sss.s.sss...s.ss.sss...s.ss...sss..s.s...s.s..s..s....s..s....ss.s [ 34%]
s..s..s...ss.s..s.s...ss.sssss.s..ss.s.s.s.sss.sssss.s..s.sss..sssss.sss [ 35%]
s..ss.s.ss.ss.s.sssss.ss.ssss...s.ssssss.s.sss.ssss..ss.sss...sssss.ss.s [ 35%]
s.s.ssss..ssss.s...ssss..ssssss...sssssssss..ss.s.s.ss.ss..s..ss....ss.. [ 36%]
sss...sss.s.sss...s.ssssssss..ssss.ss..sss.ss.ssss...ss.s.sss...ssssssss [ 37%]
.ss.ssss...ssssss.ssssss..ssss.sss.ss.sss.s..sss.sss.....s.ss..sss..s.ss [ 38%]
s.s...s..s.ss...s.s.s.s...s...s...ss...s.s...s.ss..s..........s...s...s. [ 39%]
..s..s.....sss.sss..s..s.s.ssss....sssss...sssss.sssss...sss.ss.ssss..s. [ 39%]
s.ssssssssss.ssss..ssssss.sss.sssss.sssssss.ssss.ss.sss.sssss.ssssssssss [ 40%]
..s..ssssssssssss.ssss..ssssssssssssss..sss.ssssssssssssss.sssss.sssssss [ 41%]
sssssss.ssssss.sssss..ssss.sssssssss.sss.sssssss..ssssssss.ssssssss.ssss [ 42%]
sss.ssss.ssssssssssssss.sssssssssssssssssss.ss.s.ssssssssssssss.ssssssss [ 43%]
sss.sss.ssss.sss.s.s..ssssssssssss.ssssss.ssssss.sss.ssssssss.sssssss..s [ 43%]
ss.ssssssssssssss.s..ssss.ss.ssss.ss.ssss.s.ssss.sss.ssss.ssssss.sss.sss [ 44%]
.ssssssss.sssssssss.s..ssssssss.ssssss.s.sssss..ssssssssssss..sss.s.s.ss [ 45%]
ss..sss..sssss.s.s.sssss.sss.s.sss.ss...ss.ss.s..ssssssss..ss.sssss..ss. [ 46%]
ss.sss..sssss.ss...ssss.s.ss.ssss.s..ss...sss...sssssss...s.ss.ss.s.ss.s [ 47%]
s..s.sssss.ss..sss..s.sss.s.sss..ss.ss..s.ssss...ssssss.ss.sss.s.ss.ss.s [ 48%]
.s..sss.sssss.sssssss.ssss.s.s.sss.s..sssss.s..sssssssssss.ss.sssss.s.s. [ 48%]
s.ssssss.sssss.ss..ssssss..s..ssssssssssss.sss.ss.ss.s.ss.s.s.ss.sssss.s [ 49%]
ssssss.ssss..ss..ss.ss.ss.sssss.ssssss.sssss.s.ss.s.s.ss.sssssssssssssss [ 50%]
ss.ssssssssss.ssssss.ssss...ssssss.ssssss..ssssssssssssssssssss.sss.ssss [ 51%]
.ssss.ss.sss..ssss.ssssssssss..s.sssss.ss.sssssssssss.sss..ss.ss.sssssss [ 52%]
.s.ssssss..sssss.sssss..sssss...s.ssssss.ssss.sssssssss....s.sssssssssss [ 52%]
ss...ssss.ssss.ss.s..ssssss.s..s.sss.sssss.sss..s.sssss.ss...sssss.ss.ss [ 53%]
.ssssss.ss.ss.sss.ss..ssss.s.ss.sss.sss.sss.sss..sssss.s.sss.s.sss..ss.. [ 54%]
ss.s..s....s.s..ss....s.s.sss.s....sss......s.s.sss.s...ss..ss...ss...ss [ 55%]
..sss..ss...ss..ss..ss..s..s.ssssssssss..s.ssss.ss.s..sss.s.sssss.ssss.s [ 56%]
sss...sssss.ssss.ss.s.s.sssss.ssss.s.ss.ssss..ssssssssssss.ssssss...ssss [ 57%]
..sss.ss.ssssss..sssssss.s..sssss.ss..sssssss.s.sss.ssssss.ssssss.s.ss.s [ 57%]
s.sssssssssssss..ssssssss..sss..sssss.ss.s.ssssss..sssssss...s.s..ssssss [ 58%]
..s..sss.s..ss.ssss.s..s..sss.s..sss..s.ss.s.ss...s..sss.s....sss.s..sss [ 59%]
ss.sssss.sss.ss.s.s.s.s.sss.s.sss.sss..ssss...ss.sss..ssssss..s.ssss..ss [ 60%]
.sss.ss.ssssssss..sss....sss..s.sss.sss..ss.ss.ss..s.ssss.sss..sssss..s. [ 61%]
sss.sss.sss..sss.ss.s.ss.ss..sss.ss..ss..sssss.sss..ss.ssssss.s..ssss.s. [ 61%]
s.s..s.ss..s.s..s..s.s....s.s.ss.s.ss.ssss...sss..sss.ss..ss..sss..sssss [ 62%]
..s.ssss.s.s.ss.ssss.s.ssss.ssss..ssss.sssssss.ssss.ss.ss.ssssssss.s.sss [ 63%]
s.ssssssss.ss.sss.s.ssssssssssss.ss.sss.ss.ssss.sssss..ssssssssss..sssss [ 64%]
sssssss..sssss.sssssss.ss.ssss.ssssssssss.sss..sssss.s.ssss.s.ssss.sss.s [ 65%]
.s.ss..ssss..ssss.s.s.ssss.ss...sssss.sssss..s..sss.s.sss.ssss.sssss.ss. [ 65%]
ssss.ssss.sss.ss.s.s.ssss.sss.sssss.ssss.ss.s...sss.sssss....s.sss.sss.s [ 66%]
ss.s.s.sssss.ss.s.ss.sss..sss.sss.ss..sss.s....s.sssss.s.ssss.s.ss.s.sss [ 67%]
.sss.sssss.ss.ssss..s.ssss.ss.ss..sss.s.sss.s..ss.s.s..ss.sss.ssssssss.s [ 68%]
s.s.ssssss..s.ssss....sssss.ssss.s...sss.ss.ssssss..s.ss.sss..ssss.s.sss [ 69%]
ss.ssss..ss.ss.s..ss.s.ss..s.ss.sss.....ssss..s.....s.sssssss.s.s.ss.sss [ 70%]
s.ss....sss..sss.s.ss.ss.s.sss.....ssssssssss.sssss...ss..ss.sss.s.s.sss [ 70%]
.sss.ss..s.s.s.sssss..s.ss..ssss...ss.sssssssss.sss.s...s.ss...sssssssss [ 71%]
ssss.ss.sssss..s.sss.ss..sss.s..s..s.ss.sss..sssssss.sss..s.sss.s.s..sss [ 72%]
ss.ssss.ss.s.ss.s..ss...ss.s.sss.sss...sss.sss..ssss.ssss.ssss....ssss.s [ 73%]
ssss.sssss...s.s.s.ss..s..ssss.sss...s..ssss..sss.s.ssss..ssss..sss.ssss [ 74%]
ss..ss.ss.sss.sss..s.sssss.sss..sssss.ssssss.ssss..ss.ssss.s.sss.s.ss..s [ 74%]
s.ssssss.s..s.s..ss.s.s..sss.ss.s.s.s.s...sss...ss.s...sss..sss.ss.ss.ss [ 75%]
..s.ss.s.ssss.sssss.sssssss.s.sssss..s.s..sss..s.ss.s...ss.s.ss.s..sssss [ 76%]
s....ssss..sssss.s.s.s..s.sss..s.s.sssss.s..sssss.sss.s..sss.ss.s.sss.ss [ 77%]
.s.ssss.ss...ssss.ssss.s.s.ss.ss.ss.ss..s.sss.s.sss.sss.s..s.s..s.ss.s.. [ 78%]
s.sss.ss..s.ss.ssss..sss.s.ssss...ss.s.s.ss.s.ss..s..ss..s...ss.s.sss.ss [ 79%]
.s..ss.sssss..sssss.s.sss..ss.s.s.ss.s..s.ssss.s..s.s..sss.s.ss.ssssss.s [ 79%]
ss.s.ssss.sssss..sssssss.sssss.s..ss.ss..ss..ss.ss..s.ss.sssss.s.s.ss.ss [ 80%]
s.ssss.ssssss.s.ss.sss.ss.s..ssss..ssssss..ss..ss..sss..sss.ss.sssssss.s [ 81%]
.ss..ssss.s.ssss.sssssss.ss.ssss.ss.ssss.ssss.sss.ss.ssss.sssssss.ss.sss [ 82%]
ssss...sssss.ss.ssssss.sss.s.ssssssssss.s.sss.ss.ssss.s.sss..ssss..sss.. [ 83%]
ss..s.ss.s.sssss.sss...ssss.sss.s.s.ssssss.ss.s.ss.sss..ssssssss..s.s.s. [ 83%]
ssssss..s.ss.s.s.ss.ss.sssss.s.s..s.s.sssssssss.sssssss.s..ss.ssss.s.ss. [ 84%]
ssssss.s.ssss...sss.ssssss..ssssss.s.ssss.ssss..s.sss.sssss.s.s..sssssss [ 85%]
sssssss.sssssss.ssss.ss.sss..sssss.ss.ss.s...sss.ss.s.s...ssss.s.sssss.s [ 86%]
.ss.s..ssssssssssss.ssssssss.s.sss..ssssss..ss.sssssss.ss.s.ssss.s...s.s [ 87%]
sss.s.sssss..sssss..sssss..s.sss.s.s.s..ss..ss.s..s...ss...s.s..sss.ssss [ 87%]
.sss.ss.ssss.s.s.s.ssssss.s.ssssss.ss.sssss.ssssssss.sss.sss.sssss..ssss [ 88%]
...s.sss.s..s..ssss.sss.s.ss.sss...sss.s.ssss.sss.s..ss.s...ss.s.sss.s.. [ 89%]
s.sss...s..ssss.sss.s.s.ss..sss.sss.ss.ssss.s.sss.sss.ss.sss.ss.s...sss. [ 90%]
sssss.s.s.sssss.s...ssss.ss.ssss.sss.s..s.ss.ssss.ss.ssss.sss.s.sss.s... [ 91%]
.ss.ss.sss..sssss..s.ss.s.s.sss.s..ss...s.s.s.s.sss..s...........s.s.s.. [ 92%]
s..ss.s.....s.s.ss.s.s.sss....s..s.sss..ss..s..ss.sssss.ss.ss.s.ss..s..s [ 92%]
.ss..s.ss.ss..s.s.ss..s..s.ssss.s.ss..sss.s.sss.s.s.sss.ss..s.s..s.s..ss [ 93%]
ss.s.s.sss.ss.sss.sssssss.ss.ss.ss..ssssssssssss.ssssss.s.sssss..ssssss. [ 94%]
s..sssssss.ss...sssss..s.s.sss.ssssssss.s.ss.ssssssssssssssss.sss.ss.sss [ 95%]
ssssss.sssss..sss..ss...sssss..sssss...s.s.s.s.s.s..ss.s.ssss.s.s..s...s [ 96%]
..ss.s...ssss.sss.s.s.s.s....s.ss..s..ss.ss.ssss..sss..ss.s...s.s...ss.s [ 96%]
ss..ss.s..s.s..s.s.s.ss..ss.ss.ss.sssss.sss.sssss.s...ssssss..s.s..ss..s [ 97%]
..s.s...s.s....sss.ss.s..s..ss.s.ssss.s..ssss..ssss.sssss..sssssssss.sss [ 98%]
s..ss..sss..s.sss..s...ssssssssssssss..ss.ss.sss.ssssss.sss.ssssssss..ss [ 99%]
..ss.ss....s..s.s..s.s.s..ss......s..s.s................                 [100%]
=========================== short test summary info ============================
PASSED test_happy_path.py::test_s2n_server_happy_path[RSA_1024_SHA256-TLS1.3-X25519-S2N-TLS_AES_128_GCM_SHA256]
PASSED test_happy_path.py::test_s2n_server_happy_path[RSA_1024_SHA384-TLS1.2-P-384-S2N-DHE-RSA-AES256-SHA256]
PASSED test_happy_path.py::test_s2n_server_happy_path[RSA_1024_SHA384-TLS1.2-P-256-S2N-DHE-RSA-AES128-GCM-SHA256]
PASSED test_happy_path.py::test_s2n_server_happy_path[RSA_2048_SHA256-TLS1.1-P-384-S2N-AES128-SHA]
PASSED test_happy_path.py::test_s2n_server_happy_path[RSA_1024_SHA256-TLS1.0-P-521-S2N-ECDHE-RSA-AES256-SHA]
PASSED test_happy_path.py::test_s2n_server_happy_path[RSA_1024_SHA384-TLS1.2-P-521-S2N-DHE-RSA-AES128-SHA256]
PASSED test_happy_path.py::test_s2n_server_happy_path[RSA_1024_SHA512-TLS1.3-P-384-S2N-TLS_AES_128_GCM_SHA256]
PASSED test_happy_path.py::test_s2n_server_happy_path[RSA_2048_SHA512-TLS1.1-P-521-S2N-AES256-SHA]
PASSED test_happy_path.py::test_s2n_server_happy_path[RSA_1024_SHA384-TLS1.1-P-256-S2N-DHE-RSA-AES256-SHA]
PASSED test_happy_path.py::test_s2n_server_happy_path[RSA_2048_SHA256-TLS1.0-P-521-S2N-DHE-RSA-AES128-SHA]
PASSED test_happy_path.py::test_s2n_server_happy_path[RSA_1024_SHA384-TLS1.0-P-384-S2N-DHE-RSA-AES128-SHA]
PASSED test_happy_path.py::test_s2n_server_happy_path[RSA_2048_SHA384-TLS1.2-P-256-S2N-DHE-RSA-AES128-SHA]
PASSED test_happy_path.py::test_s2n_server_happy_path[RSA_2048_SHA384-TLS1.2-P-384-S2N-DHE-RSA-AES128-SHA]
PASSED test_happy_path.py::test_s2n_server_happy_path[RSA_2048_SHA384-TLS1.2-P-521-S2N-DHE-RSA-AES128-SHA]
PASSED test_happy_path.py::test_s2n_server_happy_path[RSA_2048_SHA256-TLS1.3-X25519-S2N-TLS_AES_128_GCM_SHA256]
PASSED test_happy_path.py::test_s2n_server_happy_path[RSA_2048_SHA384-TLS1.1-P-256-S2N-DHE-RSA-AES128-SHA]
PASSED test_happy_path.py::test_s2n_server_happy_path[RSA_2048_SHA512-TLS1.3-P-384-S2N-TLS_AES_128_GCM_SHA256]
PASSED test_happy_path.py::test_s2n_server_happy_path[RSA_1024_SHA256-TLS1.3-X25519-S2N-TLS_AES_256_GCM_SHA384]
PASSED test_happy_path.py::test_s2n_server_happy_path[RSA_2048_SHA384-TLS1.0-P-384-S2N-DHE-RSA-AES128-SHA]
PASSED test_happy_path.py::test_s2n_server_happy_path[RSA_1024_SHA256-TLS1.1-P-521-S2N-DHE-RSA-AES128-SHA]
PASSED test_happy_path.py::test_s2n_server_happy_path[RSA_1024_SHA512-TLS1.0-P-256-S2N-DHE-RSA-AES128-SHA]
PASSED test_happy_path.py::test_s2n_server_happy_path[RSA_1024_SHA384-TLS1.2-P-384-S2N-DHE-RSA-AES128-GCM-SHA256]
PASSED test_happy_path.py::test_s2n_server_happy_path[RSA_1024_SHA512-TLS1.3-P-384-S2N-TLS_AES_256_GCM_SHA384]
PASSED test_happy_path.py::test_s2n_server_happy_path[RSA_2048_SHA256-TLS1.1-P-384-S2N-AES256-SHA]
PASSED test_happy_path.py::test_s2n_server_happy_path[RSA_1024_SHA384-TLS1.1-P-256-S2N-AES128-SHA]
PASSED test_happy_path.py::test_s2n_server_happy_path[RSA_1024_SHA384-TLS1.2-P-256-S2N-DHE-RSA-AES256-GCM-SHA384]
PASSED test_happy_path.py::test_s2n_server_happy_path[RSA_1024_SHA384-TLS1.2-P-521-S2N-DHE-RSA-AES256-SHA256]
PASSED test_happy_path.py::test_s2n_server_happy_path[RSA_2048_SHA512-TLS1.1-P-521-S2N-ECDHE-RSA-AES128-SHA]
PASSED test_happy_path.py::test_s2n_server_happy_path[RSA_1024_SHA384-TLS1.0-P-384-S2N-DHE-RSA-AES256-SHA]
PASSED test_happy_path.py::test_s2n_server_happy_path[RSA_2048_SHA256-TLS1.0-P-521-S2N-DHE-RSA-AES256-SHA]
PASSED test_happy_path.py::test_s2n_server_happy_path[RSA_2048_SHA384-TLS1.2-P-256-S2N-DHE-RSA-AES256-SHA]
PASSED test_happy_path.py::test_s2n_server_happy_path[RSA_2048_SHA384-TLS1.2-P-384-S2N-DHE-RSA-AES256-SHA]
PASSED test_happy_path.py::test_s2n_server_happy_path[RSA_2048_SHA384-TLS1.2-P-521-S2N-DHE-RSA-AES256-SHA]
PASSED test_happy_path.py::test_s2n_server_happy_path[RSA_2048_SHA256-TLS1.3-X25519-S2N-TLS_AES_256_GCM_SHA384]
PASSED test_happy_path.py::test_s2n_server_happy_path[RSA_2048_SHA512-TLS1.3-P-384-S2N-TLS_AES_256_GCM_SHA384]
PASSED test_happy_path.py::test_s2n_server_happy_path[RSA_2048_SHA384-TLS1.1-P-256-S2N-DHE-RSA-AES256-SHA]
PASSED test_happy_path.py::test_s2n_server_happy_path[RSA_1024_SHA256-TLS1.3-X25519-S2N-TLS_CHACHA20_POLY1305_SHA256]
PASSED test_happy_path.py::test_s2n_server_happy_path[RSA_1024_SHA512-TLS1.3-P-384-S2N-TLS_CHACHA20_POLY1305_SHA256]
PASSED test_happy_path.py::test_s2n_server_happy_path[RSA_2048_SHA384-TLS1.0-P-384-S2N-DHE-RSA-AES256-SHA]
PASSED test_happy_path.py::test_s2n_server_happy_path[RSA_1024_SHA256-TLS1.1-P-521-S2N-DHE-RSA-AES256-SHA]
PASSED test_happy_path.py::test_s2n_server_happy_path[RSA_1024_SHA512-TLS1.0-P-256-S2N-DHE-RSA-AES256-SHA]
PASSED test_happy_path.py::test_s2n_server_happy_path[RSA_1024_SHA384-TLS1.2-P-384-S2N-DHE-RSA-AES256-GCM-SHA384]
PASSED test_happy_path.py::test_s2n_server_happy_path[RSA_1024_SHA384-TLS1.1-P-256-S2N-AES256-SHA]
PASSED test_happy_path.py::test_s2n_server_happy_path[RSA_2048_SHA256-TLS1.1-P-384-S2N-ECDHE-RSA-AES128-SHA]
PASSED test_happy_path.py::test_s2n_server_happy_path[RSA_2048_SHA512-TLS1.1-P-521-S2N-ECDHE-RSA-AES256-SHA]
PASSED test_happy_path.py::test_s2n_server_happy_path[RSA_1024_SHA384-TLS1.2-P-521-S2N-DHE-RSA-AES128-GCM-SHA256]
PASSED test_happy_path.py::test_s2n_server_happy_path[RSA_1024_SHA384-TLS1.0-P-384-S2N-AES128-SHA]
PASSED test_happy_path.py::test_s2n_server_happy_path[RSA_1024_SHA384-TLS1.2-P-256-S2N-DHE-RSA-CHACHA20-POLY1305]
PASSED test_happy_path.py::test_s2n_server_happy_path[RSA_1024_SHA256-SSLv3-P-256-S2N-DHE-RSA-AES128-SHA]
PASSED test_happy_path.py::test_s2n_server_happy_path[RSA_1024_SHA512-TLS1.2-P-521-S2N-DHE-RSA-AES128-SHA]
PASSED test_happy_path.py::test_s2n_server_happy_path[RSA_2048_SHA256-TLS1.0-P-521-S2N-AES128-SHA]
PASSED test_happy_path.py::test_s2n_server_happy_path[RSA_2048_SHA384-TLS1.2-P-256-S2N-DHE-RSA-AES128-SHA256]
PASSED test_happy_path.py::test_s2n_server_happy_path[RSA_1024_SHA512-TLS1.2-P-384-S2N-DHE-RSA-AES128-SHA]
PASSED test_happy_path.py::test_s2n_server_happy_path[RSA_1024_SHA512-TLS1.1-P-256-S2N-DHE-RSA-AES128-SHA]
PASSED test_happy_path.py::test_s2n_server_happy_path[RSA_2048_SHA256-TLS1.3-X25519-S2N-TLS_CHACHA20_POLY1305_SHA256]
PASSED test_happy_path.py::test_s2n_server_happy_path[RSA_2048_SHA384-TLS1.2-P-521-S2N-DHE-RSA-AES128-SHA256]
PASSED test_happy_path.py::test_s2n_server_happy_path[RSA_2048_SHA384-TLS1.2-P-384-S2N-DHE-RSA-AES128-SHA256]
PASSED test_happy_path.py::test_s2n_server_happy_path[RSA_2048_SHA512-TLS1.3-P-384-S2N-TLS_CHACHA20_POLY1305_SHA256]
PASSED test_happy_path.py::test_s2n_server_happy_path[RSA_2048_SHA384-TLS1.1-P-256-S2N-AES128-SHA]
PASSED test_happy_path.py::test_s2n_server_happy_path[RSA_2048_SHA512-TLS1.2-P-521-S2N-DHE-RSA-AES128-SHA]
PASSED test_happy_path.py::test_s2n_server_happy_path[RSA_2048_SHA384-TLS1.0-P-384-S2N-AES128-SHA]
PASSED test_happy_path.py::test_s2n_server_happy_path[RSA_1024_SHA512-TLS1.0-P-256-S2N-AES128-SHA]
PASSED test_happy_path.py::test_s2n_server_happy_path[RSA_1024_SHA256-TLS1.1-P-521-S2N-AES128-SHA]
PASSED test_happy_path.py::test_s2n_server_happy_path[RSA_1024_SHA384-TLS1.2-P-384-S2N-DHE-RSA-CHACHA20-POLY1305]
PASSED test_happy_path.py::test_s2n_server_happy_path[RSA_2048_SHA512-TLS1.2-P-384-S2N-DHE-RSA-AES128-SHA]
PASSED test_happy_path.py::test_s2n_server_happy_path[RSA_2048_SHA256-TLS1.1-P-384-S2N-ECDHE-RSA-AES256-SHA]
PASSED test_happy_path.py::test_s2n_server_happy_path[RSA_2048_SHA512-TLS1.1-P-256-S2N-DHE-RSA-AES128-SHA]
PASSED test_happy_path.py::test_s2n_server_happy_path[RSA_1024_SHA384-TLS1.1-P-256-S2N-ECDHE-RSA-AES128-SHA]
PASSED test_happy_path.py::test_s2n_server_happy_path[RSA_1024_SHA384-TLS1.2-P-521-S2N-DHE-RSA-AES256-GCM-SHA384]
PASSED test_happy_path.py::test_s2n_server_happy_path[RSA_1024_SHA384-TLS1.0-P-384-S2N-AES256-SHA]
PASSED test_happy_path.py::test_s2n_server_happy_path[RSA_1024_SHA256-SSLv3-P-256-S2N-DHE-RSA-AES256-SHA]
PASSED test_happy_path.py::test_s2n_server_happy_path[RSA_1024_SHA512-TLS1.2-P-521-S2N-DHE-RSA-AES256-SHA]
PASSED test_happy_path.py::test_s2n_server_happy_path[RSA_1024_SHA384-TLS1.2-P-256-S2N-AES128-SHA]
PASSED test_happy_path.py::test_s2n_server_happy_path[RSA_2048_SHA256-TLS1.0-P-521-S2N-AES256-SHA]
PASSED test_happy_path.py::test_s2n_server_happy_path[RSA_1024_SHA512-TLS1.2-P-384-S2N-DHE-RSA-AES256-SHA]
PASSED test_happy_path.py::test_s2n_server_happy_path[RSA_2048_SHA384-TLS1.2-P-256-S2N-DHE-RSA-AES256-SHA256]
PASSED test_happy_path.py::test_s2n_server_happy_path[RSA_1024_SHA256-TLS1.3-P-256-S2N-TLS_AES_128_GCM_SHA256]
PASSED test_happy_path.py::test_s2n_server_happy_path[RSA_1024_SHA512-TLS1.3-P-521-S2N-TLS_AES_128_GCM_SHA256]
PASSED test_happy_path.py::test_s2n_server_happy_path[RSA_2048_SHA384-TLS1.2-P-384-S2N-DHE-RSA-AES256-SHA256]
PASSED test_happy_path.py::test_s2n_server_happy_path[RSA_2048_SHA384-TLS1.2-P-521-S2N-DHE-RSA-AES256-SHA256]
PASSED test_happy_path.py::test_s2n_server_happy_path[RSA_1024_SHA512-TLS1.1-P-256-S2N-DHE-RSA-AES256-SHA]
PASSED test_happy_path.py::test_s2n_server_happy_path[RSA_2048_SHA384-TLS1.1-P-256-S2N-AES256-SHA]
PASSED test_happy_path.py::test_s2n_server_happy_path[RSA_2048_SHA512-TLS1.2-P-521-S2N-DHE-RSA-AES256-SHA]
PASSED test_happy_path.py::test_s2n_server_happy_path[RSA_2048_SHA384-TLS1.0-P-384-S2N-AES256-SHA]
PASSED test_happy_path.py::test_s2n_server_happy_path[RSA_1024_SHA512-TLS1.0-P-256-S2N-AES256-SHA]
PASSED test_happy_path.py::test_s2n_server_happy_path[RSA_1024_SHA384-TLS1.2-P-384-S2N-AES128-SHA]
PASSED test_happy_path.py::test_s2n_server_happy_path[RSA_1024_SHA256-TLS1.1-P-521-S2N-AES256-SHA]
PASSED test_happy_path.py::test_s2n_server_happy_path[RSA_1024_SHA256-TLS1.2-P-384-S2N-DHE-RSA-AES128-SHA]
PASSED test_happy_path.py::test_s2n_server_happy_path[RSA_2048_SHA512-TLS1.2-P-384-S2N-DHE-RSA-AES256-SHA]
PASSED test_happy_path.py::test_s2n_server_happy_path[RSA_2048_SHA512-TLS1.1-P-256-S2N-DHE-RSA-AES256-SHA]
PASSED test_happy_path.py::test_s2n_server_happy_path[RSA_2048_SHA512-TLS1.3-P-521-S2N-TLS_AES_128_GCM_SHA256]
PASSED test_happy_path.py::test_s2n_server_happy_path[RSA_2048_SHA256-TLS1.3-P-256-S2N-TLS_AES_128_GCM_SHA256]
PASSED test_happy_path.py::test_s2n_server_happy_path[RSA_1024_SHA256-TLS1.2-P-521-S2N-DHE-RSA-AES128-SHA]
PASSED test_happy_path.py::test_s2n_server_happy_path[RSA_1024_SHA256-TLS1.1-P-256-S2N-DHE-RSA-AES128-SHA]
PASSED test_happy_path.py::test_s2n_server_happy_path[RSA_1024_SHA384-TLS1.0-P-384-S2N-ECDHE-RSA-AES128-SHA]
PASSED test_happy_path.py::test_s2n_server_happy_path[RSA_1024_SHA384-TLS1.2-P-521-S2N-DHE-RSA-CHACHA20-POLY1305]
PASSED test_happy_path.py::test_s2n_server_happy_path[RSA_1024_SHA256-SSLv3-P-256-S2N-AES128-SHA]
PASSED test_happy_path.py::test_s2n_server_happy_path[RSA_1024_SHA384-TLS1.2-P-256-S2N-AES256-SHA]
PASSED test_happy_path.py::test_s2n_server_happy_path[RSA_2048_SHA512-TLS1.0-P-256-S2N-DHE-RSA-AES128-SHA]
PASSED test_happy_path.py::test_s2n_server_happy_path[RSA_1024_SHA384-TLS1.1-P-256-S2N-ECDHE-RSA-AES256-SHA]
PASSED test_happy_path.py::test_s2n_server_happy_path[RSA_1024_SHA256-TLS1.3-P-256-S2N-TLS_AES_256_GCM_SHA384]
PASSED test_happy_path.py::test_s2n_server_happy_path[RSA_2048_SHA384-TLS1.2-P-256-S2N-DHE-RSA-AES128-GCM-SHA256]
PASSED test_happy_path.py::test_s2n_server_happy_path[RSA_1024_SHA512-TLS1.2-P-521-S2N-DHE-RSA-AES128-SHA256]
PASSED test_happy_path.py::test_s2n_server_happy_path[RSA_2048_SHA256-TLS1.0-P-521-S2N-ECDHE-RSA-AES128-SHA]
PASSED test_happy_path.py::test_s2n_server_happy_path[RSA_1024_SHA512-TLS1.2-P-384-S2N-DHE-RSA-AES128-SHA256]
PASSED test_happy_path.py::test_s2n_server_happy_path[RSA_1024_SHA512-TLS1.3-P-521-S2N-TLS_AES_256_GCM_SHA384]
PASSED test_happy_path.py::test_s2n_server_happy_path[RSA_1024_SHA512-TLS1.1-P-256-S2N-AES128-SHA]
PASSED test_happy_path.py::test_s2n_server_happy_path[RSA_2048_SHA384-TLS1.2-P-384-S2N-DHE-RSA-AES128-GCM-SHA256]
PASSED test_happy_path.py::test_s2n_server_happy_path[RSA_2048_SHA256-TLS1.2-P-384-S2N-DHE-RSA-AES128-SHA]
PASSED test_happy_path.py::test_s2n_server_happy_path[RSA_2048_SHA384-TLS1.2-P-521-S2N-DHE-RSA-AES128-GCM-SHA256]
PASSED test_happy_path.py::test_s2n_server_happy_path[RSA_2048_SHA384-TLS1.1-P-256-S2N-ECDHE-RSA-AES128-SHA]
PASSED test_happy_path.py::test_s2n_server_happy_path[RSA_2048_SHA512-TLS1.2-P-521-S2N-DHE-RSA-AES128-SHA256]
PASSED test_happy_path.py::test_s2n_server_happy_path[RSA_1024_SHA512-TLS1.0-P-256-S2N-ECDHE-RSA-AES128-SHA]
PASSED test_happy_path.py::test_s2n_server_happy_path[RSA_2048_SHA256-TLS1.2-P-521-S2N-DHE-RSA-AES128-SHA]
PASSED test_happy_path.py::test_s2n_server_happy_path[RSA_2048_SHA384-TLS1.0-P-384-S2N-ECDHE-RSA-AES128-SHA]
PASSED test_happy_path.py::test_s2n_server_happy_path[RSA_2048_SHA256-TLS1.1-P-256-S2N-DHE-RSA-AES128-SHA]
PASSED test_happy_path.py::test_s2n_server_happy_path[RSA_1024_SHA384-TLS1.2-P-384-S2N-AES256-SHA]
PASSED test_happy_path.py::test_s2n_server_happy_path[RSA_1024_SHA256-TLS1.1-P-521-S2N-ECDHE-RSA-AES128-SHA]
PASSED test_happy_path.py::test_s2n_server_happy_path[RSA_2048_SHA512-TLS1.3-P-521-S2N-TLS_AES_256_GCM_SHA384]
PASSED test_happy_path.py::test_s2n_server_happy_path[RSA_1024_SHA256-TLS1.2-P-384-S2N-DHE-RSA-AES256-SHA]
PASSED test_happy_path.py::test_s2n_server_happy_path[RSA_2048_SHA512-TLS1.2-P-384-S2N-DHE-RSA-AES128-SHA256]
PASSED test_happy_path.py::test_s2n_server_happy_path[RSA_2048_SHA256-TLS1.3-P-256-S2N-TLS_AES_256_GCM_SHA384]
PASSED test_happy_path.py::test_s2n_server_happy_path[RSA_2048_SHA512-TLS1.1-P-256-S2N-AES128-SHA]
PASSED test_happy_path.py::test_s2n_server_happy_path[RSA_1024_SHA256-TLS1.1-P-256-S2N-DHE-RSA-AES256-SHA]
PASSED test_happy_path.py::test_s2n_server_happy_path[RSA_1024_SHA384-TLS1.0-P-384-S2N-ECDHE-RSA-AES256-SHA]
PASSED test_happy_path.py::test_s2n_server_happy_path[RSA_1024_SHA256-SSLv3-P-256-S2N-AES256-SHA]
PASSED test_happy_path.py::test_s2n_server_happy_path[RSA_1024_SHA384-TLS1.2-P-521-S2N-AES128-SHA]
PASSED test_happy_path.py::test_s2n_server_happy_path[RSA_1024_SHA384-TLS1.2-P-256-S2N-AES128-SHA256]
PASSED test_happy_path.py::test_s2n_server_happy_path[RSA_1024_SHA256-TLS1.2-P-521-S2N-DHE-RSA-AES256-SHA]
PASSED test_happy_path.py::test_s2n_server_happy_path[RSA_2048_SHA512-TLS1.0-P-256-S2N-DHE-RSA-AES256-SHA]
PASSED test_happy_path.py::test_s2n_server_happy_path[RSA_1024_SHA256-TLS1.3-P-256-S2N-TLS_CHACHA20_POLY1305_SHA256]
PASSED test_happy_path.py::test_s2n_server_happy_path[RSA_2048_SHA384-TLS1.2-P-256-S2N-DHE-RSA-AES256-GCM-SHA384]
PASSED test_happy_path.py::test_s2n_server_happy_path[RSA_1024_SHA512-TLS1.3-P-521-S2N-TLS_CHACHA20_POLY1305_SHA256]
PASSED test_happy_path.py::test_s2n_server_happy_path[RSA_1024_SHA512-TLS1.2-P-384-S2N-DHE-RSA-AES256-SHA256]
PASSED test_happy_path.py::test_s2n_server_happy_path[RSA_2048_SHA256-TLS1.0-P-521-S2N-ECDHE-RSA-AES256-SHA]
PASSED test_happy_path.py::test_s2n_server_happy_path[RSA_1024_SHA512-TLS1.2-P-521-S2N-DHE-RSA-AES256-SHA256]
PASSED test_happy_path.py::test_s2n_server_happy_path[RSA_2048_SHA256-TLS1.1-P-521-S2N-DHE-RSA-AES128-SHA]
PASSED test_happy_path.py::test_s2n_server_happy_path[RSA_1024_SHA512-TLS1.1-P-256-S2N-AES256-SHA]
PASSED test_happy_path.py::test_s2n_server_happy_path[RSA_2048_SHA384-TLS1.2-P-384-S2N-DHE-RSA-AES256-GCM-SHA384]
PASSED test_happy_path.py::test_s2n_server_happy_path[RSA_2048_SHA384-TLS1.2-P-521-S2N-DHE-RSA-AES256-GCM-SHA384]
PASSED test_happy_path.py::test_s2n_server_happy_path[RSA_2048_SHA256-TLS1.2-P-384-S2N-DHE-RSA-AES256-SHA]
PASSED test_happy_path.py::test_s2n_server_happy_path[RSA_2048_SHA384-TLS1.1-P-256-S2N-ECDHE-RSA-AES256-SHA]
PASSED test_happy_path.py::test_s2n_server_happy_path[RSA_2048_SHA512-TLS1.2-P-521-S2N-DHE-RSA-AES256-SHA256]
PASSED test_happy_path.py::test_s2n_server_happy_path[RSA_1024_SHA512-TLS1.0-P-256-S2N-ECDHE-RSA-AES256-SHA]
PASSED test_happy_path.py::test_s2n_server_happy_path[RSA_1024_SHA384-TLS1.2-P-384-S2N-AES128-SHA256]
PASSED test_happy_path.py::test_s2n_server_happy_path[RSA_2048_SHA256-TLS1.1-P-256-S2N-DHE-RSA-AES256-SHA]
PASSED test_happy_path.py::test_s2n_server_happy_path[RSA_2048_SHA512-TLS1.3-P-521-S2N-TLS_CHACHA20_POLY1305_SHA256]
PASSED test_happy_path.py::test_s2n_server_happy_path[RSA_2048_SHA256-TLS1.2-P-521-S2N-DHE-RSA-AES256-SHA]
PASSED test_happy_path.py::test_s2n_server_happy_path[RSA_2048_SHA384-TLS1.0-P-384-S2N-ECDHE-RSA-AES256-SHA]
PASSED test_happy_path.py::test_s2n_server_happy_path[RSA_1024_SHA256-TLS1.1-P-521-S2N-ECDHE-RSA-AES256-SHA]
PASSED test_happy_path.py::test_s2n_server_happy_path[RSA_2048_SHA256-TLS1.3-P-256-S2N-TLS_CHACHA20_POLY1305_SHA256]
PASSED test_happy_path.py::test_s2n_server_happy_path[RSA_2048_SHA512-TLS1.2-P-384-S2N-DHE-RSA-AES256-SHA256]
PASSED test_happy_path.py::test_s2n_server_happy_path[RSA_1024_SHA256-TLS1.2-P-384-S2N-DHE-RSA-AES128-SHA256]
PASSED test_happy_path.py::test_s2n_server_happy_path[RSA_2048_SHA512-TLS1.1-P-256-S2N-AES256-SHA]
PASSED test_happy_path.py::test_s2n_server_happy_path[RSA_1024_SHA256-TLS1.1-P-256-S2N-AES128-SHA]
PASSED test_happy_path.py::test_s2n_server_happy_path[RSA_1024_SHA256-SSLv3-P-256-S2N-ECDHE-RSA-AES128-SHA]
PASSED test_happy_path.py::test_s2n_server_happy_path[RSA_1024_SHA384-TLS1.2-P-521-S2N-AES256-SHA]
PASSED test_happy_path.py::test_s2n_server_happy_path[RSA_1024_SHA384-TLS1.2-P-256-S2N-AES256-SHA256]
PASSED test_happy_path.py::test_s2n_server_happy_path[RSA_1024_SHA256-TLS1.2-P-521-S2N-DHE-RSA-AES128-SHA256]
PASSED test_happy_path.py::test_s2n_server_happy_path[RSA_2048_SHA512-TLS1.0-P-256-S2N-AES128-SHA]
PASSED test_happy_path.py::test_s2n_server_happy_path[RSA_2048_SHA384-TLS1.2-P-256-S2N-DHE-RSA-CHACHA20-POLY1305]
PASSED test_happy_path.py::test_s2n_server_happy_path[RSA_2048_SHA256-TLS1.1-P-521-S2N-DHE-RSA-AES256-SHA]
PASSED test_happy_path.py::test_s2n_server_happy_path[RSA_1024_SHA512-TLS1.2-P-384-S2N-DHE-RSA-AES128-GCM-SHA256]
PASSED test_happy_path.py::test_s2n_server_happy_path[RSA_1024_SHA512-TLS1.2-P-521-S2N-DHE-RSA-AES128-GCM-SHA256]
PASSED test_happy_path.py::test_s2n_server_happy_path[RSA_2048_SHA384-TLS1.2-P-384-S2N-DHE-RSA-CHACHA20-POLY1305]
PASSED test_happy_path.py::test_s2n_server_happy_path[RSA_1024_SHA512-TLS1.1-P-256-S2N-ECDHE-RSA-AES128-SHA]
PASSED test_happy_path.py::test_s2n_server_happy_path[RSA_2048_SHA384-TLS1.2-P-521-S2N-DHE-RSA-CHACHA20-POLY1305]
PASSED test_happy_path.py::test_s2n_server_happy_path[RSA_2048_SHA256-TLS1.2-P-384-S2N-DHE-RSA-AES128-SHA256]
PASSED test_happy_path.py::test_s2n_server_happy_path[RSA_1024_SHA384-TLS1.1-P-384-S2N-DHE-RSA-AES128-SHA]
PASSED test_happy_path.py::test_s2n_server_happy_path[RSA_2048_SHA512-TLS1.2-P-521-S2N-DHE-RSA-AES128-GCM-SHA256]
PASSED test_happy_path.py::test_s2n_server_happy_path[RSA_1024_SHA384-TLS1.2-P-384-S2N-AES256-SHA256]
PASSED test_happy_path.py::test_s2n_server_happy_path[RSA_2048_SHA256-TLS1.1-P-256-S2N-AES128-SHA]
PASSED test_happy_path.py::test_s2n_server_happy_path[RSA_1024_SHA256-TLS1.3-P-384-S2N-TLS_AES_128_GCM_SHA256]
PASSED test_happy_path.py::test_s2n_server_happy_path[RSA_2048_SHA256-TLS1.2-P-521-S2N-DHE-RSA-AES128-SHA256]
PASSED test_happy_path.py::test_s2n_server_happy_path[RSA_2048_SHA512-TLS1.2-P-384-S2N-DHE-RSA-AES128-GCM-SHA256]
PASSED test_happy_path.py::test_s2n_server_happy_path[RSA_1024_SHA512-TLS1.2-P-256-S2N-DHE-RSA-AES128-SHA]
PASSED test_happy_path.py::test_s2n_server_happy_path[RSA_1024_SHA256-TLS1.2-P-384-S2N-DHE-RSA-AES256-SHA256]
PASSED test_happy_path.py::test_s2n_server_happy_path[RSA_2048_SHA512-TLS1.1-P-256-S2N-ECDHE-RSA-AES128-SHA]
PASSED test_happy_path.py::test_s2n_server_happy_path[RSA_1024_SHA256-TLS1.1-P-256-S2N-AES256-SHA]
PASSED test_happy_path.py::test_s2n_server_happy_path[RSA_1024_SHA256-SSLv3-P-256-S2N-ECDHE-RSA-AES256-SHA]
PASSED test_happy_path.py::test_s2n_server_happy_path[RSA_1024_SHA384-TLS1.2-P-521-S2N-AES128-SHA256]
PASSED test_happy_path.py::test_s2n_server_happy_path[RSA_1024_SHA384-TLS1.2-P-256-S2N-ECDHE-RSA-AES128-SHA]
PASSED test_happy_path.py::test_s2n_server_happy_path[RSA_2048_SHA512-TLS1.0-P-256-S2N-AES256-SHA]
PASSED test_happy_path.py::test_s2n_server_happy_path[RSA_1024_SHA384-TLS1.0-P-521-S2N-DHE-RSA-AES128-SHA]
PASSED test_happy_path.py::test_s2n_server_happy_path[RSA_1024_SHA256-TLS1.2-P-521-S2N-DHE-RSA-AES256-SHA256]
PASSED test_happy_path.py::test_s2n_server_happy_path[RSA_2048_SHA384-TLS1.2-P-256-S2N-AES128-SHA]
PASSED test_happy_path.py::test_s2n_server_happy_path[RSA_1024_SHA512-TLS1.2-P-384-S2N-DHE-RSA-AES256-GCM-SHA384]
PASSED test_happy_path.py::test_s2n_server_happy_path[RSA_2048_SHA256-TLS1.1-P-521-S2N-AES128-SHA]
PASSED test_happy_path.py::test_s2n_server_happy_path[RSA_2048_SHA256-SSLv3-P-256-S2N-DHE-RSA-AES128-SHA]
PASSED test_happy_path.py::test_s2n_server_happy_path[RSA_1024_SHA512-TLS1.2-P-521-S2N-DHE-RSA-AES256-GCM-SHA384]
PASSED test_happy_path.py::test_s2n_server_happy_path[RSA_2048_SHA384-TLS1.2-P-384-S2N-AES128-SHA]
PASSED test_happy_path.py::test_s2n_server_happy_path[RSA_1024_SHA512-TLS1.1-P-256-S2N-ECDHE-RSA-AES256-SHA]
PASSED test_happy_path.py::test_s2n_server_happy_path[RSA_2048_SHA256-TLS1.2-P-384-S2N-DHE-RSA-AES256-SHA256]
PASSED test_happy_path.py::test_s2n_server_happy_path[RSA_2048_SHA384-TLS1.2-P-521-S2N-AES128-SHA]
PASSED test_happy_path.py::test_s2n_server_happy_path[RSA_2048_SHA256-TLS1.3-P-384-S2N-TLS_AES_128_GCM_SHA256]
PASSED test_happy_path.py::test_s2n_server_happy_path[RSA_2048_SHA512-TLS1.2-P-256-S2N-DHE-RSA-AES128-SHA]
PASSED test_happy_path.py::test_s2n_server_happy_path[RSA_1024_SHA384-TLS1.1-P-384-S2N-DHE-RSA-AES256-SHA]
PASSED test_happy_path.py::test_s2n_server_happy_path[RSA_1024_SHA256-TLS1.3-P-384-S2N-TLS_AES_256_GCM_SHA384]
PASSED test_happy_path.py::test_s2n_server_happy_path[RSA_2048_SHA512-TLS1.2-P-521-S2N-DHE-RSA-AES256-GCM-SHA384]
PASSED test_happy_path.py::test_s2n_server_happy_path[RSA_2048_SHA384-TLS1.1-P-384-S2N-DHE-RSA-AES128-SHA]
PASSED test_happy_path.py::test_s2n_server_happy_path[RSA_2048_SHA256-TLS1.1-P-256-S2N-AES256-SHA]
PASSED test_happy_path.py::test_s2n_server_happy_path[RSA_2048_SHA256-TLS1.2-P-521-S2N-DHE-RSA-AES256-SHA256]
PASSED test_happy_path.py::test_s2n_server_happy_path[RSA_1024_SHA384-TLS1.2-P-384-S2N-ECDHE-RSA-AES128-SHA]
PASSED test_happy_path.py::test_s2n_server_happy_path[RSA_1024_SHA512-TLS1.0-P-384-S2N-DHE-RSA-AES128-SHA]
PASSED test_happy_path.py::test_s2n_server_happy_path[RSA_2048_SHA512-TLS1.2-P-384-S2N-DHE-RSA-AES256-GCM-SHA384]
PASSED test_happy_path.py::test_s2n_server_happy_path[RSA_1024_SHA512-TLS1.2-P-256-S2N-DHE-RSA-AES256-SHA]
PASSED test_happy_path.py::test_s2n_server_happy_path[RSA_1024_SHA256-TLS1.0-P-256-S2N-DHE-RSA-AES128-SHA]
PASSED test_happy_path.py::test_s2n_server_happy_path[RSA_1024_SHA256-TLS1.2-P-384-S2N-DHE-RSA-AES128-GCM-SHA256]
PASSED test_happy_path.py::test_s2n_server_happy_path[RSA_2048_SHA512-TLS1.1-P-256-S2N-ECDHE-RSA-AES256-SHA]
PASSED test_happy_path.py::test_s2n_server_happy_path[RSA_1024_SHA256-TLS1.1-P-256-S2N-ECDHE-RSA-AES128-SHA]
PASSED test_happy_path.py::test_s2n_server_happy_path[RSA_2048_SHA384-TLS1.0-P-521-S2N-DHE-RSA-AES128-SHA]
PASSED test_happy_path.py::test_s2n_server_happy_path[RSA_1024_SHA384-TLS1.2-P-256-S2N-ECDHE-RSA-AES256-SHA]
PASSED test_happy_path.py::test_s2n_server_happy_path[RSA_1024_SHA384-TLS1.2-P-521-S2N-AES256-SHA256]
PASSED test_happy_path.py::test_s2n_server_happy_path[RSA_1024_SHA384-TLS1.0-P-521-S2N-DHE-RSA-AES256-SHA]
PASSED test_happy_path.py::test_s2n_server_happy_path[RSA_2048_SHA512-TLS1.0-P-256-S2N-ECDHE-RSA-AES128-SHA]
PASSED test_happy_path.py::test_s2n_server_happy_path[RSA_1024_SHA256-TLS1.2-P-521-S2N-DHE-RSA-AES128-GCM-SHA256]
PASSED test_happy_path.py::test_s2n_server_happy_path[RSA_2048_SHA256-TLS1.1-P-521-S2N-AES256-SHA]
PASSED test_happy_path.py::test_s2n_server_happy_path[RSA_2048_SHA384-TLS1.2-P-256-S2N-AES256-SHA]
PASSED test_happy_path.py::test_s2n_server_happy_path[RSA_1024_SHA512-TLS1.2-P-384-S2N-DHE-RSA-CHACHA20-POLY1305]
PASSED test_happy_path.py::test_s2n_server_happy_path[RSA_1024_SHA512-TLS1.2-P-521-S2N-DHE-RSA-CHACHA20-POLY1305]
PASSED test_happy_path.py::test_s2n_server_happy_path[RSA_2048_SHA384-TLS1.2-P-384-S2N-AES256-SHA]
PASSED test_happy_path.py::test_s2n_server_happy_path[RSA_2048_SHA256-SSLv3-P-256-S2N-DHE-RSA-AES256-SHA]
PASSED test_happy_path.py::test_s2n_server_happy_path[RSA_2048_SHA256-TLS1.3-P-384-S2N-TLS_AES_256_GCM_SHA384]
PASSED test_happy_path.py::test_s2n_server_happy_path[RSA_2048_SHA256-TLS1.2-P-384-S2N-DHE-RSA-AES128-GCM-SHA256]
PASSED test_happy_path.py::test_s2n_server_happy_path[RSA_2048_SHA384-TLS1.2-P-521-S2N-AES256-SHA]
PASSED test_happy_path.py::test_s2n_server_happy_path[RSA_1024_SHA384-TLS1.3-X25519-S2N-TLS_AES_128_GCM_SHA256]
PASSED test_happy_path.py::test_s2n_server_happy_path[RSA_1024_SHA384-TLS1.1-P-384-S2N-AES128-SHA]
PASSED test_happy_path.py::test_s2n_server_happy_path[RSA_1024_SHA256-TLS1.3-P-384-S2N-TLS_CHACHA20_POLY1305_SHA256]
PASSED test_happy_path.py::test_s2n_server_happy_path[RSA_2048_SHA512-TLS1.2-P-256-S2N-DHE-RSA-AES256-SHA]
PASSED test_happy_path.py::test_s2n_server_happy_path[RSA_2048_SHA512-TLS1.2-P-521-S2N-DHE-RSA-CHACHA20-POLY1305]
PASSED test_happy_path.py::test_s2n_server_happy_path[RSA_1024_SHA384-TLS1.2-P-384-S2N-ECDHE-RSA-AES256-SHA]
PASSED test_happy_path.py::test_s2n_server_happy_path[RSA_2048_SHA384-TLS1.1-P-384-S2N-DHE-RSA-AES256-SHA]
PASSED test_happy_path.py::test_s2n_server_happy_path[RSA_2048_SHA256-TLS1.1-P-256-S2N-ECDHE-RSA-AES128-SHA]
PASSED test_happy_path.py::test_s2n_server_happy_path[RSA_2048_SHA256-TLS1.2-P-521-S2N-DHE-RSA-AES128-GCM-SHA256]
PASSED test_happy_path.py::test_s2n_server_happy_path[RSA_1024_SHA512-TLS1.0-P-384-S2N-DHE-RSA-AES256-SHA]
PASSED test_happy_path.py::test_s2n_server_happy_path[RSA_2048_SHA512-TLS1.2-P-384-S2N-DHE-RSA-CHACHA20-POLY1305]
PASSED test_happy_path.py::test_s2n_server_happy_path[RSA_1024_SHA512-TLS1.2-P-256-S2N-DHE-RSA-AES128-SHA256]
PASSED test_happy_path.py::test_s2n_server_happy_path[RSA_1024_SHA256-TLS1.0-P-256-S2N-DHE-RSA-AES256-SHA]
PASSED test_happy_path.py::test_s2n_server_happy_path[RSA_1024_SHA256-TLS1.2-P-384-S2N-DHE-RSA-AES256-GCM-SHA384]
PASSED test_happy_path.py::test_s2n_server_happy_path[RSA_1024_SHA256-TLS1.1-P-256-S2N-ECDHE-RSA-AES256-SHA]
PASSED test_happy_path.py::test_s2n_server_happy_path[RSA_2048_SHA384-TLS1.0-P-521-S2N-DHE-RSA-AES256-SHA]
PASSED test_happy_path.py::test_s2n_server_happy_path[RSA_1024_SHA384-TLS1.0-P-521-S2N-AES128-SHA]
PASSED test_happy_path.py::test_s2n_server_happy_path[RSA_1024_SHA384-TLS1.2-P-521-S2N-ECDHE-RSA-AES128-SHA]
PASSED test_happy_path.py::test_s2n_server_happy_path[RSA_1024_SHA256-TLS1.2-P-521-S2N-DHE-RSA-AES256-GCM-SHA384]
PASSED test_happy_path.py::test_s2n_server_happy_path[RSA_2048_SHA512-TLS1.0-P-256-S2N-ECDHE-RSA-AES256-SHA]
PASSED test_happy_path.py::test_s2n_server_happy_path[RSA_1024_SHA384-TLS1.2-P-256-S2N-ECDHE-RSA-AES128-SHA256]
PASSED test_happy_path.py::test_s2n_server_happy_path[RSA_1024_SHA512-TLS1.2-P-384-S2N-AES128-SHA]
PASSED test_happy_path.py::test_s2n_server_happy_path[RSA_2048_SHA256-TLS1.3-P-384-S2N-TLS_CHACHA20_POLY1305_SHA256]
PASSED test_happy_path.py::test_s2n_server_happy_path[RSA_2048_SHA384-TLS1.2-P-256-S2N-AES128-SHA256]
PASSED test_happy_path.py::test_s2n_server_happy_path[RSA_2048_SHA256-TLS1.1-P-521-S2N-ECDHE-RSA-AES128-SHA]
PASSED test_happy_path.py::test_s2n_server_happy_path[RSA_1024_SHA512-TLS1.2-P-521-S2N-AES128-SHA]
PASSED test_happy_path.py::test_s2n_server_happy_path[RSA_2048_SHA384-TLS1.2-P-384-S2N-AES128-SHA256]
PASSED test_happy_path.py::test_s2n_server_happy_path[RSA_2048_SHA256-SSLv3-P-256-S2N-AES128-SHA]
PASSED test_happy_path.py::test_s2n_server_happy_path[RSA_2048_SHA384-TLS1.2-P-521-S2N-AES128-SHA256]
PASSED test_happy_path.py::test_s2n_server_happy_path[RSA_2048_SHA256-TLS1.2-P-384-S2N-DHE-RSA-AES256-GCM-SHA384]
PASSED test_happy_path.py::test_s2n_server_happy_path[RSA_1024_SHA384-TLS1.3-X25519-S2N-TLS_AES_256_GCM_SHA384]
PASSED test_happy_path.py::test_s2n_server_happy_path[RSA_2048_SHA512-TLS1.2-P-256-S2N-DHE-RSA-AES128-SHA256]
PASSED test_happy_path.py::test_s2n_server_happy_path[RSA_1024_SHA384-TLS1.1-P-384-S2N-AES256-SHA]
PASSED test_happy_path.py::test_s2n_server_happy_path[RSA_1024_SHA512-TLS1.1-P-384-S2N-DHE-RSA-AES128-SHA]
PASSED test_happy_path.py::test_s2n_server_happy_path[RSA_2048_SHA512-TLS1.2-P-521-S2N-AES128-SHA]
PASSED test_happy_path.py::test_s2n_server_happy_path[RSA_1024_SHA384-TLS1.2-P-384-S2N-ECDHE-RSA-AES128-SHA256]
PASSED test_happy_path.py::test_s2n_server_happy_path[RSA_2048_SHA256-TLS1.1-P-256-S2N-ECDHE-RSA-AES256-SHA]
PASSED test_happy_path.py::test_s2n_server_happy_path[RSA_2048_SHA384-TLS1.1-P-384-S2N-AES128-SHA]
PASSED test_happy_path.py::test_s2n_server_happy_path[RSA_1024_SHA512-TLS1.0-P-384-S2N-AES128-SHA]
PASSED test_happy_path.py::test_s2n_server_happy_path[RSA_2048_SHA256-TLS1.2-P-521-S2N-DHE-RSA-AES256-GCM-SHA384]
PASSED test_happy_path.py::test_s2n_server_happy_path[RSA_2048_SHA512-TLS1.2-P-384-S2N-AES128-SHA]
PASSED test_happy_path.py::test_s2n_server_happy_path[RSA_1024_SHA512-TLS1.2-P-256-S2N-DHE-RSA-AES256-SHA256]
PASSED test_happy_path.py::test_s2n_server_happy_path[RSA_1024_SHA256-TLS1.2-P-384-S2N-DHE-RSA-CHACHA20-POLY1305]
PASSED test_happy_path.py::test_s2n_server_happy_path[RSA_1024_SHA256-TLS1.0-P-256-S2N-AES128-SHA]
PASSED test_happy_path.py::test_s2n_server_happy_path[RSA_2048_SHA384-TLS1.0-P-521-S2N-AES128-SHA]
PASSED test_happy_path.py::test_s2n_server_happy_path[RSA_1024_SHA256-TLS1.2-P-521-S2N-DHE-RSA-CHACHA20-POLY1305]
PASSED test_happy_path.py::test_s2n_server_happy_path[RSA_2048_SHA512-TLS1.1-P-384-S2N-DHE-RSA-AES128-SHA]
PASSED test_happy_path.py::test_s2n_server_happy_path[RSA_1024_SHA384-TLS1.2-P-521-S2N-ECDHE-RSA-AES256-SHA]
PASSED test_happy_path.py::test_s2n_server_happy_path[RSA_1024_SHA384-TLS1.0-P-521-S2N-AES256-SHA]
PASSED test_happy_path.py::test_s2n_server_happy_path[RSA_1024_SHA256-TLS1.3-P-521-S2N-TLS_AES_128_GCM_SHA256]
PASSED test_happy_path.py::test_s2n_server_happy_path[RSA_1024_SHA384-TLS1.2-P-256-S2N-ECDHE-RSA-AES256-SHA384]
PASSED test_happy_path.py::test_s2n_server_happy_path[RSA_1024_SHA512-TLS1.2-P-384-S2N-AES256-SHA]
PASSED test_happy_path.py::test_s2n_server_happy_path[RSA_1024_SHA512-TLS1.2-P-521-S2N-AES256-SHA]
PASSED test_happy_path.py::test_s2n_server_happy_path[RSA_2048_SHA256-TLS1.1-P-521-S2N-ECDHE-RSA-AES256-SHA]
PASSED test_happy_path.py::test_s2n_server_happy_path[RSA_2048_SHA384-TLS1.2-P-256-S2N-AES256-SHA256]
PASSED test_happy_path.py::test_s2n_server_happy_path[RSA_2048_SHA384-TLS1.2-P-384-S2N-AES256-SHA256]
PASSED test_happy_path.py::test_s2n_server_happy_path[RSA_2048_SHA384-TLS1.2-P-521-S2N-AES256-SHA256]
PASSED test_happy_path.py::test_s2n_server_happy_path[RSA_2048_SHA256-SSLv3-P-256-S2N-AES256-SHA]
PASSED test_happy_path.py::test_s2n_server_happy_path[RSA_1024_SHA384-TLS1.3-X25519-S2N-TLS_CHACHA20_POLY1305_SHA256]
PASSED test_happy_path.py::test_s2n_server_happy_path[RSA_2048_SHA256-TLS1.2-P-384-S2N-DHE-RSA-CHACHA20-POLY1305]
PASSED test_happy_path.py::test_s2n_server_happy_path[RSA_2048_SHA512-TLS1.2-P-256-S2N-DHE-RSA-AES256-SHA256]
PASSED test_happy_path.py::test_s2n_server_happy_path[RSA_1024_SHA384-TLS1.1-P-384-S2N-ECDHE-RSA-AES128-SHA]
PASSED test_happy_path.py::test_s2n_server_happy_path[RSA_1024_SHA512-TLS1.1-P-384-S2N-DHE-RSA-AES256-SHA]
PASSED test_happy_path.py::test_s2n_server_happy_path[RSA_2048_SHA512-TLS1.2-P-521-S2N-AES256-SHA]
PASSED test_happy_path.py::test_s2n_server_happy_path[RSA_1024_SHA384-TLS1.2-P-384-S2N-ECDHE-RSA-AES256-SHA384]
PASSED test_happy_path.py::test_s2n_server_happy_path[RSA_2048_SHA384-TLS1.1-P-384-S2N-AES256-SHA]
PASSED test_happy_path.py::test_s2n_server_happy_path[RSA_1024_SHA512-TLS1.0-P-384-S2N-AES256-SHA]
PASSED test_happy_path.py::test_s2n_server_happy_path[RSA_2048_SHA256-TLS1.2-P-521-S2N-DHE-RSA-CHACHA20-POLY1305]
PASSED test_happy_path.py::test_s2n_server_happy_path[RSA_2048_SHA512-TLS1.2-P-384-S2N-AES256-SHA]
PASSED test_happy_path.py::test_s2n_server_happy_path[RSA_1024_SHA512-TLS1.2-P-256-S2N-DHE-RSA-AES128-GCM-SHA256]
PASSED test_happy_path.py::test_s2n_server_happy_path[RSA_2048_SHA256-TLS1.3-P-521-S2N-TLS_AES_128_GCM_SHA256]
PASSED test_happy_path.py::test_s2n_server_happy_path[RSA_1024_SHA256-TLS1.2-P-384-S2N-AES128-SHA]
PASSED test_happy_path.py::test_s2n_server_happy_path[RSA_2048_SHA512-TLS1.1-P-384-S2N-DHE-RSA-AES256-SHA]
PASSED test_happy_path.py::test_s2n_server_happy_path[RSA_2048_SHA384-TLS1.0-P-521-S2N-AES256-SHA]
PASSED test_happy_path.py::test_s2n_server_happy_path[RSA_1024_SHA256-TLS1.3-P-521-S2N-TLS_AES_256_GCM_SHA384]
PASSED test_happy_path.py::test_s2n_server_happy_path[RSA_1024_SHA384-TLS1.2-P-521-S2N-ECDHE-RSA-AES128-SHA256]
PASSED test_happy_path.py::test_s2n_server_happy_path[RSA_1024_SHA384-TLS1.0-P-521-S2N-ECDHE-RSA-AES128-SHA]
PASSED test_happy_path.py::test_s2n_server_happy_path[RSA_1024_SHA256-TLS1.2-P-521-S2N-AES128-SHA]
PASSED test_happy_path.py::test_s2n_server_happy_path[RSA_1024_SHA256-TLS1.0-P-256-S2N-AES256-SHA]
PASSED test_happy_path.py::test_s2n_server_happy_path[RSA_1024_SHA256-TLS1.1-P-384-S2N-DHE-RSA-AES128-SHA]
PASSED test_happy_path.py::test_s2n_server_happy_path[RSA_1024_SHA384-TLS1.2-P-256-S2N-ECDHE-RSA-AES128-GCM-SHA256]
PASSED test_happy_path.py::test_s2n_server_happy_path[RSA_2048_SHA384-TLS1.2-P-256-S2N-ECDHE-RSA-AES128-SHA]
PASSED test_happy_path.py::test_s2n_server_happy_path[RSA_2048_SHA512-TLS1.0-P-384-S2N-DHE-RSA-AES128-SHA]
PASSED test_happy_path.py::test_s2n_server_happy_path[RSA_1024_SHA512-TLS1.2-P-384-S2N-AES128-SHA256]
PASSED test_happy_path.py::test_s2n_server_happy_path[RSA_1024_SHA512-TLS1.2-P-521-S2N-AES128-SHA256]
PASSED test_happy_path.py::test_s2n_server_happy_path[RSA_2048_SHA384-TLS1.2-P-384-S2N-ECDHE-RSA-AES128-SHA]
PASSED test_happy_path.py::test_s2n_server_happy_path[RSA_2048_SHA256-TLS1.2-P-384-S2N-AES128-SHA]
PASSED test_happy_path.py::test_s2n_server_happy_path[RSA_2048_SHA384-TLS1.2-P-521-S2N-ECDHE-RSA-AES128-SHA]
PASSED test_happy_path.py::test_s2n_server_happy_path[RSA_1024_SHA384-TLS1.1-P-384-S2N-ECDHE-RSA-AES256-SHA]
PASSED test_happy_path.py::test_s2n_server_happy_path[RSA_2048_SHA512-TLS1.2-P-256-S2N-DHE-RSA-AES128-GCM-SHA256]
PASSED test_happy_path.py::test_s2n_server_happy_path[RSA_2048_SHA256-SSLv3-P-256-S2N-ECDHE-RSA-AES128-SHA]
PASSED test_happy_path.py::test_s2n_server_happy_path[RSA_1024_SHA512-TLS1.1-P-384-S2N-AES128-SHA]
PASSED test_happy_path.py::test_s2n_server_happy_path[RSA_2048_SHA384-TLS1.1-P-384-S2N-ECDHE-RSA-AES128-SHA]
PASSED test_happy_path.py::test_s2n_server_happy_path[RSA_2048_SHA512-TLS1.2-P-521-S2N-AES128-SHA256]
PASSED test_happy_path.py::test_s2n_server_happy_path[RSA_1024_SHA384-TLS1.2-P-384-S2N-ECDHE-RSA-AES128-GCM-SHA256]
PASSED test_happy_path.py::test_s2n_server_happy_path[RSA_1024_SHA512-TLS1.0-P-384-S2N-ECDHE-RSA-AES128-SHA]
PASSED test_happy_path.py::test_s2n_server_happy_path[RSA_2048_SHA256-TLS1.3-P-521-S2N-TLS_AES_256_GCM_SHA384]
PASSED test_happy_path.py::test_s2n_server_happy_path[RSA_1024_SHA512-TLS1.2-P-256-S2N-DHE-RSA-AES256-GCM-SHA384]
PASSED test_happy_path.py::test_s2n_server_happy_path[RSA_2048_SHA256-TLS1.2-P-521-S2N-AES128-SHA]
PASSED test_happy_path.py::test_s2n_server_happy_path[RSA_2048_SHA512-TLS1.2-P-384-S2N-AES128-SHA256]
PASSED test_happy_path.py::test_s2n_server_happy_path[RSA_1024_SHA256-TLS1.3-P-521-S2N-TLS_CHACHA20_POLY1305_SHA256]
PASSED test_happy_path.py::test_s2n_server_happy_path[RSA_2048_SHA256-TLS1.1-P-384-S2N-DHE-RSA-AES128-SHA]
PASSED test_happy_path.py::test_s2n_server_happy_path[RSA_1024_SHA256-TLS1.2-P-384-S2N-AES256-SHA]
PASSED test_happy_path.py::test_s2n_server_happy_path[RSA_2048_SHA384-TLS1.0-P-521-S2N-ECDHE-RSA-AES128-SHA]
PASSED test_happy_path.py::test_s2n_server_happy_path[RSA_1024_SHA384-TLS1.2-P-521-S2N-ECDHE-RSA-AES256-SHA384]
PASSED test_happy_path.py::test_s2n_server_happy_path[RSA_1024_SHA384-TLS1.0-P-521-S2N-ECDHE-RSA-AES256-SHA]
PASSED test_happy_path.py::test_s2n_server_happy_path[RSA_1024_SHA256-TLS1.2-P-521-S2N-AES256-SHA]
PASSED test_happy_path.py::test_s2n_server_happy_path[RSA_1024_SHA384-TLS1.3-P-256-S2N-TLS_AES_128_GCM_SHA256]
PASSED test_happy_path.py::test_s2n_server_happy_path[RSA_1024_SHA256-TLS1.0-P-256-S2N-ECDHE-RSA-AES128-SHA]
PASSED test_happy_path.py::test_s2n_server_happy_path[RSA_1024_SHA384-TLS1.2-P-256-S2N-ECDHE-RSA-AES256-GCM-SHA384]
PASSED test_happy_path.py::test_s2n_server_happy_path[RSA_1024_SHA256-TLS1.1-P-384-S2N-DHE-RSA-AES256-SHA]
PASSED test_happy_path.py::test_s2n_server_happy_path[RSA_2048_SHA512-TLS1.1-P-384-S2N-AES128-SHA]
PASSED test_happy_path.py::test_s2n_server_happy_path[RSA_2048_SHA512-TLS1.0-P-384-S2N-DHE-RSA-AES256-SHA]
PASSED test_happy_path.py::test_s2n_server_happy_path[RSA_2048_SHA384-TLS1.2-P-256-S2N-ECDHE-RSA-AES256-SHA]
PASSED test_happy_path.py::test_s2n_server_happy_path[RSA_1024_SHA512-TLS1.2-P-384-S2N-AES256-SHA256]
PASSED test_happy_path.py::test_s2n_server_happy_path[RSA_2048_SHA384-TLS1.2-P-384-S2N-ECDHE-RSA-AES256-SHA]
PASSED test_happy_path.py::test_s2n_server_happy_path[RSA_1024_SHA512-TLS1.2-P-521-S2N-AES256-SHA256]
PASSED test_happy_path.py::test_s2n_server_happy_path[RSA_2048_SHA256-TLS1.0-P-256-S2N-DHE-RSA-AES128-SHA]
PASSED test_happy_path.py::test_s2n_server_happy_path[RSA_2048_SHA384-TLS1.2-P-521-S2N-ECDHE-RSA-AES256-SHA]
PASSED test_happy_path.py::test_s2n_server_happy_path[RSA_2048_SHA256-TLS1.2-P-384-S2N-AES256-SHA]
PASSED test_happy_path.py::test_s2n_server_happy_path[RSA_2048_SHA512-TLS1.2-P-256-S2N-DHE-RSA-AES256-GCM-SHA384]
PASSED test_happy_path.py::test_s2n_server_happy_path[RSA_2048_SHA256-SSLv3-P-256-S2N-ECDHE-RSA-AES256-SHA]
PASSED test_happy_path.py::test_s2n_server_happy_path[RSA_1024_SHA512-TLS1.1-P-384-S2N-AES256-SHA]
PASSED test_happy_path.py::test_s2n_server_happy_path[RSA_2048_SHA384-TLS1.1-P-384-S2N-ECDHE-RSA-AES256-SHA]
PASSED test_happy_path.py::test_s2n_server_happy_path[RSA_2048_SHA512-TLS1.2-P-521-S2N-AES256-SHA256]
PASSED test_happy_path.py::test_s2n_server_happy_path[RSA_1024_SHA384-TLS1.2-P-384-S2N-ECDHE-RSA-AES256-GCM-SHA384]
PASSED test_happy_path.py::test_s2n_server_happy_path[RSA_2048_SHA256-TLS1.3-P-521-S2N-TLS_CHACHA20_POLY1305_SHA256]
PASSED test_happy_path.py::test_s2n_server_happy_path[RSA_1024_SHA512-TLS1.0-P-384-S2N-ECDHE-RSA-AES256-SHA]
PASSED test_happy_path.py::test_s2n_server_happy_path[RSA_2048_SHA512-TLS1.2-P-384-S2N-AES256-SHA256]
PASSED test_happy_path.py::test_s2n_server_happy_path[RSA_1024_SHA512-TLS1.2-P-256-S2N-DHE-RSA-CHACHA20-POLY1305]
PASSED test_happy_path.py::test_s2n_server_happy_path[RSA_2048_SHA256-TLS1.2-P-521-S2N-AES256-SHA]
PASSED test_happy_path.py::test_s2n_server_happy_path[RSA_1024_SHA256-TLS1.2-P-384-S2N-AES128-SHA256]
PASSED test_happy_path.py::test_s2n_server_happy_path[RSA_2048_SHA256-TLS1.1-P-384-S2N-DHE-RSA-AES256-SHA]
PASSED test_happy_path.py::test_s2n_server_happy_path[RSA_2048_SHA384-TLS1.0-P-521-S2N-ECDHE-RSA-AES256-SHA]
PASSED test_happy_path.py::test_s2n_server_happy_path[RSA_1024_SHA384-TLS1.3-P-256-S2N-TLS_AES_256_GCM_SHA384]
PASSED test_happy_path.py::test_s2n_server_happy_path[RSA_1024_SHA256-TLS1.2-P-521-S2N-AES128-SHA256]
PASSED test_happy_path.py::test_s2n_server_happy_path[RSA_1024_SHA384-TLS1.2-P-521-S2N-ECDHE-RSA-AES128-GCM-SHA256]
PASSED test_happy_path.py::test_s2n_server_happy_path[RSA_1024_SHA256-TLS1.0-P-256-S2N-ECDHE-RSA-AES256-SHA]
PASSED test_happy_path.py::test_s2n_server_happy_path[RSA_1024_SHA384-TLS1.2-P-256-S2N-ECDHE-RSA-CHACHA20-POLY1305]
PASSED test_happy_path.py::test_s2n_server_happy_path[RSA_1024_SHA256-TLS1.1-P-384-S2N-AES128-SHA]
PASSED test_happy_path.py::test_s2n_server_happy_path[RSA_2048_SHA512-TLS1.1-P-384-S2N-AES256-SHA]
PASSED test_happy_path.py::test_s2n_server_happy_path[RSA_2048_SHA512-TLS1.0-P-384-S2N-AES128-SHA]
PASSED test_happy_path.py::test_s2n_server_happy_path[RSA_2048_SHA384-TLS1.2-P-384-S2N-ECDHE-RSA-AES128-SHA256]
PASSED test_happy_path.py::test_s2n_server_happy_path[RSA_1024_SHA512-TLS1.2-P-384-S2N-ECDHE-RSA-AES128-SHA]
PASSED test_happy_path.py::test_s2n_server_happy_path[RSA_2048_SHA384-TLS1.2-P-256-S2N-ECDHE-RSA-AES128-SHA256]
PASSED test_happy_path.py::test_s2n_server_happy_path[RSA_1024_SHA512-TLS1.2-P-521-S2N-ECDHE-RSA-AES128-SHA]
PASSED test_happy_path.py::test_s2n_server_happy_path[RSA_2048_SHA256-TLS1.0-P-256-S2N-DHE-RSA-AES256-SHA]
PASSED test_happy_path.py::test_s2n_server_happy_path[RSA_2048_SHA256-TLS1.2-P-384-S2N-AES128-SHA256]
PASSED test_happy_path.py::test_s2n_server_happy_path[RSA_2048_SHA384-TLS1.2-P-521-S2N-ECDHE-RSA-AES128-SHA256]
PASSED test_happy_path.py::test_s2n_server_happy_path[RSA_2048_SHA512-TLS1.2-P-256-S2N-DHE-RSA-CHACHA20-POLY1305]
PASSED test_happy_path.py::test_s2n_server_happy_path[RSA_1024_SHA256-TLS1.2-P-256-S2N-DHE-RSA-AES128-SHA]
PASSED test_happy_path.py::test_s2n_server_happy_path[RSA_1024_SHA512-TLS1.1-P-384-S2N-ECDHE-RSA-AES128-SHA]
PASSED test_happy_path.py::test_s2n_server_happy_path[RSA_2048_SHA512-TLS1.2-P-521-S2N-ECDHE-RSA-AES128-SHA]
PASSED test_happy_path.py::test_s2n_server_happy_path[RSA_1024_SHA384-TLS1.2-P-384-S2N-ECDHE-RSA-CHACHA20-POLY1305]
PASSED test_happy_path.py::test_s2n_server_happy_path[RSA_1024_SHA384-TLS1.1-P-521-S2N-DHE-RSA-AES128-SHA]
PASSED test_happy_path.py::test_s2n_server_happy_path[RSA_2048_SHA512-TLS1.2-P-384-S2N-ECDHE-RSA-AES128-SHA]
PASSED test_happy_path.py::test_s2n_server_happy_path[RSA_1024_SHA512-TLS1.2-P-256-S2N-AES128-SHA]
PASSED test_happy_path.py::test_s2n_server_happy_path[RSA_1024_SHA384-TLS1.3-P-256-S2N-TLS_CHACHA20_POLY1305_SHA256]
PASSED test_happy_path.py::test_s2n_server_happy_path[RSA_2048_SHA256-TLS1.2-P-521-S2N-AES128-SHA256]
PASSED test_happy_path.py::test_s2n_server_happy_path[RSA_2048_SHA512-SSLv3-P-256-S2N-DHE-RSA-AES128-SHA]
PASSED test_happy_path.py::test_s2n_server_happy_path[RSA_1024_SHA256-TLS1.2-P-384-S2N-AES256-SHA256]
PASSED test_happy_path.py::test_s2n_server_happy_path[RSA_2048_SHA384-TLS1.3-X25519-S2N-TLS_AES_128_GCM_SHA256]
PASSED test_happy_path.py::test_s2n_server_happy_path[RSA_1024_SHA384-TLS1.2-P-521-S2N-ECDHE-RSA-AES256-GCM-SHA384]
PASSED test_happy_path.py::test_s2n_server_happy_path[RSA_1024_SHA256-TLS1.2-P-521-S2N-AES256-SHA256]
PASSED test_happy_path.py::test_s2n_server_happy_path[RSA_1024_SHA384-SSLv3-P-256-S2N-DHE-RSA-AES128-SHA]
PASSED test_happy_path.py::test_s2n_server_happy_path[RSA_1024_SHA256-TLS1.1-P-384-S2N-AES256-SHA]
PASSED test_happy_path.py::test_s2n_server_happy_path[RSA_2048_SHA512-TLS1.1-P-384-S2N-ECDHE-RSA-AES128-SHA]
PASSED test_happy_path.py::test_s2n_server_happy_path[RSA_2048_SHA512-TLS1.0-P-384-S2N-AES256-SHA]
PASSED test_happy_path.py::test_s2n_server_happy_path[RSA_1024_SHA512-TLS1.2-P-384-S2N-ECDHE-RSA-AES256-SHA]
PASSED test_happy_path.py::test_s2n_server_happy_path[RSA_2048_SHA384-TLS1.2-P-384-S2N-ECDHE-RSA-AES256-SHA384]
PASSED test_happy_path.py::test_s2n_server_happy_path[RSA_1024_SHA512-TLS1.2-P-521-S2N-ECDHE-RSA-AES256-SHA]
PASSED test_happy_path.py::test_s2n_server_happy_path[RSA_2048_SHA256-TLS1.2-P-256-S2N-DHE-RSA-AES128-SHA]
PASSED test_happy_path.py::test_s2n_server_happy_path[RSA_2048_SHA384-TLS1.2-P-256-S2N-ECDHE-RSA-AES256-SHA384]
PASSED test_happy_path.py::test_s2n_server_happy_path[RSA_2048_SHA256-TLS1.0-P-256-S2N-AES128-SHA]
PASSED test_happy_path.py::test_s2n_server_happy_path[RSA_2048_SHA256-TLS1.2-P-384-S2N-AES256-SHA256]
PASSED test_happy_path.py::test_s2n_server_happy_path[RSA_2048_SHA384-TLS1.2-P-521-S2N-ECDHE-RSA-AES256-SHA384]
PASSED test_happy_path.py::test_s2n_server_happy_path[RSA_2048_SHA512-TLS1.2-P-256-S2N-AES128-SHA]
PASSED test_happy_path.py::test_s2n_server_happy_path[RSA_1024_SHA256-TLS1.2-P-256-S2N-DHE-RSA-AES256-SHA]
PASSED test_happy_path.py::test_s2n_server_happy_path[RSA_1024_SHA512-TLS1.1-P-384-S2N-ECDHE-RSA-AES256-SHA]
PASSED test_happy_path.py::test_s2n_server_happy_path[RSA_2048_SHA512-TLS1.2-P-521-S2N-ECDHE-RSA-AES256-SHA]
PASSED test_happy_path.py::test_s2n_server_happy_path[RSA_1024_SHA384-TLS1.1-P-521-S2N-DHE-RSA-AES256-SHA]
PASSED test_happy_path.py::test_s2n_server_happy_path[RSA_2048_SHA512-TLS1.2-P-384-S2N-ECDHE-RSA-AES256-SHA]
PASSED test_happy_path.py::test_s2n_server_happy_path[RSA_2048_SHA384-TLS1.1-P-521-S2N-DHE-RSA-AES128-SHA]
PASSED test_happy_path.py::test_s2n_server_happy_path[RSA_1024_SHA512-TLS1.2-P-256-S2N-AES256-SHA]
PASSED test_happy_path.py::test_s2n_server_happy_path[RSA_2048_SHA256-TLS1.2-P-521-S2N-AES256-SHA256]
PASSED test_happy_path.py::test_s2n_server_happy_path[RSA_1024_SHA512-TLS1.0-P-521-S2N-DHE-RSA-AES128-SHA]
PASSED test_happy_path.py::test_s2n_server_happy_path[RSA_1024_SHA256-TLS1.2-P-384-S2N-ECDHE-RSA-AES128-SHA]
PASSED test_happy_path.py::test_s2n_server_happy_path[RSA_2048_SHA512-SSLv3-P-256-S2N-DHE-RSA-AES256-SHA]
PASSED test_happy_path.py::test_s2n_server_happy_path[RSA_2048_SHA384-TLS1.3-X25519-S2N-TLS_AES_256_GCM_SHA384]
PASSED test_happy_path.py::test_s2n_server_happy_path[RSA_1024_SHA384-TLS1.2-P-521-S2N-ECDHE-RSA-CHACHA20-POLY1305]
PASSED test_happy_path.py::test_s2n_server_happy_path[RSA_2048_SHA384-SSLv3-P-256-S2N-DHE-RSA-AES128-SHA]
PASSED test_happy_path.py::test_s2n_server_happy_path[RSA_1024_SHA256-TLS1.2-P-521-S2N-ECDHE-RSA-AES128-SHA]
PASSED test_happy_path.py::test_s2n_server_happy_path[RSA_1024_SHA256-TLS1.1-P-384-S2N-ECDHE-RSA-AES128-SHA]
PASSED test_happy_path.py::test_s2n_server_happy_path[RSA_2048_SHA512-TLS1.1-P-384-S2N-ECDHE-RSA-AES256-SHA]
PASSED test_happy_path.py::test_s2n_server_happy_path[RSA_1024_SHA384-SSLv3-P-256-S2N-DHE-RSA-AES256-SHA]
PASSED test_happy_path.py::test_s2n_server_happy_path[RSA_1024_SHA512-TLS1.2-P-384-S2N-ECDHE-RSA-AES128-SHA256]
PASSED test_happy_path.py::test_s2n_server_happy_path[RSA_2048_SHA384-TLS1.2-P-384-S2N-ECDHE-RSA-AES128-GCM-SHA256]
PASSED test_happy_path.py::test_s2n_server_happy_path[RSA_2048_SHA512-TLS1.0-P-384-S2N-ECDHE-RSA-AES128-SHA]
PASSED test_happy_path.py::test_s2n_server_happy_path[RSA_1024_SHA256-TLS1.0-P-384-S2N-DHE-RSA-AES128-SHA]
PASSED test_happy_path.py::test_s2n_server_happy_path[RSA_1024_SHA512-TLS1.2-P-521-S2N-ECDHE-RSA-AES128-SHA256]
PASSED test_happy_path.py::test_s2n_server_happy_path[RSA_2048_SHA256-TLS1.2-P-256-S2N-DHE-RSA-AES256-SHA]
PASSED test_happy_path.py::test_s2n_server_happy_path[RSA_2048_SHA384-TLS1.2-P-521-S2N-ECDHE-RSA-AES128-GCM-SHA256]
PASSED test_happy_path.py::test_s2n_server_happy_path[RSA_2048_SHA384-TLS1.2-P-256-S2N-ECDHE-RSA-AES128-GCM-SHA256]
PASSED test_happy_path.py::test_s2n_server_happy_path[RSA_2048_SHA256-TLS1.0-P-256-S2N-AES256-SHA]
PASSED test_happy_path.py::test_s2n_server_happy_path[RSA_1024_SHA384-TLS1.3-P-384-S2N-TLS_AES_128_GCM_SHA256]
PASSED test_happy_path.py::test_s2n_server_happy_path[RSA_2048_SHA256-TLS1.2-P-384-S2N-ECDHE-RSA-AES128-SHA]
PASSED test_happy_path.py::test_s2n_server_happy_path[RSA_1024_SHA256-TLS1.2-P-256-S2N-DHE-RSA-AES128-SHA256]
PASSED test_happy_path.py::test_s2n_server_happy_path[RSA_2048_SHA512-TLS1.2-P-256-S2N-AES256-SHA]
PASSED test_happy_path.py::test_s2n_server_happy_path[RSA_2048_SHA512-TLS1.2-P-521-S2N-ECDHE-RSA-AES128-SHA256]
PASSED test_happy_path.py::test_s2n_server_happy_path[RSA_1024_SHA384-TLS1.1-P-521-S2N-AES128-SHA]
PASSED test_happy_path.py::test_s2n_server_happy_path[RSA_2048_SHA384-TLS1.1-P-521-S2N-DHE-RSA-AES256-SHA]
PASSED test_happy_path.py::test_s2n_server_happy_path[RSA_1024_SHA512-TLS1.2-P-256-S2N-AES128-SHA256]
PASSED test_happy_path.py::test_s2n_server_happy_path[RSA_2048_SHA512-TLS1.2-P-384-S2N-ECDHE-RSA-AES128-SHA256]
PASSED test_happy_path.py::test_s2n_server_happy_path[RSA_2048_SHA256-TLS1.2-P-521-S2N-ECDHE-RSA-AES128-SHA]
PASSED test_happy_path.py::test_s2n_server_happy_path[RSA_1024_SHA256-TLS1.2-P-384-S2N-ECDHE-RSA-AES256-SHA]
PASSED test_happy_path.py::test_s2n_server_happy_path[RSA_2048_SHA384-TLS1.3-X25519-S2N-TLS_CHACHA20_POLY1305_SHA256]
PASSED test_happy_path.py::test_s2n_server_happy_path[RSA_1024_SHA512-TLS1.0-P-521-S2N-DHE-RSA-AES256-SHA]
PASSED test_happy_path.py::test_s2n_server_happy_path[RSA_2048_SHA512-SSLv3-P-256-S2N-AES128-SHA]
PASSED test_happy_path.py::test_s2n_server_happy_path[RSA_2048_SHA384-SSLv3-P-256-S2N-DHE-RSA-AES256-SHA]
PASSED test_happy_path.py::test_s2n_server_happy_path[RSA_1024_SHA256-TLS1.2-P-521-S2N-ECDHE-RSA-AES256-SHA]
PASSED test_happy_path.py::test_s2n_server_happy_path[RSA_1024_SHA256-TLS1.1-P-384-S2N-ECDHE-RSA-AES256-SHA]
PASSED test_happy_path.py::test_s2n_server_happy_path[RSA_1024_SHA384-SSLv3-P-256-S2N-AES128-SHA]
PASSED test_happy_path.py::test_s2n_server_happy_path[RSA_1024_SHA512-TLS1.2-P-384-S2N-ECDHE-RSA-AES256-SHA384]
PASSED test_happy_path.py::test_s2n_server_happy_path[RSA_2048_SHA512-TLS1.0-P-384-S2N-ECDHE-RSA-AES256-SHA]
PASSED test_happy_path.py::test_s2n_server_happy_path[RSA_2048_SHA384-TLS1.2-P-384-S2N-ECDHE-RSA-AES256-GCM-SHA384]
PASSED test_happy_path.py::test_s2n_server_happy_path[RSA_1024_SHA256-TLS1.0-P-384-S2N-DHE-RSA-AES256-SHA]
PASSED test_happy_path.py::test_s2n_server_happy_path[RSA_1024_SHA512-TLS1.2-P-521-S2N-ECDHE-RSA-AES256-SHA384]
PASSED test_happy_path.py::test_s2n_server_happy_path[RSA_2048_SHA256-TLS1.2-P-256-S2N-DHE-RSA-AES128-SHA256]
PASSED test_happy_path.py::test_s2n_server_happy_path[RSA_2048_SHA256-TLS1.0-P-256-S2N-ECDHE-RSA-AES128-SHA]
PASSED test_happy_path.py::test_s2n_server_happy_path[RSA_2048_SHA384-TLS1.2-P-521-S2N-ECDHE-RSA-AES256-GCM-SHA384]
PASSED test_happy_path.py::test_s2n_server_happy_path[RSA_2048_SHA384-TLS1.2-P-256-S2N-ECDHE-RSA-AES256-GCM-SHA384]
PASSED test_happy_path.py::test_s2n_server_happy_path[RSA_1024_SHA384-TLS1.3-P-384-S2N-TLS_AES_256_GCM_SHA384]
PASSED test_happy_path.py::test_s2n_server_happy_path[RSA_1024_SHA256-TLS1.2-P-256-S2N-DHE-RSA-AES256-SHA256]
PASSED test_happy_path.py::test_s2n_server_happy_path[RSA_2048_SHA256-TLS1.2-P-384-S2N-ECDHE-RSA-AES256-SHA]
PASSED test_happy_path.py::test_s2n_server_happy_path[RSA_2048_SHA512-TLS1.2-P-521-S2N-ECDHE-RSA-AES256-SHA384]
PASSED test_happy_path.py::test_s2n_server_happy_path[RSA_2048_SHA512-TLS1.2-P-256-S2N-AES128-SHA256]
PASSED test_happy_path.py::test_s2n_server_happy_path[RSA_1024_SHA384-TLS1.1-P-521-S2N-AES256-SHA]
PASSED test_happy_path.py::test_s2n_server_happy_path[RSA_1024_SHA512-TLS1.2-P-256-S2N-AES256-SHA256]
PASSED test_happy_path.py::test_s2n_server_happy_path[RSA_2048_SHA384-TLS1.1-P-521-S2N-AES128-SHA]
PASSED test_happy_path.py::test_s2n_server_happy_path[RSA_1024_SHA512-TLS1.1-P-521-S2N-DHE-RSA-AES128-SHA]
PASSED test_happy_path.py::test_s2n_server_happy_path[RSA_2048_SHA256-TLS1.2-P-521-S2N-ECDHE-RSA-AES256-SHA]
PASSED test_happy_path.py::test_s2n_server_happy_path[RSA_2048_SHA512-TLS1.2-P-384-S2N-ECDHE-RSA-AES256-SHA384]
PASSED test_happy_path.py::test_s2n_server_happy_path[RSA_1024_SHA512-TLS1.0-P-521-S2N-AES128-SHA]
PASSED test_happy_path.py::test_s2n_server_happy_path[RSA_1024_SHA256-TLS1.2-P-384-S2N-ECDHE-RSA-AES128-SHA256]
PASSED test_happy_path.py::test_s2n_server_happy_path[RSA_1024_SHA256-TLS1.2-P-521-S2N-ECDHE-RSA-AES128-SHA256]
PASSED test_happy_path.py::test_s2n_server_happy_path[RSA_2048_SHA512-SSLv3-P-256-S2N-AES256-SHA]
PASSED test_happy_path.py::test_s2n_server_happy_path[RSA_2048_SHA384-SSLv3-P-256-S2N-AES128-SHA]
PASSED test_happy_path.py::test_s2n_server_happy_path[RSA_1024_SHA384-SSLv3-P-256-S2N-AES256-SHA]
PASSED test_happy_path.py::test_s2n_server_happy_path[RSA_1024_SHA512-TLS1.2-P-384-S2N-ECDHE-RSA-AES128-GCM-SHA256]
PASSED test_happy_path.py::test_s2n_server_happy_path[RSA_1024_SHA256-TLS1.0-P-384-S2N-AES128-SHA]
PASSED test_happy_path.py::test_s2n_server_happy_path[RSA_2048_SHA384-TLS1.2-P-384-S2N-ECDHE-RSA-CHACHA20-POLY1305]
PASSED test_happy_path.py::test_s2n_server_happy_path[RSA_3072_SHA256-TLS1.2-P-521-S2N-ECDHE-RSA-CHACHA20-POLY1305]
PASSED test_happy_path.py::test_s2n_server_happy_path[RSA_2048_SHA256-TLS1.2-P-256-S2N-DHE-RSA-AES256-SHA256]
PASSED test_happy_path.py::test_s2n_server_happy_path[RSA_1024_SHA512-TLS1.2-P-521-S2N-ECDHE-RSA-AES128-GCM-SHA256]
PASSED test_happy_path.py::test_s2n_server_happy_path[RSA_1024_SHA384-TLS1.3-P-384-S2N-TLS_CHACHA20_POLY1305_SHA256]
PASSED test_happy_path.py::test_s2n_server_happy_path[RSA_2048_SHA384-TLS1.3-P-256-S2N-TLS_AES_128_GCM_SHA256]
PASSED test_happy_path.py::test_s2n_server_happy_path[RSA_2048_SHA384-TLS1.2-P-521-S2N-ECDHE-RSA-CHACHA20-POLY1305]
PASSED test_happy_path.py::test_s2n_server_happy_path[RSA_2048_SHA512-TLS1.1-P-521-S2N-DHE-RSA-AES128-SHA]
PASSED test_happy_path.py::test_s2n_server_happy_path[RSA_2048_SHA256-TLS1.0-P-256-S2N-ECDHE-RSA-AES256-SHA]
PASSED test_happy_path.py::test_s2n_server_happy_path[RSA_2048_SHA384-TLS1.2-P-256-S2N-ECDHE-RSA-CHACHA20-POLY1305]
PASSED test_happy_path.py::test_s2n_server_happy_path[RSA_2048_SHA256-TLS1.2-P-384-S2N-ECDHE-RSA-AES128-SHA256]
PASSED test_happy_path.py::test_s2n_server_happy_path[RSA_2048_SHA512-TLS1.2-P-521-S2N-ECDHE-RSA-AES128-GCM-SHA256]
PASSED test_happy_path.py::test_s2n_server_happy_path[RSA_1024_SHA256-TLS1.2-P-256-S2N-DHE-RSA-AES128-GCM-SHA256]
PASSED test_happy_path.py::test_s2n_server_happy_path[RSA_1024_SHA384-TLS1.1-P-521-S2N-ECDHE-RSA-AES128-SHA]
PASSED test_happy_path.py::test_s2n_server_happy_path[RSA_2048_SHA512-TLS1.2-P-256-S2N-AES256-SHA256]
PASSED test_happy_path.py::test_s2n_server_happy_path[RSA_1024_SHA512-TLS1.2-P-256-S2N-ECDHE-RSA-AES128-SHA]
PASSED test_happy_path.py::test_s2n_server_happy_path[RSA_2048_SHA384-TLS1.1-P-521-S2N-AES256-SHA]
PASSED test_happy_path.py::test_s2n_server_happy_path[RSA_2048_SHA256-TLS1.2-P-521-S2N-ECDHE-RSA-AES128-SHA256]
PASSED test_happy_path.py::test_s2n_server_happy_path[RSA_2048_SHA512-TLS1.2-P-384-S2N-ECDHE-RSA-AES128-GCM-SHA256]
PASSED test_happy_path.py::test_s2n_server_happy_path[RSA_1024_SHA512-TLS1.1-P-521-S2N-DHE-RSA-AES256-SHA]
PASSED test_happy_path.py::test_s2n_server_happy_path[RSA_1024_SHA512-TLS1.0-P-521-S2N-AES256-SHA]
PASSED test_happy_path.py::test_s2n_server_happy_path[RSA_1024_SHA256-TLS1.2-P-384-S2N-ECDHE-RSA-AES256-SHA384]
PASSED test_happy_path.py::test_s2n_server_happy_path[RSA_1024_SHA256-TLS1.2-P-521-S2N-ECDHE-RSA-AES256-SHA384]
PASSED test_happy_path.py::test_s2n_server_happy_path[RSA_2048_SHA512-SSLv3-P-256-S2N-ECDHE-RSA-AES128-SHA]
PASSED test_happy_path.py::test_s2n_server_happy_path[RSA_2048_SHA384-SSLv3-P-256-S2N-AES256-SHA]
PASSED test_happy_path.py::test_s2n_server_happy_path[RSA_1024_SHA384-SSLv3-P-256-S2N-ECDHE-RSA-AES128-SHA]
PASSED test_happy_path.py::test_s2n_server_happy_path[RSA_1024_SHA512-TLS1.2-P-384-S2N-ECDHE-RSA-AES256-GCM-SHA384]
PASSED test_happy_path.py::test_s2n_server_happy_path[RSA_1024_SHA256-TLS1.0-P-384-S2N-AES256-SHA]
PASSED test_happy_path.py::test_s2n_server_happy_path[RSA_1024_SHA512-TLS1.2-P-521-S2N-ECDHE-RSA-AES256-GCM-SHA384]
PASSED test_happy_path.py::test_s2n_server_happy_path[RSA_2048_SHA384-TLS1.3-P-256-S2N-TLS_AES_256_GCM_SHA384]
PASSED test_happy_path.py::test_s2n_server_happy_path[RSA_2048_SHA256-TLS1.2-P-256-S2N-DHE-RSA-AES128-GCM-SHA256]
PASSED test_happy_path.py::test_s2n_server_happy_path[RSA_2048_SHA512-TLS1.0-P-521-S2N-DHE-RSA-AES128-SHA]
PASSED test_happy_path.py::test_s2n_server_happy_path[RSA_2048_SHA512-TLS1.1-P-521-S2N-DHE-RSA-AES256-SHA]
PASSED test_happy_path.py::test_s2n_server_happy_path[RSA_2048_SHA256-TLS1.2-P-384-S2N-ECDHE-RSA-AES256-SHA384]
PASSED test_happy_path.py::test_s2n_server_happy_path[RSA_2048_SHA512-TLS1.2-P-521-S2N-ECDHE-RSA-AES256-GCM-SHA384]
PASSED test_happy_path.py::test_s2n_server_happy_path[RSA_1024_SHA256-TLS1.2-P-256-S2N-DHE-RSA-AES256-GCM-SHA384]
PASSED test_happy_path.py::test_s2n_server_happy_path[RSA_1024_SHA384-TLS1.1-P-521-S2N-ECDHE-RSA-AES256-SHA]
PASSED test_happy_path.py::test_s2n_server_happy_path[RSA_1024_SHA512-TLS1.2-P-256-S2N-ECDHE-RSA-AES256-SHA]
PASSED test_happy_path.py::test_s2n_server_happy_path[RSA_2048_SHA384-TLS1.1-P-521-S2N-ECDHE-RSA-AES128-SHA]
PASSED test_happy_path.py::test_s2n_server_happy_path[RSA_2048_SHA512-TLS1.2-P-256-S2N-ECDHE-RSA-AES128-SHA]
PASSED test_happy_path.py::test_s2n_server_happy_path[RSA_2048_SHA256-TLS1.2-P-521-S2N-ECDHE-RSA-AES256-SHA384]
PASSED test_happy_path.py::test_s2n_server_happy_path[RSA_2048_SHA512-TLS1.2-P-384-S2N-ECDHE-RSA-AES256-GCM-SHA384]
PASSED test_happy_path.py::test_s2n_server_happy_path[RSA_1024_SHA512-TLS1.1-P-521-S2N-AES128-SHA]
PASSED test_happy_path.py::test_s2n_server_happy_path[RSA_1024_SHA256-TLS1.2-P-384-S2N-ECDHE-RSA-AES128-GCM-SHA256]
PASSED test_happy_path.py::test_s2n_server_happy_path[RSA_1024_SHA384-TLS1.3-P-521-S2N-TLS_AES_128_GCM_SHA256]
PASSED test_happy_path.py::test_s2n_server_happy_path[RSA_1024_SHA512-TLS1.0-P-521-S2N-ECDHE-RSA-AES128-SHA]
PASSED test_happy_path.py::test_s2n_server_happy_path[RSA_1024_SHA256-TLS1.2-P-521-S2N-ECDHE-RSA-AES128-GCM-SHA256]
PASSED test_happy_path.py::test_s2n_server_happy_path[RSA_2048_SHA512-SSLv3-P-256-S2N-ECDHE-RSA-AES256-SHA]
PASSED test_happy_path.py::test_s2n_server_happy_path[RSA_2048_SHA384-SSLv3-P-256-S2N-ECDHE-RSA-AES128-SHA]
PASSED test_happy_path.py::test_s2n_server_happy_path[RSA_1024_SHA384-TLS1.2-P-384-S2N-DHE-RSA-AES128-SHA]
PASSED test_happy_path.py::test_s2n_server_happy_path[RSA_1024_SHA384-SSLv3-P-256-S2N-ECDHE-RSA-AES256-SHA]
PASSED test_happy_path.py::test_s2n_server_happy_path[RSA_1024_SHA512-TLS1.2-P-384-S2N-ECDHE-RSA-CHACHA20-POLY1305]
PASSED test_happy_path.py::test_s2n_server_happy_path[RSA_1024_SHA256-TLS1.0-P-384-S2N-ECDHE-RSA-AES128-SHA]
PASSED test_happy_path.py::test_s2n_server_happy_path[RSA_2048_SHA384-TLS1.3-P-256-S2N-TLS_CHACHA20_POLY1305_SHA256]
PASSED test_happy_path.py::test_s2n_server_happy_path[RSA_1024_SHA512-TLS1.2-P-521-S2N-ECDHE-RSA-CHACHA20-POLY1305]
PASSED test_happy_path.py::test_s2n_server_happy_path[RSA_2048_SHA256-TLS1.2-P-256-S2N-DHE-RSA-AES256-GCM-SHA384]
PASSED test_happy_path.py::test_s2n_server_happy_path[RSA_2048_SHA512-TLS1.0-P-521-S2N-DHE-RSA-AES256-SHA]
PASSED test_happy_path.py::test_s2n_server_happy_path[RSA_2048_SHA512-TLS1.1-P-521-S2N-AES128-SHA]
PASSED test_happy_path.py::test_s2n_server_happy_path[RSA_2048_SHA256-TLS1.2-P-384-S2N-ECDHE-RSA-AES128-GCM-SHA256]
PASSED test_happy_path.py::test_s2n_server_happy_path[RSA_2048_SHA512-TLS1.2-P-521-S2N-ECDHE-RSA-CHACHA20-POLY1305]
PASSED test_happy_path.py::test_s2n_server_happy_path[RSA_1024_SHA384-TLS1.2-P-521-S2N-DHE-RSA-AES128-SHA]
PASSED test_happy_path.py::test_s2n_server_happy_path[RSA_1024_SHA256-TLS1.2-P-256-S2N-DHE-RSA-CHACHA20-POLY1305]
PASSED test_happy_path.py::test_s2n_server_happy_path[RSA_2048_SHA256-TLS1.0-P-384-S2N-DHE-RSA-AES128-SHA]
PASSED test_happy_path.py::test_s2n_server_happy_path[RSA_1024_SHA512-TLS1.2-P-256-S2N-ECDHE-RSA-AES128-SHA256]
PASSED test_happy_path.py::test_s2n_server_happy_path[RSA_2048_SHA384-TLS1.1-P-521-S2N-ECDHE-RSA-AES256-SHA]
PASSED test_happy_path.py::test_s2n_server_happy_path[RSA_2048_SHA512-TLS1.2-P-256-S2N-ECDHE-RSA-AES256-SHA]
PASSED test_happy_path.py::test_s2n_server_happy_path[RSA_2048_SHA512-TLS1.2-P-384-S2N-ECDHE-RSA-CHACHA20-POLY1305]
PASSED test_happy_path.py::test_s2n_server_happy_path[RSA_2048_SHA256-TLS1.2-P-521-S2N-ECDHE-RSA-AES128-GCM-SHA256]
PASSED test_happy_path.py::test_s2n_server_happy_path[RSA_1024_SHA512-TLS1.1-P-521-S2N-AES256-SHA]
PASSED test_happy_path.py::test_s2n_server_happy_path[RSA_1024_SHA256-TLS1.2-P-384-S2N-ECDHE-RSA-AES256-GCM-SHA384]
PASSED test_happy_path.py::test_s2n_server_happy_path[RSA_1024_SHA384-TLS1.3-P-521-S2N-TLS_AES_256_GCM_SHA384]
PASSED test_happy_path.py::test_s2n_server_happy_path[RSA_1024_SHA256-TLS1.2-P-521-S2N-ECDHE-RSA-AES256-GCM-SHA384]
PASSED test_happy_path.py::test_s2n_server_happy_path[RSA_1024_SHA512-TLS1.0-P-521-S2N-ECDHE-RSA-AES256-SHA]
PASSED test_happy_path.py::test_s2n_server_happy_path[RSA_2048_SHA384-SSLv3-P-256-S2N-ECDHE-RSA-AES256-SHA]
PASSED test_happy_path.py::test_s2n_server_happy_path[RSA_1024_SHA384-TLS1.2-P-384-S2N-DHE-RSA-AES256-SHA]
PASSED test_happy_path.py::test_s2n_server_happy_path[RSA_1024_SHA256-TLS1.0-P-384-S2N-ECDHE-RSA-AES256-SHA]
PASSED test_happy_path.py::test_s2n_server_happy_path[RSA_2048_SHA256-TLS1.2-P-256-S2N-DHE-RSA-CHACHA20-POLY1305]
PASSED test_happy_path.py::test_s2n_server_happy_path[RSA_2048_SHA512-TLS1.0-P-521-S2N-AES128-SHA]
PASSED test_happy_path.py::test_s2n_server_happy_path[RSA_3072_SHA256-TLS1.3-X25519-S2N-TLS_AES_128_GCM_SHA256]
PASSED test_happy_path.py::test_s2n_server_happy_path[RSA_2048_SHA256-TLS1.2-P-384-S2N-ECDHE-RSA-AES256-GCM-SHA384]
PASSED test_happy_path.py::test_s2n_server_happy_path[RSA_1024_SHA256-TLS1.2-P-256-S2N-AES128-SHA]
PASSED test_happy_path.py::test_s2n_server_happy_path[RSA_1024_SHA384-TLS1.2-P-521-S2N-DHE-RSA-AES256-SHA]
PASSED test_happy_path.py::test_s2n_server_happy_path[RSA_2048_SHA256-TLS1.0-P-384-S2N-DHE-RSA-AES256-SHA]
PASSED test_happy_path.py::test_s2n_server_happy_path[RSA_1024_SHA512-TLS1.3-X25519-S2N-TLS_AES_128_GCM_SHA256]
PASSED test_happy_path.py::test_s2n_server_happy_path[RSA_1024_SHA512-TLS1.2-P-256-S2N-ECDHE-RSA-AES256-SHA384]
PASSED test_happy_path.py::test_s2n_server_happy_path[RSA_1024_SHA384-TLS1.0-P-256-S2N-DHE-RSA-AES128-SHA]
PASSED test_happy_path.py::test_s2n_server_happy_path[RSA_2048_SHA512-TLS1.2-P-256-S2N-ECDHE-RSA-AES128-SHA256]
PASSED test_happy_path.py::test_s2n_server_happy_path[RSA_2048_SHA384-TLS1.3-P-384-S2N-TLS_AES_128_GCM_SHA256]
PASSED test_happy_path.py::test_s2n_server_happy_path[RSA_2048_SHA256-TLS1.2-P-521-S2N-ECDHE-RSA-AES256-GCM-SHA384]
PASSED test_happy_path.py::test_s2n_server_happy_path[RSA_1024_SHA512-TLS1.1-P-521-S2N-ECDHE-RSA-AES128-SHA]
PASSED test_happy_path.py::test_s2n_server_happy_path[RSA_1024_SHA384-TLS1.3-P-521-S2N-TLS_CHACHA20_POLY1305_SHA256]
PASSED test_happy_path.py::test_s2n_server_happy_path[RSA_1024_SHA256-TLS1.2-P-384-S2N-ECDHE-RSA-CHACHA20-POLY1305]
PASSED test_happy_path.py::test_s2n_server_happy_path[RSA_1024_SHA256-TLS1.2-P-521-S2N-ECDHE-RSA-CHACHA20-POLY1305]
PASSED test_happy_path.py::test_s2n_server_happy_path[RSA_1024_SHA384-TLS1.1-P-256-S2N-DHE-RSA-AES128-SHA]
PASSED test_happy_path.py::test_s2n_server_happy_path[RSA_1024_SHA384-TLS1.2-P-384-S2N-DHE-RSA-AES128-SHA256]
PASSED test_happy_path.py::test_s2n_server_happy_path[RSA_2048_SHA256-TLS1.2-P-256-S2N-AES128-SHA]
PASSED test_happy_path.py::test_s2n_server_happy_path[RSA_2048_SHA512-TLS1.0-P-521-S2N-AES256-SHA]
PASSED test_happy_path.py::test_s2n_server_happy_path[RSA_3072_SHA256-TLS1.3-X25519-S2N-TLS_AES_256_GCM_SHA384]
PASSED test_happy_path.py::test_s2n_server_happy_path[RSA_2048_SHA256-TLS1.2-P-384-S2N-ECDHE-RSA-CHACHA20-POLY1305]
PASSED test_happy_path.py::test_s2n_server_happy_path[RSA_1024_SHA512-TLS1.3-X25519-S2N-TLS_AES_256_GCM_SHA384]
PASSED test_happy_path.py::test_s2n_server_happy_path[RSA_2048_SHA512-TLS1.3-X25519-S2N-TLS_AES_128_GCM_SHA256]
PASSED test_happy_path.py::test_s2n_server_happy_path[RSA_1024_SHA256-TLS1.2-P-256-S2N-AES256-SHA]
PASSED test_happy_path.py::test_s2n_server_happy_path[RSA_4096_SHA256-TLS1.2-P-384-S2N-ECDHE-RSA-CHACHA20-POLY1305]
PASSED test_happy_path.py::test_s2n_server_happy_path[RSA_2048_SHA256-TLS1.0-P-384-S2N-AES128-SHA]
PASSED test_happy_path.py::test_s2n_server_happy_path[RSA_2048_SHA384-TLS1.3-P-384-S2N-TLS_AES_256_GCM_SHA384]
PASSED test_happy_path.py::test_s2n_server_happy_path[RSA_1024_SHA512-TLS1.2-P-256-S2N-ECDHE-RSA-AES128-GCM-SHA256]
PASSED test_happy_path.py::test_s2n_server_happy_path[RSA_1024_SHA384-TLS1.0-P-256-S2N-DHE-RSA-AES256-SHA]
PASSED test_happy_path.py::test_s2n_server_happy_path[RSA_2048_SHA512-TLS1.2-P-256-S2N-ECDHE-RSA-AES256-SHA384]
PASSED test_happy_path.py::test_s2n_server_happy_path[RSA_2048_SHA256-TLS1.2-P-521-S2N-ECDHE-RSA-CHACHA20-POLY1305]
PASSED test_happy_path.py::test_s2n_server_happy_path[RSA_1024_SHA512-TLS1.1-P-521-S2N-ECDHE-RSA-AES256-SHA]
PASSED test_happy_path.py::test_s2n_server_happy_path[RSA_2048_SHA384-TLS1.0-P-256-S2N-DHE-RSA-AES128-SHA]
PASSED test_happy_path.py::test_s2n_server_happy_path[RSA_1024_SHA512-SSLv3-P-256-S2N-DHE-RSA-AES128-SHA]
PASSED test_happy_path.py::test_s2n_server_happy_path[RSA_2048_SHA256-TLS1.2-P-256-S2N-AES256-SHA]
PASSED test_happy_path.py::test_s2n_server_happy_path[RSA_3072_SHA256-TLS1.3-X25519-S2N-TLS_CHACHA20_POLY1305_SHA256]
PASSED test_happy_path.py::test_s2n_server_happy_path[RSA_2048_SHA512-TLS1.0-P-521-S2N-ECDHE-RSA-AES128-SHA]
PASSED test_happy_path.py::test_s2n_server_happy_path[RSA_1024_SHA256-TLS1.0-P-521-S2N-DHE-RSA-AES128-SHA]
PASSED test_happy_path.py::test_s2n_server_happy_path[RSA_2048_SHA512-TLS1.3-X25519-S2N-TLS_AES_256_GCM_SHA384]
PASSED test_happy_path.py::test_s2n_server_happy_path[RSA_1024_SHA384-TLS1.2-P-256-S2N-DHE-RSA-AES128-SHA]
PASSED test_happy_path.py::test_s2n_server_happy_path[RSA_1024_SHA512-TLS1.3-X25519-S2N-TLS_CHACHA20_POLY1305_SHA256]
PASSED test_happy_path.py::test_s2n_server_happy_path[RSA_2048_SHA384-TLS1.3-P-384-S2N-TLS_CHACHA20_POLY1305_SHA256]
PASSED test_happy_path.py::test_s2n_server_happy_path[RSA_2048_SHA256-TLS1.0-P-384-S2N-AES256-SHA]
PASSED test_happy_path.py::test_s2n_server_happy_path[RSA_1024_SHA256-TLS1.2-P-256-S2N-AES128-SHA256]
PASSED test_happy_path.py::test_s2n_server_happy_path[RSA_1024_SHA512-TLS1.2-P-256-S2N-ECDHE-RSA-AES256-GCM-SHA384]
PASSED test_happy_path.py::test_s2n_server_happy_path[RSA_1024_SHA384-TLS1.0-P-256-S2N-AES128-SHA]
PASSED test_happy_path.py::test_s2n_server_happy_path[RSA_2048_SHA512-TLS1.2-P-256-S2N-ECDHE-RSA-AES128-GCM-SHA256]
PASSED test_happy_path.py::test_s2n_server_happy_path[RSA_3072_SHA256-TLS1.1-P-256-S2N-DHE-RSA-AES128-SHA]
PASSED test_happy_path.py::test_s2n_server_happy_path[RSA_4096_SHA256-TLS1.1-P-256-S2N-ECDHE-RSA-AES256-SHA]
PASSED test_happy_path.py::test_s2n_server_happy_path[RSA_2048_SHA384-TLS1.0-P-256-S2N-DHE-RSA-AES256-SHA]
PASSED test_happy_path.py::test_s2n_server_happy_path[RSA_4096_SHA256-TLS1.2-P-521-S2N-DHE-RSA-AES128-SHA]
PASSED test_happy_path.py::test_s2n_server_happy_path[RSA_3072_SHA256-TLS1.2-P-256-S2N-DHE-RSA-AES256-SHA]
PASSED test_happy_path.py::test_s2n_server_happy_path[RSA_1024_SHA512-SSLv3-P-256-S2N-DHE-RSA-AES256-SHA]
PASSED test_happy_path.py::test_s2n_server_happy_path[RSA_3072_SHA384-TLS1.3-P-521-S2N-TLS_AES_128_GCM_SHA256]
PASSED test_happy_path.py::test_s2n_server_happy_path[RSA_2048_SHA256-TLS1.2-P-256-S2N-AES128-SHA256]
PASSED test_happy_path.py::test_s2n_server_happy_path[RSA_4096_SHA256-TLS1.0-P-521-S2N-DHE-RSA-AES128-SHA]
PASSED test_happy_path.py::test_s2n_server_happy_path[RSA_2048_SHA512-TLS1.0-P-521-S2N-ECDHE-RSA-AES256-SHA]
PASSED test_happy_path.py::test_s2n_server_happy_path[RSA_3072_SHA256-TLS1.0-P-256-S2N-DHE-RSA-AES128-SHA]
PASSED test_happy_path.py::test_s2n_server_happy_path[RSA_3072_SHA384-TLS1.2-P-521-S2N-DHE-RSA-AES128-SHA]
PASSED test_happy_path.py::test_s2n_server_happy_path[RSA_1024_SHA256-TLS1.0-P-521-S2N-DHE-RSA-AES256-SHA]
PASSED test_happy_path.py::test_s2n_server_happy_path[RSA_2048_SHA512-TLS1.3-X25519-S2N-TLS_CHACHA20_POLY1305_SHA256]
PASSED test_happy_path.py::test_s2n_server_happy_path[RSA_1024_SHA384-TLS1.2-P-256-S2N-DHE-RSA-AES256-SHA]
PASSED test_happy_path.py::test_s2n_server_happy_path[RSA_1024_SHA256-TLS1.2-P-256-S2N-AES256-SHA256]
PASSED test_happy_path.py::test_s2n_server_happy_path[RSA_2048_SHA256-TLS1.0-P-384-S2N-ECDHE-RSA-AES128-SHA]
PASSED test_happy_path.py::test_s2n_server_happy_path[RSA_1024_SHA512-TLS1.2-P-256-S2N-ECDHE-RSA-CHACHA20-POLY1305]
PASSED test_happy_path.py::test_s2n_server_happy_path[RSA_1024_SHA384-TLS1.0-P-256-S2N-AES256-SHA]
PASSED test_happy_path.py::test_s2n_server_happy_path[RSA_3072_SHA256-SSLv3-P-256-S2N-DHE-RSA-AES128-SHA]
PASSED test_happy_path.py::test_s2n_server_happy_path[RSA_4096_SHA256-TLS1.0-P-256-S2N-DHE-RSA-AES128-SHA]
PASSED test_happy_path.py::test_s2n_server_happy_path[RSA_2048_SHA512-TLS1.2-P-256-S2N-ECDHE-RSA-AES256-GCM-SHA384]
PASSED test_happy_path.py::test_s2n_server_happy_path[RSA_3072_SHA256-TLS1.3-P-256-S2N-TLS_AES_128_GCM_SHA256]
PASSED test_happy_path.py::test_s2n_server_happy_path[RSA_3072_SHA256-TLS1.1-P-256-S2N-DHE-RSA-AES256-SHA]
PASSED test_happy_path.py::test_s2n_server_happy_path[RSA_2048_SHA384-TLS1.0-P-256-S2N-AES128-SHA]
PASSED test_happy_path.py::test_s2n_server_happy_path[RSA_4096_SHA256-TLS1.2-P-521-S2N-DHE-RSA-AES256-SHA]
PASSED test_happy_path.py::test_s2n_server_happy_path[RSA_3072_SHA256-TLS1.2-P-256-S2N-DHE-RSA-AES128-SHA256]
PASSED test_happy_path.py::test_s2n_server_happy_path[RSA_3072_SHA384-TLS1.3-P-521-S2N-TLS_AES_256_GCM_SHA384]
PASSED test_happy_path.py::test_s2n_server_happy_path[RSA_1024_SHA512-TLS1.3-P-256-S2N-TLS_AES_128_GCM_SHA256]
PASSED test_happy_path.py::test_s2n_server_happy_path[RSA_1024_SHA512-SSLv3-P-256-S2N-AES128-SHA]
PASSED test_happy_path.py::test_s2n_server_happy_path[RSA_2048_SHA256-TLS1.2-P-256-S2N-AES256-SHA256]
PASSED test_happy_path.py::test_s2n_server_happy_path[RSA_2048_SHA384-TLS1.3-P-521-S2N-TLS_AES_128_GCM_SHA256]
PASSED test_happy_path.py::test_s2n_server_happy_path[RSA_4096_SHA256-TLS1.0-P-521-S2N-DHE-RSA-AES256-SHA]
PASSED test_happy_path.py::test_s2n_server_happy_path[RSA_3072_SHA384-TLS1.2-P-521-S2N-DHE-RSA-AES256-SHA]
PASSED test_happy_path.py::test_s2n_server_happy_path[RSA_3072_SHA256-TLS1.0-P-256-S2N-DHE-RSA-AES256-SHA]
PASSED test_happy_path.py::test_s2n_server_happy_path[RSA_1024_SHA256-TLS1.0-P-521-S2N-AES128-SHA]
PASSED test_happy_path.py::test_s2n_server_happy_path[RSA_3072_SHA256-TLS1.2-P-384-S2N-DHE-RSA-AES128-SHA]
PASSED test_happy_path.py::test_s2n_server_happy_path[RSA_1024_SHA384-TLS1.2-P-256-S2N-DHE-RSA-AES128-SHA256]
PASSED test_happy_path.py::test_s2n_server_happy_path[RSA_1024_SHA256-TLS1.2-P-256-S2N-ECDHE-RSA-AES128-SHA]
PASSED test_happy_path.py::test_s2n_server_happy_path[RSA_4096_SHA256-TLS1.2-P-384-S2N-DHE-RSA-AES128-SHA]
PASSED test_happy_path.py::test_s2n_server_happy_path[RSA_3072_SHA256-SSLv3-P-256-S2N-DHE-RSA-AES256-SHA]
PASSED test_happy_path.py::test_s2n_server_happy_path[RSA_1024_SHA384-TLS1.0-P-256-S2N-ECDHE-RSA-AES128-SHA]
PASSED test_happy_path.py::test_s2n_server_happy_path[RSA_2048_SHA256-TLS1.0-P-384-S2N-ECDHE-RSA-AES256-SHA]
PASSED test_happy_path.py::test_s2n_server_happy_path[RSA_4096_SHA256-TLS1.0-P-256-S2N-DHE-RSA-AES256-SHA]
PASSED test_happy_path.py::test_s2n_server_happy_path[RSA_2048_SHA512-TLS1.2-P-256-S2N-ECDHE-RSA-CHACHA20-POLY1305]
PASSED test_happy_path.py::test_s2n_server_happy_path[RSA_3072_SHA256-TLS1.3-P-256-S2N-TLS_AES_256_GCM_SHA384]
[...]
PASSED test_happy_path.py::test_s2n_client_happy_path[RSA_4096_SHA512-TLS1.1-P-384-S2N-DHE-RSA-AES128-SHA]
PASSED test_happy_path.py::test_s2n_client_happy_path[RSA_4096_SHA256-TLS1.0-P-521-S2N-ECDHE-RSA-AES128-SHA]
PASSED test_happy_path.py::test_s2n_client_happy_path[RSA_4096_SHA512-TLS1.2-P-384-S2N-AES256-SHA256]
PASSED test_happy_path.py::test_s2n_client_happy_path[RSA_4096_SHA384-TLS1.2-P-521-S2N-ECDHE-RSA-AES128-GCM-SHA256]
PASSED test_happy_path.py::test_s2n_client_happy_path[RSA_4096_SHA512-TLS1.2-P-384-S2N-DHE-RSA-AES128-SHA256]
PASSED test_happy_path.py::test_s2n_client_happy_path[RSA_4096_SHA512-TLS1.2-P-384-S2N-AES128-SHA]
PASSED test_happy_path.py::test_s2n_client_happy_path[RSA_4096_SHA512-TLS1.2-P-521-S2N-ECDHE-RSA-AES128-SHA]
PASSED test_happy_path.py::test_s2n_client_happy_path[RSA_4096_SHA384-TLS1.0-P-384-S2N-ECDHE-RSA-AES256-SHA]
PASSED test_happy_path.py::test_s2n_client_happy_path[RSA_4096_SHA512-TLS1.2-P-521-S2N-ECDHE-RSA-AES128-GCM-SHA256]
PASSED test_happy_path.py::test_s2n_client_happy_path[RSA_4096_SHA512-TLS1.1-P-521-S2N-AES128-SHA]
PASSED test_happy_path.py::test_s2n_client_happy_path[RSA_4096_SHA512-TLS1.2-P-521-S2N-DHE-RSA-AES256-SHA]
PASSED test_happy_path.py::test_s2n_client_happy_path[RSA_4096_SHA384-TLS1.2-P-256-S2N-ECDHE-RSA-CHACHA20-POLY1305]
PASSED test_happy_path.py::test_s2n_client_happy_path[RSA_4096_SHA512-TLS1.2-P-256-S2N-ECDHE-RSA-AES256-SHA]
PASSED test_happy_path.py::test_s2n_client_happy_path[RSA_4096_SHA512-TLS1.1-P-521-S2N-DHE-RSA-AES128-SHA]
PASSED test_happy_path.py::test_s2n_client_happy_path[RSA_4096_SHA512-TLS1.0-P-256-S2N-ECDHE-RSA-AES128-SHA]
PASSED test_happy_path.py::test_s2n_client_happy_path[RSA_4096_SHA512-TLS1.2-P-384-S2N-ECDHE-RSA-CHACHA20-POLY1305]
PASSED test_happy_path.py::test_s2n_client_happy_path[RSA_4096_SHA512-TLS1.2-P-256-S2N-DHE-RSA-CHACHA20-POLY1305]
PASSED test_happy_path.py::test_s2n_client_happy_path[RSA_4096_SHA512-TLS1.0-P-384-S2N-AES128-SHA]
PASSED test_happy_path.py::test_s2n_client_happy_path[RSA_4096_SHA384-TLS1.1-P-521-S2N-AES256-SHA]
PASSED test_happy_path.py::test_s2n_client_happy_path[RSA_4096_SHA512-TLS1.0-P-384-S2N-DHE-RSA-AES128-SHA]
PASSED test_happy_path.py::test_s2n_client_happy_path[RSA_4096_SHA512-TLS1.1-P-256-S2N-DHE-RSA-AES256-SHA]
PASSED test_happy_path.py::test_s2n_client_happy_path[RSA_4096_SHA512-TLS1.0-P-521-S2N-AES128-SHA]
PASSED test_happy_path.py::test_s2n_client_happy_path[RSA_4096_SHA512-TLS1.0-P-521-S2N-ECDHE-RSA-AES256-SHA]
PASSED test_happy_path.py::test_s2n_client_happy_path[RSA_4096_SHA512-TLS1.2-P-521-S2N-DHE-RSA-AES256-GCM-SHA384]
PASSED test_happy_path.py::test_s2n_client_happy_path[RSA_4096_SHA512-TLS1.0-P-521-S2N-DHE-RSA-AES128-SHA]
PASSED test_happy_path.py::test_s2n_client_happy_path[RSA_4096_SHA512-TLS1.1-P-256-S2N-ECDHE-RSA-AES256-SHA]
PASSED test_happy_path.py::test_s2n_client_happy_path[RSA_4096_SHA512-TLS1.1-P-384-S2N-ECDHE-RSA-AES256-SHA]
PASSED test_happy_path.py::test_s2n_client_happy_path[RSA_4096_SHA256-TLS1.0-P-521-S2N-ECDHE-RSA-AES256-SHA]
PASSED test_happy_path.py::test_s2n_client_happy_path[RSA_4096_SHA512-TLS1.1-P-384-S2N-DHE-RSA-AES256-SHA]
PASSED test_happy_path.py::test_s2n_client_happy_path[RSA_4096_SHA512-TLS1.2-P-384-S2N-ECDHE-RSA-AES128-SHA]
PASSED test_happy_path.py::test_s2n_client_happy_path[RSA_4096_SHA384-TLS1.2-P-521-S2N-ECDHE-RSA-AES256-GCM-SHA384]
PASSED test_happy_path.py::test_s2n_client_happy_path[RSA_4096_SHA512-TLS1.2-P-384-S2N-DHE-RSA-AES256-SHA256]
PASSED test_happy_path.py::test_s2n_client_happy_path[RSA_4096_SHA512-TLS1.2-P-384-S2N-AES256-SHA]
PASSED test_happy_path.py::test_s2n_client_happy_path[RSA_4096_SHA512-SSLv3-P-256-S2N-ECDHE-RSA-AES256-SHA]
PASSED test_happy_path.py::test_s2n_client_happy_path[RSA_4096_SHA512-TLS1.2-P-521-S2N-ECDHE-RSA-AES256-SHA]
PASSED test_happy_path.py::test_s2n_client_happy_path[RSA_4096_SHA512-SSLv3-P-256-S2N-DHE-RSA-AES128-SHA]
PASSED test_happy_path.py::test_s2n_client_happy_path[RSA_4096_SHA512-TLS1.0-P-256-S2N-DHE-RSA-AES128-SHA]
PASSED test_happy_path.py::test_s2n_client_happy_path[RSA_4096_SHA512-TLS1.1-P-521-S2N-AES256-SHA]
PASSED test_happy_path.py::test_s2n_client_happy_path[ECDSA_256-TLS1.3-P-256-S2N-TLS_CHACHA20_POLY1305_SHA256]
PASSED test_happy_path.py::test_s2n_client_happy_path[RSA_4096_SHA512-TLS1.2-P-521-S2N-ECDHE-RSA-AES256-GCM-SHA384]
PASSED test_happy_path.py::test_s2n_client_happy_path[RSA_4096_SHA512-TLS1.2-P-256-S2N-ECDHE-RSA-AES128-SHA256]
PASSED test_happy_path.py::test_s2n_client_happy_path[ECDSA_256-TLS1.3-P-256-S2N-TLS_AES_128_GCM_SHA256]
PASSED test_happy_path.py::test_s2n_client_happy_path[RSA_4096_SHA512-TLS1.1-P-521-S2N-DHE-RSA-AES256-SHA]
PASSED test_happy_path.py::test_s2n_client_happy_path[RSA_4096_SHA512-TLS1.2-P-521-S2N-DHE-RSA-AES128-SHA256]
PASSED test_happy_path.py::test_s2n_client_happy_path[RSA_4096_SHA512-TLS1.0-P-256-S2N-ECDHE-RSA-AES256-SHA]
PASSED test_happy_path.py::test_s2n_client_happy_path[RSA_4096_SHA512-TLS1.2-P-256-S2N-AES128-SHA]
PASSED test_happy_path.py::test_s2n_client_happy_path[ECDSA_256-TLS1.2-P-256-S2N-ECDHE-ECDSA-AES128-GCM-SHA256]
PASSED test_happy_path.py::test_s2n_client_happy_path[ECDSA_256-TLS1.2-P-256-S2N-ECDHE-ECDSA-AES256-SHA384]
PASSED test_happy_path.py::test_s2n_client_happy_path[RSA_4096_SHA384-TLS1.1-P-521-S2N-ECDHE-RSA-AES128-SHA]
PASSED test_happy_path.py::test_s2n_client_happy_path[RSA_4096_SHA512-TLS1.0-P-384-S2N-AES256-SHA]
PASSED test_happy_path.py::test_s2n_client_happy_path[RSA_4096_SHA512-TLS1.0-P-384-S2N-DHE-RSA-AES256-SHA]
PASSED test_happy_path.py::test_s2n_client_happy_path[RSA_4096_SHA512-TLS1.1-P-256-S2N-AES128-SHA]
PASSED test_happy_path.py::test_s2n_client_happy_path[RSA_4096_SHA512-TLS1.0-P-521-S2N-AES256-SHA]
PASSED test_happy_path.py::test_s2n_client_happy_path[RSA_4096_SHA512-TLS1.2-P-521-S2N-DHE-RSA-CHACHA20-POLY1305]
PASSED test_happy_path.py::test_s2n_client_happy_path[RSA_4096_SHA512-TLS1.0-P-521-S2N-DHE-RSA-AES256-SHA]
PASSED test_happy_path.py::test_s2n_client_happy_path[RSA_4096_SHA512-TLS1.1-P-384-S2N-AES128-SHA]
PASSED test_happy_path.py::test_s2n_client_happy_path[RSA_4096_SHA512-SSLv3-P-256-S2N-AES128-SHA]
PASSED test_happy_path.py::test_s2n_client_happy_path[RSA_4096_SHA512-TLS1.2-P-384-S2N-ECDHE-RSA-AES256-SHA]
PASSED test_happy_path.py::test_s2n_client_happy_path[RSA_4096_SHA384-TLS1.2-P-521-S2N-ECDHE-RSA-CHACHA20-POLY1305]
PASSED test_happy_path.py::test_s2n_client_happy_path[RSA_4096_SHA512-TLS1.2-P-384-S2N-DHE-RSA-AES128-GCM-SHA256]
PASSED test_happy_path.py::test_s2n_client_happy_path[RSA_4096_SHA512-TLS1.2-P-384-S2N-AES128-SHA256]
PASSED test_happy_path.py::test_s2n_client_happy_path[ECDSA_256-TLS1.0-P-256-S2N-ECDHE-ECDSA-AES256-SHA]
PASSED test_happy_path.py::test_s2n_client_happy_path[RSA_4096_SHA512-SSLv3-P-256-S2N-DHE-RSA-AES256-SHA]
PASSED test_happy_path.py::test_s2n_client_happy_path[RSA_4096_SHA512-TLS1.0-P-256-S2N-DHE-RSA-AES256-SHA]
PASSED test_happy_path.py::test_s2n_client_happy_path[ECDSA_256-TLS1.0-P-256-S2N-ECDHE-ECDSA-AES128-SHA]
PASSED test_happy_path.py::test_s2n_client_happy_path[RSA_4096_SHA512-TLS1.1-P-521-S2N-ECDHE-RSA-AES128-SHA]
PASSED test_happy_path.py::test_s2n_client_happy_path[ECDSA_256-TLS1.1-P-256-S2N-ECDHE-ECDSA-AES128-SHA]
PASSED test_happy_path.py::test_s2n_client_happy_path[ECDSA_256-TLS1.3-P-256-S2N-TLS_AES_256_GCM_SHA384]
PASSED test_happy_path.py::test_s2n_client_happy_path[RSA_4096_SHA512-TLS1.2-P-521-S2N-ECDHE-RSA-AES128-SHA256]
PASSED test_happy_path.py::test_s2n_client_happy_path[RSA_4096_SHA512-TLS1.2-P-521-S2N-ECDHE-RSA-CHACHA20-POLY1305]
PASSED test_happy_path.py::test_s2n_client_happy_path[RSA_4096_SHA512-TLS1.2-P-256-S2N-ECDHE-RSA-AES256-SHA384]
PASSED test_happy_path.py::test_s2n_client_happy_path[ECDSA_256-SSLv3-P-256-S2N-ECDHE-ECDSA-AES128-SHA]
PASSED test_happy_path.py::test_s2n_client_happy_path[RSA_4096_SHA512-TLS1.2-P-521-S2N-DHE-RSA-AES256-SHA256]
PASSED test_happy_path.py::test_s2n_client_happy_path[ECDSA_384-TLS1.2-P-384-S2N-ECDHE-ECDSA-AES256-SHA384]
PASSED test_happy_path.py::test_s2n_client_happy_path[ECDSA_256-TLS1.2-P-256-S2N-ECDHE-ECDSA-CHACHA20-POLY1305]
PASSED test_happy_path.py::test_s2n_client_happy_path[ECDSA_256-TLS1.2-P-256-S2N-ECDHE-ECDSA-AES256-GCM-SHA384]
PASSED test_happy_path.py::test_s2n_client_happy_path[ECDSA_256-TLS1.2-P-256-S2N-ECDHE-ECDSA-AES128-SHA]
PASSED test_happy_path.py::test_s2n_client_happy_path[RSA_4096_SHA384-TLS1.1-P-521-S2N-ECDHE-RSA-AES256-SHA]
PASSED test_happy_path.py::test_s2n_client_happy_path[RSA_4096_SHA512-TLS1.0-P-384-S2N-ECDHE-RSA-AES128-SHA]
PASSED test_happy_path.py::test_s2n_client_happy_path[ECDSA_384-TLS1.1-P-384-S2N-ECDHE-ECDSA-AES128-SHA]
PASSED test_happy_path.py::test_s2n_client_happy_path[ECDSA_384-TLS1.1-P-384-S2N-ECDHE-ECDSA-AES256-SHA]
PASSED test_happy_path.py::test_s2n_client_happy_path[RSA_4096_SHA512-TLS1.1-P-256-S2N-AES256-SHA]
PASSED test_happy_path.py::test_s2n_client_happy_path[RSA_4096_SHA512-TLS1.0-P-521-S2N-ECDHE-RSA-AES128-SHA]
PASSED test_happy_path.py::test_s2n_client_happy_path[ECDSA_256-TLS1.1-P-256-S2N-ECDHE-ECDSA-AES256-SHA]
PASSED test_happy_path.py::test_s2n_client_happy_path[RSA_4096_SHA512-TLS1.2-P-521-S2N-AES128-SHA]
PASSED test_happy_path.py::test_s2n_client_happy_path[RSA_4096_SHA512-TLS1.1-P-384-S2N-AES256-SHA]
PASSED test_happy_path.py::test_s2n_client_happy_path[RSA_4096_SHA512-TLS1.2-P-384-S2N-ECDHE-RSA-AES128-SHA256]
PASSED test_happy_path.py::test_s2n_client_happy_path[RSA_4096_SHA512-SSLv3-P-256-S2N-AES256-SHA]
PASSED test_happy_path.py::test_s2n_client_happy_path[ECDSA_384-TLS1.3-P-384-S2N-TLS_AES_256_GCM_SHA384]
PASSED test_happy_path.py::test_s2n_client_happy_path[ECDSA_256-SSLv3-P-256-S2N-ECDHE-ECDSA-AES256-SHA]
PASSED test_happy_path.py::test_s2n_client_happy_path[ECDSA_384-TLS1.2-P-384-S2N-ECDHE-ECDSA-AES256-GCM-SHA384]
PASSED test_happy_path.py::test_s2n_client_happy_path[RSA_4096_SHA512-TLS1.0-P-256-S2N-AES128-SHA]
PASSED test_happy_path.py::test_s2n_client_happy_path[ECDSA_384-TLS1.3-P-384-S2N-TLS_AES_128_GCM_SHA256]
PASSED test_happy_path.py::test_s2n_client_happy_path[RSA_4096_SHA512-TLS1.1-P-521-S2N-ECDHE-RSA-AES256-SHA]
PASSED test_happy_path.py::test_s2n_client_happy_path[ECDSA_521-TLS1.2-P-521-S2N-ECDHE-ECDSA-AES128-GCM-SHA256]
PASSED test_happy_path.py::test_s2n_client_happy_path[ECDSA_521-TLS1.2-P-521-S2N-ECDHE-ECDSA-AES256-GCM-SHA384]
PASSED test_happy_path.py::test_s2n_client_happy_path[ECDSA_384-TLS1.2-P-384-S2N-ECDHE-ECDSA-AES256-SHA]
PASSED test_happy_path.py::test_s2n_client_happy_path[ECDSA_521-TLS1.2-P-521-S2N-ECDHE-ECDSA-AES128-SHA]
PASSED test_happy_path.py::test_s2n_client_happy_path[ECDSA_521-TLS1.2-P-521-S2N-ECDHE-ECDSA-AES128-SHA256]
PASSED test_happy_path.py::test_s2n_client_happy_path[ECDSA_384-TLS1.2-P-384-S2N-ECDHE-ECDSA-AES128-GCM-SHA256]
PASSED test_happy_path.py::test_s2n_client_happy_path[ECDSA_384-TLS1.2-P-384-S2N-ECDHE-ECDSA-AES128-SHA]
PASSED test_happy_path.py::test_s2n_client_happy_path[ECDSA_256-TLS1.2-P-256-S2N-ECDHE-ECDSA-AES128-SHA256]
PASSED test_happy_path.py::test_s2n_client_happy_path[ECDSA_256-TLS1.2-P-256-S2N-ECDHE-ECDSA-AES256-SHA]
PASSED test_happy_path.py::test_s2n_client_happy_path[ECDSA_521-TLS1.1-P-521-S2N-ECDHE-ECDSA-AES128-SHA]
PASSED test_happy_path.py::test_s2n_client_happy_path[ECDSA_521-TLS1.1-P-521-S2N-ECDHE-ECDSA-AES256-SHA]
PASSED test_happy_path.py::test_s2n_client_happy_path[ECDSA_384-TLS1.0-P-384-S2N-ECDHE-ECDSA-AES256-SHA]
PASSED test_happy_path.py::test_s2n_client_happy_path[RSA_4096_SHA512-TLS1.0-P-384-S2N-ECDHE-RSA-AES256-SHA]
PASSED test_happy_path.py::test_s2n_client_happy_path[RSA_PSS_2048_SHA256-TLS1.3-X25519-S2N-TLS_AES_128_GCM_SHA256]
PASSED test_happy_path.py::test_s2n_client_happy_path[RSA_PSS_2048_SHA256-TLS1.3-X25519-S2N-TLS_AES_256_GCM_SHA384]
PASSED test_happy_path.py::test_s2n_client_happy_path[ECDSA_521-TLS1.3-P-521-S2N-TLS_AES_256_GCM_SHA384]
PASSED test_happy_path.py::test_s2n_client_happy_path[ECDSA_384-TLS1.0-P-384-S2N-ECDHE-ECDSA-AES128-SHA]
PASSED test_happy_path.py::test_s2n_client_happy_path[RSA_PSS_2048_SHA256-TLS1.3-X25519-S2N-TLS_CHACHA20_POLY1305_SHA256]
PASSED test_happy_path.py::test_s2n_client_happy_path[ECDSA_521-TLS1.3-P-521-S2N-TLS_AES_128_GCM_SHA256]
PASSED test_happy_path.py::test_s2n_client_happy_path[RSA_4096_SHA512-TLS1.2-P-521-S2N-AES256-SHA]
PASSED test_happy_path.py::test_s2n_client_happy_path[RSA_PSS_2048_SHA256-TLS1.3-P-256-S2N-TLS_CHACHA20_POLY1305_SHA256]
PASSED test_happy_path.py::test_s2n_client_happy_path[RSA_4096_SHA512-TLS1.2-P-384-S2N-ECDHE-RSA-AES256-SHA384]
PASSED test_happy_path.py::test_s2n_client_happy_path[RSA_PSS_2048_SHA256-TLS1.3-P-384-S2N-TLS_AES_128_GCM_SHA256]
PASSED test_happy_path.py::test_s2n_client_happy_path[RSA_PSS_2048_SHA256-TLS1.3-P-256-S2N-TLS_AES_256_GCM_SHA384]
PASSED test_happy_path.py::test_s2n_client_happy_path[ECDSA_384-TLS1.2-P-384-S2N-ECDHE-ECDSA-AES128-SHA256]
PASSED test_happy_path.py::test_s2n_client_happy_path[RSA_PSS_2048_SHA256-TLS1.3-P-384-S2N-TLS_AES_256_GCM_SHA384]
PASSED test_happy_path.py::test_s2n_client_happy_path[ECDSA_384-TLS1.3-P-384-S2N-TLS_CHACHA20_POLY1305_SHA256]
PASSED test_happy_path.py::test_s2n_client_happy_path[RSA_4096_SHA512-TLS1.0-P-256-S2N-AES256-SHA]
PASSED test_happy_path.py::test_s2n_client_happy_path[ECDSA_521-TLS1.2-P-521-S2N-ECDHE-ECDSA-AES256-SHA]
PASSED test_happy_path.py::test_s2n_client_happy_path[ECDSA_521-TLS1.2-P-521-S2N-ECDHE-ECDSA-AES256-SHA384]
PASSED test_happy_path.py::test_s2n_client_happy_path[ECDSA_384-TLS1.2-P-384-S2N-ECDHE-ECDSA-CHACHA20-POLY1305]
PASSED test_happy_path.py::test_s2n_client_happy_path[ECDSA_521-TLS1.2-P-521-S2N-ECDHE-ECDSA-CHACHA20-POLY1305]
PASSED test_happy_path.py::test_s2n_client_happy_path[RSA_4096_SHA512-SSLv3-P-256-S2N-ECDHE-RSA-AES128-SHA]
PASSED test_happy_path.py::test_s2n_client_happy_path[RSA_PSS_2048_SHA256-TLS1.3-P-521-S2N-TLS_AES_128_GCM_SHA256]
PASSED test_happy_path.py::test_s2n_client_happy_path[ECDSA_521-TLS1.0-P-521-S2N-ECDHE-ECDSA-AES256-SHA]
PASSED test_happy_path.py::test_s2n_client_happy_path[ECDSA_521-TLS1.0-P-521-S2N-ECDHE-ECDSA-AES128-SHA]
PASSED test_happy_path.py::test_s2n_client_happy_path[ECDSA_521-TLS1.3-P-521-S2N-TLS_CHACHA20_POLY1305_SHA256]
PASSED test_happy_path.py::test_s2n_client_happy_path[RSA_PSS_2048_SHA256-TLS1.3-P-256-S2N-TLS_AES_128_GCM_SHA256]
PASSED test_happy_path.py::test_s2n_client_happy_path[RSA_4096_SHA512-TLS1.2-P-521-S2N-AES128-SHA256]
PASSED test_happy_path.py::test_s2n_client_happy_path[RSA_PSS_2048_SHA256-TLS1.3-P-384-S2N-TLS_CHACHA20_POLY1305_SHA256]
PASSED test_happy_path.py::test_s2n_client_happy_path[RSA_PSS_2048_SHA256-TLS1.3-P-521-S2N-TLS_AES_256_GCM_SHA384]
PASSED test_happy_path.py::test_s2n_client_happy_path[RSA_PSS_2048_SHA256-TLS1.2-P-256-S2N-DHE-RSA-AES128-GCM-SHA256]
PASSED test_happy_path.py::test_s2n_client_happy_path[RSA_PSS_2048_SHA256-TLS1.2-P-256-S2N-DHE-RSA-AES128-SHA]
PASSED test_happy_path.py::test_s2n_client_happy_path[RSA_PSS_2048_SHA256-TLS1.3-P-521-S2N-TLS_CHACHA20_POLY1305_SHA256]
PASSED test_happy_path.py::test_s2n_client_happy_path[RSA_PSS_2048_SHA256-TLS1.2-P-256-S2N-ECDHE-RSA-AES256-SHA]
PASSED test_happy_path.py::test_s2n_client_happy_path[RSA_PSS_2048_SHA256-TLS1.2-P-256-S2N-DHE-RSA-CHACHA20-POLY1305]
PASSED test_happy_path.py::test_s2n_client_happy_path[RSA_PSS_2048_SHA256-TLS1.2-P-256-S2N-ECDHE-RSA-AES128-GCM-SHA256]
PASSED test_happy_path.py::test_s2n_client_happy_path[RSA_PSS_2048_SHA256-TLS1.2-P-384-S2N-DHE-RSA-CHACHA20-POLY1305]
PASSED test_happy_path.py::test_s2n_client_happy_path[RSA_PSS_2048_SHA256-TLS1.2-P-384-S2N-DHE-RSA-AES256-SHA]
PASSED test_happy_path.py::test_s2n_client_happy_path[RSA_PSS_2048_SHA256-TLS1.2-P-384-S2N-DHE-RSA-AES128-GCM-SHA256]
PASSED test_happy_path.py::test_s2n_client_happy_path[RSA_PSS_2048_SHA256-TLS1.2-P-384-S2N-DHE-RSA-AES128-SHA256]
PASSED test_happy_path.py::test_s2n_client_happy_path[RSA_PSS_2048_SHA256-TLS1.2-P-384-S2N-ECDHE-RSA-AES128-SHA256]
PASSED test_happy_path.py::test_s2n_client_happy_path[RSA_PSS_2048_SHA256-TLS1.2-P-384-S2N-ECDHE-RSA-AES256-SHA]
PASSED test_happy_path.py::test_s2n_client_happy_path[RSA_PSS_2048_SHA256-TLS1.2-P-384-S2N-DHE-RSA-AES128-SHA]
PASSED test_happy_path.py::test_s2n_client_happy_path[RSA_PSS_2048_SHA256-TLS1.2-P-384-S2N-DHE-RSA-AES256-SHA256]
PASSED test_happy_path.py::test_s2n_client_happy_path[RSA_PSS_2048_SHA256-TLS1.2-P-384-S2N-ECDHE-RSA-AES256-SHA384]
PASSED test_happy_path.py::test_s2n_client_happy_path[RSA_PSS_2048_SHA256-TLS1.2-P-256-S2N-DHE-RSA-AES256-SHA]
PASSED test_happy_path.py::test_s2n_client_happy_path[RSA_PSS_2048_SHA256-TLS1.2-P-256-S2N-DHE-RSA-AES256-SHA256]
PASSED test_happy_path.py::test_s2n_client_happy_path[RSA_PSS_2048_SHA256-TLS1.2-P-256-S2N-DHE-RSA-AES128-SHA256]
PASSED test_happy_path.py::test_s2n_client_happy_path[RSA_PSS_2048_SHA256-TLS1.2-P-521-S2N-DHE-RSA-AES128-SHA256]
PASSED test_happy_path.py::test_s2n_client_happy_path[RSA_PSS_2048_SHA256-TLS1.2-P-521-S2N-DHE-RSA-AES256-SHA]
PASSED test_happy_path.py::test_s2n_client_happy_path[RSA_PSS_2048_SHA256-TLS1.2-P-521-S2N-DHE-RSA-AES256-SHA256]
PASSED test_happy_path.py::test_s2n_client_happy_path[RSA_PSS_2048_SHA256-TLS1.2-P-521-S2N-DHE-RSA-AES128-GCM-SHA256]
PASSED test_happy_path.py::test_s2n_client_happy_path[RSA_PSS_2048_SHA256-TLS1.2-P-521-S2N-DHE-RSA-CHACHA20-POLY1305]
PASSED test_happy_path.py::test_s2n_client_happy_path[RSA_PSS_2048_SHA256-TLS1.2-P-256-S2N-ECDHE-RSA-CHACHA20-POLY1305]
PASSED test_happy_path.py::test_s2n_client_happy_path[RSA_PSS_2048_SHA256-TLS1.2-P-521-S2N-DHE-RSA-AES256-GCM-SHA384]
PASSED test_happy_path.py::test_s2n_client_happy_path[RSA_PSS_2048_SHA256-TLS1.2-P-521-S2N-ECDHE-RSA-AES128-SHA]
PASSED test_happy_path.py::test_s2n_client_happy_path[RSA_PSS_2048_SHA256-TLS1.2-P-384-S2N-DHE-RSA-AES256-GCM-SHA384]
PASSED test_happy_path.py::test_s2n_client_happy_path[RSA_PSS_2048_SHA256-TLS1.2-P-256-S2N-DHE-RSA-AES256-GCM-SHA384]
PASSED test_happy_path.py::test_s2n_client_happy_path[RSA_PSS_2048_SHA256-TLS1.2-P-256-S2N-ECDHE-RSA-AES128-SHA]
PASSED test_happy_path.py::test_s2n_client_happy_path[RSA_PSS_2048_SHA256-TLS1.2-P-521-S2N-DHE-RSA-AES128-SHA]
PASSED test_happy_path.py::test_s2n_client_happy_path[RSA_PSS_2048_SHA256-TLS1.2-P-256-S2N-ECDHE-RSA-AES128-SHA256]
PASSED test_happy_path.py::test_s2n_client_happy_path[RSA_PSS_2048_SHA256-TLS1.2-P-256-S2N-ECDHE-RSA-AES256-SHA384]
PASSED test_happy_path.py::test_s2n_client_happy_path[RSA_PSS_2048_SHA256-TLS1.2-P-256-S2N-ECDHE-RSA-AES256-GCM-SHA384]
PASSED test_happy_path.py::test_s2n_client_happy_path[RSA_PSS_2048_SHA256-TLS1.2-P-384-S2N-ECDHE-RSA-AES128-SHA]
PASSED test_happy_path.py::test_s2n_client_happy_path[RSA_PSS_2048_SHA256-TLS1.2-P-384-S2N-ECDHE-RSA-AES256-GCM-SHA384]
PASSED test_happy_path.py::test_s2n_client_happy_path[RSA_PSS_2048_SHA256-TLS1.2-P-384-S2N-ECDHE-RSA-CHACHA20-POLY1305]
PASSED test_happy_path.py::test_s2n_client_happy_path[RSA_PSS_2048_SHA256-TLS1.2-P-384-S2N-ECDHE-RSA-AES128-GCM-SHA256]
PASSED test_happy_path.py::test_s2n_client_happy_path[RSA_PSS_2048_SHA256-TLS1.2-P-521-S2N-ECDHE-RSA-AES128-SHA256]
PASSED test_happy_path.py::test_s2n_client_happy_path[RSA_PSS_2048_SHA256-TLS1.2-P-521-S2N-ECDHE-RSA-AES256-SHA]
PASSED test_happy_path.py::test_s2n_client_happy_path[RSA_PSS_2048_SHA256-TLS1.2-P-521-S2N-ECDHE-RSA-AES256-SHA384]
PASSED test_happy_path.py::test_s2n_client_happy_path[RSA_PSS_2048_SHA256-TLS1.2-P-521-S2N-ECDHE-RSA-AES128-GCM-SHA256]
PASSED test_happy_path.py::test_s2n_client_happy_path[RSA_PSS_2048_SHA256-TLS1.2-P-521-S2N-ECDHE-RSA-CHACHA20-POLY1305]
PASSED test_happy_path.py::test_s2n_client_happy_path[RSA_PSS_2048_SHA256-TLS1.2-P-521-S2N-ECDHE-RSA-AES256-GCM-SHA384]
SKIPPED [2640] fixtures.py:65: <class 'providers.OpenSSL'> is not available
SKIPPED [2524] fixtures.py:65: <class 'providers.GnuTLS'> is not available
SKIPPED [740] fixtures.py:65: <class 'providers.JavaSSL'> is not available
SKIPPED [148] fixtures.py:65: <class 'providers.SSLv3Provider'> is not available
================ 2788 passed, 6052 skipped in 86.19s (0:01:26) =================
