============================= test session starts ==============================
platform linux -- Python 3.12.3, pytest-8.3.4, pluggy-1.5.0
rootdir: /home/ubuntu/workspace/s2n-tls/tests/integrationv2
configfile: pyproject.toml
plugins: xdist-3.6.1, rerunfailures-15.0
created: 32/32 workers
32 workers [8840 items]

ssssssssssssssssssssssssssssssssssssssssssssssssssssssssssssssssssssssss [  0%]
sssssssssssssssssssssssssssssssssssssssssssss.ssssssssssssss...s.s.sss.s [  1%]
.sss.ssssssss..sss..ssssss..sssssssssssssssssssssssssssssssss..sss.sssss [  2%]
ss.s.ssssssss...sssssss.sss....sssssss.s..s..ssssss...sssss.sssss.ssssss [  3%]
ss.s.s.ssssssss.sss.sss...sss.ssss.ss.s.....sss.ss.ssss..s..s..sss...ss. [  4%]
ssss.s..ss.s..s...ss..s.s.sss...sss...sss.sss.....ss..s.s....s..s.s.s.s. [  4%]
.s......s.s.ss.ss......ss...s.s.s..s...s.....s......s....s.ss....ssss.ss [  5%]
ss.ss.s..s..s..s..sss.s.ss...sss.....s.ss.s....s.sssss.ssss.s.ss...sss.s [  6%]
s.s...sss...s.sssss.s...ss...ss..ss.....s...s....ss...ss..ss.s...s....s. [  7%]
...s...s...s...s.........s..s...s...ss.s.....sssss..s..ss...ss.s.s...s.. [  8%]
ss..s.ss......s....s...s..s.s.ssss.s..s...s.ss.....ss..s.sss.....s.ss..s [  8%]
.s..sss..s.....s.....s...s.ss......s.s....ss.s.s.s..ss.ssss....ss..ss..s [  9%]
.s.ssss.sss.sss..ss.ss.sss.sssss...s..s.s.ssssssss..ssss.ss...s..ss....s [ 10%]
s.sss.s.s.sss..sss....ssss.ss.ssss.s..ss..ss..sss..ss..sss..ss.s.s.sss.s [ 11%]
.sss..ss.s..ss.ssss.ss.s..ss.s.s.s.s.s.s..ss...s.ssss.ss.sss.s.ssss..s.s [ 12%]
sss.s...sss..s.sssssss..s.s.sss.ss.s.ss.ss..sss.s..ss.s..s..s.s..ss...s. [ 13%]
.s.s...s.ss.s..s.ss...sss.ssss.s.s.s.s.s.s.s..ssss.ss.s..s.s.s..s.ss..ss [ 13%]
s...ss.s..ss...ss.s...sss..s.s..s..s.s....s..s..s.....ss.s..ss..sss.sss. [ 14%]
ssss.sss.ss.ss..s.ss..ss.s..s.s..sss.....s.s...sss.s....ss.ss...ss.sss.s [ 15%]
s..sssssss.ss.s.ss.sssss..sss.ssss.s.ss..s..s.sss.sss.ss..s.ss.ss.sss..s [ 16%]
s.ss.s..sssssss.ss.ss.ss.s.s...sss.s...ss..s...s.s..ss..s..s.ss.s.s.ssss [ 17%]
ss.sss.ss.s.ss..ssss.s...s..s..s..s..ss...sss.ss..ss..s.....s.s.....ssss [ 17%]
..s.s.ss.ssss.ss..ss.ssss..s.s.ss.s.sss..s.s..sss.s.s.s.ss.ss.ssssssss.s [ 18%]
...sssss....sss.sss.ss...sss....sss..sss..s..s..sss.s.sss...s....s...sss [ 19%]
....sss..ss.s.s..ss.s.s..ssss..ss..s..ss.s..s.s..s.s...ss..s...ss.s.s... [ 20%]
ssss.sss.s.s.s.ss...ss.....s.......s..s..s.....s..s..ss.s....s...s...... [ 21%]
s...s..s....s..s.ss.ss....s..s...ss..ss.......s.s..ss.....ssss..ss..ss.s [ 21%]
..ss.s...ss.s..s.ss..ss.s.s.ss.s..sss.sss.s....s.ssss.sss.sssss.s.sss.ss [ 22%]
.ss.sss.sss.s.ss.s.s..sss.....ssssss.s.s.s....ss.ss...s...s..s...s.s..s. [ 23%]
.ss.sss.s...s.ss.s..s...ssss...ss..sss.s.ss..ss...ss...s.ss.ss.s.ssss... [ 24%]
s.sssssssssss.s..s.s....ssssss.sss.ss.s....ss..sss....ss.s.ss.ss..ssssss [ 25%]
s.ss....s.s..ss.sss..s.ss.ss..ssss...s.ss.ss...ssss.s.ss.s.s.ss.s.s.s.ss [ 26%]
ss.ssss...s.sss..s..ssss.s...s.sss...ss.ss.ss...sss.ssss.sss...sssss...s [ 26%]
.sssssss..sssss.ss.ss.ssss.ss.ss.ss.s.s.sss.s.ssssss.s..sss.ssss.sssssss [ 27%]
.ss.ss..ssssss..ss.ssssssss.sssss.sss.s.ss.s.s.ssss.s.ssss.sss.ss.sssss. [ 28%]
sssssssss.ssss..sssssss.ssssss.ssss...sssss.ssssss.sss..sssssss.ssssssss [ 29%]
s..s.s.s.ssss.ss.ssssssss.s.sssssssssssss.s.ssssss.s.ssss.ss..ssssss.sss [ 30%]
.s.ss..ssssss...sss...sssss.ss.ss.s.sssss.s..s.s.ss..ss..s.ssss..ss..ss. [ 30%]
.ssss..s..s...s..s...s..s....ss.s..s.s.s...s..s......................... [ 31%]
...........s.....s....s....s...s..s..s...s........s.s..ss.s..sss.s.s.s.s [ 32%]
ss.s..s.s.s..s.sss..sss.ssss..s.ssss..s.sss.s.sss.sssssss.sss...s.sss.s. [ 33%]
...ss.ss.s.sssssss..sssssss..sss.ssssss.ssssssssssssssss.sss.s.s.sss.sss [ 34%]
ssss.sssssss.sss.ss.ss..s.ss..sssss.sssssss..ss.sssssssss.ssss...s.s.sss [ 35%]
s.sssssss..s.ssssss..ss.s.sss.s.ss.ssss..ss.ssss..sssss..s...sss..s.s..s [ 35%]
s.ss.s.sssss..s.ssss..s.s.ss..s..ss.s...ss..s..s.s.ss.ss......s.....ss.s [ 36%]
.s...ss.s...sss.s..ss..s.s..s.s..s.s.s.ss..s.s....ss..s..s.s...s.sssss.. [ 37%]
ss.sss...ss...sss...ss.ssss..ss......ss.sss..ss.s.ssss..s.sssssss.s..ss. [ 38%]
s.sss...ss.s...sssss..s..ss..ss.sssssss..s.sss.sssssss.s..ss..sssss.ssss [ 39%]
sss...ssss.ssss..sss....s.ssssssss...sssssss.ss.ssssss.s.ssss.ssssss.sss [ 39%]
s..ss.ssss.ssssss..ss.ss..sss..s...sss.ss.ss.sssss.s.s...ssssssssss.s.ss [ 40%]
s.ss.sssss.sss..s.s.s..ss.ss.ss.s...s..sss.s.ss.s.ssss.s.ss.sss....ss.s. [ 41%]
..sss..sss..s.s.s.sss..s.....s.ss..s..s.s..ss.ss.s.s.s.s....s.sss..ss.s. [ 42%]
ss..s..s..sss..s..ssss..ss..s.s.s..s.sssssss.ss....ss.ssss..ss.s....ss.s [ 43%]
..s.s.ss....s...ss...s..s....ss.....s..s......ss...sss.ss..sss.s..ss.ss. [ 43%]
ss.s..sss...ss....s..s...s.ss...s.sss.ss.s.s...ssss.sss..sss.ssssss....s [ 44%]
sssss..sss.ss.sss.sssss.ss..s.s.sss.sssssss....s.s.s.s.s.ss..s.sss.ss.ss [ 45%]
ss.s....sss..ss..s...s..s..s....ss.s....s..s..ss.s.s.s..ss..sss.s...sss. [ 46%]
...s.....s.s..sss....ss.s.s..s.ss...ss..s.s..s.s.s.s..sssss.s...s.s.s.ss [ 47%]
ssss..s.sssssssss..sss.ss.ss.sss.ssss.s..sssssss.s.s.s.ssss.s...ss.sss.s [ 48%]
s..sss.ssss....sss..s.ssss..sssss.ss.sss.s.sss.ss..sssssssss.sss.s..s..s [ 48%]
s.s....sss.....sssss.s..sss..ss...sss...ssssssss.ss.ss.ss..ss.s.ssss..ss [ 49%]
sss.sss..sss..ssss..s..ss.ss..ss.s.s.ss.s.sssssss....s.ss.ssss.s.s...sss [ 50%]
...ss.s.s..ssss.s...ss...ssss..ss..ss...ss.ss...ss.ss.s.s....ss...s..s.s [ 51%]
..s.s....s...s.s...s.s.s...s..ss..s.sss..ss..ss.sss.ss..s.ssss.sss.ss.ss [ 52%]
s..sss.s.s.sss..ss.s..ssss....ss.s..sss.ss.s..s...s.sssss....ssss.ssssss [ 52%]
ss.ss...sss..sss.sssss.s.ssssss..s..s..sssssss..sss.s..ssssssss.ssss.s.. [ 53%]
sssssssss.ss.sssssssss.ssss.ss.s.s..ss.s.s.ss.ssss.sssss.ssss.s.ssssssss [ 54%]
ssssssssss.s.ss.ssssssss.ssss...s.sssss.s.sss.s...ss.s.s..ssssss.sssss.s [ 55%]
s.s..s...s.s..ssss.s..ssss..ss..ss..s...s..s..ss..ss....ss..s..ss..s..s. [ 56%]
..s.s.s...sss...s.ss.sss.s.s..ss..ss.s..ssss.s...s.ssssss..ssss.s.ss...s [ 57%]
.ss.s.s.ss..sss.s.ss.s.s.s.sssss.s.s.ss.ss.s.ss.s...s..sss..sssss.s..ss. [ 57%]
s.sss.ss.ss.sss..s.ss...s.sss.sssssssssssss.ss.s..s.s..ss...ss...s..s..s [ 58%]
s..sss..sss.s..ss..sss.ss.sssss.ss..s..ssss.s.sss.s.ssss..s.ss.ss.s.s.s. [ 59%]
.sss.s.sss..ss.s.sssssss.sss..sss...ss.sss..ss....ssss..ssss.s.sssss.sss [ 60%]
ss.s.s.ss.s.s.sssss.ss.ssss.s.s.ssssss..sssss..sssss..ssss.ssss.s..s.ss. [ 61%]
ss.ssssss.s..s.ss.sss.sss..s.ss.....ss.s.s.ss.ss.sss.ss.s..ss.sss.s.ss.. [ 61%]
sss.s..s.sss.s.ssss..s.sssss...sss.ssss.ssss.ssssss.s.ss.s.sss.sss.s.sss [ 62%]
ss..sss.s..ss.ss.ss.ssssss.s.ssssss.s.ss.ssss.s.ss.sssssss.ssss.s.sssss. [ 63%]
s..ss.sss.sss.s.sssssss.s.ss.s.s.sssssssssssssss.s.ssssss.s.sssssss.ss.. [ 64%]
ssss.ss.ssss.ss.sssss....s.ss.sssssss.sssss.s.s.ss.ss.sss.ss.s.ss.ss.s.s [ 65%]
.ss..s.ss.s.sssss..ss...ss...sss.ssss.ss.ss.ssss.s.sss.sss..sssss..sss.s [ 65%]
sss..ss..ss.s.ssss.sssssssss..sss..sss..sssssssssss...sssss...ss.sssss.s [ 66%]
sss.ss..ssssss.sssssss..ss.s.ssss.sss.sss.sss..s..ss.ss.s.ss.sssssss.sss [ 67%]
ssss..sss..ssssss.sss.ss..ssssss.s.s..s.sss.ss.ss.sss.ss.s.ss..s.ssss.ss [ 68%]
ss.s.ss.s.s.ss.s.ssss.ss.s.s.ssssss...ssss.s.s.ssss.s.ssss.s....sssss..s [ 69%]
.sss.sssss..sssss..s.sss.ssss..s.ssssss.s.s.sss.ss.ss.s.ss.ss.ss..s..s.s [ 70%]
ss.sss.s.ss..s....ssss.s.ssss...sssssssss.s.sssss...sssss...s.ssss.s...s [ 70%]
sssss..ssssss..ss.ssss.ssssss...s.sss.ssss..sssss.sss.ssss..s.ss.sss.s.. [ 71%]
ss..s.ss.sssss.ss.ss.ss..ss.s.s..sss..ss.sssss.s.ssss.ssss.ss.s.s.ss.sss [ 72%]
....s.s..sssss.sssss.sss.s.s.ss..sss.sss.sss.sss..ss.sssss..sssss...ssss [ 73%]
s...ss.sss..s..ssss.s.s..sss..s.s.ss.ss.sssssss.s..s..s...ss...s.s..ss.. [ 74%]
....s...s...ss.sss..s.s.s.s..s.s.ss..ss.....ss..s...ss...ss...s..s...... [ 74%]
.s..s..s.ss..s.s.ss...s.s.ss.ss.ss..s.ss.ss.s.sssss.s..s.ss..s.s.s..ss.s [ 75%]
s..ss...ss...s.s..ss...s.s.........s.s.s.s..sss..ss.ss.s..ss.s..s.s....s [ 76%]
ss..s.ssss...ssss..ss.ss.s..ssss.ssss.ss..sss.ssss.ssssssssss..s.ss.s.s. [ 77%]
s.ssss.ssssss.s.sss.ssss.ss.sssssss...ssssssss..ss.ss.s.sssss.sssss.sss. [ 78%]
s.ssssss.ssssss.s..ss.sss.s...sss..ssssss....sssss...s.s..s.ssss.sssss.s [ 79%]
s.ss.ss.ssssss.ssss.sssss..ss..ssss.s.ssssss..sssss.sss..sssssssssssssss [ 79%]
sss..sssssss.s.s.sssss..s..sssssss.sssssss.ss.ssssssss.ssss.ssss.ssss... [ 80%]
s.ssssssssssssssss.s..sssssss.ss.ssss.sss..ssssssssss.s..ss.ss.sss.sssss [ 81%]
.ssss.ssss.ssss.ssssssss.s.sssssssssssss.s.s.ssssssssssssss.sss.ssss.s.. [ 82%]
ssssss.sss.ssss.ss..ssssss.ss..ss.ssss..ss.s.s..ssssssss..ss.s..s.ss.... [ 83%]
sss..ss..ssss.ss.sssss.s.s...ssssss...s.sss.ss.s.ssssss.ssssssssss..sss. [ 83%]
sssssss...s..ssss...ssss.sssss.ss.ss.s..s..sssss..s.s.ss.s.ss.sss..ss.s. [ 84%]
.sss.s..ss.s.ss.ss.ss.sss.sssssss.ss.ss.s.s...sssss.s..ss.ss..sssss..sss [ 85%]
sss..sss.ss.sssss.ssss...s.sss..sssss.s..sss.s.s..ss.ss.ss.ss..ss..sss.s [ 86%]
s..ssss.s.ssss..s..s.s..ss.s.ssss..s.sss.ss..sss..s.sss.ss..s.sss.ss..ss [ 87%]
s.s.sss..ss.ss...s...sss.sssssssss...sssss.ss.ss.s.s.ssss.s.s..ssss.ss.s [ 87%]
sssssss..ssssss..s.sssss..ssss.ssss..ss..sssssssss..s..sss.s.sss.s.sss.s [ 88%]
.sss..sssss.ssssss.ss..sssss.ss..ssss.s.s.ss.sss.s..s.sss.s.ssss..ssss.. [ 89%]
s.sss.ssssssss.s.s.sss.ss.ssssss.sss.s..ss...ss.s..ss.ss..s.ss.ssss.ssss [ 90%]
.s.ss.s.ssss.ssss.sss..s.ss.sssssss...ss..s.s..s.ss.ss..sss.sss.s.ssss.s [ 91%]
sssssss.sss.ss.sss.s.ssss..sssss.ss.s.sss.sss...ss..s..s.ss..ss.sss..s.s [ 92%]
sss.sss.ss..s.sss.ss.s.sssss.sssss..s..s.ssss.ss..s.s.s.s.s..ss.s..ss.s. [ 92%]
ss.ssss.ss.s.s.ss..ss.ss.s.s..ss.s.ssss.s..sss..s.sss...ssss.s.ssss..s.s [ 93%]
ss.s.sssssssss.ss..sss.ss..sssss.sssss..ss.ss..ssssss.ss..s.s.sss.s..sss [ 94%]
ss..ssss..ss..s.ssss.ssssss..sss.s.sssss.ssss.s.s..s.sss....s..ss..sss.s [ 95%]
s.s..s..s.ss..sss.s.s..ssss.sss.ss....ss.s.sss.....sss...ssss...s..s..s. [ 96%]
ss.ss.s..s...s....s..s.s..s...sss.s.ss..ss.s..ss.sssss..ssss.sssssss..ss [ 96%]
sss.sss.ss.sss.ss.ssss....ss..ss.ss...s..sss.ss..ss.s.sss.sss.s.s..s.ss. [ 97%]
s..ss.s.s.s.s.s.ss.ss..ss.s.....s.s..ss.s.sssssss.ss...ssssssssssss.s... [ 98%]
ss.s.ss.sss.ssss.sssss.sssssss.ssss.sssss.ss.ss.s.ssssssss.ssssssssssss. [ 99%]
ss..s.....s.s........s.....ss..s.s..ss.s................                 [100%]
=========================== short test summary info ============================
PASSED test_happy_path.py::test_s2n_server_happy_path[RSA_1024_SHA256-TLS1.3-X25519-S2N-TLS_AES_128_GCM_SHA256]
PASSED test_happy_path.py::test_s2n_server_happy_path[RSA_1024_SHA256-TLS1.0-P-521-S2N-ECDHE-RSA-AES256-SHA]
PASSED test_happy_path.py::test_s2n_server_happy_path[RSA_1024_SHA384-TLS1.2-P-384-S2N-DHE-RSA-AES256-SHA256]
PASSED test_happy_path.py::test_s2n_server_happy_path[RSA_2048_SHA256-TLS1.1-P-384-S2N-AES128-SHA]
PASSED test_happy_path.py::test_s2n_server_happy_path[RSA_1024_SHA384-TLS1.2-P-521-S2N-DHE-RSA-AES128-SHA256]
PASSED test_happy_path.py::test_s2n_server_happy_path[RSA_1024_SHA512-TLS1.3-P-256-JavaSSL-TLS_AES_256_GCM_SHA384]
PASSED test_happy_path.py::test_s2n_server_happy_path[RSA_1024_SHA384-TLS1.2-P-256-S2N-DHE-RSA-AES128-GCM-SHA256]
PASSED test_happy_path.py::test_s2n_server_happy_path[RSA_1024_SHA384-TLS1.1-P-256-S2N-DHE-RSA-AES256-SHA]
PASSED test_happy_path.py::test_s2n_server_happy_path[RSA_2048_SHA512-TLS1.1-P-521-S2N-AES256-SHA]
PASSED test_happy_path.py::test_s2n_server_happy_path[RSA_2048_SHA384-TLS1.2-P-521-JavaSSL-ECDHE-RSA-AES256-SHA]
PASSED test_happy_path.py::test_s2n_server_happy_path[RSA_2048_SHA256-TLS1.0-P-521-S2N-DHE-RSA-AES128-SHA]
PASSED test_happy_path.py::test_s2n_server_happy_path[RSA_2048_SHA384-TLS1.2-P-384-JavaSSL-ECDHE-RSA-AES128-SHA256]
PASSED test_happy_path.py::test_s2n_server_happy_path[RSA_2048_SHA384-TLS1.2-P-256-JavaSSL-ECDHE-RSA-AES256-SHA384]
PASSED test_happy_path.py::test_s2n_server_happy_path[RSA_2048_SHA384-TLS1.3-P-521-JavaSSL-TLS_AES_128_GCM_SHA256]
PASSED test_happy_path.py::test_s2n_server_happy_path[RSA_1024_SHA384-TLS1.0-P-384-S2N-DHE-RSA-AES128-SHA]
PASSED test_happy_path.py::test_s2n_server_happy_path[RSA_2048_SHA512-TLS1.3-P-256-JavaSSL-TLS_AES_128_GCM_SHA256]
PASSED test_happy_path.py::test_s2n_server_happy_path[RSA_1024_SHA256-TLS1.3-X25519-S2N-TLS_AES_256_GCM_SHA384]
PASSED test_happy_path.py::test_s2n_server_happy_path[RSA_2048_SHA256-TLS1.3-X25519-S2N-TLS_AES_128_GCM_SHA256]
PASSED test_happy_path.py::test_s2n_server_happy_path[RSA_2048_SHA384-TLS1.0-P-384-S2N-DHE-RSA-AES128-SHA]
PASSED test_happy_path.py::test_s2n_server_happy_path[RSA_1024_SHA512-TLS1.3-P-384-S2N-TLS_AES_128_GCM_SHA256]
PASSED test_happy_path.py::test_s2n_server_happy_path[RSA_1024_SHA384-TLS1.2-P-521-S2N-DHE-RSA-AES256-SHA256]
PASSED test_happy_path.py::test_s2n_server_happy_path[RSA_2048_SHA256-TLS1.1-P-384-S2N-AES256-SHA]
PASSED test_happy_path.py::test_s2n_server_happy_path[RSA_1024_SHA512-TLS1.2-P-256-JavaSSL-DHE-RSA-AES128-SHA]
PASSED test_happy_path.py::test_s2n_server_happy_path[RSA_1024_SHA512-TLS1.2-P-521-JavaSSL-DHE-RSA-AES128-SHA]
PASSED test_happy_path.py::test_s2n_server_happy_path[RSA_2048_SHA512-TLS1.1-P-521-S2N-ECDHE-RSA-AES128-SHA]
PASSED test_happy_path.py::test_s2n_server_happy_path[RSA_1024_SHA384-TLS1.2-P-256-S2N-DHE-RSA-AES256-GCM-SHA384]
PASSED test_happy_path.py::test_s2n_server_happy_path[RSA_1024_SHA384-TLS1.2-P-384-S2N-DHE-RSA-AES128-GCM-SHA256]
PASSED test_happy_path.py::test_s2n_server_happy_path[RSA_1024_SHA384-TLS1.1-P-256-S2N-AES128-SHA]
PASSED test_happy_path.py::test_s2n_server_happy_path[RSA_2048_SHA384-TLS1.2-P-521-JavaSSL-ECDHE-RSA-AES128-SHA256]
PASSED test_happy_path.py::test_s2n_server_happy_path[RSA_1024_SHA256-TLS1.1-P-521-S2N-DHE-RSA-AES128-SHA]
PASSED test_happy_path.py::test_s2n_server_happy_path[RSA_1024_SHA512-TLS1.2-P-384-JavaSSL-DHE-RSA-AES128-SHA]
PASSED test_happy_path.py::test_s2n_server_happy_path[RSA_1024_SHA512-TLS1.0-P-256-S2N-DHE-RSA-AES128-SHA]
PASSED test_happy_path.py::test_s2n_server_happy_path[RSA_2048_SHA384-TLS1.2-P-384-JavaSSL-ECDHE-RSA-AES256-SHA384]
PASSED test_happy_path.py::test_s2n_server_happy_path[RSA_1024_SHA384-TLS1.0-P-384-S2N-DHE-RSA-AES256-SHA]
PASSED test_happy_path.py::test_s2n_server_happy_path[RSA_2048_SHA384-TLS1.3-P-521-JavaSSL-TLS_AES_256_GCM_SHA384]
PASSED test_happy_path.py::test_s2n_server_happy_path[RSA_2048_SHA384-TLS1.2-P-256-JavaSSL-ECDHE-RSA-AES128-GCM-SHA256]
PASSED test_happy_path.py::test_s2n_server_happy_path[RSA_2048_SHA512-TLS1.2-P-256-JavaSSL-DHE-RSA-AES128-SHA]
PASSED test_happy_path.py::test_s2n_server_happy_path[RSA_2048_SHA256-TLS1.0-P-521-S2N-DHE-RSA-AES256-SHA]
PASSED test_happy_path.py::test_s2n_server_happy_path[RSA_2048_SHA256-TLS1.3-X25519-S2N-TLS_AES_256_GCM_SHA384]
PASSED test_happy_path.py::test_s2n_server_happy_path[RSA_2048_SHA512-TLS1.3-P-256-JavaSSL-TLS_AES_256_GCM_SHA384]
PASSED test_happy_path.py::test_s2n_server_happy_path[RSA_1024_SHA256-TLS1.3-X25519-S2N-TLS_CHACHA20_POLY1305_SHA256]
PASSED test_happy_path.py::test_s2n_server_happy_path[RSA_1024_SHA512-TLS1.3-P-384-S2N-TLS_AES_256_GCM_SHA384]
PASSED test_happy_path.py::test_s2n_server_happy_path[RSA_2048_SHA384-TLS1.0-P-384-S2N-DHE-RSA-AES256-SHA]
PASSED test_happy_path.py::test_s2n_server_happy_path[RSA_2048_SHA512-TLS1.2-P-384-JavaSSL-DHE-RSA-AES128-SHA]
PASSED test_happy_path.py::test_s2n_server_happy_path[RSA_2048_SHA512-TLS1.2-P-521-JavaSSL-DHE-RSA-AES128-SHA]
PASSED test_happy_path.py::test_s2n_server_happy_path[RSA_2048_SHA256-TLS1.1-P-384-S2N-ECDHE-RSA-AES128-SHA]
PASSED test_happy_path.py::test_s2n_server_happy_path[RSA_1024_SHA384-TLS1.2-P-521-S2N-DHE-RSA-AES128-GCM-SHA256]
PASSED test_happy_path.py::test_s2n_server_happy_path[RSA_1024_SHA384-TLS1.1-P-256-S2N-AES256-SHA]
PASSED test_happy_path.py::test_s2n_server_happy_path[RSA_1024_SHA384-TLS1.2-P-384-S2N-DHE-RSA-AES256-GCM-SHA384]
PASSED test_happy_path.py::test_s2n_server_happy_path[RSA_1024_SHA512-TLS1.2-P-256-JavaSSL-DHE-RSA-AES256-SHA]
PASSED test_happy_path.py::test_s2n_server_happy_path[RSA_2048_SHA512-TLS1.1-P-521-S2N-ECDHE-RSA-AES256-SHA]
PASSED test_happy_path.py::test_s2n_server_happy_path[RSA_1024_SHA256-TLS1.1-P-521-S2N-DHE-RSA-AES256-SHA]
PASSED test_happy_path.py::test_s2n_server_happy_path[RSA_1024_SHA512-TLS1.2-P-521-JavaSSL-DHE-RSA-AES256-SHA]
PASSED test_happy_path.py::test_s2n_server_happy_path[RSA_1024_SHA384-TLS1.2-P-256-S2N-DHE-RSA-CHACHA20-POLY1305]
PASSED test_happy_path.py::test_s2n_server_happy_path[RSA_1024_SHA256-SSLv3-P-256-S2N-DHE-RSA-AES128-SHA]
PASSED test_happy_path.py::test_s2n_server_happy_path[RSA_1024_SHA512-TLS1.0-P-256-S2N-DHE-RSA-AES256-SHA]
PASSED test_happy_path.py::test_s2n_server_happy_path[RSA_2048_SHA384-TLS1.2-P-256-S2N-DHE-RSA-AES128-SHA]
PASSED test_happy_path.py::test_s2n_server_happy_path[RSA_1024_SHA512-TLS1.2-P-384-JavaSSL-DHE-RSA-AES256-SHA]
PASSED test_happy_path.py::test_s2n_server_happy_path[RSA_2048_SHA384-TLS1.2-P-384-JavaSSL-ECDHE-RSA-AES128-GCM-SHA256]
PASSED test_happy_path.py::test_s2n_server_happy_path[RSA_2048_SHA256-TLS1.0-P-521-S2N-AES128-SHA]
PASSED test_happy_path.py::test_s2n_server_happy_path[RSA_2048_SHA384-TLS1.2-P-521-JavaSSL-ECDHE-RSA-AES256-SHA384]
PASSED test_happy_path.py::test_s2n_server_happy_path[RSA_1024_SHA384-TLS1.0-P-384-S2N-AES128-SHA]
PASSED test_happy_path.py::test_s2n_server_happy_path[RSA_2048_SHA512-TLS1.3-P-384-S2N-TLS_AES_128_GCM_SHA256]
PASSED test_happy_path.py::test_s2n_server_happy_path[RSA_2048_SHA512-TLS1.2-P-256-JavaSSL-DHE-RSA-AES256-SHA]
PASSED test_happy_path.py::test_s2n_server_happy_path[RSA_2048_SHA384-TLS1.2-P-256-JavaSSL-ECDHE-RSA-AES256-GCM-SHA384]
PASSED test_happy_path.py::test_s2n_server_happy_path[RSA_2048_SHA256-TLS1.3-X25519-S2N-TLS_CHACHA20_POLY1305_SHA256]
PASSED test_happy_path.py::test_s2n_server_happy_path[RSA_2048_SHA384-TLS1.0-P-384-S2N-AES128-SHA]
PASSED test_happy_path.py::test_s2n_server_happy_path[RSA_1024_SHA384-TLS1.2-P-384-S2N-DHE-RSA-CHACHA20-POLY1305]
PASSED test_happy_path.py::test_s2n_server_happy_path[RSA_2048_SHA256-TLS1.1-P-384-S2N-ECDHE-RSA-AES256-SHA]
PASSED test_happy_path.py::test_s2n_server_happy_path[RSA_1024_SHA384-TLS1.1-P-256-S2N-ECDHE-RSA-AES128-SHA]
PASSED test_happy_path.py::test_s2n_server_happy_path[RSA_1024_SHA512-TLS1.3-P-384-S2N-TLS_CHACHA20_POLY1305_SHA256]
PASSED test_happy_path.py::test_s2n_server_happy_path[RSA_1024_SHA384-TLS1.2-P-521-S2N-DHE-RSA-AES256-GCM-SHA384]
PASSED test_happy_path.py::test_s2n_server_happy_path[RSA_2048_SHA512-TLS1.2-P-384-JavaSSL-DHE-RSA-AES256-SHA]
PASSED test_happy_path.py::test_s2n_server_happy_path[RSA_1024_SHA256-TLS1.2-P-256-JavaSSL-DHE-RSA-AES128-SHA]
PASSED test_happy_path.py::test_s2n_server_happy_path[RSA_1024_SHA256-TLS1.1-P-521-S2N-AES128-SHA]
PASSED test_happy_path.py::test_s2n_server_happy_path[RSA_2048_SHA512-TLS1.2-P-521-JavaSSL-DHE-RSA-AES256-SHA]
PASSED test_happy_path.py::test_s2n_server_happy_path[RSA_1024_SHA256-SSLv3-P-256-S2N-DHE-RSA-AES256-SHA]
PASSED test_happy_path.py::test_s2n_server_happy_path[RSA_1024_SHA384-TLS1.2-P-256-S2N-AES128-SHA]
PASSED test_happy_path.py::test_s2n_server_happy_path[RSA_1024_SHA256-TLS1.2-P-384-JavaSSL-DHE-RSA-AES128-SHA]
PASSED test_happy_path.py::test_s2n_server_happy_path[RSA_1024_SHA256-TLS1.2-P-521-JavaSSL-DHE-RSA-AES128-SHA]
PASSED test_happy_path.py::test_s2n_server_happy_path[RSA_2048_SHA384-TLS1.2-P-256-S2N-DHE-RSA-AES256-SHA]
PASSED test_happy_path.py::test_s2n_server_happy_path[RSA_1024_SHA512-TLS1.2-P-521-JavaSSL-DHE-RSA-AES128-SHA256]
PASSED test_happy_path.py::test_s2n_server_happy_path[RSA_2048_SHA384-TLS1.2-P-384-JavaSSL-ECDHE-RSA-AES256-GCM-SHA384]
PASSED test_happy_path.py::test_s2n_server_happy_path[RSA_2048_SHA256-TLS1.0-P-521-S2N-AES256-SHA]
PASSED test_happy_path.py::test_s2n_server_happy_path[RSA_2048_SHA512-TLS1.3-P-384-S2N-TLS_AES_256_GCM_SHA384]
PASSED test_happy_path.py::test_s2n_server_happy_path[RSA_1024_SHA256-TLS1.3-X25519-JavaSSL-TLS_AES_128_GCM_SHA256]
PASSED test_happy_path.py::test_s2n_server_happy_path[RSA_2048_SHA384-TLS1.2-P-384-S2N-DHE-RSA-AES128-SHA]
PASSED test_happy_path.py::test_s2n_server_happy_path[RSA_1024_SHA384-TLS1.0-P-384-S2N-AES256-SHA]
PASSED test_happy_path.py::test_s2n_server_happy_path[RSA_2048_SHA384-TLS1.2-P-521-JavaSSL-ECDHE-RSA-AES128-GCM-SHA256]
PASSED test_happy_path.py::test_s2n_server_happy_path[RSA_1024_SHA512-TLS1.0-P-256-S2N-AES128-SHA]
PASSED test_happy_path.py::test_s2n_server_happy_path[RSA_1024_SHA512-TLS1.2-P-384-JavaSSL-DHE-RSA-AES128-SHA256]
PASSED test_happy_path.py::test_s2n_server_happy_path[RSA_2048_SHA512-TLS1.2-P-256-JavaSSL-DHE-RSA-AES128-SHA256]
PASSED test_happy_path.py::test_s2n_server_happy_path[RSA_2048_SHA384-TLS1.0-P-384-S2N-AES256-SHA]
PASSED test_happy_path.py::test_s2n_server_happy_path[RSA_1024_SHA512-TLS1.2-P-256-JavaSSL-DHE-RSA-AES128-SHA256]
PASSED test_happy_path.py::test_s2n_server_happy_path[RSA_1024_SHA384-TLS1.1-P-256-S2N-ECDHE-RSA-AES256-SHA]
PASSED test_happy_path.py::test_s2n_server_happy_path[RSA_1024_SHA384-TLS1.2-P-384-S2N-AES128-SHA]
PASSED test_happy_path.py::test_s2n_server_happy_path[RSA_2048_SHA256-TLS1.2-P-521-JavaSSL-DHE-RSA-AES128-SHA]
PASSED test_happy_path.py::test_s2n_server_happy_path[RSA_1024_SHA384-TLS1.2-P-521-S2N-DHE-RSA-CHACHA20-POLY1305]
PASSED test_happy_path.py::test_s2n_server_happy_path[RSA_2048_SHA256-TLS1.2-P-384-JavaSSL-DHE-RSA-AES128-SHA]
PASSED test_happy_path.py::test_s2n_server_happy_path[RSA_1024_SHA256-SSLv3-P-256-S2N-AES128-SHA]
PASSED test_happy_path.py::test_s2n_server_happy_path[RSA_1024_SHA256-TLS1.2-P-256-JavaSSL-DHE-RSA-AES256-SHA]
PASSED test_happy_path.py::test_s2n_server_happy_path[RSA_1024_SHA384-TLS1.2-P-256-S2N-AES256-SHA]
PASSED test_happy_path.py::test_s2n_server_happy_path[RSA_2048_SHA512-TLS1.2-P-384-JavaSSL-DHE-RSA-AES128-SHA256]
PASSED test_happy_path.py::test_s2n_server_happy_path[RSA_2048_SHA256-TLS1.3-X25519-JavaSSL-TLS_AES_128_GCM_SHA256]
PASSED test_happy_path.py::test_s2n_server_happy_path[RSA_1024_SHA256-TLS1.2-P-521-JavaSSL-DHE-RSA-AES256-SHA]
PASSED test_happy_path.py::test_s2n_server_happy_path[RSA_1024_SHA256-TLS1.1-P-521-S2N-AES256-SHA]
PASSED test_happy_path.py::test_s2n_server_happy_path[RSA_2048_SHA512-TLS1.2-P-521-JavaSSL-DHE-RSA-AES128-SHA256]
PASSED test_happy_path.py::test_s2n_server_happy_path[RSA_2048_SHA384-TLS1.2-P-521-S2N-DHE-RSA-AES128-SHA]
PASSED test_happy_path.py::test_s2n_server_happy_path[RSA_2048_SHA512-TLS1.3-P-384-S2N-TLS_CHACHA20_POLY1305_SHA256]
PASSED test_happy_path.py::test_s2n_server_happy_path[RSA_2048_SHA384-TLS1.2-P-256-S2N-DHE-RSA-AES128-SHA256]
PASSED test_happy_path.py::test_s2n_server_happy_path[RSA_2048_SHA256-TLS1.2-P-256-JavaSSL-DHE-RSA-AES128-SHA]
PASSED test_happy_path.py::test_s2n_server_happy_path[RSA_2048_SHA256-TLS1.0-P-521-S2N-ECDHE-RSA-AES128-SHA]
PASSED test_happy_path.py::test_s2n_server_happy_path[RSA_1024_SHA256-TLS1.3-X25519-JavaSSL-TLS_AES_256_GCM_SHA384]
PASSED test_happy_path.py::test_s2n_server_happy_path[RSA_1024_SHA384-TLS1.0-P-384-S2N-ECDHE-RSA-AES128-SHA]
PASSED test_happy_path.py::test_s2n_server_happy_path[RSA_2048_SHA384-TLS1.2-P-384-S2N-DHE-RSA-AES256-SHA]
PASSED test_happy_path.py::test_s2n_server_happy_path[RSA_2048_SHA384-TLS1.0-P-384-S2N-ECDHE-RSA-AES128-SHA]
PASSED test_happy_path.py::test_s2n_server_happy_path[RSA_2048_SHA512-TLS1.0-P-256-S2N-DHE-RSA-AES128-SHA]
PASSED test_happy_path.py::test_s2n_server_happy_path[RSA_1024_SHA512-TLS1.3-P-384-JavaSSL-TLS_AES_128_GCM_SHA256]
PASSED test_happy_path.py::test_s2n_server_happy_path[RSA_1024_SHA512-TLS1.0-P-256-S2N-AES256-SHA]
PASSED test_happy_path.py::test_s2n_server_happy_path[RSA_1024_SHA512-TLS1.2-P-384-JavaSSL-DHE-RSA-AES256-SHA256]
PASSED test_happy_path.py::test_s2n_server_happy_path[RSA_2048_SHA384-TLS1.2-P-521-JavaSSL-ECDHE-RSA-AES256-GCM-SHA384]
PASSED test_happy_path.py::test_s2n_server_happy_path[RSA_1024_SHA512-TLS1.2-P-521-JavaSSL-DHE-RSA-AES256-SHA256]
PASSED test_happy_path.py::test_s2n_server_happy_path[RSA_1024_SHA256-TLS1.2-P-384-JavaSSL-DHE-RSA-AES256-SHA]
PASSED test_happy_path.py::test_s2n_server_happy_path[RSA_1024_SHA384-TLS1.2-P-521-S2N-AES128-SHA]
PASSED test_happy_path.py::test_s2n_server_happy_path[RSA_1024_SHA512-TLS1.2-P-256-JavaSSL-DHE-RSA-AES256-SHA256]
PASSED test_happy_path.py::test_s2n_server_happy_path[RSA_2048_SHA512-TLS1.2-P-256-JavaSSL-DHE-RSA-AES256-SHA256]
PASSED test_happy_path.py::test_s2n_server_happy_path[RSA_2048_SHA256-TLS1.1-P-521-S2N-DHE-RSA-AES128-SHA]
PASSED test_happy_path.py::test_s2n_server_happy_path[RSA_1024_SHA384-TLS1.2-P-256-S2N-AES128-SHA256]
PASSED test_happy_path.py::test_s2n_server_happy_path[RSA_2048_SHA384-TLS1.2-P-521-S2N-DHE-RSA-AES256-SHA]
PASSED test_happy_path.py::test_s2n_server_happy_path[RSA_2048_SHA256-TLS1.2-P-384-JavaSSL-DHE-RSA-AES256-SHA]
PASSED test_happy_path.py::test_s2n_server_happy_path[RSA_1024_SHA384-TLS1.2-P-384-S2N-AES256-SHA]
PASSED test_happy_path.py::test_s2n_server_happy_path[RSA_1024_SHA256-TLS1.2-P-521-JavaSSL-DHE-RSA-AES128-SHA256]
PASSED test_happy_path.py::test_s2n_server_happy_path[RSA_2048_SHA384-TLS1.2-P-256-S2N-DHE-RSA-AES256-SHA256]
PASSED test_happy_path.py::test_s2n_server_happy_path[RSA_1024_SHA256-TLS1.2-P-256-JavaSSL-DHE-RSA-AES128-SHA256]
PASSED test_happy_path.py::test_s2n_server_happy_path[RSA_2048_SHA512-TLS1.2-P-384-JavaSSL-DHE-RSA-AES256-SHA256]
PASSED test_happy_path.py::test_s2n_server_happy_path[RSA_2048_SHA256-TLS1.2-P-521-JavaSSL-DHE-RSA-AES256-SHA]
PASSED test_happy_path.py::test_s2n_server_happy_path[RSA_1024_SHA256-TLS1.3-P-256-S2N-TLS_AES_128_GCM_SHA256]
PASSED test_happy_path.py::test_s2n_server_happy_path[RSA_1024_SHA256-SSLv3-P-256-S2N-AES256-SHA]
PASSED test_happy_path.py::test_s2n_server_happy_path[RSA_2048_SHA256-TLS1.3-X25519-JavaSSL-TLS_AES_256_GCM_SHA384]
PASSED test_happy_path.py::test_s2n_server_happy_path[RSA_2048_SHA256-TLS1.0-P-521-S2N-ECDHE-RSA-AES256-SHA]
PASSED test_happy_path.py::test_s2n_server_happy_path[RSA_2048_SHA256-TLS1.2-P-256-JavaSSL-DHE-RSA-AES256-SHA]
PASSED test_happy_path.py::test_s2n_server_happy_path[RSA_2048_SHA384-TLS1.2-P-384-S2N-DHE-RSA-AES128-SHA256]
PASSED test_happy_path.py::test_s2n_server_happy_path[RSA_1024_SHA256-TLS1.1-P-521-S2N-ECDHE-RSA-AES128-SHA]
PASSED test_happy_path.py::test_s2n_server_happy_path[RSA_2048_SHA384-TLS1.0-P-384-S2N-ECDHE-RSA-AES256-SHA]
PASSED test_happy_path.py::test_s2n_server_happy_path[RSA_2048_SHA512-TLS1.0-P-256-S2N-DHE-RSA-AES256-SHA]
PASSED test_happy_path.py::test_s2n_server_happy_path[RSA_1024_SHA384-TLS1.0-P-384-S2N-ECDHE-RSA-AES256-SHA]
PASSED test_happy_path.py::test_s2n_server_happy_path[RSA_2048_SHA384-TLS1.1-P-256-S2N-DHE-RSA-AES128-SHA]
PASSED test_happy_path.py::test_s2n_server_happy_path[RSA_1024_SHA512-TLS1.0-P-256-S2N-ECDHE-RSA-AES128-SHA]
PASSED test_happy_path.py::test_s2n_server_happy_path[RSA_1024_SHA384-TLS1.2-P-521-S2N-AES256-SHA]
PASSED test_happy_path.py::test_s2n_server_happy_path[RSA_1024_SHA512-TLS1.3-P-384-JavaSSL-TLS_AES_256_GCM_SHA384]
PASSED test_happy_path.py::test_s2n_server_happy_path[RSA_2048_SHA512-TLS1.2-P-521-JavaSSL-DHE-RSA-AES256-SHA256]
PASSED test_happy_path.py::test_s2n_server_happy_path[RSA_2048_SHA256-TLS1.1-P-521-S2N-DHE-RSA-AES256-SHA]
PASSED test_happy_path.py::test_s2n_server_happy_path[RSA_2048_SHA512-TLS1.2-P-256-JavaSSL-DHE-RSA-AES128-GCM-SHA256]
PASSED test_happy_path.py::test_s2n_server_happy_path[RSA_2048_SHA384-TLS1.2-P-521-S2N-DHE-RSA-AES128-SHA256]
PASSED test_happy_path.py::test_s2n_server_happy_path[RSA_2048_SHA512-TLS1.3-P-384-JavaSSL-TLS_AES_128_GCM_SHA256]
PASSED test_happy_path.py::test_s2n_server_happy_path[RSA_1024_SHA384-TLS1.2-P-256-S2N-AES256-SHA256]
PASSED test_happy_path.py::test_s2n_server_happy_path[RSA_1024_SHA512-TLS1.2-P-384-JavaSSL-DHE-RSA-AES128-GCM-SHA256]
PASSED test_happy_path.py::test_s2n_server_happy_path[RSA_1024_SHA384-TLS1.1-P-384-S2N-DHE-RSA-AES128-SHA]
PASSED test_happy_path.py::test_s2n_server_happy_path[RSA_1024_SHA256-TLS1.3-P-256-S2N-TLS_AES_256_GCM_SHA384]
PASSED test_happy_path.py::test_s2n_server_happy_path[RSA_2048_SHA256-TLS1.2-P-384-JavaSSL-DHE-RSA-AES128-SHA256]
PASSED test_happy_path.py::test_s2n_server_happy_path[RSA_1024_SHA512-TLS1.2-P-256-JavaSSL-DHE-RSA-AES128-GCM-SHA256]
PASSED test_happy_path.py::test_s2n_server_happy_path[RSA_1024_SHA256-TLS1.2-P-384-JavaSSL-DHE-RSA-AES128-SHA256]
PASSED test_happy_path.py::test_s2n_server_happy_path[RSA_1024_SHA384-TLS1.2-P-384-S2N-AES128-SHA256]
PASSED test_happy_path.py::test_s2n_server_happy_path[RSA_1024_SHA256-TLS1.2-P-256-JavaSSL-DHE-RSA-AES256-SHA256]
PASSED test_happy_path.py::test_s2n_server_happy_path[RSA_2048_SHA512-TLS1.2-P-384-JavaSSL-DHE-RSA-AES128-GCM-SHA256]
PASSED test_happy_path.py::test_s2n_server_happy_path[RSA_2048_SHA384-TLS1.2-P-256-S2N-DHE-RSA-AES128-GCM-SHA256]
PASSED test_happy_path.py::test_s2n_server_happy_path[RSA_2048_SHA256-TLS1.3-P-256-S2N-TLS_AES_128_GCM_SHA256]
PASSED test_happy_path.py::test_s2n_server_happy_path[RSA_2048_SHA384-TLS1.2-P-384-S2N-DHE-RSA-AES256-SHA256]
PASSED test_happy_path.py::test_s2n_server_happy_path[RSA_2048_SHA256-TLS1.2-P-521-JavaSSL-DHE-RSA-AES128-SHA256]
PASSED test_happy_path.py::test_s2n_server_happy_path[RSA_2048_SHA512-TLS1.0-P-256-S2N-AES128-SHA]
PASSED test_happy_path.py::test_s2n_server_happy_path[RSA_1024_SHA512-TLS1.2-P-521-JavaSSL-DHE-RSA-AES128-GCM-SHA256]
PASSED test_happy_path.py::test_s2n_server_happy_path[RSA_1024_SHA256-TLS1.2-P-521-JavaSSL-DHE-RSA-AES256-SHA256]
PASSED test_happy_path.py::test_s2n_server_happy_path[RSA_1024_SHA256-SSLv3-P-256-S2N-ECDHE-RSA-AES128-SHA]
PASSED test_happy_path.py::test_s2n_server_happy_path[RSA_2048_SHA384-TLS1.1-P-256-S2N-DHE-RSA-AES256-SHA]
PASSED test_happy_path.py::test_s2n_server_happy_path[RSA_1024_SHA256-TLS1.1-P-521-S2N-ECDHE-RSA-AES256-SHA]
PASSED test_happy_path.py::test_s2n_server_happy_path[RSA_1024_SHA512-TLS1.0-P-256-S2N-ECDHE-RSA-AES256-SHA]
PASSED test_happy_path.py::test_s2n_server_happy_path[RSA_1024_SHA512-TLS1.3-P-521-S2N-TLS_AES_128_GCM_SHA256]
PASSED test_happy_path.py::test_s2n_server_happy_path[RSA_2048_SHA256-TLS1.2-P-256-JavaSSL-DHE-RSA-AES128-SHA256]
PASSED test_happy_path.py::test_s2n_server_happy_path[RSA_1024_SHA384-TLS1.2-P-521-S2N-AES128-SHA256]
PASSED test_happy_path.py::test_s2n_server_happy_path[RSA_2048_SHA256-TLS1.1-P-521-S2N-AES128-SHA]
PASSED test_happy_path.py::test_s2n_server_happy_path[RSA_1024_SHA256-TLS1.3-P-256-S2N-TLS_CHACHA20_POLY1305_SHA256]
PASSED test_happy_path.py::test_s2n_server_happy_path[RSA_1024_SHA384-TLS1.1-P-384-S2N-DHE-RSA-AES256-SHA]
PASSED test_happy_path.py::test_s2n_server_happy_path[RSA_2048_SHA512-TLS1.3-P-384-JavaSSL-TLS_AES_256_GCM_SHA384]
PASSED test_happy_path.py::test_s2n_server_happy_path[RSA_2048_SHA512-TLS1.2-P-521-JavaSSL-DHE-RSA-AES128-GCM-SHA256]
PASSED test_happy_path.py::test_s2n_server_happy_path[RSA_2048_SHA512-TLS1.2-P-256-JavaSSL-DHE-RSA-AES256-GCM-SHA384]
PASSED test_happy_path.py::test_s2n_server_happy_path[RSA_1024_SHA384-TLS1.2-P-256-S2N-ECDHE-RSA-AES128-SHA]
PASSED test_happy_path.py::test_s2n_server_happy_path[RSA_2048_SHA384-TLS1.2-P-521-S2N-DHE-RSA-AES256-SHA256]
PASSED test_happy_path.py::test_s2n_server_happy_path[RSA_1024_SHA512-TLS1.2-P-384-JavaSSL-DHE-RSA-AES256-GCM-SHA384]
PASSED test_happy_path.py::test_s2n_server_happy_path[RSA_2048_SHA256-TLS1.3-P-256-S2N-TLS_AES_256_GCM_SHA384]
PASSED test_happy_path.py::test_s2n_server_happy_path[RSA_2048_SHA512-TLS1.0-P-256-S2N-AES256-SHA]
PASSED test_happy_path.py::test_s2n_server_happy_path[RSA_1024_SHA384-TLS1.2-P-384-S2N-AES256-SHA256]
PASSED test_happy_path.py::test_s2n_server_happy_path[RSA_2048_SHA384-TLS1.2-P-384-S2N-DHE-RSA-AES128-GCM-SHA256]
PASSED test_happy_path.py::test_s2n_server_happy_path[RSA_1024_SHA256-TLS1.2-P-256-JavaSSL-DHE-RSA-AES128-GCM-SHA256]
PASSED test_happy_path.py::test_s2n_server_happy_path[RSA_1024_SHA256-TLS1.2-P-384-JavaSSL-DHE-RSA-AES256-SHA256]
PASSED test_happy_path.py::test_s2n_server_happy_path[RSA_2048_SHA512-TLS1.2-P-384-JavaSSL-DHE-RSA-AES256-GCM-SHA384]
PASSED test_happy_path.py::test_s2n_server_happy_path[RSA_2048_SHA384-TLS1.2-P-256-S2N-DHE-RSA-AES256-GCM-SHA384]
PASSED test_happy_path.py::test_s2n_server_happy_path[RSA_2048_SHA384-TLS1.1-P-256-S2N-AES128-SHA]
PASSED test_happy_path.py::test_s2n_server_happy_path[RSA_2048_SHA256-TLS1.2-P-521-JavaSSL-DHE-RSA-AES256-SHA256]
PASSED test_happy_path.py::test_s2n_server_happy_path[RSA_1024_SHA512-TLS1.3-P-521-S2N-TLS_AES_256_GCM_SHA384]
PASSED test_happy_path.py::test_s2n_server_happy_path[RSA_1024_SHA256-SSLv3-P-256-S2N-ECDHE-RSA-AES256-SHA]
PASSED test_happy_path.py::test_s2n_server_happy_path[RSA_1024_SHA384-TLS1.2-P-521-S2N-AES256-SHA256]
PASSED test_happy_path.py::test_s2n_server_happy_path[RSA_2048_SHA256-SSLv3-P-256-S2N-DHE-RSA-AES128-SHA]
PASSED test_happy_path.py::test_s2n_server_happy_path[RSA_2048_SHA384-TLS1.0-P-521-S2N-DHE-RSA-AES128-SHA]
PASSED test_happy_path.py::test_s2n_server_happy_path[RSA_2048_SHA512-TLS1.3-P-521-S2N-TLS_AES_128_GCM_SHA256]
PASSED test_happy_path.py::test_s2n_server_happy_path[RSA_2048_SHA256-TLS1.2-P-256-JavaSSL-DHE-RSA-AES256-SHA256]
PASSED test_happy_path.py::test_s2n_server_happy_path[RSA_2048_SHA256-TLS1.2-P-384-JavaSSL-DHE-RSA-AES256-SHA256]
PASSED test_happy_path.py::test_s2n_server_happy_path[RSA_1024_SHA512-TLS1.2-P-256-JavaSSL-DHE-RSA-AES256-GCM-SHA384]
PASSED test_happy_path.py::test_s2n_server_happy_path[RSA_2048_SHA256-TLS1.1-P-521-S2N-AES256-SHA]
PASSED test_happy_path.py::test_s2n_server_happy_path[RSA_1024_SHA384-TLS1.1-P-384-S2N-AES128-SHA]
PASSED test_happy_path.py::test_s2n_server_happy_path[RSA_1024_SHA384-TLS1.2-P-256-S2N-ECDHE-RSA-AES256-SHA]
PASSED test_happy_path.py::test_s2n_server_happy_path[RSA_1024_SHA384-TLS1.0-P-521-S2N-DHE-RSA-AES128-SHA]
PASSED test_happy_path.py::test_s2n_server_happy_path[RSA_2048_SHA256-TLS1.3-P-256-S2N-TLS_CHACHA20_POLY1305_SHA256]
PASSED test_happy_path.py::test_s2n_server_happy_path[RSA_2048_SHA512-TLS1.2-P-521-JavaSSL-DHE-RSA-AES256-GCM-SHA384]
PASSED test_happy_path.py::test_s2n_server_happy_path[RSA_2048_SHA512-TLS1.2-P-256-JavaSSL-AES128-SHA]
PASSED test_happy_path.py::test_s2n_server_happy_path[RSA_1024_SHA512-TLS1.2-P-521-JavaSSL-DHE-RSA-AES256-GCM-SHA384]
PASSED test_happy_path.py::test_s2n_server_happy_path[RSA_1024_SHA512-TLS1.2-P-384-JavaSSL-AES128-SHA]
PASSED test_happy_path.py::test_s2n_server_happy_path[RSA_1024_SHA256-TLS1.2-P-521-JavaSSL-DHE-RSA-AES128-GCM-SHA256]
PASSED test_happy_path.py::test_s2n_server_happy_path[RSA_2048_SHA512-TLS1.0-P-256-S2N-ECDHE-RSA-AES128-SHA]
PASSED test_happy_path.py::test_s2n_server_happy_path[RSA_1024_SHA384-TLS1.2-P-384-S2N-ECDHE-RSA-AES128-SHA]
PASSED test_happy_path.py::test_s2n_server_happy_path[RSA_2048_SHA384-TLS1.2-P-384-S2N-DHE-RSA-AES256-GCM-SHA384]
PASSED test_happy_path.py::test_s2n_server_happy_path[RSA_2048_SHA384-TLS1.2-P-521-S2N-DHE-RSA-AES128-GCM-SHA256]
PASSED test_happy_path.py::test_s2n_server_happy_path[RSA_2048_SHA384-TLS1.2-P-256-S2N-DHE-RSA-CHACHA20-POLY1305]
PASSED test_happy_path.py::test_s2n_server_happy_path[RSA_1024_SHA256-TLS1.2-P-256-JavaSSL-DHE-RSA-AES256-GCM-SHA384]
PASSED test_happy_path.py::test_s2n_server_happy_path[RSA_1024_SHA256-TLS1.2-P-384-JavaSSL-DHE-RSA-AES128-GCM-SHA256]
PASSED test_happy_path.py::test_s2n_server_happy_path[RSA_1024_SHA512-TLS1.3-P-521-S2N-TLS_CHACHA20_POLY1305_SHA256]
PASSED test_happy_path.py::test_s2n_server_happy_path[RSA_1024_SHA384-TLS1.2-P-521-S2N-ECDHE-RSA-AES128-SHA]
PASSED test_happy_path.py::test_s2n_server_happy_path[RSA_2048_SHA384-TLS1.1-P-256-S2N-AES256-SHA]
PASSED test_happy_path.py::test_s2n_server_happy_path[RSA_2048_SHA512-TLS1.3-P-521-S2N-TLS_AES_256_GCM_SHA384]
PASSED test_happy_path.py::test_s2n_server_happy_path[RSA_1024_SHA256-TLS1.3-P-256-JavaSSL-TLS_AES_128_GCM_SHA256]
PASSED test_happy_path.py::test_s2n_server_happy_path[RSA_1024_SHA256-TLS1.0-P-256-S2N-DHE-RSA-AES128-SHA]
PASSED test_happy_path.py::test_s2n_server_happy_path[RSA_2048_SHA512-TLS1.2-P-384-JavaSSL-AES128-SHA]
PASSED test_happy_path.py::test_s2n_server_happy_path[RSA_2048_SHA256-TLS1.1-P-521-S2N-ECDHE-RSA-AES128-SHA]
PASSED test_happy_path.py::test_s2n_server_happy_path[RSA_2048_SHA384-TLS1.0-P-521-S2N-DHE-RSA-AES256-SHA]
PASSED test_happy_path.py::test_s2n_server_happy_path[RSA_1024_SHA512-TLS1.0-P-384-S2N-DHE-RSA-AES128-SHA]
PASSED test_happy_path.py::test_s2n_server_happy_path[RSA_1024_SHA384-TLS1.0-P-521-S2N-DHE-RSA-AES256-SHA]
PASSED test_happy_path.py::test_s2n_server_happy_path[RSA_2048_SHA256-TLS1.2-P-521-JavaSSL-DHE-RSA-AES128-GCM-SHA256]
PASSED test_happy_path.py::test_s2n_server_happy_path[RSA_2048_SHA256-SSLv3-P-256-S2N-DHE-RSA-AES256-SHA]
PASSED test_happy_path.py::test_s2n_server_happy_path[RSA_1024_SHA512-TLS1.2-P-256-JavaSSL-AES128-SHA]
PASSED test_happy_path.py::test_s2n_server_happy_path[RSA_2048_SHA256-TLS1.2-P-384-JavaSSL-DHE-RSA-AES128-GCM-SHA256]
PASSED test_happy_path.py::test_s2n_server_happy_path[RSA_1024_SHA384-TLS1.3-X25519-S2N-TLS_AES_128_GCM_SHA256]
PASSED test_happy_path.py::test_s2n_server_happy_path[RSA_1024_SHA384-TLS1.2-P-384-S2N-ECDHE-RSA-AES256-SHA]
PASSED test_happy_path.py::test_s2n_server_happy_path[RSA_2048_SHA512-TLS1.2-P-521-JavaSSL-AES128-SHA]
PASSED test_happy_path.py::test_s2n_server_happy_path[RSA_1024_SHA384-TLS1.2-P-256-S2N-ECDHE-RSA-AES128-SHA256]
PASSED test_happy_path.py::test_s2n_server_happy_path[RSA_2048_SHA256-TLS1.2-P-256-JavaSSL-DHE-RSA-AES128-GCM-SHA256]
PASSED test_happy_path.py::test_s2n_server_happy_path[RSA_2048_SHA512-TLS1.2-P-256-JavaSSL-AES256-SHA]
PASSED test_happy_path.py::test_s2n_server_happy_path[RSA_1024_SHA384-TLS1.1-P-384-S2N-AES256-SHA]
PASSED test_happy_path.py::test_s2n_server_happy_path[RSA_2048_SHA512-TLS1.0-P-256-S2N-ECDHE-RSA-AES256-SHA]
PASSED test_happy_path.py::test_s2n_server_happy_path[RSA_1024_SHA256-TLS1.2-P-521-JavaSSL-DHE-RSA-AES256-GCM-SHA384]
PASSED test_happy_path.py::test_s2n_server_happy_path[RSA_1024_SHA512-TLS1.2-P-521-JavaSSL-AES128-SHA]
PASSED test_happy_path.py::test_s2n_server_happy_path[RSA_2048_SHA384-TLS1.2-P-521-S2N-DHE-RSA-AES256-GCM-SHA384]
PASSED test_happy_path.py::test_s2n_server_happy_path[RSA_2048_SHA384-TLS1.2-P-384-S2N-DHE-RSA-CHACHA20-POLY1305]
PASSED test_happy_path.py::test_s2n_server_happy_path[RSA_1024_SHA512-TLS1.2-P-384-JavaSSL-AES256-SHA]
PASSED test_happy_path.py::test_s2n_server_happy_path[RSA_2048_SHA384-TLS1.2-P-256-S2N-AES128-SHA]
PASSED test_happy_path.py::test_s2n_server_happy_path[RSA_1024_SHA384-TLS1.2-P-521-S2N-ECDHE-RSA-AES256-SHA]
PASSED test_happy_path.py::test_s2n_server_happy_path[RSA_2048_SHA256-TLS1.3-P-256-JavaSSL-TLS_AES_128_GCM_SHA256]
PASSED test_happy_path.py::test_s2n_server_happy_path[RSA_1024_SHA256-TLS1.2-P-256-JavaSSL-AES128-SHA]
PASSED test_happy_path.py::test_s2n_server_happy_path[RSA_2048_SHA512-TLS1.3-P-521-S2N-TLS_CHACHA20_POLY1305_SHA256]
PASSED test_happy_path.py::test_s2n_server_happy_path[RSA_1024_SHA256-TLS1.2-P-384-JavaSSL-DHE-RSA-AES256-GCM-SHA384]
PASSED test_happy_path.py::test_s2n_server_happy_path[RSA_2048_SHA256-TLS1.1-P-521-S2N-ECDHE-RSA-AES256-SHA]
PASSED test_happy_path.py::test_s2n_server_happy_path[RSA_1024_SHA256-TLS1.3-P-256-JavaSSL-TLS_AES_256_GCM_SHA384]
PASSED test_happy_path.py::test_s2n_server_happy_path[RSA_2048_SHA384-TLS1.1-P-256-S2N-ECDHE-RSA-AES128-SHA]
PASSED test_happy_path.py::test_s2n_server_happy_path[RSA_1024_SHA256-TLS1.0-P-256-S2N-DHE-RSA-AES256-SHA]
PASSED test_happy_path.py::test_s2n_server_happy_path[RSA_1024_SHA384-TLS1.0-P-521-S2N-AES128-SHA]
PASSED test_happy_path.py::test_s2n_server_happy_path[RSA_2048_SHA256-SSLv3-P-256-S2N-AES128-SHA]
PASSED test_happy_path.py::test_s2n_server_happy_path[RSA_1024_SHA512-TLS1.0-P-384-S2N-DHE-RSA-AES256-SHA]
PASSED test_happy_path.py::test_s2n_server_happy_path[RSA_2048_SHA384-TLS1.0-P-521-S2N-AES128-SHA]
PASSED test_happy_path.py::test_s2n_server_happy_path[RSA_2048_SHA512-TLS1.2-P-384-JavaSSL-AES256-SHA]
PASSED test_happy_path.py::test_s2n_server_happy_path[RSA_2048_SHA256-TLS1.2-P-521-JavaSSL-DHE-RSA-AES256-GCM-SHA384]
PASSED test_happy_path.py::test_s2n_server_happy_path[RSA_1024_SHA384-TLS1.3-X25519-S2N-TLS_AES_256_GCM_SHA384]
PASSED test_happy_path.py::test_s2n_server_happy_path[RSA_1024_SHA512-TLS1.2-P-256-JavaSSL-AES256-SHA]
PASSED test_happy_path.py::test_s2n_server_happy_path[RSA_1024_SHA512-TLS1.3-P-521-JavaSSL-TLS_AES_128_GCM_SHA256]
PASSED test_happy_path.py::test_s2n_server_happy_path[RSA_2048_SHA512-TLS1.2-P-256-JavaSSL-AES128-SHA256]
PASSED test_happy_path.py::test_s2n_server_happy_path[RSA_1024_SHA256-TLS1.2-P-521-JavaSSL-AES128-SHA]
PASSED test_happy_path.py::test_s2n_server_happy_path[RSA_1024_SHA384-TLS1.2-P-256-S2N-ECDHE-RSA-AES256-SHA384]
PASSED test_happy_path.py::test_s2n_server_happy_path[RSA_1024_SHA384-TLS1.2-P-384-S2N-ECDHE-RSA-AES128-SHA256]
PASSED test_happy_path.py::test_s2n_server_happy_path[RSA_1024_SHA384-TLS1.1-P-384-S2N-ECDHE-RSA-AES128-SHA]
PASSED test_happy_path.py::test_s2n_server_happy_path[RSA_1024_SHA384-TLS1.2-P-521-S2N-ECDHE-RSA-AES128-SHA256]
PASSED test_happy_path.py::test_s2n_server_happy_path[RSA_2048_SHA384-TLS1.2-P-384-S2N-AES128-SHA]
PASSED test_happy_path.py::test_s2n_server_happy_path[RSA_2048_SHA256-TLS1.2-P-384-JavaSSL-DHE-RSA-AES256-GCM-SHA384]
PASSED test_happy_path.py::test_s2n_server_happy_path[RSA_1024_SHA512-TLS1.2-P-384-JavaSSL-AES128-SHA256]
PASSED test_happy_path.py::test_s2n_server_happy_path[RSA_2048_SHA512-TLS1.2-P-521-JavaSSL-AES256-SHA]
PASSED test_happy_path.py::test_s2n_server_happy_path[RSA_1024_SHA512-TLS1.2-P-521-JavaSSL-AES256-SHA]
PASSED test_happy_path.py::test_s2n_server_happy_path[RSA_1024_SHA256-TLS1.2-P-256-JavaSSL-AES256-SHA]
PASSED test_happy_path.py::test_s2n_server_happy_path[RSA_2048_SHA256-TLS1.3-P-256-JavaSSL-TLS_AES_256_GCM_SHA384]
PASSED test_happy_path.py::test_s2n_server_happy_path[RSA_2048_SHA256-TLS1.2-P-256-JavaSSL-DHE-RSA-AES256-GCM-SHA384]
PASSED test_happy_path.py::test_s2n_server_happy_path[RSA_2048_SHA384-TLS1.2-P-256-S2N-AES256-SHA]
PASSED test_happy_path.py::test_s2n_server_happy_path[RSA_1024_SHA384-TLS1.0-P-521-S2N-AES256-SHA]
PASSED test_happy_path.py::test_s2n_server_happy_path[RSA_2048_SHA384-TLS1.2-P-521-S2N-DHE-RSA-CHACHA20-POLY1305]
PASSED test_happy_path.py::test_s2n_server_happy_path[RSA_1024_SHA256-TLS1.2-P-384-JavaSSL-AES128-SHA]
PASSED test_happy_path.py::test_s2n_server_happy_path[RSA_1024_SHA256-TLS1.3-P-384-S2N-TLS_AES_128_GCM_SHA256]
PASSED test_happy_path.py::test_s2n_server_happy_path[RSA_2048_SHA384-TLS1.1-P-256-S2N-ECDHE-RSA-AES256-SHA]
PASSED test_happy_path.py::test_s2n_server_happy_path[RSA_1024_SHA256-TLS1.0-P-256-S2N-AES128-SHA]
PASSED test_happy_path.py::test_s2n_server_happy_path[RSA_2048_SHA384-TLS1.0-P-521-S2N-AES256-SHA]
PASSED test_happy_path.py::test_s2n_server_happy_path[RSA_1024_SHA512-TLS1.0-P-384-S2N-AES128-SHA]
PASSED test_happy_path.py::test_s2n_server_happy_path[RSA_2048_SHA256-SSLv3-P-256-S2N-AES256-SHA]
PASSED test_happy_path.py::test_s2n_server_happy_path[RSA_1024_SHA384-TLS1.3-X25519-S2N-TLS_CHACHA20_POLY1305_SHA256]
PASSED test_happy_path.py::test_s2n_server_happy_path[RSA_2048_SHA512-TLS1.2-P-384-JavaSSL-AES128-SHA256]
PASSED test_happy_path.py::test_s2n_server_happy_path[RSA_1024_SHA512-TLS1.2-P-256-JavaSSL-AES128-SHA256]
PASSED test_happy_path.py::test_s2n_server_happy_path[RSA_2048_SHA512-TLS1.2-P-256-JavaSSL-AES256-SHA256]
PASSED test_happy_path.py::test_s2n_server_happy_path[RSA_1024_SHA384-TLS1.2-P-384-S2N-ECDHE-RSA-AES256-SHA384]
PASSED test_happy_path.py::test_s2n_server_happy_path[RSA_1024_SHA384-TLS1.2-P-256-S2N-ECDHE-RSA-AES128-GCM-SHA256]
PASSED test_happy_path.py::test_s2n_server_happy_path[RSA_1024_SHA256-TLS1.2-P-521-JavaSSL-AES256-SHA]
PASSED test_happy_path.py::test_s2n_server_happy_path[RSA_2048_SHA256-TLS1.2-P-521-JavaSSL-AES128-SHA]
PASSED test_happy_path.py::test_s2n_server_happy_path[RSA_2048_SHA512-TLS1.3-P-521-JavaSSL-TLS_AES_128_GCM_SHA256]
PASSED test_happy_path.py::test_s2n_server_happy_path[RSA_2048_SHA256-TLS1.3-P-384-S2N-TLS_AES_128_GCM_SHA256]
PASSED test_happy_path.py::test_s2n_server_happy_path[RSA_2048_SHA512-TLS1.0-P-384-S2N-DHE-RSA-AES128-SHA]
PASSED test_happy_path.py::test_s2n_server_happy_path[RSA_1024_SHA512-TLS1.3-P-521-JavaSSL-TLS_AES_256_GCM_SHA384]
PASSED test_happy_path.py::test_s2n_server_happy_path[RSA_1024_SHA384-TLS1.1-P-384-S2N-ECDHE-RSA-AES256-SHA]
PASSED test_happy_path.py::test_s2n_server_happy_path[RSA_2048_SHA256-TLS1.2-P-384-JavaSSL-AES128-SHA]
PASSED test_happy_path.py::test_s2n_server_happy_path[RSA_1024_SHA384-TLS1.2-P-521-S2N-ECDHE-RSA-AES256-SHA384]
PASSED test_happy_path.py::test_s2n_server_happy_path[RSA_2048_SHA384-TLS1.2-P-384-S2N-AES256-SHA]
PASSED test_happy_path.py::test_s2n_server_happy_path[RSA_1024_SHA512-TLS1.2-P-384-JavaSSL-AES256-SHA256]
PASSED test_happy_path.py::test_s2n_server_happy_path[RSA_2048_SHA256-TLS1.2-P-256-JavaSSL-AES128-SHA]
PASSED test_happy_path.py::test_s2n_server_happy_path[RSA_2048_SHA384-TLS1.2-P-256-S2N-AES128-SHA256]
PASSED test_happy_path.py::test_s2n_server_happy_path[RSA_1024_SHA256-TLS1.2-P-256-JavaSSL-AES128-SHA256]
PASSED test_happy_path.py::test_s2n_server_happy_path[RSA_2048_SHA384-TLS1.2-P-521-S2N-AES128-SHA]
PASSED test_happy_path.py::test_s2n_server_happy_path[RSA_1024_SHA384-TLS1.0-P-521-S2N-ECDHE-RSA-AES128-SHA]
PASSED test_happy_path.py::test_s2n_server_happy_path[RSA_1024_SHA256-TLS1.3-P-384-S2N-TLS_AES_256_GCM_SHA384]
PASSED test_happy_path.py::test_s2n_server_happy_path[RSA_1024_SHA512-TLS1.2-P-521-JavaSSL-AES128-SHA256]
PASSED test_happy_path.py::test_s2n_server_happy_path[RSA_1024_SHA256-TLS1.2-P-384-JavaSSL-AES256-SHA]
PASSED test_happy_path.py::test_s2n_server_happy_path[RSA_1024_SHA512-TLS1.0-P-384-S2N-AES256-SHA]
PASSED test_happy_path.py::test_s2n_server_happy_path[RSA_2048_SHA256-SSLv3-P-256-S2N-ECDHE-RSA-AES128-SHA]
PASSED test_happy_path.py::test_s2n_server_happy_path[RSA_2048_SHA384-TLS1.0-P-521-S2N-ECDHE-RSA-AES128-SHA]
PASSED test_happy_path.py::test_s2n_server_happy_path[RSA_1024_SHA384-TLS1.2-P-384-S2N-ECDHE-RSA-AES128-GCM-SHA256]
PASSED test_happy_path.py::test_s2n_server_happy_path[RSA_2048_SHA512-TLS1.2-P-384-JavaSSL-AES256-SHA256]
PASSED test_happy_path.py::test_s2n_server_happy_path[RSA_1024_SHA384-TLS1.2-P-256-S2N-ECDHE-RSA-AES256-GCM-SHA384]
PASSED test_happy_path.py::test_s2n_server_happy_path[RSA_2048_SHA256-TLS1.0-P-256-S2N-DHE-RSA-AES128-SHA]
PASSED test_happy_path.py::test_s2n_server_happy_path[RSA_2048_SHA512-TLS1.2-P-521-JavaSSL-AES128-SHA256]
PASSED test_happy_path.py::test_s2n_server_happy_path[RSA_1024_SHA256-TLS1.0-P-256-S2N-AES256-SHA]
PASSED test_happy_path.py::test_s2n_server_happy_path[RSA_1024_SHA512-TLS1.2-P-256-JavaSSL-AES256-SHA256]
PASSED test_happy_path.py::test_s2n_server_happy_path[RSA_2048_SHA256-TLS1.2-P-521-JavaSSL-AES256-SHA]
PASSED test_happy_path.py::test_s2n_server_happy_path[RSA_2048_SHA512-TLS1.2-P-256-JavaSSL-ECDHE-RSA-AES128-SHA]
PASSED test_happy_path.py::test_s2n_server_happy_path[RSA_2048_SHA256-TLS1.3-P-384-S2N-TLS_AES_256_GCM_SHA384]
PASSED test_happy_path.py::test_s2n_server_happy_path[RSA_1024_SHA256-TLS1.2-P-521-JavaSSL-AES128-SHA256]
PASSED test_happy_path.py::test_s2n_server_happy_path[RSA_1024_SHA512-TLS1.2-P-256-S2N-DHE-RSA-AES128-SHA]
PASSED test_happy_path.py::test_s2n_server_happy_path[RSA_2048_SHA384-TLS1.2-P-384-S2N-AES128-SHA256]
PASSED test_happy_path.py::test_s2n_server_happy_path[RSA_2048_SHA512-TLS1.0-P-384-S2N-DHE-RSA-AES256-SHA]
PASSED test_happy_path.py::test_s2n_server_happy_path[RSA_2048_SHA512-TLS1.3-P-521-JavaSSL-TLS_AES_256_GCM_SHA384]
PASSED test_happy_path.py::test_s2n_server_happy_path[RSA_1024_SHA384-TLS1.2-P-521-S2N-ECDHE-RSA-AES128-GCM-SHA256]
PASSED test_happy_path.py::test_s2n_server_happy_path[RSA_1024_SHA384-TLS1.3-X25519-JavaSSL-TLS_AES_128_GCM_SHA256]
PASSED test_happy_path.py::test_s2n_server_happy_path[RSA_2048_SHA256-TLS1.2-P-384-JavaSSL-AES256-SHA]
PASSED test_happy_path.py::test_s2n_server_happy_path[RSA_1024_SHA256-TLS1.3-P-384-S2N-TLS_CHACHA20_POLY1305_SHA256]
PASSED test_happy_path.py::test_s2n_server_happy_path[RSA_1024_SHA512-TLS1.0-P-384-S2N-ECDHE-RSA-AES128-SHA]
PASSED test_happy_path.py::test_s2n_server_happy_path[RSA_1024_SHA256-TLS1.2-P-256-JavaSSL-AES256-SHA256]
PASSED test_happy_path.py::test_s2n_server_happy_path[RSA_2048_SHA256-TLS1.2-P-256-JavaSSL-AES256-SHA]
PASSED test_happy_path.py::test_s2n_server_happy_path[RSA_1024_SHA512-TLS1.2-P-384-JavaSSL-ECDHE-RSA-AES128-SHA]
PASSED test_happy_path.py::test_s2n_server_happy_path[RSA_1024_SHA512-TLS1.2-P-521-JavaSSL-AES256-SHA256]
PASSED test_happy_path.py::test_s2n_server_happy_path[RSA_2048_SHA384-TLS1.0-P-521-S2N-ECDHE-RSA-AES256-SHA]
PASSED test_happy_path.py::test_s2n_server_happy_path[RSA_2048_SHA384-TLS1.2-P-521-S2N-AES256-SHA]
PASSED test_happy_path.py::test_s2n_server_happy_path[RSA_2048_SHA256-SSLv3-P-256-S2N-ECDHE-RSA-AES256-SHA]
PASSED test_happy_path.py::test_s2n_server_happy_path[RSA_1024_SHA384-TLS1.2-P-384-S2N-ECDHE-RSA-AES256-GCM-SHA384]
PASSED test_happy_path.py::test_s2n_server_happy_path[RSA_2048_SHA384-TLS1.2-P-256-S2N-AES256-SHA256]
PASSED test_happy_path.py::test_s2n_server_happy_path[RSA_2048_SHA384-TLS1.1-P-384-S2N-DHE-RSA-AES128-SHA]
PASSED test_happy_path.py::test_s2n_server_happy_path[RSA_1024_SHA384-TLS1.0-P-521-S2N-ECDHE-RSA-AES256-SHA]
PASSED test_happy_path.py::test_s2n_server_happy_path[RSA_1024_SHA384-TLS1.2-P-256-S2N-ECDHE-RSA-CHACHA20-POLY1305]
PASSED test_happy_path.py::test_s2n_server_happy_path[RSA_2048_SHA256-TLS1.3-P-384-S2N-TLS_CHACHA20_POLY1305_SHA256]
PASSED test_happy_path.py::test_s2n_server_happy_path[RSA_1024_SHA512-TLS1.2-P-256-JavaSSL-ECDHE-RSA-AES128-SHA]
PASSED test_happy_path.py::test_s2n_server_happy_path[RSA_2048_SHA512-TLS1.2-P-521-JavaSSL-AES256-SHA256]
PASSED test_happy_path.py::test_s2n_server_happy_path[RSA_2048_SHA384-TLS1.2-P-384-S2N-AES256-SHA256]
PASSED test_happy_path.py::test_s2n_server_happy_path[RSA_1024_SHA512-TLS1.2-P-256-S2N-DHE-RSA-AES256-SHA]
PASSED test_happy_path.py::test_s2n_server_happy_path[RSA_2048_SHA512-TLS1.0-P-384-S2N-AES128-SHA]
PASSED test_happy_path.py::test_s2n_server_happy_path[RSA_2048_SHA256-TLS1.2-P-521-JavaSSL-AES128-SHA256]
PASSED test_happy_path.py::test_s2n_server_happy_path[RSA_1024_SHA256-TLS1.2-P-521-JavaSSL-AES256-SHA256]
PASSED test_happy_path.py::test_s2n_server_happy_path[RSA_2048_SHA512-TLS1.2-P-256-JavaSSL-ECDHE-RSA-AES256-SHA]
PASSED test_happy_path.py::test_s2n_server_happy_path[RSA_2048_SHA512-TLS1.2-P-384-JavaSSL-ECDHE-RSA-AES128-SHA]
PASSED test_happy_path.py::test_s2n_server_happy_path[RSA_1024_SHA256-TLS1.0-P-256-S2N-ECDHE-RSA-AES128-SHA]
PASSED test_happy_path.py::test_s2n_server_happy_path[RSA_1024_SHA256-TLS1.2-P-384-JavaSSL-AES128-SHA256]
PASSED test_happy_path.py::test_s2n_server_happy_path[RSA_2048_SHA256-TLS1.0-P-256-S2N-DHE-RSA-AES256-SHA]
PASSED test_happy_path.py::test_s2n_server_happy_path[RSA_1024_SHA512-TLS1.0-P-384-S2N-ECDHE-RSA-AES256-SHA]
PASSED test_happy_path.py::test_s2n_server_happy_path[RSA_2048_SHA512-TLS1.2-P-256-S2N-DHE-RSA-AES128-SHA]
PASSED test_happy_path.py::test_s2n_server_happy_path[RSA_1024_SHA384-TLS1.1-P-521-S2N-DHE-RSA-AES128-SHA]
PASSED test_happy_path.py::test_s2n_server_happy_path[RSA_2048_SHA256-TLS1.2-P-384-JavaSSL-AES128-SHA256]
PASSED test_happy_path.py::test_s2n_server_happy_path[RSA_1024_SHA256-TLS1.2-P-256-JavaSSL-ECDHE-RSA-AES128-SHA]
PASSED test_happy_path.py::test_s2n_server_happy_path[RSA_2048_SHA384-TLS1.2-P-521-S2N-AES128-SHA256]
PASSED test_happy_path.py::test_s2n_server_happy_path[RSA_1024_SHA384-TLS1.2-P-521-S2N-ECDHE-RSA-AES256-GCM-SHA384]
PASSED test_happy_path.py::test_s2n_server_happy_path[RSA_2048_SHA384-TLS1.2-P-256-S2N-ECDHE-RSA-AES128-SHA]
PASSED test_happy_path.py::test_s2n_server_happy_path[RSA_1024_SHA512-TLS1.2-P-521-JavaSSL-ECDHE-RSA-AES128-SHA]
PASSED test_happy_path.py::test_s2n_server_happy_path[RSA_1024_SHA384-TLS1.2-P-384-S2N-ECDHE-RSA-CHACHA20-POLY1305]
PASSED test_happy_path.py::test_s2n_server_happy_path[RSA_1024_SHA384-TLS1.3-X25519-JavaSSL-TLS_AES_256_GCM_SHA384]
PASSED test_happy_path.py::test_s2n_server_happy_path[RSA_2048_SHA256-TLS1.2-P-256-JavaSSL-AES128-SHA256]
PASSED test_happy_path.py::test_s2n_server_happy_path[RSA_2048_SHA512-TLS1.0-P-384-S2N-AES256-SHA]
PASSED test_happy_path.py::test_s2n_server_happy_path[RSA_1024_SHA512-TLS1.2-P-256-S2N-DHE-RSA-AES128-SHA256]
PASSED test_happy_path.py::test_s2n_server_happy_path[RSA_1024_SHA256-TLS1.3-P-384-JavaSSL-TLS_AES_128_GCM_SHA256]
PASSED test_happy_path.py::test_s2n_server_happy_path[RSA_1024_SHA512-TLS1.2-P-384-JavaSSL-ECDHE-RSA-AES256-SHA]
PASSED test_happy_path.py::test_s2n_server_happy_path[RSA_2048_SHA512-TLS1.2-P-521-JavaSSL-ECDHE-RSA-AES128-SHA]
PASSED test_happy_path.py::test_s2n_server_happy_path[RSA_2048_SHA384-TLS1.1-P-384-S2N-DHE-RSA-AES256-SHA]
PASSED test_happy_path.py::test_s2n_server_happy_path[RSA_2048_SHA512-TLS1.2-P-256-JavaSSL-ECDHE-RSA-AES128-SHA256]
PASSED test_happy_path.py::test_s2n_server_happy_path[RSA_2048_SHA256-TLS1.2-P-521-JavaSSL-AES256-SHA256]
PASSED test_happy_path.py::test_s2n_server_happy_path[RSA_2048_SHA384-TLS1.2-P-384-S2N-ECDHE-RSA-AES128-SHA]
PASSED test_happy_path.py::test_s2n_server_happy_path[RSA_2048_SHA384-TLS1.3-X25519-S2N-TLS_AES_128_GCM_SHA256]
PASSED test_happy_path.py::test_s2n_server_happy_path[RSA_1024_SHA256-TLS1.2-P-521-JavaSSL-ECDHE-RSA-AES128-SHA]
PASSED test_happy_path.py::test_s2n_server_happy_path[RSA_1024_SHA256-TLS1.2-P-384-JavaSSL-AES256-SHA256]
PASSED test_happy_path.py::test_s2n_server_happy_path[RSA_1024_SHA512-TLS1.2-P-256-JavaSSL-ECDHE-RSA-AES256-SHA]
PASSED test_happy_path.py::test_s2n_server_happy_path[RSA_1024_SHA256-TLS1.0-P-256-S2N-ECDHE-RSA-AES256-SHA]
PASSED test_happy_path.py::test_s2n_server_happy_path[RSA_2048_SHA256-TLS1.0-P-256-S2N-AES128-SHA]
PASSED test_happy_path.py::test_s2n_server_happy_path[RSA_2048_SHA512-TLS1.2-P-384-JavaSSL-ECDHE-RSA-AES256-SHA]
PASSED test_happy_path.py::test_s2n_server_happy_path[RSA_2048_SHA512-TLS1.2-P-256-S2N-DHE-RSA-AES256-SHA]
PASSED test_happy_path.py::test_s2n_server_happy_path[RSA_2048_SHA256-TLS1.3-P-384-JavaSSL-TLS_AES_128_GCM_SHA256]
PASSED test_happy_path.py::test_s2n_server_happy_path[RSA_1024_SHA384-TLS1.2-P-521-S2N-ECDHE-RSA-CHACHA20-POLY1305]
PASSED test_happy_path.py::test_s2n_server_happy_path[RSA_2048_SHA384-TLS1.2-P-256-S2N-ECDHE-RSA-AES256-SHA]
PASSED test_happy_path.py::test_s2n_server_happy_path[RSA_1024_SHA256-TLS1.2-P-256-JavaSSL-ECDHE-RSA-AES256-SHA]
PASSED test_happy_path.py::test_s2n_server_happy_path[RSA_2048_SHA256-TLS1.2-P-384-JavaSSL-AES256-SHA256]
PASSED test_happy_path.py::test_s2n_server_happy_path[RSA_1024_SHA384-TLS1.1-P-521-S2N-DHE-RSA-AES256-SHA]
PASSED test_happy_path.py::test_s2n_server_happy_path[RSA_2048_SHA384-TLS1.2-P-521-S2N-AES256-SHA256]
PASSED test_happy_path.py::test_s2n_server_happy_path[RSA_1024_SHA384-TLS1.3-P-256-S2N-TLS_AES_128_GCM_SHA256]
PASSED test_happy_path.py::test_s2n_server_happy_path[RSA_1024_SHA512-TLS1.2-P-521-JavaSSL-ECDHE-RSA-AES256-SHA]
PASSED test_happy_path.py::test_s2n_server_happy_path[RSA_2048_SHA384-SSLv3-P-256-S2N-DHE-RSA-AES128-SHA]
PASSED test_happy_path.py::test_s2n_server_happy_path[RSA_2048_SHA384-TLS1.1-P-384-S2N-AES128-SHA]
PASSED test_happy_path.py::test_s2n_server_happy_path[RSA_1024_SHA512-TLS1.2-P-256-S2N-DHE-RSA-AES256-SHA256]
PASSED test_happy_path.py::test_s2n_server_happy_path[RSA_1024_SHA384-SSLv3-P-256-S2N-DHE-RSA-AES128-SHA]
PASSED test_happy_path.py::test_s2n_server_happy_path[RSA_2048_SHA256-TLS1.2-P-256-JavaSSL-AES256-SHA256]
PASSED test_happy_path.py::test_s2n_server_happy_path[RSA_1024_SHA512-TLS1.2-P-384-JavaSSL-ECDHE-RSA-AES128-SHA256]
PASSED test_happy_path.py::test_s2n_server_happy_path[RSA_2048_SHA384-TLS1.2-P-384-S2N-ECDHE-RSA-AES256-SHA]
PASSED test_happy_path.py::test_s2n_server_happy_path[RSA_2048_SHA512-TLS1.2-P-521-JavaSSL-ECDHE-RSA-AES256-SHA]
PASSED test_happy_path.py::test_s2n_server_happy_path[RSA_1024_SHA256-TLS1.3-P-384-JavaSSL-TLS_AES_256_GCM_SHA384]
PASSED test_happy_path.py::test_s2n_server_happy_path[RSA_1024_SHA256-TLS1.2-P-384-JavaSSL-ECDHE-RSA-AES128-SHA]
PASSED test_happy_path.py::test_s2n_server_happy_path[RSA_2048_SHA512-TLS1.0-P-384-S2N-ECDHE-RSA-AES128-SHA]
PASSED test_happy_path.py::test_s2n_server_happy_path[RSA_1024_SHA256-TLS1.2-P-521-JavaSSL-ECDHE-RSA-AES256-SHA]
PASSED test_happy_path.py::test_s2n_server_happy_path[RSA_2048_SHA384-TLS1.3-X25519-S2N-TLS_AES_256_GCM_SHA384]
PASSED test_happy_path.py::test_s2n_server_happy_path[RSA_2048_SHA256-TLS1.2-P-521-JavaSSL-ECDHE-RSA-AES128-SHA]
PASSED test_happy_path.py::test_s2n_server_happy_path[RSA_2048_SHA256-TLS1.0-P-256-S2N-AES256-SHA]
PASSED test_happy_path.py::test_s2n_server_happy_path[RSA_1024_SHA512-TLS1.2-P-256-JavaSSL-ECDHE-RSA-AES128-SHA256]
PASSED test_happy_path.py::test_s2n_server_happy_path[RSA_2048_SHA512-TLS1.2-P-256-S2N-DHE-RSA-AES128-SHA256]
PASSED test_happy_path.py::test_s2n_server_happy_path[RSA_2048_SHA384-TLS1.2-P-256-S2N-ECDHE-RSA-AES128-SHA256]
PASSED test_happy_path.py::test_s2n_server_happy_path[RSA_2048_SHA512-TLS1.2-P-256-JavaSSL-ECDHE-RSA-AES256-SHA384]
PASSED test_happy_path.py::test_s2n_server_happy_path[RSA_1024_SHA512-TLS1.0-P-521-S2N-DHE-RSA-AES128-SHA]
PASSED test_happy_path.py::test_s2n_server_happy_path[RSA_1024_SHA384-TLS1.1-P-521-S2N-AES128-SHA]
PASSED test_happy_path.py::test_s2n_server_happy_path[RSA_1024_SHA384-TLS1.3-P-256-S2N-TLS_AES_256_GCM_SHA384]
PASSED test_happy_path.py::test_s2n_server_happy_path[RSA_2048_SHA384-TLS1.2-P-521-S2N-ECDHE-RSA-AES128-SHA]
PASSED test_happy_path.py::test_s2n_server_happy_path[RSA_2048_SHA256-TLS1.2-P-384-JavaSSL-ECDHE-RSA-AES128-SHA]
PASSED test_happy_path.py::test_s2n_server_happy_path[RSA_1024_SHA512-TLS1.2-P-256-S2N-DHE-RSA-AES128-GCM-SHA256]
PASSED test_happy_path.py::test_s2n_server_happy_path[RSA_1024_SHA256-TLS1.2-P-256-JavaSSL-ECDHE-RSA-AES128-SHA256]
PASSED test_happy_path.py::test_s2n_server_happy_path[RSA_2048_SHA384-SSLv3-P-256-S2N-DHE-RSA-AES256-SHA]
PASSED test_happy_path.py::test_s2n_server_happy_path[RSA_2048_SHA512-TLS1.2-P-384-JavaSSL-ECDHE-RSA-AES128-SHA256]
PASSED test_happy_path.py::test_s2n_server_happy_path[RSA_1024_SHA512-TLS1.2-P-521-JavaSSL-ECDHE-RSA-AES128-SHA256]
PASSED test_happy_path.py::test_s2n_server_happy_path[RSA_2048_SHA384-TLS1.1-P-384-S2N-AES256-SHA]
PASSED test_happy_path.py::test_s2n_server_happy_path[RSA_2048_SHA384-TLS1.2-P-384-S2N-ECDHE-RSA-AES128-SHA256]
PASSED test_happy_path.py::test_s2n_server_happy_path[RSA_1024_SHA256-TLS1.3-P-521-S2N-TLS_AES_128_GCM_SHA256]
PASSED test_happy_path.py::test_s2n_server_happy_path[RSA_2048_SHA256-TLS1.2-P-256-JavaSSL-ECDHE-RSA-AES128-SHA]
PASSED test_happy_path.py::test_s2n_server_happy_path[RSA_2048_SHA256-TLS1.3-P-384-JavaSSL-TLS_AES_256_GCM_SHA384]
PASSED test_happy_path.py::test_s2n_server_happy_path[RSA_1024_SHA384-SSLv3-P-256-S2N-DHE-RSA-AES256-SHA]
PASSED test_happy_path.py::test_s2n_server_happy_path[RSA_2048_SHA384-TLS1.3-X25519-S2N-TLS_CHACHA20_POLY1305_SHA256]
PASSED test_happy_path.py::test_s2n_server_happy_path[RSA_2048_SHA512-TLS1.2-P-521-JavaSSL-ECDHE-RSA-AES128-SHA256]
PASSED test_happy_path.py::test_s2n_server_happy_path[RSA_2048_SHA512-TLS1.0-P-384-S2N-ECDHE-RSA-AES256-SHA]
PASSED test_happy_path.py::test_s2n_server_happy_path[RSA_1024_SHA256-TLS1.2-P-384-JavaSSL-ECDHE-RSA-AES256-SHA]
PASSED test_happy_path.py::test_s2n_server_happy_path[RSA_1024_SHA512-TLS1.2-P-384-JavaSSL-ECDHE-RSA-AES256-SHA384]
PASSED test_happy_path.py::test_s2n_server_happy_path[RSA_2048_SHA256-TLS1.2-P-521-JavaSSL-ECDHE-RSA-AES256-SHA]
PASSED test_happy_path.py::test_s2n_server_happy_path[RSA_2048_SHA384-TLS1.2-P-256-S2N-ECDHE-RSA-AES256-SHA384]
PASSED test_happy_path.py::test_s2n_server_happy_path[RSA_1024_SHA384-TLS1.1-P-521-S2N-AES256-SHA]
PASSED test_happy_path.py::test_s2n_server_happy_path[RSA_1024_SHA256-TLS1.0-P-384-S2N-DHE-RSA-AES128-SHA]
PASSED test_happy_path.py::test_s2n_server_happy_path[RSA_1024_SHA512-TLS1.2-P-256-JavaSSL-ECDHE-RSA-AES256-SHA384]
PASSED test_happy_path.py::test_s2n_server_happy_path[RSA_1024_SHA256-TLS1.2-P-521-JavaSSL-ECDHE-RSA-AES128-SHA256]
PASSED test_happy_path.py::test_s2n_server_happy_path[RSA_2048_SHA512-TLS1.2-P-256-JavaSSL-ECDHE-RSA-AES128-GCM-SHA256]
PASSED test_happy_path.py::test_s2n_server_happy_path[RSA_2048_SHA512-TLS1.2-P-256-S2N-DHE-RSA-AES256-SHA256]
PASSED test_happy_path.py::test_s2n_server_happy_path[RSA_2048_SHA384-TLS1.2-P-521-S2N-ECDHE-RSA-AES256-SHA]
PASSED test_happy_path.py::test_s2n_server_happy_path[RSA_2048_SHA256-TLS1.0-P-256-S2N-ECDHE-RSA-AES128-SHA]
PASSED test_happy_path.py::test_s2n_server_happy_path[RSA_1024_SHA384-TLS1.3-P-256-S2N-TLS_CHACHA20_POLY1305_SHA256]
PASSED test_happy_path.py::test_s2n_server_happy_path[RSA_1024_SHA512-TLS1.0-P-521-S2N-DHE-RSA-AES256-SHA]
PASSED test_happy_path.py::test_s2n_server_happy_path[RSA_1024_SHA512-TLS1.2-P-256-S2N-DHE-RSA-AES256-GCM-SHA384]
PASSED test_happy_path.py::test_s2n_server_happy_path[RSA_1024_SHA256-TLS1.3-P-521-S2N-TLS_AES_256_GCM_SHA384]
PASSED test_happy_path.py::test_s2n_server_happy_path[RSA_2048_SHA384-SSLv3-P-256-S2N-AES128-SHA]
PASSED test_happy_path.py::test_s2n_server_happy_path[RSA_2048_SHA256-TLS1.2-P-384-JavaSSL-ECDHE-RSA-AES256-SHA]
PASSED test_happy_path.py::test_s2n_server_happy_path[RSA_2048_SHA384-TLS1.2-P-384-S2N-ECDHE-RSA-AES256-SHA384]
PASSED test_happy_path.py::test_s2n_server_happy_path[RSA_1024_SHA256-TLS1.2-P-256-JavaSSL-ECDHE-RSA-AES256-SHA384]
PASSED test_happy_path.py::test_s2n_server_happy_path[RSA_1024_SHA512-TLS1.2-P-521-JavaSSL-ECDHE-RSA-AES256-SHA384]
PASSED test_happy_path.py::test_s2n_server_happy_path[RSA_2048_SHA384-TLS1.1-P-384-S2N-ECDHE-RSA-AES128-SHA]
PASSED test_happy_path.py::test_s2n_server_happy_path[RSA_1024_SHA384-SSLv3-P-256-S2N-AES128-SHA]
PASSED test_happy_path.py::test_s2n_server_happy_path[RSA_2048_SHA512-TLS1.2-P-384-JavaSSL-ECDHE-RSA-AES256-SHA384]
PASSED test_happy_path.py::test_s2n_server_happy_path[RSA_2048_SHA256-TLS1.3-P-521-S2N-TLS_AES_128_GCM_SHA256]
PASSED test_happy_path.py::test_s2n_server_happy_path[RSA_2048_SHA512-TLS1.2-P-521-JavaSSL-ECDHE-RSA-AES256-SHA384]
PASSED test_happy_path.py::test_s2n_server_happy_path[RSA_1024_SHA256-TLS1.2-P-384-JavaSSL-ECDHE-RSA-AES128-SHA256]
PASSED test_happy_path.py::test_s2n_server_happy_path[RSA_2048_SHA256-TLS1.2-P-256-JavaSSL-ECDHE-RSA-AES256-SHA]
PASSED test_happy_path.py::test_s2n_server_happy_path[RSA_1024_SHA256-TLS1.0-P-384-S2N-DHE-RSA-AES256-SHA]
PASSED test_happy_path.py::test_s2n_server_happy_path[RSA_2048_SHA256-TLS1.2-P-521-JavaSSL-ECDHE-RSA-AES128-SHA256]
PASSED test_happy_path.py::test_s2n_server_happy_path[RSA_1024_SHA384-TLS1.1-P-521-S2N-ECDHE-RSA-AES128-SHA]
PASSED test_happy_path.py::test_s2n_server_happy_path[RSA_2048_SHA384-TLS1.2-P-256-S2N-ECDHE-RSA-AES128-GCM-SHA256]
PASSED test_happy_path.py::test_s2n_server_happy_path[RSA_1024_SHA512-TLS1.2-P-384-JavaSSL-ECDHE-RSA-AES128-GCM-SHA256]
PASSED test_happy_path.py::test_s2n_server_happy_path[RSA_2048_SHA512-TLS1.2-P-256-S2N-DHE-RSA-AES128-GCM-SHA256]
PASSED test_happy_path.py::test_s2n_server_happy_path[RSA_1024_SHA512-TLS1.2-P-256-JavaSSL-ECDHE-RSA-AES128-GCM-SHA256]
PASSED test_happy_path.py::test_s2n_server_happy_path[RSA_1024_SHA512-TLS1.0-P-521-S2N-AES128-SHA]
PASSED test_happy_path.py::test_s2n_server_happy_path[RSA_2048_SHA512-TLS1.2-P-256-JavaSSL-ECDHE-RSA-AES256-GCM-SHA384]
PASSED test_happy_path.py::test_s2n_server_happy_path[RSA_2048_SHA256-TLS1.0-P-256-S2N-ECDHE-RSA-AES256-SHA]
PASSED test_happy_path.py::test_s2n_server_happy_path[RSA_2048_SHA384-SSLv3-P-256-S2N-AES256-SHA]
PASSED test_happy_path.py::test_s2n_server_happy_path[RSA_1024_SHA256-TLS1.2-P-521-JavaSSL-ECDHE-RSA-AES256-SHA384]
PASSED test_happy_path.py::test_s2n_server_happy_path[RSA_1024_SHA256-TLS1.3-P-521-S2N-TLS_CHACHA20_POLY1305_SHA256]
PASSED test_happy_path.py::test_s2n_server_happy_path[RSA_2048_SHA384-TLS1.2-P-521-S2N-ECDHE-RSA-AES128-SHA256]
PASSED test_happy_path.py::test_s2n_server_happy_path[RSA_2048_SHA384-TLS1.2-P-384-S2N-ECDHE-RSA-AES128-GCM-SHA256]
PASSED test_happy_path.py::test_s2n_server_happy_path[RSA_1024_SHA384-TLS1.2-P-256-JavaSSL-DHE-RSA-AES128-SHA]
PASSED test_happy_path.py::test_s2n_server_happy_path[RSA_1024_SHA512-TLS1.2-P-256-S2N-DHE-RSA-CHACHA20-POLY1305]
PASSED test_happy_path.py::test_s2n_server_happy_path[RSA_2048_SHA256-TLS1.2-P-384-JavaSSL-ECDHE-RSA-AES128-SHA256]
PASSED test_happy_path.py::test_s2n_server_happy_path[RSA_2048_SHA384-TLS1.3-X25519-JavaSSL-TLS_AES_128_GCM_SHA256]
PASSED test_happy_path.py::test_s2n_server_happy_path[RSA_2048_SHA384-TLS1.1-P-384-S2N-ECDHE-RSA-AES256-SHA]
PASSED test_happy_path.py::test_s2n_server_happy_path[RSA_1024_SHA256-TLS1.2-P-256-JavaSSL-ECDHE-RSA-AES128-GCM-SHA256]
PASSED test_happy_path.py::test_s2n_server_happy_path[RSA_2048_SHA256-TLS1.3-P-521-S2N-TLS_AES_256_GCM_SHA384]
PASSED test_happy_path.py::test_s2n_server_happy_path[RSA_1024_SHA512-TLS1.2-P-521-JavaSSL-ECDHE-RSA-AES128-GCM-SHA256]
PASSED test_happy_path.py::test_s2n_server_happy_path[RSA_1024_SHA384-SSLv3-P-256-S2N-AES256-SHA]
PASSED test_happy_path.py::test_s2n_server_happy_path[RSA_2048_SHA512-TLS1.2-P-521-JavaSSL-ECDHE-RSA-AES128-GCM-SHA256]
PASSED test_happy_path.py::test_s2n_server_happy_path[RSA_1024_SHA384-TLS1.3-P-256-JavaSSL-TLS_AES_128_GCM_SHA256]
PASSED test_happy_path.py::test_s2n_server_happy_path[RSA_1024_SHA384-TLS1.2-P-384-JavaSSL-DHE-RSA-AES128-SHA]
PASSED test_happy_path.py::test_s2n_server_happy_path[RSA_2048_SHA512-TLS1.2-P-384-JavaSSL-ECDHE-RSA-AES128-GCM-SHA256]
PASSED test_happy_path.py::test_s2n_server_happy_path[RSA_1024_SHA256-TLS1.0-P-384-S2N-AES128-SHA]
PASSED test_happy_path.py::test_s2n_server_happy_path[RSA_1024_SHA256-TLS1.2-P-384-JavaSSL-ECDHE-RSA-AES256-SHA384]
PASSED test_happy_path.py::test_s2n_server_happy_path[RSA_1024_SHA384-TLS1.1-P-521-S2N-ECDHE-RSA-AES256-SHA]
PASSED test_happy_path.py::test_s2n_server_happy_path[RSA_2048_SHA256-TLS1.2-P-256-JavaSSL-ECDHE-RSA-AES128-SHA256]
PASSED test_happy_path.py::test_s2n_server_happy_path[RSA_2048_SHA384-TLS1.2-P-256-S2N-ECDHE-RSA-AES256-GCM-SHA384]
PASSED test_happy_path.py::test_s2n_server_happy_path[RSA_2048_SHA512-TLS1.2-P-384-S2N-DHE-RSA-AES128-SHA]
PASSED test_happy_path.py::test_s2n_server_happy_path[RSA_2048_SHA512-TLS1.2-P-256-S2N-DHE-RSA-AES256-GCM-SHA384]
PASSED test_happy_path.py::test_s2n_server_happy_path[RSA_2048_SHA256-TLS1.2-P-521-JavaSSL-ECDHE-RSA-AES256-SHA384]
PASSED test_happy_path.py::test_s2n_server_happy_path[RSA_1024_SHA512-TLS1.0-P-521-S2N-AES256-SHA]
PASSED test_happy_path.py::test_s2n_server_happy_path[RSA_2048_SHA512-TLS1.0-P-521-S2N-DHE-RSA-AES128-SHA]
PASSED test_happy_path.py::test_s2n_server_happy_path[RSA_2048_SHA384-SSLv3-P-256-S2N-ECDHE-RSA-AES128-SHA]
PASSED test_happy_path.py::test_s2n_server_happy_path[RSA_1024_SHA256-TLS1.2-P-521-JavaSSL-ECDHE-RSA-AES128-GCM-SHA256]
PASSED test_happy_path.py::test_s2n_server_happy_path[RSA_1024_SHA512-TLS1.2-P-384-JavaSSL-ECDHE-RSA-AES256-GCM-SHA384]
PASSED test_happy_path.py::test_s2n_server_happy_path[RSA_2048_SHA384-TLS1.2-P-384-S2N-ECDHE-RSA-AES256-GCM-SHA384]
PASSED test_happy_path.py::test_s2n_server_happy_path[RSA_1024_SHA512-TLS1.2-P-256-S2N-AES128-SHA]
PASSED test_happy_path.py::test_s2n_server_happy_path[RSA_2048_SHA384-TLS1.2-P-521-S2N-ECDHE-RSA-AES256-SHA384]
PASSED test_happy_path.py::test_s2n_server_happy_path[RSA_1024_SHA384-TLS1.2-P-256-JavaSSL-DHE-RSA-AES256-SHA]
PASSED test_happy_path.py::test_s2n_server_happy_path[RSA_1024_SHA384-SSLv3-P-256-S2N-ECDHE-RSA-AES128-SHA]
PASSED test_happy_path.py::test_s2n_server_happy_path[RSA_2048_SHA384-TLS1.3-X25519-JavaSSL-TLS_AES_256_GCM_SHA384]
PASSED test_happy_path.py::test_s2n_server_happy_path[RSA_1024_SHA512-TLS1.2-P-256-JavaSSL-ECDHE-RSA-AES256-GCM-SHA384]
PASSED test_happy_path.py::test_s2n_server_happy_path[RSA_2048_SHA256-TLS1.2-P-384-JavaSSL-ECDHE-RSA-AES256-SHA384]
PASSED test_happy_path.py::test_s2n_server_happy_path[RSA_1024_SHA256-TLS1.2-P-256-JavaSSL-ECDHE-RSA-AES256-GCM-SHA384]
PASSED test_happy_path.py::test_s2n_server_happy_path[RSA_2048_SHA512-TLS1.2-P-521-JavaSSL-ECDHE-RSA-AES256-GCM-SHA384]
PASSED test_happy_path.py::test_s2n_server_happy_path[RSA_1024_SHA512-TLS1.2-P-521-JavaSSL-ECDHE-RSA-AES256-GCM-SHA384]
PASSED test_happy_path.py::test_s2n_server_happy_path[RSA_1024_SHA384-TLS1.3-P-256-JavaSSL-TLS_AES_256_GCM_SHA384]
PASSED test_happy_path.py::test_s2n_server_happy_path[RSA_2048_SHA256-TLS1.3-P-521-S2N-TLS_CHACHA20_POLY1305_SHA256]
PASSED test_happy_path.py::test_s2n_server_happy_path[RSA_1024_SHA256-TLS1.0-P-384-S2N-AES256-SHA]
PASSED test_happy_path.py::test_s2n_server_happy_path[RSA_2048_SHA512-TLS1.2-P-384-S2N-DHE-RSA-AES256-SHA]
PASSED test_happy_path.py::test_s2n_server_happy_path[RSA_1024_SHA256-TLS1.3-P-521-JavaSSL-TLS_AES_128_GCM_SHA256]
PASSED test_happy_path.py::test_s2n_server_happy_path[RSA_1024_SHA384-TLS1.2-P-384-JavaSSL-DHE-RSA-AES256-SHA]
PASSED test_happy_path.py::test_s2n_server_happy_path[RSA_2048_SHA384-TLS1.2-P-256-S2N-ECDHE-RSA-CHACHA20-POLY1305]
PASSED test_happy_path.py::test_s2n_server_happy_path[RSA_2048_SHA512-TLS1.0-P-521-S2N-DHE-RSA-AES256-SHA]
PASSED test_happy_path.py::test_s2n_server_happy_path[RSA_1024_SHA512-TLS1.2-P-521-S2N-DHE-RSA-AES128-SHA]
PASSED test_happy_path.py::test_s2n_server_happy_path[RSA_2048_SHA512-TLS1.2-P-256-S2N-DHE-RSA-CHACHA20-POLY1305]
PASSED test_happy_path.py::test_s2n_server_happy_path[RSA_2048_SHA256-TLS1.2-P-256-JavaSSL-ECDHE-RSA-AES256-SHA384]
PASSED test_happy_path.py::test_s2n_server_happy_path[RSA_1024_SHA384-TLS1.2-P-521-JavaSSL-DHE-RSA-AES128-SHA]
PASSED test_happy_path.py::test_s2n_server_happy_path[RSA_1024_SHA512-TLS1.0-P-521-S2N-ECDHE-RSA-AES128-SHA]
PASSED test_happy_path.py::test_s2n_server_happy_path[RSA_1024_SHA256-TLS1.2-P-521-JavaSSL-ECDHE-RSA-AES256-GCM-SHA384]
PASSED test_happy_path.py::test_s2n_server_happy_path[RSA_1024_SHA256-TLS1.2-P-384-JavaSSL-ECDHE-RSA-AES128-GCM-SHA256]
PASSED test_happy_path.py::test_s2n_server_happy_path[RSA_2048_SHA512-TLS1.2-P-384-JavaSSL-ECDHE-RSA-AES256-GCM-SHA384]
PASSED test_happy_path.py::test_s2n_server_happy_path[RSA_1024_SHA512-TLS1.2-P-256-S2N-AES256-SHA]
PASSED test_happy_path.py::test_s2n_server_happy_path[RSA_2048_SHA384-TLS1.3-P-256-S2N-TLS_AES_128_GCM_SHA256]
PASSED test_happy_path.py::test_s2n_server_happy_path[RSA_2048_SHA384-TLS1.2-P-521-S2N-ECDHE-RSA-AES128-GCM-SHA256]
PASSED test_happy_path.py::test_s2n_server_happy_path[RSA_2048_SHA384-SSLv3-P-256-S2N-ECDHE-RSA-AES256-SHA]
PASSED test_happy_path.py::test_s2n_server_happy_path[RSA_1024_SHA384-SSLv3-P-256-S2N-ECDHE-RSA-AES256-SHA]
PASSED test_happy_path.py::test_s2n_server_happy_path[RSA_2048_SHA256-TLS1.2-P-521-JavaSSL-ECDHE-RSA-AES128-GCM-SHA256]
PASSED test_happy_path.py::test_s2n_server_happy_path[RSA_1024_SHA256-TLS1.2-P-384-S2N-DHE-RSA-AES128-SHA]
PASSED test_happy_path.py::test_s2n_server_happy_path[RSA_1024_SHA512-TLS1.2-P-384-S2N-DHE-RSA-AES128-SHA]
PASSED test_happy_path.py::test_s2n_server_happy_path[RSA_1024_SHA384-TLS1.2-P-256-JavaSSL-DHE-RSA-AES128-SHA256]
PASSED test_happy_path.py::test_s2n_server_happy_path[RSA_2048_SHA384-TLS1.2-P-384-S2N-ECDHE-RSA-CHACHA20-POLY1305]
PASSED test_happy_path.py::test_s2n_server_happy_path[RSA_2048_SHA256-TLS1.0-P-384-S2N-DHE-RSA-AES128-SHA]
PASSED test_happy_path.py::test_s2n_server_happy_path[RSA_2048_SHA512-TLS1.1-P-256-S2N-DHE-RSA-AES128-SHA]
PASSED test_happy_path.py::test_s2n_server_happy_path[RSA_1024_SHA384-TLS1.3-P-384-S2N-TLS_AES_128_GCM_SHA256]
PASSED test_happy_path.py::test_s2n_server_happy_path[RSA_1024_SHA512-TLS1.1-P-256-S2N-DHE-RSA-AES128-SHA]
PASSED test_happy_path.py::test_s2n_server_happy_path[RSA_2048_SHA384-TLS1.1-P-521-S2N-DHE-RSA-AES128-SHA]
PASSED test_happy_path.py::test_s2n_server_happy_path[RSA_2048_SHA256-TLS1.2-P-384-JavaSSL-ECDHE-RSA-AES128-GCM-SHA256]
PASSED test_happy_path.py::test_s2n_server_happy_path[RSA_2048_SHA512-TLS1.2-P-384-S2N-DHE-RSA-AES128-SHA256]
PASSED test_happy_path.py::test_s2n_server_happy_path[RSA_1024_SHA256-TLS1.0-P-384-S2N-ECDHE-RSA-AES128-SHA]
PASSED test_happy_path.py::test_s2n_server_happy_path[RSA_1024_SHA256-TLS1.3-P-521-JavaSSL-TLS_AES_256_GCM_SHA384]
PASSED test_happy_path.py::test_s2n_server_happy_path[RSA_1024_SHA512-TLS1.2-P-521-S2N-DHE-RSA-AES256-SHA]
PASSED test_happy_path.py::test_s2n_server_happy_path[RSA_2048_SHA512-TLS1.0-P-521-S2N-AES128-SHA]
PASSED test_happy_path.py::test_s2n_server_happy_path[RSA_2048_SHA384-TLS1.3-P-256-S2N-TLS_AES_256_GCM_SHA384]
PASSED test_happy_path.py::test_s2n_server_happy_path[RSA_1024_SHA384-TLS1.0-P-256-S2N-DHE-RSA-AES128-SHA]
PASSED test_happy_path.py::test_s2n_server_happy_path[RSA_2048_SHA512-TLS1.2-P-521-S2N-DHE-RSA-AES128-SHA]
PASSED test_happy_path.py::test_s2n_server_happy_path[RSA_2048_SHA512-TLS1.2-P-256-S2N-AES128-SHA]
PASSED test_happy_path.py::test_s2n_server_happy_path[RSA_2048_SHA256-TLS1.2-P-256-JavaSSL-ECDHE-RSA-AES128-GCM-SHA256]
PASSED test_happy_path.py::test_s2n_server_happy_path[RSA_1024_SHA384-TLS1.2-P-384-JavaSSL-DHE-RSA-AES128-SHA256]
PASSED test_happy_path.py::test_s2n_server_happy_path[RSA_1024_SHA384-TLS1.2-P-521-JavaSSL-DHE-RSA-AES256-SHA]
PASSED test_happy_path.py::test_s2n_server_happy_path[RSA_1024_SHA512-TLS1.2-P-256-S2N-AES128-SHA256]
PASSED test_happy_path.py::test_s2n_server_happy_path[RSA_2048_SHA384-TLS1.2-P-521-S2N-ECDHE-RSA-AES256-GCM-SHA384]
PASSED test_happy_path.py::test_s2n_server_happy_path[RSA_2048_SHA256-TLS1.3-P-521-JavaSSL-TLS_AES_128_GCM_SHA256]
PASSED test_happy_path.py::test_s2n_server_happy_path[RSA_2048_SHA256-TLS1.0-P-384-S2N-DHE-RSA-AES256-SHA]
PASSED test_happy_path.py::test_s2n_server_happy_path[RSA_1024_SHA512-TLS1.1-P-256-S2N-DHE-RSA-AES256-SHA]
PASSED test_happy_path.py::test_s2n_server_happy_path[RSA_1024_SHA512-TLS1.0-P-521-S2N-ECDHE-RSA-AES256-SHA]
PASSED test_happy_path.py::test_s2n_server_happy_path[RSA_1024_SHA256-TLS1.2-P-384-JavaSSL-ECDHE-RSA-AES256-GCM-SHA384]
PASSED test_happy_path.py::test_s2n_server_happy_path[RSA_2048_SHA256-TLS1.2-P-521-JavaSSL-ECDHE-RSA-AES256-GCM-SHA384]
PASSED test_happy_path.py::test_s2n_server_happy_path[RSA_1024_SHA256-TLS1.1-P-256-S2N-DHE-RSA-AES128-SHA]
PASSED test_happy_path.py::test_s2n_server_happy_path[RSA_2048_SHA384-TLS1.1-P-521-S2N-DHE-RSA-AES256-SHA]
PASSED test_happy_path.py::test_s2n_server_happy_path[RSA_2048_SHA512-TLS1.1-P-256-S2N-DHE-RSA-AES256-SHA]
PASSED test_happy_path.py::test_s2n_server_happy_path[RSA_1024_SHA384-TLS1.3-P-384-S2N-TLS_AES_256_GCM_SHA384]
PASSED test_happy_path.py::test_s2n_server_happy_path[RSA_1024_SHA384-TLS1.2-P-256-JavaSSL-DHE-RSA-AES256-SHA256]
PASSED test_happy_path.py::test_s2n_server_happy_path[RSA_2048_SHA512-TLS1.2-P-384-S2N-DHE-RSA-AES256-SHA256]
PASSED test_happy_path.py::test_s2n_server_happy_path[RSA_1024_SHA256-TLS1.0-P-384-S2N-ECDHE-RSA-AES256-SHA]
PASSED test_happy_path.py::test_s2n_server_happy_path[RSA_2048_SHA256-TLS1.2-P-384-JavaSSL-ECDHE-RSA-AES256-GCM-SHA384]
PASSED test_happy_path.py::test_s2n_server_happy_path[RSA_1024_SHA512-TLS1.2-P-384-S2N-DHE-RSA-AES256-SHA]
PASSED test_happy_path.py::test_s2n_server_happy_path[RSA_1024_SHA256-TLS1.2-P-384-S2N-DHE-RSA-AES256-SHA]
PASSED test_happy_path.py::test_s2n_server_happy_path[RSA_2048_SHA512-TLS1.3-X25519-S2N-TLS_AES_128_GCM_SHA256]
PASSED test_happy_path.py::test_s2n_server_happy_path[RSA_2048_SHA512-TLS1.0-P-521-S2N-AES256-SHA]
PASSED test_happy_path.py::test_s2n_server_happy_path[RSA_1024_SHA512-TLS1.2-P-521-S2N-DHE-RSA-AES128-SHA256]
PASSED test_happy_path.py::test_s2n_server_happy_path[RSA_1024_SHA256-TLS1.2-P-256-S2N-DHE-RSA-AES128-SHA]
PASSED test_happy_path.py::test_s2n_server_happy_path[RSA_1024_SHA512-TLS1.3-X25519-S2N-TLS_AES_128_GCM_SHA256]
PASSED test_happy_path.py::test_s2n_server_happy_path[RSA_2048_SHA384-TLS1.3-P-256-S2N-TLS_CHACHA20_POLY1305_SHA256]
PASSED test_happy_path.py::test_s2n_server_happy_path[RSA_1024_SHA384-TLS1.0-P-256-S2N-DHE-RSA-AES256-SHA]
PASSED test_happy_path.py::test_s2n_server_happy_path[RSA_2048_SHA512-TLS1.2-P-256-S2N-AES256-SHA]
PASSED test_happy_path.py::test_s2n_server_happy_path[RSA_1024_SHA512-TLS1.2-P-256-S2N-AES256-SHA256]
PASSED test_happy_path.py::test_s2n_server_happy_path[RSA_2048_SHA384-TLS1.2-P-521-S2N-ECDHE-RSA-CHACHA20-POLY1305]
PASSED test_happy_path.py::test_s2n_server_happy_path[RSA_1024_SHA384-TLS1.2-P-384-JavaSSL-DHE-RSA-AES256-SHA256]
PASSED test_happy_path.py::test_s2n_server_happy_path[RSA_2048_SHA256-TLS1.0-P-384-S2N-AES128-SHA]
PASSED test_happy_path.py::test_s2n_server_happy_path[RSA_1024_SHA384-TLS1.2-P-521-JavaSSL-DHE-RSA-AES128-SHA256]
PASSED test_happy_path.py::test_s2n_server_happy_path[RSA_2048_SHA256-TLS1.3-P-521-JavaSSL-TLS_AES_256_GCM_SHA384]
PASSED test_happy_path.py::test_s2n_server_happy_path[RSA_1024_SHA512-TLS1.1-P-256-S2N-AES128-SHA]
PASSED test_happy_path.py::test_s2n_server_happy_path[RSA_2048_SHA512-TLS1.1-P-256-S2N-AES128-SHA]
PASSED test_happy_path.py::test_s2n_server_happy_path[RSA_1024_SHA256-TLS1.2-P-521-S2N-DHE-RSA-AES128-SHA]
PASSED test_happy_path.py::test_s2n_server_happy_path[RSA_2048_SHA384-TLS1.1-P-521-S2N-AES128-SHA]
PASSED test_happy_path.py::test_s2n_server_happy_path[RSA_1024_SHA384-TLS1.3-P-384-S2N-TLS_CHACHA20_POLY1305_SHA256]
PASSED test_happy_path.py::test_s2n_server_happy_path[RSA_1024_SHA256-TLS1.1-P-256-S2N-DHE-RSA-AES256-SHA]
PASSED test_happy_path.py::test_s2n_server_happy_path[RSA_2048_SHA512-TLS1.2-P-384-S2N-DHE-RSA-AES128-GCM-SHA256]
PASSED test_happy_path.py::test_s2n_server_happy_path[RSA_2048_SHA512-TLS1.2-P-521-S2N-DHE-RSA-AES256-SHA]
PASSED test_happy_path.py::test_s2n_server_happy_path[RSA_2048_SHA256-TLS1.2-P-521-S2N-DHE-RSA-AES128-SHA]
PASSED test_happy_path.py::test_s2n_server_happy_path[RSA_1024_SHA512-TLS1.2-P-384-S2N-DHE-RSA-AES128-SHA256]
PASSED test_happy_path.py::test_s2n_server_happy_path[RSA_2048_SHA256-TLS1.1-P-256-S2N-DHE-RSA-AES128-SHA]
PASSED test_happy_path.py::test_s2n_server_happy_path[RSA_2048_SHA512-TLS1.3-X25519-S2N-TLS_AES_256_GCM_SHA384]
PASSED test_happy_path.py::test_s2n_server_happy_path[RSA_2048_SHA256-TLS1.2-P-256-JavaSSL-ECDHE-RSA-AES256-GCM-SHA384]
PASSED test_happy_path.py::test_s2n_server_happy_path[RSA_1024_SHA256-TLS1.2-P-384-S2N-DHE-RSA-AES128-SHA256]
PASSED test_happy_path.py::test_s2n_server_happy_path[RSA_1024_SHA384-TLS1.2-P-256-JavaSSL-DHE-RSA-AES128-GCM-SHA256]
PASSED test_happy_path.py::test_s2n_server_happy_path[RSA_2048_SHA512-TLS1.0-P-521-S2N-ECDHE-RSA-AES128-SHA]
PASSED test_happy_path.py::test_s2n_server_happy_path[RSA_1024_SHA256-TLS1.2-P-256-S2N-DHE-RSA-AES256-SHA]
PASSED test_happy_path.py::test_s2n_server_happy_path[RSA_1024_SHA512-TLS1.3-X25519-S2N-TLS_AES_256_GCM_SHA384]
PASSED test_happy_path.py::test_s2n_server_happy_path[RSA_1024_SHA512-TLS1.2-P-521-S2N-DHE-RSA-AES256-SHA256]
PASSED test_happy_path.py::test_s2n_server_happy_path[RSA_1024_SHA384-TLS1.0-P-256-S2N-AES128-SHA]
PASSED test_happy_path.py::test_s2n_server_happy_path[RSA_2048_SHA512-TLS1.2-P-256-S2N-AES128-SHA256]
PASSED test_happy_path.py::test_s2n_server_happy_path[RSA_1024_SHA512-TLS1.2-P-256-S2N-ECDHE-RSA-AES128-SHA]
PASSED test_happy_path.py::test_s2n_server_happy_path[RSA_2048_SHA256-TLS1.0-P-384-S2N-AES256-SHA]
PASSED test_happy_path.py::test_s2n_server_happy_path[RSA_1024_SHA512-TLS1.1-P-256-S2N-AES256-SHA]
PASSED test_happy_path.py::test_s2n_server_happy_path[RSA_2048_SHA256-TLS1.2-P-256-S2N-DHE-RSA-AES128-SHA]
PASSED test_happy_path.py::test_s2n_server_happy_path[RSA_2048_SHA512-TLS1.1-P-256-S2N-AES256-SHA]
PASSED test_happy_path.py::test_s2n_server_happy_path[RSA_1024_SHA256-TLS1.2-P-521-S2N-DHE-RSA-AES256-SHA]
PASSED test_happy_path.py::test_s2n_server_happy_path[RSA_2048_SHA384-TLS1.1-P-521-S2N-AES256-SHA]
PASSED test_happy_path.py::test_s2n_server_happy_path[RSA_1024_SHA384-TLS1.2-P-521-JavaSSL-DHE-RSA-AES256-SHA256]
PASSED test_happy_path.py::test_s2n_server_happy_path[RSA_2048_SHA384-TLS1.3-P-256-JavaSSL-TLS_AES_128_GCM_SHA256]
PASSED test_happy_path.py::test_s2n_server_happy_path[RSA_2048_SHA256-TLS1.2-P-521-S2N-DHE-RSA-AES256-SHA]
PASSED test_happy_path.py::test_s2n_server_happy_path[RSA_2048_SHA512-TLS1.3-X25519-S2N-TLS_CHACHA20_POLY1305_SHA256]
PASSED test_happy_path.py::test_s2n_server_happy_path[RSA_2048_SHA512-TLS1.2-P-384-S2N-DHE-RSA-AES256-GCM-SHA384]
PASSED test_happy_path.py::test_s2n_server_happy_path[RSA_1024_SHA256-TLS1.1-P-256-S2N-AES128-SHA]
PASSED test_happy_path.py::test_s2n_server_happy_path[RSA_1024_SHA512-TLS1.2-P-384-S2N-DHE-RSA-AES256-SHA256]
[...]
PASSED test_happy_path.py::test_s2n_client_happy_path[RSA_4096_SHA512-TLS1.1-P-521-S2N-DHE-RSA-AES128-SHA]
PASSED test_happy_path.py::test_s2n_client_happy_path[RSA_4096_SHA512-TLS1.2-P-521-S2N-ECDHE-RSA-AES256-SHA]
PASSED test_happy_path.py::test_s2n_client_happy_path[RSA_4096_SHA512-TLS1.2-P-521-S2N-AES128-SHA]
PASSED test_happy_path.py::test_s2n_client_happy_path[RSA_4096_SHA512-TLS1.0-P-256-S2N-DHE-RSA-AES256-SHA]
PASSED test_happy_path.py::test_s2n_client_happy_path[RSA_4096_SHA512-TLS1.0-P-256-S2N-ECDHE-RSA-AES256-SHA]
PASSED test_happy_path.py::test_s2n_client_happy_path[RSA_4096_SHA384-TLS1.2-P-521-S2N-DHE-RSA-CHACHA20-POLY1305]
PASSED test_happy_path.py::test_s2n_client_happy_path[RSA_4096_SHA512-TLS1.2-P-256-S2N-AES256-SHA]
PASSED test_happy_path.py::test_s2n_client_happy_path[RSA_4096_SHA384-TLS1.0-P-384-S2N-ECDHE-RSA-AES256-SHA]
PASSED test_happy_path.py::test_s2n_client_happy_path[RSA_4096_SHA512-TLS1.2-P-256-S2N-DHE-RSA-AES256-GCM-SHA384]
PASSED test_happy_path.py::test_s2n_client_happy_path[RSA_4096_SHA512-TLS1.1-P-256-S2N-DHE-RSA-AES128-SHA]
PASSED test_happy_path.py::test_s2n_client_happy_path[RSA_4096_SHA512-TLS1.0-P-256-S2N-DHE-RSA-AES128-SHA]
PASSED test_happy_path.py::test_s2n_client_happy_path[RSA_4096_SHA512-TLS1.2-P-384-S2N-DHE-RSA-AES256-SHA256]
PASSED test_happy_path.py::test_s2n_client_happy_path[RSA_4096_SHA512-TLS1.2-P-256-S2N-ECDHE-RSA-AES128-SHA256]
PASSED test_happy_path.py::test_s2n_client_happy_path[RSA_4096_SHA384-TLS1.2-P-384-S2N-AES256-SHA256]
PASSED test_happy_path.py::test_s2n_client_happy_path[RSA_4096_SHA512-TLS1.1-P-256-S2N-AES256-SHA]
PASSED test_happy_path.py::test_s2n_client_happy_path[RSA_4096_SHA512-TLS1.2-P-384-S2N-AES128-SHA]
PASSED test_happy_path.py::test_s2n_client_happy_path[RSA_4096_SHA384-TLS1.2-P-256-S2N-DHE-RSA-AES256-GCM-SHA384]
PASSED test_happy_path.py::test_s2n_client_happy_path[RSA_4096_SHA512-TLS1.1-P-384-S2N-AES128-SHA]
PASSED test_happy_path.py::test_s2n_client_happy_path[RSA_4096_SHA512-TLS1.2-P-521-S2N-DHE-RSA-AES256-SHA]
PASSED test_happy_path.py::test_s2n_client_happy_path[RSA_4096_SHA512-TLS1.0-P-384-S2N-DHE-RSA-AES128-SHA]
PASSED test_happy_path.py::test_s2n_client_happy_path[RSA_4096_SHA256-TLS1.2-P-256-S2N-ECDHE-RSA-AES128-SHA256]
PASSED test_happy_path.py::test_s2n_client_happy_path[RSA_4096_SHA384-TLS1.0-P-521-S2N-ECDHE-RSA-AES256-SHA]
PASSED test_happy_path.py::test_s2n_client_happy_path[RSA_4096_SHA384-SSLv3-P-256-S2N-ECDHE-RSA-AES128-SHA]
PASSED test_happy_path.py::test_s2n_client_happy_path[RSA_4096_SHA512-TLS1.2-P-521-S2N-ECDHE-RSA-AES256-GCM-SHA384]
PASSED test_happy_path.py::test_s2n_client_happy_path[RSA_4096_SHA256-TLS1.2-P-521-S2N-ECDHE-RSA-CHACHA20-POLY1305]
PASSED test_happy_path.py::test_s2n_client_happy_path[RSA_4096_SHA512-TLS1.1-P-521-S2N-AES256-SHA]
PASSED test_happy_path.py::test_s2n_client_happy_path[RSA_4096_SHA512-TLS1.2-P-384-S2N-ECDHE-RSA-AES256-SHA]
PASSED test_happy_path.py::test_s2n_client_happy_path[RSA_4096_SHA512-TLS1.0-P-521-S2N-ECDHE-RSA-AES256-SHA]
PASSED test_happy_path.py::test_s2n_client_happy_path[RSA_4096_SHA512-TLS1.0-P-521-S2N-DHE-RSA-AES128-SHA]
PASSED test_happy_path.py::test_s2n_client_happy_path[RSA_4096_SHA512-TLS1.2-P-384-S2N-ECDHE-RSA-CHACHA20-POLY1305]
PASSED test_happy_path.py::test_s2n_client_happy_path[RSA_4096_SHA512-TLS1.1-P-521-S2N-DHE-RSA-AES256-SHA]
PASSED test_happy_path.py::test_s2n_client_happy_path[RSA_4096_SHA512-TLS1.2-P-521-S2N-AES256-SHA]
PASSED test_happy_path.py::test_s2n_client_happy_path[RSA_4096_SHA512-TLS1.2-P-521-S2N-ECDHE-RSA-AES128-SHA256]
PASSED test_happy_path.py::test_s2n_client_happy_path[RSA_4096_SHA512-TLS1.0-P-256-S2N-AES128-SHA]
PASSED test_happy_path.py::test_s2n_client_happy_path[RSA_4096_SHA384-TLS1.2-P-521-S2N-AES128-SHA]
PASSED test_happy_path.py::test_s2n_client_happy_path[RSA_4096_SHA512-TLS1.2-P-256-S2N-AES128-SHA256]
PASSED test_happy_path.py::test_s2n_client_happy_path[RSA_4096_SHA512-TLS1.1-P-256-S2N-DHE-RSA-AES256-SHA]
PASSED test_happy_path.py::test_s2n_client_happy_path[RSA_4096_SHA384-TLS1.2-P-384-S2N-ECDHE-RSA-AES128-SHA]
PASSED test_happy_path.py::test_s2n_client_happy_path[RSA_4096_SHA512-TLS1.2-P-256-S2N-ECDHE-RSA-AES256-SHA384]
PASSED test_happy_path.py::test_s2n_client_happy_path[RSA_4096_SHA512-TLS1.0-P-384-S2N-AES256-SHA]
PASSED test_happy_path.py::test_s2n_client_happy_path[RSA_4096_SHA512-SSLv3-P-256-S2N-AES128-SHA]
PASSED test_happy_path.py::test_s2n_client_happy_path[RSA_4096_SHA512-SSLv3-P-256-S2N-DHE-RSA-AES128-SHA]
PASSED test_happy_path.py::test_s2n_client_happy_path[RSA_4096_SHA512-TLS1.1-P-256-S2N-ECDHE-RSA-AES128-SHA]
PASSED test_happy_path.py::test_s2n_client_happy_path[RSA_4096_SHA512-SSLv3-P-256-S2N-ECDHE-RSA-AES256-SHA]
PASSED test_happy_path.py::test_s2n_client_happy_path[RSA_4096_SHA512-TLS1.2-P-384-S2N-AES256-SHA]
PASSED test_happy_path.py::test_s2n_client_happy_path[RSA_4096_SHA512-TLS1.2-P-521-S2N-DHE-RSA-AES128-SHA256]
PASSED test_happy_path.py::test_s2n_client_happy_path[ECDSA_256-TLS1.3-P-256-S2N-TLS_CHACHA20_POLY1305_SHA256]
PASSED test_happy_path.py::test_s2n_client_happy_path[RSA_4096_SHA512-TLS1.1-P-384-S2N-AES256-SHA]
PASSED test_happy_path.py::test_s2n_client_happy_path[RSA_4096_SHA384-TLS1.2-P-256-S2N-DHE-RSA-CHACHA20-POLY1305]
PASSED test_happy_path.py::test_s2n_client_happy_path[RSA_4096_SHA512-TLS1.0-P-384-S2N-DHE-RSA-AES256-SHA]
PASSED test_happy_path.py::test_s2n_client_happy_path[RSA_4096_SHA512-TLS1.0-P-521-S2N-AES128-SHA]
PASSED test_happy_path.py::test_s2n_client_happy_path[RSA_4096_SHA384-SSLv3-P-256-S2N-ECDHE-RSA-AES256-SHA]
PASSED test_happy_path.py::test_s2n_client_happy_path[ECDSA_256-TLS1.3-P-256-S2N-TLS_AES_128_GCM_SHA256]
PASSED test_happy_path.py::test_s2n_client_happy_path[ECDSA_256-TLS1.2-P-256-S2N-ECDHE-ECDSA-AES128-GCM-SHA256]
PASSED test_happy_path.py::test_s2n_client_happy_path[RSA_4096_SHA512-TLS1.1-P-521-S2N-ECDHE-RSA-AES128-SHA]
PASSED test_happy_path.py::test_s2n_client_happy_path[RSA_4096_SHA512-TLS1.2-P-521-S2N-ECDHE-RSA-CHACHA20-POLY1305]
PASSED test_happy_path.py::test_s2n_client_happy_path[ECDSA_256-TLS1.2-P-256-S2N-ECDHE-ECDSA-AES256-SHA384]
PASSED test_happy_path.py::test_s2n_client_happy_path[RSA_4096_SHA512-TLS1.2-P-384-S2N-ECDHE-RSA-AES128-SHA256]
PASSED test_happy_path.py::test_s2n_client_happy_path[RSA_4096_SHA512-TLS1.0-P-521-S2N-DHE-RSA-AES256-SHA]
PASSED test_happy_path.py::test_s2n_client_happy_path[ECDSA_256-TLS1.2-P-256-S2N-ECDHE-ECDSA-CHACHA20-POLY1305]
PASSED test_happy_path.py::test_s2n_client_happy_path[RSA_4096_SHA512-TLS1.1-P-521-S2N-AES128-SHA]
PASSED test_happy_path.py::test_s2n_client_happy_path[RSA_4096_SHA512-TLS1.2-P-521-S2N-AES128-SHA256]
PASSED test_happy_path.py::test_s2n_client_happy_path[RSA_4096_SHA512-TLS1.2-P-521-S2N-ECDHE-RSA-AES256-SHA384]
PASSED test_happy_path.py::test_s2n_client_happy_path[ECDSA_256-TLS1.1-P-256-S2N-ECDHE-ECDSA-AES128-SHA]
PASSED test_happy_path.py::test_s2n_client_happy_path[RSA_4096_SHA512-TLS1.0-P-256-S2N-AES256-SHA]
PASSED test_happy_path.py::test_s2n_client_happy_path[RSA_4096_SHA384-TLS1.2-P-521-S2N-AES256-SHA]
PASSED test_happy_path.py::test_s2n_client_happy_path[RSA_4096_SHA512-TLS1.2-P-256-S2N-AES256-SHA256]
PASSED test_happy_path.py::test_s2n_client_happy_path[ECDSA_256-TLS1.0-P-256-S2N-ECDHE-ECDSA-AES256-SHA]
PASSED test_happy_path.py::test_s2n_client_happy_path[RSA_4096_SHA384-TLS1.2-P-384-S2N-ECDHE-RSA-AES256-SHA]
PASSED test_happy_path.py::test_s2n_client_happy_path[RSA_4096_SHA512-TLS1.0-P-384-S2N-ECDHE-RSA-AES128-SHA]
PASSED test_happy_path.py::test_s2n_client_happy_path[RSA_4096_SHA512-TLS1.2-P-256-S2N-ECDHE-RSA-AES128-GCM-SHA256]
PASSED test_happy_path.py::test_s2n_client_happy_path[RSA_4096_SHA512-SSLv3-P-256-S2N-AES256-SHA]
PASSED test_happy_path.py::test_s2n_client_happy_path[RSA_4096_SHA512-SSLv3-P-256-S2N-DHE-RSA-AES256-SHA]
PASSED test_happy_path.py::test_s2n_client_happy_path[RSA_4096_SHA512-TLS1.1-P-256-S2N-ECDHE-RSA-AES256-SHA]
PASSED test_happy_path.py::test_s2n_client_happy_path[RSA_4096_SHA512-TLS1.2-P-521-S2N-DHE-RSA-AES256-SHA256]
PASSED test_happy_path.py::test_s2n_client_happy_path[ECDSA_384-TLS1.3-P-384-S2N-TLS_AES_256_GCM_SHA384]
PASSED test_happy_path.py::test_s2n_client_happy_path[RSA_4096_SHA512-TLS1.1-P-384-S2N-ECDHE-RSA-AES128-SHA]
PASSED test_happy_path.py::test_s2n_client_happy_path[RSA_4096_SHA512-TLS1.0-P-384-S2N-AES128-SHA]
PASSED test_happy_path.py::test_s2n_client_happy_path[RSA_4096_SHA384-TLS1.2-P-256-S2N-AES128-SHA]
PASSED test_happy_path.py::test_s2n_client_happy_path[ECDSA_256-TLS1.3-P-256-S2N-TLS_AES_256_GCM_SHA384]
PASSED test_happy_path.py::test_s2n_client_happy_path[RSA_4096_SHA512-TLS1.0-P-521-S2N-AES256-SHA]
PASSED test_happy_path.py::test_s2n_client_happy_path[ECDSA_256-TLS1.2-P-256-S2N-ECDHE-ECDSA-AES256-GCM-SHA384]
PASSED test_happy_path.py::test_s2n_client_happy_path[ECDSA_384-TLS1.2-P-384-S2N-ECDHE-ECDSA-AES256-SHA384]
PASSED test_happy_path.py::test_s2n_client_happy_path[ECDSA_256-TLS1.2-P-256-S2N-ECDHE-ECDSA-AES128-SHA]
PASSED test_happy_path.py::test_s2n_client_happy_path[RSA_4096_SHA512-TLS1.1-P-521-S2N-ECDHE-RSA-AES256-SHA]
PASSED test_happy_path.py::test_s2n_client_happy_path[ECDSA_256-TLS1.1-P-256-S2N-ECDHE-ECDSA-AES256-SHA]
PASSED test_happy_path.py::test_s2n_client_happy_path[RSA_4096_SHA512-TLS1.2-P-521-S2N-AES256-SHA256]
PASSED test_happy_path.py::test_s2n_client_happy_path[ECDSA_384-TLS1.1-P-384-S2N-ECDHE-ECDSA-AES256-SHA]
PASSED test_happy_path.py::test_s2n_client_happy_path[ECDSA_384-TLS1.1-P-384-S2N-ECDHE-ECDSA-AES128-SHA]
PASSED test_happy_path.py::test_s2n_client_happy_path[ECDSA_256-TLS1.0-P-256-S2N-ECDHE-ECDSA-AES128-SHA]
PASSED test_happy_path.py::test_s2n_client_happy_path[ECDSA_384-TLS1.0-P-384-S2N-ECDHE-ECDSA-AES256-SHA]
PASSED test_happy_path.py::test_s2n_client_happy_path[RSA_4096_SHA512-TLS1.0-P-256-S2N-ECDHE-RSA-AES128-SHA]
PASSED test_happy_path.py::test_s2n_client_happy_path[ECDSA_521-TLS1.3-P-521-S2N-TLS_AES_128_GCM_SHA256]
PASSED test_happy_path.py::test_s2n_client_happy_path[ECDSA_384-TLS1.0-P-384-S2N-ECDHE-ECDSA-AES128-SHA]
PASSED test_happy_path.py::test_s2n_client_happy_path[ECDSA_521-TLS1.2-P-521-S2N-ECDHE-ECDSA-AES256-GCM-SHA384]
PASSED test_happy_path.py::test_s2n_client_happy_path[ECDSA_256-SSLv3-P-256-S2N-ECDHE-ECDSA-AES128-SHA]
PASSED test_happy_path.py::test_s2n_client_happy_path[ECDSA_521-TLS1.2-P-521-S2N-ECDHE-ECDSA-AES128-SHA256]
PASSED test_happy_path.py::test_s2n_client_happy_path[ECDSA_521-TLS1.2-P-521-S2N-ECDHE-ECDSA-AES128-SHA]
PASSED test_happy_path.py::test_s2n_client_happy_path[RSA_4096_SHA384-TLS1.2-P-384-S2N-ECDHE-RSA-AES128-SHA256]
PASSED test_happy_path.py::test_s2n_client_happy_path[ECDSA_256-SSLv3-P-256-S2N-ECDHE-ECDSA-AES256-SHA]
PASSED test_happy_path.py::test_s2n_client_happy_path[RSA_4096_SHA512-TLS1.0-P-384-S2N-ECDHE-RSA-AES256-SHA]
PASSED test_happy_path.py::test_s2n_client_happy_path[RSA_4096_SHA512-SSLv3-P-256-S2N-ECDHE-RSA-AES128-SHA]
PASSED test_happy_path.py::test_s2n_client_happy_path[ECDSA_384-TLS1.3-P-384-S2N-TLS_CHACHA20_POLY1305_SHA256]
PASSED test_happy_path.py::test_s2n_client_happy_path[ECDSA_384-TLS1.3-P-384-S2N-TLS_AES_128_GCM_SHA256]
PASSED test_happy_path.py::test_s2n_client_happy_path[RSA_4096_SHA512-TLS1.2-P-521-S2N-DHE-RSA-AES128-GCM-SHA256]
PASSED test_happy_path.py::test_s2n_client_happy_path[ECDSA_384-TLS1.2-P-384-S2N-ECDHE-ECDSA-AES256-SHA]
PASSED test_happy_path.py::test_s2n_client_happy_path[ECDSA_384-TLS1.2-P-384-S2N-ECDHE-ECDSA-AES256-GCM-SHA384]
PASSED test_happy_path.py::test_s2n_client_happy_path[RSA_4096_SHA512-TLS1.0-P-521-S2N-ECDHE-RSA-AES128-SHA]
PASSED test_happy_path.py::test_s2n_client_happy_path[ECDSA_384-TLS1.2-P-384-S2N-ECDHE-ECDSA-AES128-GCM-SHA256]
PASSED test_happy_path.py::test_s2n_client_happy_path[ECDSA_256-TLS1.2-P-256-S2N-ECDHE-ECDSA-AES128-SHA256]
PASSED test_happy_path.py::test_s2n_client_happy_path[ECDSA_384-TLS1.2-P-384-S2N-ECDHE-ECDSA-AES128-SHA]
PASSED test_happy_path.py::test_s2n_client_happy_path[ECDSA_521-TLS1.1-P-521-S2N-ECDHE-ECDSA-AES256-SHA]
PASSED test_happy_path.py::test_s2n_client_happy_path[ECDSA_521-TLS1.0-P-521-S2N-ECDHE-ECDSA-AES128-SHA]
PASSED test_happy_path.py::test_s2n_client_happy_path[ECDSA_256-TLS1.2-P-256-S2N-ECDHE-ECDSA-AES256-SHA]
PASSED test_happy_path.py::test_s2n_client_happy_path[RSA_PSS_2048_SHA256-TLS1.3-X25519-S2N-TLS_CHACHA20_POLY1305_SHA256]
PASSED test_happy_path.py::test_s2n_client_happy_path[ECDSA_521-TLS1.3-P-521-S2N-TLS_AES_256_GCM_SHA384]
PASSED test_happy_path.py::test_s2n_client_happy_path[RSA_PSS_2048_SHA256-TLS1.3-P-256-S2N-TLS_CHACHA20_POLY1305_SHA256]
PASSED test_happy_path.py::test_s2n_client_happy_path[RSA_PSS_2048_SHA256-TLS1.3-P-256-S2N-TLS_AES_128_GCM_SHA256]
PASSED test_happy_path.py::test_s2n_client_happy_path[ECDSA_521-TLS1.2-P-521-S2N-ECDHE-ECDSA-AES256-SHA]
PASSED test_happy_path.py::test_s2n_client_happy_path[ECDSA_521-TLS1.2-P-521-S2N-ECDHE-ECDSA-AES128-GCM-SHA256]
PASSED test_happy_path.py::test_s2n_client_happy_path[ECDSA_521-TLS1.2-P-521-S2N-ECDHE-ECDSA-AES256-SHA384]
PASSED test_happy_path.py::test_s2n_client_happy_path[RSA_PSS_2048_SHA256-TLS1.3-P-256-S2N-TLS_AES_256_GCM_SHA384]
PASSED test_happy_path.py::test_s2n_client_happy_path[RSA_PSS_2048_SHA256-TLS1.3-P-384-S2N-TLS_CHACHA20_POLY1305_SHA256]
PASSED test_happy_path.py::test_s2n_client_happy_path[RSA_PSS_2048_SHA256-TLS1.3-P-384-S2N-TLS_AES_128_GCM_SHA256]
PASSED test_happy_path.py::test_s2n_client_happy_path[ECDSA_521-TLS1.2-P-521-S2N-ECDHE-ECDSA-CHACHA20-POLY1305]
PASSED test_happy_path.py::test_s2n_client_happy_path[RSA_PSS_2048_SHA256-TLS1.3-P-384-S2N-TLS_AES_256_GCM_SHA384]
PASSED test_happy_path.py::test_s2n_client_happy_path[RSA_PSS_2048_SHA256-TLS1.3-P-521-S2N-TLS_CHACHA20_POLY1305_SHA256]
PASSED test_happy_path.py::test_s2n_client_happy_path[ECDSA_521-TLS1.1-P-521-S2N-ECDHE-ECDSA-AES128-SHA]
PASSED test_happy_path.py::test_s2n_client_happy_path[ECDSA_384-TLS1.2-P-384-S2N-ECDHE-ECDSA-CHACHA20-POLY1305]
PASSED test_happy_path.py::test_s2n_client_happy_path[ECDSA_384-TLS1.2-P-384-S2N-ECDHE-ECDSA-AES128-SHA256]
PASSED test_happy_path.py::test_s2n_client_happy_path[RSA_4096_SHA512-TLS1.2-P-521-S2N-DHE-RSA-AES256-GCM-SHA384]
PASSED test_happy_path.py::test_s2n_client_happy_path[ECDSA_521-TLS1.0-P-521-S2N-ECDHE-ECDSA-AES256-SHA]
PASSED test_happy_path.py::test_s2n_client_happy_path[RSA_PSS_2048_SHA256-TLS1.3-X25519-S2N-TLS_AES_256_GCM_SHA384]
PASSED test_happy_path.py::test_s2n_client_happy_path[RSA_PSS_2048_SHA256-TLS1.3-X25519-S2N-TLS_AES_128_GCM_SHA256]
PASSED test_happy_path.py::test_s2n_client_happy_path[ECDSA_521-TLS1.3-P-521-S2N-TLS_CHACHA20_POLY1305_SHA256]
PASSED test_happy_path.py::test_s2n_client_happy_path[RSA_PSS_2048_SHA256-TLS1.3-P-521-S2N-TLS_AES_128_GCM_SHA256]
PASSED test_happy_path.py::test_s2n_client_happy_path[RSA_PSS_2048_SHA256-TLS1.2-P-256-S2N-DHE-RSA-AES256-SHA]
PASSED test_happy_path.py::test_s2n_client_happy_path[RSA_PSS_2048_SHA256-TLS1.3-P-521-S2N-TLS_AES_256_GCM_SHA384]
PASSED test_happy_path.py::test_s2n_client_happy_path[RSA_PSS_2048_SHA256-TLS1.2-P-256-S2N-DHE-RSA-AES256-GCM-SHA384]
PASSED test_happy_path.py::test_s2n_client_happy_path[RSA_PSS_2048_SHA256-TLS1.2-P-256-S2N-DHE-RSA-AES256-SHA256]
PASSED test_happy_path.py::test_s2n_client_happy_path[RSA_PSS_2048_SHA256-TLS1.2-P-256-S2N-ECDHE-RSA-AES256-SHA]
PASSED test_happy_path.py::test_s2n_client_happy_path[RSA_PSS_2048_SHA256-TLS1.2-P-256-S2N-ECDHE-RSA-AES128-GCM-SHA256]
PASSED test_happy_path.py::test_s2n_client_happy_path[RSA_PSS_2048_SHA256-TLS1.2-P-256-S2N-ECDHE-RSA-AES128-SHA]
PASSED test_happy_path.py::test_s2n_client_happy_path[RSA_PSS_2048_SHA256-TLS1.2-P-256-S2N-ECDHE-RSA-AES256-GCM-SHA384]
PASSED test_happy_path.py::test_s2n_client_happy_path[RSA_PSS_2048_SHA256-TLS1.2-P-256-S2N-DHE-RSA-AES128-SHA]
PASSED test_happy_path.py::test_s2n_client_happy_path[RSA_PSS_2048_SHA256-TLS1.2-P-384-S2N-DHE-RSA-AES128-SHA256]
PASSED test_happy_path.py::test_s2n_client_happy_path[RSA_PSS_2048_SHA256-TLS1.2-P-384-S2N-DHE-RSA-AES256-SHA]
PASSED test_happy_path.py::test_s2n_client_happy_path[RSA_PSS_2048_SHA256-TLS1.2-P-384-S2N-DHE-RSA-AES256-SHA256]
PASSED test_happy_path.py::test_s2n_client_happy_path[RSA_PSS_2048_SHA256-TLS1.2-P-384-S2N-ECDHE-RSA-AES256-SHA]
PASSED test_happy_path.py::test_s2n_client_happy_path[RSA_PSS_2048_SHA256-TLS1.2-P-384-S2N-ECDHE-RSA-AES128-SHA]
PASSED test_happy_path.py::test_s2n_client_happy_path[RSA_PSS_2048_SHA256-TLS1.2-P-384-S2N-DHE-RSA-CHACHA20-POLY1305]
PASSED test_happy_path.py::test_s2n_client_happy_path[RSA_PSS_2048_SHA256-TLS1.2-P-384-S2N-ECDHE-RSA-AES128-SHA256]
PASSED test_happy_path.py::test_s2n_client_happy_path[RSA_PSS_2048_SHA256-TLS1.2-P-521-S2N-DHE-RSA-AES128-SHA]
PASSED test_happy_path.py::test_s2n_client_happy_path[RSA_PSS_2048_SHA256-TLS1.2-P-521-S2N-DHE-RSA-AES256-SHA]
PASSED test_happy_path.py::test_s2n_client_happy_path[RSA_PSS_2048_SHA256-TLS1.2-P-521-S2N-DHE-RSA-AES256-SHA256]
PASSED test_happy_path.py::test_s2n_client_happy_path[RSA_PSS_2048_SHA256-TLS1.2-P-521-S2N-DHE-RSA-AES256-GCM-SHA384]
PASSED test_happy_path.py::test_s2n_client_happy_path[RSA_PSS_2048_SHA256-TLS1.2-P-521-S2N-DHE-RSA-AES128-GCM-SHA256]
PASSED test_happy_path.py::test_s2n_client_happy_path[RSA_PSS_2048_SHA256-TLS1.2-P-521-S2N-ECDHE-RSA-AES128-SHA256]
PASSED test_happy_path.py::test_s2n_client_happy_path[RSA_PSS_2048_SHA256-TLS1.2-P-521-S2N-ECDHE-RSA-AES128-SHA]
PASSED test_happy_path.py::test_s2n_client_happy_path[RSA_PSS_2048_SHA256-TLS1.2-P-521-S2N-DHE-RSA-CHACHA20-POLY1305]
PASSED test_happy_path.py::test_s2n_client_happy_path[RSA_PSS_2048_SHA256-TLS1.2-P-521-S2N-ECDHE-RSA-AES256-SHA384]
PASSED test_happy_path.py::test_s2n_client_happy_path[RSA_PSS_2048_SHA256-TLS1.2-P-521-S2N-ECDHE-RSA-CHACHA20-POLY1305]
PASSED test_happy_path.py::test_s2n_client_happy_path[RSA_PSS_2048_SHA256-TLS1.2-P-384-S2N-DHE-RSA-AES128-SHA]
PASSED test_happy_path.py::test_s2n_client_happy_path[RSA_PSS_2048_SHA256-TLS1.2-P-256-S2N-DHE-RSA-AES128-SHA256]
PASSED test_happy_path.py::test_s2n_client_happy_path[RSA_PSS_2048_SHA256-TLS1.2-P-256-S2N-DHE-RSA-CHACHA20-POLY1305]
PASSED test_happy_path.py::test_s2n_client_happy_path[RSA_PSS_2048_SHA256-TLS1.2-P-256-S2N-DHE-RSA-AES128-GCM-SHA256]
PASSED test_happy_path.py::test_s2n_client_happy_path[RSA_PSS_2048_SHA256-TLS1.2-P-256-S2N-ECDHE-RSA-AES128-SHA256]
PASSED test_happy_path.py::test_s2n_client_happy_path[RSA_PSS_2048_SHA256-TLS1.2-P-256-S2N-ECDHE-RSA-CHACHA20-POLY1305]
PASSED test_happy_path.py::test_s2n_client_happy_path[RSA_PSS_2048_SHA256-TLS1.2-P-256-S2N-ECDHE-RSA-AES256-SHA384]
PASSED test_happy_path.py::test_s2n_client_happy_path[RSA_PSS_2048_SHA256-TLS1.2-P-384-S2N-DHE-RSA-AES128-GCM-SHA256]
PASSED test_happy_path.py::test_s2n_client_happy_path[RSA_PSS_2048_SHA256-TLS1.2-P-384-S2N-DHE-RSA-AES256-GCM-SHA384]
PASSED test_happy_path.py::test_s2n_client_happy_path[RSA_PSS_2048_SHA256-TLS1.2-P-384-S2N-ECDHE-RSA-AES256-SHA384]
PASSED test_happy_path.py::test_s2n_client_happy_path[RSA_PSS_2048_SHA256-TLS1.2-P-384-S2N-ECDHE-RSA-AES256-GCM-SHA384]
PASSED test_happy_path.py::test_s2n_client_happy_path[RSA_PSS_2048_SHA256-TLS1.2-P-384-S2N-ECDHE-RSA-CHACHA20-POLY1305]
PASSED test_happy_path.py::test_s2n_client_happy_path[RSA_PSS_2048_SHA256-TLS1.2-P-384-S2N-ECDHE-RSA-AES128-GCM-SHA256]
PASSED test_happy_path.py::test_s2n_client_happy_path[RSA_PSS_2048_SHA256-TLS1.2-P-521-S2N-DHE-RSA-AES128-SHA256]
PASSED test_happy_path.py::test_s2n_client_happy_path[RSA_PSS_2048_SHA256-TLS1.2-P-521-S2N-ECDHE-RSA-AES256-SHA]
PASSED test_happy_path.py::test_s2n_client_happy_path[RSA_PSS_2048_SHA256-TLS1.2-P-521-S2N-ECDHE-RSA-AES256-GCM-SHA384]
PASSED test_happy_path.py::test_s2n_client_happy_path[RSA_PSS_2048_SHA256-TLS1.2-P-521-S2N-ECDHE-RSA-AES128-GCM-SHA256]
SKIPPED [2640] fixtures.py:65: <class 'providers.OpenSSL'> is not available
SKIPPED [2524] fixtures.py:65: <class 'providers.GnuTLS'> is not available
SKIPPED [148] fixtures.py:65: <class 'providers.SSLv3Provider'> is not available
================ 3528 passed, 5312 skipped in 106.05s (0:01:46) ================
