<?xml version="1.0" encoding="utf-8"?><testsuites><testsuite name="pytest" errors="0" failures="0" skipped="0" tests="271" time="12.370" timestamp="2025-04-01T19:51:33.941552" hostname="devdesktop22"><testcase classname="test_record_padding" name="test_nothing" time="0.001" /><testcase classname="test_record_padding" name="test_s2n_server_handles_padded_records[250-RSA_2048_SHA512-TLS1.3-X25519-OpenSSL-TLS_AES_256_GCM_SHA384]" time="0.548" /><testcase classname="test_record_padding" name="test_s2n_server_handles_padded_records[250-RSA_2048_SHA512-TLS1.3-P-256-OpenSSL-TLS_AES_256_GCM_SHA384]" time="0.565" /><testcase classname="test_record_padding" name="test_s2n_server_handles_padded_records[250-RSA_2048_SHA512-TLS1.3-X25519-OpenSSL-TLS_CHACHA20_POLY1305_SHA256]" time="0.587" /><testcase classname="test_record_padding" name="test_s2n_server_handles_padded_records[250-RSA_2048_SHA512-TLS1.3-X25519-OpenSSL-TLS_AES_128_GCM_SHA256]" time="0.594" /><testcase classname="test_record_padding" name="test_s2n_server_handles_padded_records[250-RSA_2048_SHA512-TLS1.3-P-384-OpenSSL-TLS_CHACHA20_POLY1305_SHA256]" time="0.596" /><testcase classname="test_record_padding" name="test_s2n_server_handles_padded_records[250-RSA_2048_SHA512-TLS1.3-P-256-OpenSSL-TLS_AES_128_GCM_SHA256]" time="0.599" /><testcase classname="test_record_padding" name="test_s2n_server_handles_padded_records[250-RSA_2048_SHA512-TLS1.3-P-256-OpenSSL-TLS_CHACHA20_POLY1305_SHA256]" time="0.611" /><testcase classname="test_record_padding" name="test_s2n_server_handles_padded_records[250-RSA_2048_SHA512-TLS1.3-P-384-OpenSSL-TLS_AES_128_GCM_SHA256]" time="0.630" /><testcase classname="test_record_padding" name="test_s2n_server_handles_padded_records[250-RSA_2048_SHA512-TLS1.3-P-521-OpenSSL-TLS_AES_128_GCM_SHA256]" time="0.579" /><testcase classname="test_record_padding" name="test_s2n_server_handles_padded_records[250-RSA_4096_SHA256-TLS1.3-X25519-OpenSSL-TLS_AES_256_GCM_SHA384]" time="0.565" /><testcase classname="test_record_padding" name="test_s2n_server_handles_padded_records[250-RSA_2048_SHA512-TLS1.3-P-521-OpenSSL-TLS_AES_256_GCM_SHA384]" time="0.558" /><testcase classname="test_record_padding" name="test_s2n_server_handles_padded_records[250-RSA_4096_SHA256-TLS1.3-X25519-OpenSSL-TLS_AES_128_GCM_SHA256]" time="0.604" /><testcase classname="test_record_padding" name="test_s2n_server_handles_padded_records[250-RSA_2048_SHA512-TLS1.3-P-384-OpenSSL-TLS_AES_256_GCM_SHA384]" time="0.601" /><testcase classname="test_record_padding" name="test_s2n_server_handles_padded_records[250-RSA_4096_SHA256-TLS1.3-X25519-OpenSSL-TLS_CHACHA20_POLY1305_SHA256]" time="0.606" /><testcase classname="test_record_padding" name="test_s2n_server_handles_padded_records[250-RSA_2048_SHA512-TLS1.3-P-521-OpenSSL-TLS_CHACHA20_POLY1305_SHA256]" time="0.625" /><testcase classname="test_record_padding" name="test_s2n_server_handles_padded_records[250-RSA_4096_SHA256-TLS1.3-P-256-OpenSSL-TLS_CHACHA20_POLY1305_SHA256]" time="0.565" /><testcase classname="test_record_padding" name="test_s2n_server_handles_padded_records[250-RSA_4096_SHA256-TLS1.3-P-384-OpenSSL-TLS_CHACHA20_POLY1305_SHA256]" time="0.576" /><testcase classname="test_record_padding" name="test_s2n_server_handles_padded_records[250-RSA_4096_SHA256-TLS1.3-P-256-OpenSSL-TLS_AES_128_GCM_SHA256]" time="0.565" /><testcase classname="test_record_padding" name="test_s2n_server_handles_padded_records[250-RSA_4096_SHA256-TLS1.3-P-384-OpenSSL-TLS_AES_256_GCM_SHA384]" time="0.565" /><testcase classname="test_record_padding" name="test_s2n_server_handles_padded_records[250-RSA_4096_SHA256-TLS1.3-P-521-OpenSSL-TLS_AES_128_GCM_SHA256]" time="0.618" /><testcase classname="test_record_padding" name="test_s2n_server_handles_padded_records[250-RSA_4096_SHA256-TLS1.3-P-256-OpenSSL-TLS_AES_256_GCM_SHA384]" time="0.568" /><testcase classname="test_record_padding" name="test_s2n_server_handles_padded_records[250-RSA_4096_SHA256-TLS1.3-P-521-OpenSSL-TLS_CHACHA20_POLY1305_SHA256]" time="0.634" /><testcase classname="test_record_padding" name="test_s2n_server_handles_padded_records[250-RSA_4096_SHA256-TLS1.3-P-384-OpenSSL-TLS_AES_128_GCM_SHA256]" time="0.680" /><testcase classname="test_record_padding" name="test_s2n_server_handles_padded_records[250-RSA_4096_SHA256-TLS1.3-P-521-OpenSSL-TLS_AES_256_GCM_SHA384]" time="0.621" /><testcase classname="test_record_padding" name="test_s2n_server_handles_padded_records[250-ECDSA_256-TLS1.3-P-256-OpenSSL-TLS_AES_256_GCM_SHA384]" time="0.560" /><testcase classname="test_record_padding" name="test_s2n_server_handles_padded_records[250-ECDSA_256-TLS1.3-P-256-OpenSSL-TLS_CHACHA20_POLY1305_SHA256]" time="0.592" /><testcase classname="test_record_padding" name="test_s2n_server_handles_padded_records[250-ECDSA_384-TLS1.3-P-384-OpenSSL-TLS_AES_128_GCM_SHA256]" time="0.592" /><testcase classname="test_record_padding" name="test_s2n_server_handles_padded_records[250-RSA_PSS_2048_SHA256-TLS1.3-X25519-OpenSSL-TLS_CHACHA20_POLY1305_SHA256]" time="0.605" /><testcase classname="test_record_padding" name="test_s2n_server_handles_padded_records[250-ECDSA_384-TLS1.3-P-384-OpenSSL-TLS_AES_256_GCM_SHA384]" time="0.592" /><testcase classname="test_record_padding" name="test_s2n_server_handles_padded_records[250-ECDSA_256-TLS1.3-P-256-OpenSSL-TLS_AES_128_GCM_SHA256]" time="0.636" /><testcase classname="test_record_padding" name="test_s2n_server_handles_padded_records[250-ECDSA_384-TLS1.3-P-384-OpenSSL-TLS_CHACHA20_POLY1305_SHA256]" time="0.591" /><testcase classname="test_record_padding" name="test_s2n_server_handles_padded_records[250-RSA_PSS_2048_SHA256-TLS1.3-X25519-OpenSSL-TLS_AES_128_GCM_SHA256]" time="0.643" /><testcase classname="test_record_padding" name="test_s2n_server_handles_padded_records[250-RSA_PSS_2048_SHA256-TLS1.3-P-256-OpenSSL-TLS_AES_128_GCM_SHA256]" time="0.592" /><testcase classname="test_record_padding" name="test_s2n_server_handles_padded_records[250-RSA_PSS_2048_SHA256-TLS1.3-X25519-OpenSSL-TLS_AES_256_GCM_SHA384]" time="0.556" /><testcase classname="test_record_padding" name="test_s2n_server_handles_padded_records[250-RSA_PSS_2048_SHA256-TLS1.3-P-384-OpenSSL-TLS_CHACHA20_POLY1305_SHA256]" time="0.577" /><testcase classname="test_record_padding" name="test_s2n_server_handles_padded_records[250-RSA_PSS_2048_SHA256-TLS1.3-P-384-OpenSSL-TLS_AES_256_GCM_SHA384]" time="0.594" /><testcase classname="test_record_padding" name="test_s2n_server_handles_padded_records[250-RSA_PSS_2048_SHA256-TLS1.3-P-384-OpenSSL-TLS_AES_128_GCM_SHA256]" time="0.599" /><testcase classname="test_record_padding" name="test_s2n_server_handles_padded_records[250-RSA_PSS_2048_SHA256-TLS1.3-P-256-OpenSSL-TLS_CHACHA20_POLY1305_SHA256]" time="0.583" /><testcase classname="test_record_padding" name="test_s2n_server_handles_padded_records[250-RSA_PSS_2048_SHA256-TLS1.3-P-256-OpenSSL-TLS_AES_256_GCM_SHA384]" time="0.583" /><testcase classname="test_record_padding" name="test_s2n_server_handles_padded_records[250-RSA_PSS_2048_SHA256-TLS1.3-P-521-OpenSSL-TLS_CHACHA20_POLY1305_SHA256]" time="0.605" /><testcase classname="test_record_padding" name="test_s2n_server_handles_padded_records[250-RSA_PSS_2048_SHA256-TLS1.3-P-521-OpenSSL-TLS_AES_128_GCM_SHA256]" time="0.550" /><testcase classname="test_record_padding" name="test_s2n_server_handles_padded_records[250-ECDSA_521-TLS1.3-P-521-OpenSSL-TLS_CHACHA20_POLY1305_SHA256]" time="0.619" /><testcase classname="test_record_padding" name="test_s2n_server_handles_padded_records[250-ECDSA_521-TLS1.3-P-521-OpenSSL-TLS_AES_256_GCM_SHA384]" time="0.583" /><testcase classname="test_record_padding" name="test_s2n_server_handles_padded_records[1000-RSA_2048_SHA512-TLS1.3-X25519-OpenSSL-TLS_AES_128_GCM_SHA256]" time="0.602" /><testcase classname="test_record_padding" name="test_s2n_server_handles_padded_records[250-ECDSA_521-TLS1.3-P-521-OpenSSL-TLS_AES_128_GCM_SHA256]" time="0.579" /><testcase classname="test_record_padding" name="test_s2n_server_handles_padded_records[250-RSA_PSS_2048_SHA256-TLS1.3-P-521-OpenSSL-TLS_AES_256_GCM_SHA384]" time="0.607" /><testcase classname="test_record_padding" name="test_s2n_server_handles_padded_records[1000-RSA_2048_SHA512-TLS1.3-X25519-OpenSSL-TLS_CHACHA20_POLY1305_SHA256]" time="0.621" /><testcase classname="test_record_padding" name="test_s2n_server_handles_padded_records[1000-RSA_2048_SHA512-TLS1.3-X25519-OpenSSL-TLS_AES_256_GCM_SHA384]" time="0.574" /><testcase classname="test_record_padding" name="test_s2n_server_handles_padded_records[1000-RSA_2048_SHA512-TLS1.3-P-256-OpenSSL-TLS_AES_256_GCM_SHA384]" time="0.526" /><testcase classname="test_record_padding" name="test_s2n_server_handles_padded_records[1000-RSA_2048_SHA512-TLS1.3-P-256-OpenSSL-TLS_CHACHA20_POLY1305_SHA256]" time="0.594" /><testcase classname="test_record_padding" name="test_s2n_server_handles_padded_records[1000-RSA_2048_SHA512-TLS1.3-P-384-OpenSSL-TLS_AES_256_GCM_SHA384]" time="0.512" /><testcase classname="test_record_padding" name="test_s2n_server_handles_padded_records[1000-RSA_2048_SHA512-TLS1.3-P-521-OpenSSL-TLS_CHACHA20_POLY1305_SHA256]" time="0.577" /><testcase classname="test_record_padding" name="test_s2n_server_handles_padded_records[1000-RSA_2048_SHA512-TLS1.3-P-384-OpenSSL-TLS_AES_128_GCM_SHA256]" time="0.641" /><testcase classname="test_record_padding" name="test_s2n_server_handles_padded_records[1000-RSA_2048_SHA512-TLS1.3-P-384-OpenSSL-TLS_CHACHA20_POLY1305_SHA256]" time="0.590" /><testcase classname="test_record_padding" name="test_s2n_server_handles_padded_records[1000-RSA_2048_SHA512-TLS1.3-P-256-OpenSSL-TLS_AES_128_GCM_SHA256]" time="0.594" /><testcase classname="test_record_padding" name="test_s2n_server_handles_padded_records[1000-RSA_2048_SHA512-TLS1.3-P-521-OpenSSL-TLS_AES_128_GCM_SHA256]" time="0.639" /><testcase classname="test_record_padding" name="test_s2n_server_handles_padded_records[1000-RSA_4096_SHA256-TLS1.3-X25519-OpenSSL-TLS_AES_128_GCM_SHA256]" time="0.576" /><testcase classname="test_record_padding" name="test_s2n_server_handles_padded_records[1000-RSA_2048_SHA512-TLS1.3-P-521-OpenSSL-TLS_AES_256_GCM_SHA384]" time="0.543" /><testcase classname="test_record_padding" name="test_s2n_server_handles_padded_records[1000-RSA_4096_SHA256-TLS1.3-P-256-OpenSSL-TLS_AES_128_GCM_SHA256]" time="0.581" /><testcase classname="test_record_padding" name="test_s2n_server_handles_padded_records[1000-RSA_4096_SHA256-TLS1.3-P-256-OpenSSL-TLS_AES_256_GCM_SHA384]" time="0.588" /><testcase classname="test_record_padding" name="test_s2n_server_handles_padded_records[1000-RSA_4096_SHA256-TLS1.3-P-256-OpenSSL-TLS_CHACHA20_POLY1305_SHA256]" time="0.586" /><testcase classname="test_record_padding" name="test_s2n_server_handles_padded_records[1000-RSA_4096_SHA256-TLS1.3-X25519-OpenSSL-TLS_AES_256_GCM_SHA384]" time="0.566" /><testcase classname="test_record_padding" name="test_s2n_server_handles_padded_records[1000-RSA_4096_SHA256-TLS1.3-X25519-OpenSSL-TLS_CHACHA20_POLY1305_SHA256]" time="0.588" /><testcase classname="test_record_padding" name="test_s2n_server_handles_padded_records[1000-RSA_4096_SHA256-TLS1.3-P-384-OpenSSL-TLS_CHACHA20_POLY1305_SHA256]" time="0.620" /><testcase classname="test_record_padding" name="test_s2n_server_handles_padded_records[1000-RSA_4096_SHA256-TLS1.3-P-521-OpenSSL-TLS_CHACHA20_POLY1305_SHA256]" time="0.561" /><testcase classname="test_record_padding" name="test_s2n_server_handles_padded_records[1000-RSA_4096_SHA256-TLS1.3-P-384-OpenSSL-TLS_AES_128_GCM_SHA256]" time="0.561" /><testcase classname="test_record_padding" name="test_s2n_server_handles_padded_records[1000-RSA_PSS_2048_SHA256-TLS1.3-X25519-OpenSSL-TLS_AES_256_GCM_SHA384]" time="0.589" /><testcase classname="test_record_padding" name="test_s2n_server_handles_padded_records[16384-RSA_4096_SHA256-TLS1.3-P-256-OpenSSL-TLS_AES_256_GCM_SHA384]" time="0.592" /><testcase classname="test_record_padding" name="test_s2n_server_handles_padded_records[16384-RSA_2048_SHA512-TLS1.3-P-384-OpenSSL-TLS_AES_256_GCM_SHA384]" time="0.614" /><testcase classname="test_record_padding" name="test_s2n_server_handles_padded_records[1000-RSA_4096_SHA256-TLS1.3-P-384-OpenSSL-TLS_AES_256_GCM_SHA384]" time="0.577" /><testcase classname="test_record_padding" name="test_s2n_server_handles_padded_records[1000-ECDSA_521-TLS1.3-P-521-OpenSSL-TLS_AES_128_GCM_SHA256]" time="0.633" /><testcase classname="test_record_padding" name="test_s2n_server_handles_padded_records[16384-ECDSA_256-TLS1.3-P-256-OpenSSL-TLS_AES_256_GCM_SHA384]" time="0.635" /><testcase classname="test_record_padding" name="test_s2n_server_handles_padded_records[16384-RSA_PSS_2048_SHA256-TLS1.3-P-256-OpenSSL-TLS_AES_128_GCM_SHA256]" time="0.560" /><testcase classname="test_record_padding" name="test_s2n_server_handles_padded_records[1000-RSA_4096_SHA256-TLS1.3-P-521-OpenSSL-TLS_AES_128_GCM_SHA256]" time="0.645" /><testcase classname="test_record_padding" name="test_s2n_server_handles_padded_records[1000-RSA_PSS_2048_SHA256-TLS1.3-P-256-OpenSSL-TLS_CHACHA20_POLY1305_SHA256]" time="0.611" /><testcase classname="test_record_padding" name="test_s2n_server_handles_padded_records[16384-RSA_2048_SHA512-TLS1.3-P-521-OpenSSL-TLS_CHACHA20_POLY1305_SHA256]" time="0.557" /><testcase classname="test_record_padding" name="test_s2n_server_handles_padded_records[16384-RSA_4096_SHA256-TLS1.3-P-384-OpenSSL-TLS_CHACHA20_POLY1305_SHA256]" time="0.634" /><testcase classname="test_record_padding" name="test_s2n_server_handles_padded_records[16384-ECDSA_521-TLS1.3-P-521-OpenSSL-TLS_CHACHA20_POLY1305_SHA256]" time="0.633" /><testcase classname="test_record_padding" name="test_s2n_server_handles_padded_records[1000-ECDSA_521-TLS1.3-P-521-OpenSSL-TLS_AES_256_GCM_SHA384]" time="0.646" /><testcase classname="test_record_padding" name="test_s2n_server_handles_padded_records[16384-ECDSA_384-TLS1.3-P-384-OpenSSL-TLS_CHACHA20_POLY1305_SHA256]" time="0.633" /><testcase classname="test_record_padding" name="test_s2n_server_handles_padded_records[16384-RSA_PSS_2048_SHA256-TLS1.3-P-256-OpenSSL-TLS_AES_256_GCM_SHA384]" time="0.609" /><testcase classname="test_record_padding" name="test_s2n_server_handles_padded_records[1000-RSA_4096_SHA256-TLS1.3-P-521-OpenSSL-TLS_AES_256_GCM_SHA384]" time="0.604" /><testcase classname="test_record_padding" name="test_s2n_server_handles_padded_records[1000-RSA_PSS_2048_SHA256-TLS1.3-P-256-OpenSSL-TLS_AES_128_GCM_SHA256]" time="0.580" /><testcase classname="test_record_padding" name="test_s2n_server_handles_padded_records[16384-ECDSA_521-TLS1.3-P-521-OpenSSL-TLS_AES_128_GCM_SHA256]" time="0.582" /><testcase classname="test_record_padding" name="test_s2n_server_handles_padded_records[16384-RSA_4096_SHA256-TLS1.3-P-384-OpenSSL-TLS_AES_128_GCM_SHA256]" time="0.605" /><testcase classname="test_record_padding" name="test_s2n_server_handles_padded_records[16384-RSA_2048_SHA512-TLS1.3-P-521-OpenSSL-TLS_AES_128_GCM_SHA256]" time="0.679" /><testcase classname="test_record_padding" name="test_s2n_server_handles_padded_records[16384-RSA_2048_SHA512-TLS1.3-X25519-OpenSSL-TLS_CHACHA20_POLY1305_SHA256]" time="0.600" /><testcase classname="test_record_padding" name="test_s2n_server_handles_padded_records[16384-ECDSA_384-TLS1.3-P-384-OpenSSL-TLS_AES_128_GCM_SHA256]" time="0.606" /><testcase classname="test_record_padding" name="test_s2n_server_handles_padded_records[16384-RSA_PSS_2048_SHA256-TLS1.3-P-384-OpenSSL-TLS_CHACHA20_POLY1305_SHA256]" time="0.627" /><testcase classname="test_record_padding" name="test_s2n_server_handles_padded_records[1000-ECDSA_256-TLS1.3-P-256-OpenSSL-TLS_CHACHA20_POLY1305_SHA256]" time="0.579" /><testcase classname="test_record_padding" name="test_s2n_server_handles_padded_records[1000-RSA_PSS_2048_SHA256-TLS1.3-P-256-OpenSSL-TLS_AES_256_GCM_SHA384]" time="0.610" /><testcase classname="test_record_padding" name="test_s2n_server_handles_padded_records[16384-RSA_4096_SHA256-TLS1.3-P-384-OpenSSL-TLS_AES_256_GCM_SHA384]" time="0.595" /><testcase classname="test_record_padding" name="test_s2n_server_handles_padded_records[16384-RSA_2048_SHA512-TLS1.3-X25519-OpenSSL-TLS_AES_128_GCM_SHA256]" time="0.569" /><testcase classname="test_record_padding" name="test_s2n_server_handles_padded_records[16384-RSA_2048_SHA512-TLS1.3-P-521-OpenSSL-TLS_AES_256_GCM_SHA384]" time="0.597" /><testcase classname="test_record_padding" name="test_s2n_server_handles_padded_records[16384-ECDSA_521-TLS1.3-P-521-OpenSSL-TLS_AES_256_GCM_SHA384]" time="0.618" /><testcase classname="test_record_padding" name="test_s2n_client_handles_padded_records[250-RSA_2048_SHA512-TLS1.3-X25519-OpenSSL-TLS_CHACHA20_POLY1305_SHA256]" time="0.054" /><testcase classname="test_record_padding" name="test_s2n_client_handles_padded_records[250-RSA_2048_SHA512-TLS1.3-X25519-OpenSSL-TLS_AES_128_GCM_SHA256]" time="0.054" /><testcase classname="test_record_padding" name="test_s2n_client_handles_padded_records[250-RSA_2048_SHA512-TLS1.3-X25519-OpenSSL-TLS_AES_256_GCM_SHA384]" time="0.054" /><testcase classname="test_record_padding" name="test_s2n_server_handles_padded_records[16384-ECDSA_384-TLS1.3-P-384-OpenSSL-TLS_AES_256_GCM_SHA384]" time="0.579" /><testcase classname="test_record_padding" name="test_s2n_client_handles_padded_records[250-RSA_2048_SHA512-TLS1.3-P-256-OpenSSL-TLS_CHACHA20_POLY1305_SHA256]" time="0.055" /><testcase classname="test_record_padding" name="test_s2n_client_handles_padded_records[250-RSA_2048_SHA512-TLS1.3-P-256-OpenSSL-TLS_AES_128_GCM_SHA256]" time="0.056" /><testcase classname="test_record_padding" name="test_s2n_server_handles_padded_records[16384-RSA_PSS_2048_SHA256-TLS1.3-P-384-OpenSSL-TLS_AES_128_GCM_SHA256]" time="0.596" /><testcase classname="test_record_padding" name="test_s2n_client_handles_padded_records[250-RSA_2048_SHA512-TLS1.3-P-256-OpenSSL-TLS_AES_256_GCM_SHA384]" time="0.058" /><testcase classname="test_record_padding" name="test_s2n_server_handles_padded_records[1000-ECDSA_256-TLS1.3-P-256-OpenSSL-TLS_AES_128_GCM_SHA256]" time="0.614" /><testcase classname="test_record_padding" name="test_s2n_client_handles_padded_records[250-RSA_2048_SHA512-TLS1.3-P-384-OpenSSL-TLS_CHACHA20_POLY1305_SHA256]" time="0.062" /><testcase classname="test_record_padding" name="test_s2n_server_handles_padded_records[1000-RSA_PSS_2048_SHA256-TLS1.3-P-384-OpenSSL-TLS_CHACHA20_POLY1305_SHA256]" time="0.570" /><testcase classname="test_record_padding" name="test_s2n_client_handles_padded_records[250-RSA_2048_SHA512-TLS1.3-P-384-OpenSSL-TLS_AES_128_GCM_SHA256]" time="0.058" /><testcase classname="test_record_padding" name="test_s2n_client_handles_padded_records[250-RSA_2048_SHA512-TLS1.3-P-384-OpenSSL-TLS_AES_256_GCM_SHA384]" time="0.061" /><testcase classname="test_record_padding" name="test_s2n_server_handles_padded_records[16384-RSA_2048_SHA512-TLS1.3-X25519-OpenSSL-TLS_AES_256_GCM_SHA384]" time="0.603" /><testcase classname="test_record_padding" name="test_s2n_client_handles_padded_records[250-RSA_2048_SHA512-TLS1.3-P-521-OpenSSL-TLS_CHACHA20_POLY1305_SHA256]" time="0.059" /><testcase classname="test_record_padding" name="test_s2n_server_handles_padded_records[16384-RSA_4096_SHA256-TLS1.3-P-521-OpenSSL-TLS_CHACHA20_POLY1305_SHA256]" time="0.614" /><testcase classname="test_record_padding" name="test_s2n_server_handles_padded_records[16384-RSA_4096_SHA256-TLS1.3-X25519-OpenSSL-TLS_CHACHA20_POLY1305_SHA256]" time="0.617" /><testcase classname="test_record_padding" name="test_s2n_client_handles_padded_records[250-RSA_2048_SHA512-TLS1.3-P-521-OpenSSL-TLS_AES_128_GCM_SHA256]" time="0.061" /><testcase classname="test_record_padding" name="test_s2n_client_handles_padded_records[250-RSA_2048_SHA512-TLS1.3-P-521-OpenSSL-TLS_AES_256_GCM_SHA384]" time="0.058" /><testcase classname="test_record_padding" name="test_s2n_client_handles_padded_records[250-RSA_4096_SHA256-TLS1.3-X25519-OpenSSL-TLS_CHACHA20_POLY1305_SHA256]" time="0.059" /><testcase classname="test_record_padding" name="test_s2n_server_handles_padded_records[16384-RSA_PSS_2048_SHA256-TLS1.3-X25519-OpenSSL-TLS_CHACHA20_POLY1305_SHA256]" time="0.604" /><testcase classname="test_record_padding" name="test_s2n_client_handles_padded_records[250-RSA_4096_SHA256-TLS1.3-X25519-OpenSSL-TLS_AES_128_GCM_SHA256]" time="0.059" /><testcase classname="test_record_padding" name="test_s2n_client_handles_padded_records[250-RSA_4096_SHA256-TLS1.3-X25519-OpenSSL-TLS_AES_256_GCM_SHA384]" time="0.060" /><testcase classname="test_record_padding" name="test_s2n_server_handles_padded_records[16384-RSA_PSS_2048_SHA256-TLS1.3-P-384-OpenSSL-TLS_AES_256_GCM_SHA384]" time="0.583" /><testcase classname="test_record_padding" name="test_s2n_server_handles_padded_records[1000-ECDSA_256-TLS1.3-P-256-OpenSSL-TLS_AES_256_GCM_SHA384]" time="0.589" /><testcase classname="test_record_padding" name="test_s2n_client_handles_padded_records[250-RSA_4096_SHA256-TLS1.3-P-256-OpenSSL-TLS_CHACHA20_POLY1305_SHA256]" time="0.061" /><testcase classname="test_record_padding" name="test_s2n_client_handles_padded_records[250-RSA_4096_SHA256-TLS1.3-P-256-OpenSSL-TLS_AES_128_GCM_SHA256]" time="0.059" /><testcase classname="test_record_padding" name="test_s2n_server_handles_padded_records[1000-RSA_PSS_2048_SHA256-TLS1.3-P-384-OpenSSL-TLS_AES_128_GCM_SHA256]" time="0.613" /><testcase classname="test_record_padding" name="test_s2n_client_handles_padded_records[250-RSA_4096_SHA256-TLS1.3-P-256-OpenSSL-TLS_AES_256_GCM_SHA384]" time="0.060" /><testcase classname="test_record_padding" name="test_s2n_server_handles_padded_records[16384-RSA_2048_SHA512-TLS1.3-P-256-OpenSSL-TLS_CHACHA20_POLY1305_SHA256]" time="0.547" /><testcase classname="test_record_padding" name="test_s2n_client_handles_padded_records[250-RSA_4096_SHA256-TLS1.3-P-384-OpenSSL-TLS_CHACHA20_POLY1305_SHA256]" time="0.062" /><testcase classname="test_record_padding" name="test_s2n_server_handles_padded_records[16384-RSA_4096_SHA256-TLS1.3-P-521-OpenSSL-TLS_AES_128_GCM_SHA256]" time="0.602" /><testcase classname="test_record_padding" name="test_s2n_server_handles_padded_records[16384-RSA_4096_SHA256-TLS1.3-X25519-OpenSSL-TLS_AES_128_GCM_SHA256]" time="0.590" /><testcase classname="test_record_padding" name="test_s2n_client_handles_padded_records[250-RSA_4096_SHA256-TLS1.3-P-384-OpenSSL-TLS_AES_128_GCM_SHA256]" time="0.065" /><testcase classname="test_record_padding" name="test_s2n_client_handles_padded_records[250-RSA_4096_SHA256-TLS1.3-P-384-OpenSSL-TLS_AES_256_GCM_SHA384]" time="0.062" /><testcase classname="test_record_padding" name="test_s2n_client_handles_padded_records[250-RSA_4096_SHA256-TLS1.3-P-521-OpenSSL-TLS_CHACHA20_POLY1305_SHA256]" time="0.064" /><testcase classname="test_record_padding" name="test_s2n_server_handles_padded_records[16384-RSA_PSS_2048_SHA256-TLS1.3-X25519-OpenSSL-TLS_AES_128_GCM_SHA256]" time="0.598" /><testcase classname="test_record_padding" name="test_s2n_client_handles_padded_records[250-RSA_4096_SHA256-TLS1.3-P-521-OpenSSL-TLS_AES_128_GCM_SHA256]" time="0.062" /><testcase classname="test_record_padding" name="test_s2n_client_handles_padded_records[250-RSA_4096_SHA256-TLS1.3-P-521-OpenSSL-TLS_AES_256_GCM_SHA384]" time="0.069" /><testcase classname="test_record_padding" name="test_s2n_server_handles_padded_records[1000-ECDSA_384-TLS1.3-P-384-OpenSSL-TLS_CHACHA20_POLY1305_SHA256]" time="0.548" /><testcase classname="test_record_padding" name="test_s2n_server_handles_padded_records[16384-RSA_PSS_2048_SHA256-TLS1.3-P-521-OpenSSL-TLS_CHACHA20_POLY1305_SHA256]" time="0.585" /><testcase classname="test_record_padding" name="test_s2n_client_handles_padded_records[250-ECDSA_256-TLS1.3-P-256-OpenSSL-TLS_CHACHA20_POLY1305_SHA256]" time="0.053" /><testcase classname="test_record_padding" name="test_s2n_client_handles_padded_records[250-ECDSA_256-TLS1.3-P-256-OpenSSL-TLS_AES_128_GCM_SHA256]" time="0.054" /><testcase classname="test_record_padding" name="test_s2n_client_handles_padded_records[250-ECDSA_256-TLS1.3-P-256-OpenSSL-TLS_AES_256_GCM_SHA384]" time="0.053" /><testcase classname="test_record_padding" name="test_s2n_server_handles_padded_records[1000-RSA_PSS_2048_SHA256-TLS1.3-P-384-OpenSSL-TLS_AES_256_GCM_SHA384]" time="0.627" /><testcase classname="test_record_padding" name="test_s2n_client_handles_padded_records[250-ECDSA_384-TLS1.3-P-384-OpenSSL-TLS_CHACHA20_POLY1305_SHA256]" time="0.057" /><testcase classname="test_record_padding" name="test_s2n_server_handles_padded_records[16384-RSA_2048_SHA512-TLS1.3-P-256-OpenSSL-TLS_AES_128_GCM_SHA256]" time="0.626" /><testcase classname="test_record_padding" name="test_s2n_client_handles_padded_records[250-ECDSA_384-TLS1.3-P-384-OpenSSL-TLS_AES_128_GCM_SHA256]" time="0.059" /><testcase classname="test_record_padding" name="test_s2n_server_handles_padded_records[16384-RSA_4096_SHA256-TLS1.3-X25519-OpenSSL-TLS_AES_256_GCM_SHA384]" time="0.579" /><testcase classname="test_record_padding" name="test_s2n_server_handles_padded_records[16384-RSA_4096_SHA256-TLS1.3-P-521-OpenSSL-TLS_AES_256_GCM_SHA384]" time="0.582" /><testcase classname="test_record_padding" name="test_s2n_client_handles_padded_records[250-ECDSA_384-TLS1.3-P-384-OpenSSL-TLS_AES_256_GCM_SHA384]" time="0.061" /><testcase classname="test_record_padding" name="test_s2n_client_handles_padded_records[250-RSA_PSS_2048_SHA256-TLS1.3-X25519-OpenSSL-TLS_CHACHA20_POLY1305_SHA256]" time="0.054" /><testcase classname="test_record_padding" name="test_s2n_client_handles_padded_records[250-RSA_PSS_2048_SHA256-TLS1.3-X25519-OpenSSL-TLS_AES_128_GCM_SHA256]" time="0.054" /><testcase classname="test_record_padding" name="test_s2n_client_handles_padded_records[250-RSA_PSS_2048_SHA256-TLS1.3-X25519-OpenSSL-TLS_AES_256_GCM_SHA384]" time="0.054" /><testcase classname="test_record_padding" name="test_s2n_server_handles_padded_records[16384-RSA_PSS_2048_SHA256-TLS1.3-X25519-OpenSSL-TLS_AES_256_GCM_SHA384]" time="0.631" /><testcase classname="test_record_padding" name="test_s2n_client_handles_padded_records[250-RSA_PSS_2048_SHA256-TLS1.3-P-256-OpenSSL-TLS_CHACHA20_POLY1305_SHA256]" time="0.056" /><testcase classname="test_record_padding" name="test_s2n_client_handles_padded_records[250-RSA_PSS_2048_SHA256-TLS1.3-P-256-OpenSSL-TLS_AES_128_GCM_SHA256]" time="0.054" /><testcase classname="test_record_padding" name="test_s2n_server_handles_padded_records[1000-ECDSA_384-TLS1.3-P-384-OpenSSL-TLS_AES_128_GCM_SHA256]" time="0.630" /><testcase classname="test_record_padding" name="test_s2n_server_handles_padded_records[16384-RSA_PSS_2048_SHA256-TLS1.3-P-521-OpenSSL-TLS_AES_128_GCM_SHA256]" time="0.631" /><testcase classname="test_record_padding" name="test_s2n_client_handles_padded_records[250-RSA_PSS_2048_SHA256-TLS1.3-P-256-OpenSSL-TLS_AES_256_GCM_SHA384]" time="0.058" /><testcase classname="test_record_padding" name="test_s2n_client_handles_padded_records[250-RSA_PSS_2048_SHA256-TLS1.3-P-521-OpenSSL-TLS_AES_256_GCM_SHA384]" time="0.060" /><testcase classname="test_record_padding" name="test_s2n_client_handles_padded_records[250-ECDSA_521-TLS1.3-P-521-OpenSSL-TLS_CHACHA20_POLY1305_SHA256]" time="0.058" /><testcase classname="test_record_padding" name="test_s2n_server_handles_padded_records[1000-RSA_PSS_2048_SHA256-TLS1.3-P-521-OpenSSL-TLS_CHACHA20_POLY1305_SHA256]" time="0.604" /><testcase classname="test_record_padding" name="test_s2n_client_handles_padded_records[250-ECDSA_521-TLS1.3-P-521-OpenSSL-TLS_AES_128_GCM_SHA256]" time="0.060" /><testcase classname="test_record_padding" name="test_s2n_server_handles_padded_records[16384-RSA_2048_SHA512-TLS1.3-P-256-OpenSSL-TLS_AES_256_GCM_SHA384]" time="0.598" /><testcase classname="test_record_padding" name="test_s2n_server_handles_padded_records[16384-ECDSA_256-TLS1.3-P-256-OpenSSL-TLS_CHACHA20_POLY1305_SHA256]" time="0.595" /><testcase classname="test_record_padding" name="test_s2n_server_handles_padded_records[16384-RSA_4096_SHA256-TLS1.3-P-256-OpenSSL-TLS_CHACHA20_POLY1305_SHA256]" time="0.614" /><testcase classname="test_record_padding" name="test_s2n_client_handles_padded_records[250-ECDSA_521-TLS1.3-P-521-OpenSSL-TLS_AES_256_GCM_SHA384]" time="0.062" /><testcase classname="test_record_padding" name="test_s2n_client_handles_padded_records[1000-RSA_2048_SHA512-TLS1.3-P-256-OpenSSL-TLS_AES_128_GCM_SHA256]" time="0.056" /><testcase classname="test_record_padding" name="test_s2n_client_handles_padded_records[1000-RSA_2048_SHA512-TLS1.3-P-256-OpenSSL-TLS_AES_256_GCM_SHA384]" time="0.056" /><testcase classname="test_record_padding" name="test_s2n_client_handles_padded_records[1000-RSA_2048_SHA512-TLS1.3-P-384-OpenSSL-TLS_CHACHA20_POLY1305_SHA256]" time="0.061" /><testcase classname="test_record_padding" name="test_s2n_server_handles_padded_records[16384-RSA_PSS_2048_SHA256-TLS1.3-P-256-OpenSSL-TLS_CHACHA20_POLY1305_SHA256]" time="0.622" /><testcase classname="test_record_padding" name="test_s2n_client_handles_padded_records[1000-RSA_2048_SHA512-TLS1.3-P-384-OpenSSL-TLS_AES_128_GCM_SHA256]" time="0.058" /><testcase classname="test_record_padding" name="test_s2n_client_handles_padded_records[250-RSA_PSS_2048_SHA256-TLS1.3-P-384-OpenSSL-TLS_CHACHA20_POLY1305_SHA256]" time="0.058" /><testcase classname="test_record_padding" name="test_s2n_client_handles_padded_records[1000-RSA_4096_SHA256-TLS1.3-P-256-OpenSSL-TLS_CHACHA20_POLY1305_SHA256]" time="0.061" /><testcase classname="test_record_padding" name="test_s2n_server_handles_padded_records[1000-ECDSA_384-TLS1.3-P-384-OpenSSL-TLS_AES_256_GCM_SHA384]" time="0.618" /><testcase classname="test_record_padding" name="test_s2n_server_handles_padded_records[16384-RSA_PSS_2048_SHA256-TLS1.3-P-521-OpenSSL-TLS_AES_256_GCM_SHA384]" time="0.616" /><testcase classname="test_record_padding" name="test_s2n_client_handles_padded_records[250-RSA_PSS_2048_SHA256-TLS1.3-P-384-OpenSSL-TLS_AES_128_GCM_SHA256]" time="0.058" /><testcase classname="test_record_padding" name="test_s2n_client_handles_padded_records[1000-RSA_4096_SHA256-TLS1.3-P-256-OpenSSL-TLS_AES_128_GCM_SHA256]" time="0.060" /><testcase classname="test_record_padding" name="test_s2n_client_handles_padded_records[1000-RSA_2048_SHA512-TLS1.3-X25519-OpenSSL-TLS_CHACHA20_POLY1305_SHA256]" time="0.056" /><testcase classname="test_record_padding" name="test_s2n_client_handles_padded_records[250-RSA_PSS_2048_SHA256-TLS1.3-P-384-OpenSSL-TLS_AES_256_GCM_SHA384]" time="0.057" /><testcase classname="test_record_padding" name="test_s2n_client_handles_padded_records[1000-RSA_4096_SHA256-TLS1.3-P-256-OpenSSL-TLS_AES_256_GCM_SHA384]" time="0.060" /><testcase classname="test_record_padding" name="test_s2n_client_handles_padded_records[1000-RSA_2048_SHA512-TLS1.3-X25519-OpenSSL-TLS_AES_128_GCM_SHA256]" time="0.055" /><testcase classname="test_record_padding" name="test_s2n_client_handles_padded_records[250-RSA_PSS_2048_SHA256-TLS1.3-P-521-OpenSSL-TLS_CHACHA20_POLY1305_SHA256]" time="0.059" /><testcase classname="test_record_padding" name="test_s2n_client_handles_padded_records[1000-RSA_4096_SHA256-TLS1.3-P-384-OpenSSL-TLS_CHACHA20_POLY1305_SHA256]" time="0.063" /><testcase classname="test_record_padding" name="test_s2n_server_handles_padded_records[1000-RSA_PSS_2048_SHA256-TLS1.3-P-521-OpenSSL-TLS_AES_128_GCM_SHA256]" time="0.626" /><testcase classname="test_record_padding" name="test_s2n_client_handles_padded_records[1000-RSA_2048_SHA512-TLS1.3-X25519-OpenSSL-TLS_AES_256_GCM_SHA384]" time="0.057" /><testcase classname="test_record_padding" name="test_s2n_client_handles_padded_records[250-RSA_PSS_2048_SHA256-TLS1.3-P-521-OpenSSL-TLS_AES_128_GCM_SHA256]" time="0.058" /><testcase classname="test_record_padding" name="test_s2n_client_handles_padded_records[1000-RSA_4096_SHA256-TLS1.3-P-384-OpenSSL-TLS_AES_128_GCM_SHA256]" time="0.063" /><testcase classname="test_record_padding" name="test_s2n_client_handles_padded_records[1000-RSA_2048_SHA512-TLS1.3-P-256-OpenSSL-TLS_CHACHA20_POLY1305_SHA256]" time="0.057" /><testcase classname="test_record_padding" name="test_s2n_server_handles_padded_records[16384-RSA_2048_SHA512-TLS1.3-P-384-OpenSSL-TLS_CHACHA20_POLY1305_SHA256]" time="0.627" /><testcase classname="test_record_padding" name="test_s2n_server_handles_padded_records[16384-ECDSA_256-TLS1.3-P-256-OpenSSL-TLS_AES_128_GCM_SHA256]" time="0.620" /><testcase classname="test_record_padding" name="test_s2n_server_handles_padded_records[16384-RSA_4096_SHA256-TLS1.3-P-256-OpenSSL-TLS_AES_128_GCM_SHA256]" time="0.606" /><testcase classname="test_record_padding" name="test_s2n_client_handles_padded_records[1000-RSA_4096_SHA256-TLS1.3-P-521-OpenSSL-TLS_CHACHA20_POLY1305_SHA256]" time="0.064" /><testcase classname="test_record_padding" name="test_s2n_client_handles_padded_records[1000-ECDSA_256-TLS1.3-P-256-OpenSSL-TLS_CHACHA20_POLY1305_SHA256]" time="0.055" /><testcase classname="test_record_padding" name="test_s2n_client_handles_padded_records[1000-RSA_4096_SHA256-TLS1.3-P-384-OpenSSL-TLS_AES_256_GCM_SHA384]" time="0.064" /><testcase classname="test_record_padding" name="test_s2n_client_handles_padded_records[1000-RSA_2048_SHA512-TLS1.3-P-384-OpenSSL-TLS_AES_256_GCM_SHA384]" time="0.059" /><testcase classname="test_record_padding" name="test_s2n_client_handles_padded_records[1000-RSA_4096_SHA256-TLS1.3-X25519-OpenSSL-TLS_CHACHA20_POLY1305_SHA256]" time="0.062" /><testcase classname="test_record_padding" name="test_s2n_client_handles_padded_records[1000-RSA_4096_SHA256-TLS1.3-P-521-OpenSSL-TLS_AES_128_GCM_SHA256]" time="0.063" /><testcase classname="test_record_padding" name="test_s2n_client_handles_padded_records[1000-ECDSA_256-TLS1.3-P-256-OpenSSL-TLS_AES_128_GCM_SHA256]" time="0.054" /><testcase classname="test_record_padding" name="test_s2n_client_handles_padded_records[1000-ECDSA_384-TLS1.3-P-384-OpenSSL-TLS_CHACHA20_POLY1305_SHA256]" time="0.057" /><testcase classname="test_record_padding" name="test_s2n_client_handles_padded_records[1000-RSA_2048_SHA512-TLS1.3-P-521-OpenSSL-TLS_CHACHA20_POLY1305_SHA256]" time="0.059" /><testcase classname="test_record_padding" name="test_s2n_client_handles_padded_records[1000-RSA_4096_SHA256-TLS1.3-X25519-OpenSSL-TLS_AES_128_GCM_SHA256]" time="0.060" /><testcase classname="test_record_padding" name="test_s2n_client_handles_padded_records[1000-RSA_4096_SHA256-TLS1.3-P-521-OpenSSL-TLS_AES_256_GCM_SHA384]" time="0.063" /><testcase classname="test_record_padding" name="test_s2n_client_handles_padded_records[1000-ECDSA_256-TLS1.3-P-256-OpenSSL-TLS_AES_256_GCM_SHA384]" time="0.054" /><testcase classname="test_record_padding" name="test_s2n_client_handles_padded_records[1000-ECDSA_384-TLS1.3-P-384-OpenSSL-TLS_AES_128_GCM_SHA256]" time="0.059" /><testcase classname="test_record_padding" name="test_s2n_client_handles_padded_records[1000-RSA_2048_SHA512-TLS1.3-P-521-OpenSSL-TLS_AES_128_GCM_SHA256]" time="0.058" /><testcase classname="test_record_padding" name="test_s2n_client_handles_padded_records[1000-RSA_4096_SHA256-TLS1.3-X25519-OpenSSL-TLS_AES_256_GCM_SHA384]" time="0.061" /><testcase classname="test_record_padding" name="test_s2n_client_handles_padded_records[1000-RSA_PSS_2048_SHA256-TLS1.3-X25519-OpenSSL-TLS_AES_128_GCM_SHA256]" time="0.054" /><testcase classname="test_record_padding" name="test_s2n_client_handles_padded_records[1000-RSA_PSS_2048_SHA256-TLS1.3-P-256-OpenSSL-TLS_CHACHA20_POLY1305_SHA256]" time="0.055" /><testcase classname="test_record_padding" name="test_s2n_client_handles_padded_records[1000-RSA_PSS_2048_SHA256-TLS1.3-P-256-OpenSSL-TLS_AES_256_GCM_SHA384]" time="0.055" /><testcase classname="test_record_padding" name="test_s2n_client_handles_padded_records[1000-RSA_2048_SHA512-TLS1.3-P-521-OpenSSL-TLS_AES_256_GCM_SHA384]" time="0.058" /><testcase classname="test_record_padding" name="test_s2n_client_handles_padded_records[1000-RSA_PSS_2048_SHA256-TLS1.3-P-384-OpenSSL-TLS_AES_128_GCM_SHA256]" time="0.058" /><testcase classname="test_record_padding" name="test_s2n_client_handles_padded_records[1000-RSA_PSS_2048_SHA256-TLS1.3-X25519-OpenSSL-TLS_AES_256_GCM_SHA384]" time="0.056" /><testcase classname="test_record_padding" name="test_s2n_client_handles_padded_records[1000-RSA_PSS_2048_SHA256-TLS1.3-P-256-OpenSSL-TLS_AES_128_GCM_SHA256]" time="0.056" /><testcase classname="test_record_padding" name="test_s2n_client_handles_padded_records[1000-RSA_PSS_2048_SHA256-TLS1.3-P-384-OpenSSL-TLS_CHACHA20_POLY1305_SHA256]" time="0.058" /><testcase classname="test_record_padding" name="test_s2n_client_handles_padded_records[1000-RSA_PSS_2048_SHA256-TLS1.3-P-521-OpenSSL-TLS_CHACHA20_POLY1305_SHA256]" time="0.057" /><testcase classname="test_record_padding" name="test_s2n_client_handles_padded_records[1000-RSA_PSS_2048_SHA256-TLS1.3-P-384-OpenSSL-TLS_AES_256_GCM_SHA384]" time="0.057" /><testcase classname="test_record_padding" name="test_s2n_client_handles_padded_records[1000-RSA_PSS_2048_SHA256-TLS1.3-P-521-OpenSSL-TLS_AES_256_GCM_SHA384]" time="0.058" /><testcase classname="test_record_padding" name="test_s2n_server_handles_padded_records[1000-RSA_PSS_2048_SHA256-TLS1.3-X25519-OpenSSL-TLS_CHACHA20_POLY1305_SHA256]" time="0.574" /><testcase classname="test_record_padding" name="test_s2n_client_handles_padded_records[1000-ECDSA_521-TLS1.3-P-521-OpenSSL-TLS_AES_128_GCM_SHA256]" time="0.058" /><testcase classname="test_record_padding" name="test_s2n_client_handles_padded_records[1000-ECDSA_521-TLS1.3-P-521-OpenSSL-TLS_AES_256_GCM_SHA384]" time="0.057" /><testcase classname="test_record_padding" name="test_s2n_client_handles_padded_records[1000-RSA_PSS_2048_SHA256-TLS1.3-P-521-OpenSSL-TLS_AES_128_GCM_SHA256]" time="0.059" /><testcase classname="test_record_padding" name="test_s2n_client_handles_padded_records[1000-ECDSA_521-TLS1.3-P-521-OpenSSL-TLS_CHACHA20_POLY1305_SHA256]" time="0.058" /><testcase classname="test_record_padding" name="test_s2n_client_handles_padded_records[16384-RSA_2048_SHA512-TLS1.3-X25519-OpenSSL-TLS_CHACHA20_POLY1305_SHA256]" time="0.077" /><testcase classname="test_record_padding" name="test_s2n_client_handles_padded_records[16384-RSA_2048_SHA512-TLS1.3-X25519-OpenSSL-TLS_AES_128_GCM_SHA256]" time="0.074" /><testcase classname="test_record_padding" name="test_s2n_client_handles_padded_records[16384-RSA_2048_SHA512-TLS1.3-X25519-OpenSSL-TLS_AES_256_GCM_SHA384]" time="0.077" /><testcase classname="test_record_padding" name="test_s2n_client_handles_padded_records[16384-RSA_2048_SHA512-TLS1.3-P-256-OpenSSL-TLS_CHACHA20_POLY1305_SHA256]" time="0.089" /><testcase classname="test_record_padding" name="test_s2n_client_handles_padded_records[16384-RSA_2048_SHA512-TLS1.3-P-256-OpenSSL-TLS_AES_256_GCM_SHA384]" time="0.078" /><testcase classname="test_record_padding" name="test_s2n_client_handles_padded_records[16384-RSA_2048_SHA512-TLS1.3-P-256-OpenSSL-TLS_AES_128_GCM_SHA256]" time="0.078" /><testcase classname="test_record_padding" name="test_s2n_client_handles_padded_records[16384-RSA_2048_SHA512-TLS1.3-P-384-OpenSSL-TLS_AES_128_GCM_SHA256]" time="0.081" /><testcase classname="test_record_padding" name="test_s2n_client_handles_padded_records[16384-RSA_2048_SHA512-TLS1.3-P-384-OpenSSL-TLS_AES_256_GCM_SHA384]" time="0.080" /><testcase classname="test_record_padding" name="test_s2n_server_handles_padded_records[1000-RSA_PSS_2048_SHA256-TLS1.3-P-521-OpenSSL-TLS_AES_256_GCM_SHA384]" time="0.606" /><testcase classname="test_record_padding" name="test_s2n_client_handles_padded_records[16384-RSA_2048_SHA512-TLS1.3-P-521-OpenSSL-TLS_CHACHA20_POLY1305_SHA256]" time="0.098" /><testcase classname="test_record_padding" name="test_s2n_client_handles_padded_records[16384-RSA_2048_SHA512-TLS1.3-P-521-OpenSSL-TLS_AES_128_GCM_SHA256]" time="0.095" /><testcase classname="test_record_padding" name="test_s2n_server_handles_padded_records[16384-RSA_2048_SHA512-TLS1.3-P-384-OpenSSL-TLS_AES_128_GCM_SHA256]" time="0.574" /><testcase classname="test_record_padding" name="test_s2n_client_handles_padded_records[16384-RSA_2048_SHA512-TLS1.3-P-521-OpenSSL-TLS_AES_256_GCM_SHA384]" time="0.091" /><testcase classname="test_record_padding" name="test_s2n_client_handles_padded_records[16384-RSA_4096_SHA256-TLS1.3-X25519-OpenSSL-TLS_CHACHA20_POLY1305_SHA256]" time="0.086" /><testcase classname="test_record_padding" name="test_s2n_client_handles_padded_records[16384-RSA_4096_SHA256-TLS1.3-X25519-OpenSSL-TLS_AES_128_GCM_SHA256]" time="0.087" /><testcase classname="test_record_padding" name="test_s2n_client_handles_padded_records[1000-ECDSA_384-TLS1.3-P-384-OpenSSL-TLS_AES_256_GCM_SHA384]" time="0.059" /><testcase classname="test_record_padding" name="test_s2n_client_handles_padded_records[16384-RSA_4096_SHA256-TLS1.3-X25519-OpenSSL-TLS_AES_256_GCM_SHA384]" time="0.084" /><testcase classname="test_record_padding" name="test_s2n_client_handles_padded_records[16384-RSA_4096_SHA256-TLS1.3-P-256-OpenSSL-TLS_CHACHA20_POLY1305_SHA256]" time="0.087" /><testcase classname="test_record_padding" name="test_s2n_client_handles_padded_records[16384-RSA_4096_SHA256-TLS1.3-P-256-OpenSSL-TLS_AES_128_GCM_SHA256]" time="0.083" /><testcase classname="test_record_padding" name="test_s2n_client_handles_padded_records[16384-RSA_4096_SHA256-TLS1.3-P-256-OpenSSL-TLS_AES_256_GCM_SHA384]" time="0.083" /><testcase classname="test_record_padding" name="test_s2n_client_handles_padded_records[1000-RSA_PSS_2048_SHA256-TLS1.3-X25519-OpenSSL-TLS_CHACHA20_POLY1305_SHA256]" time="0.057" /><testcase classname="test_record_padding" name="test_s2n_client_handles_padded_records[16384-RSA_4096_SHA256-TLS1.3-P-384-OpenSSL-TLS_CHACHA20_POLY1305_SHA256]" time="0.090" /><testcase classname="test_record_padding" name="test_s2n_client_handles_padded_records[16384-RSA_4096_SHA256-TLS1.3-P-384-OpenSSL-TLS_AES_256_GCM_SHA384]" time="0.084" /><testcase classname="test_record_padding" name="test_s2n_client_handles_padded_records[16384-RSA_4096_SHA256-TLS1.3-P-521-OpenSSL-TLS_CHACHA20_POLY1305_SHA256]" time="0.088" /><testcase classname="test_record_padding" name="test_s2n_client_handles_padded_records[16384-RSA_4096_SHA256-TLS1.3-P-521-OpenSSL-TLS_AES_128_GCM_SHA256]" time="0.094" /><testcase classname="test_record_padding" name="test_s2n_client_handles_padded_records[16384-ECDSA_256-TLS1.3-P-256-OpenSSL-TLS_AES_128_GCM_SHA256]" time="0.082" /><testcase classname="test_record_padding" name="test_s2n_client_handles_padded_records[16384-RSA_4096_SHA256-TLS1.3-P-521-OpenSSL-TLS_AES_256_GCM_SHA384]" time="0.091" /><testcase classname="test_record_padding" name="test_s2n_client_handles_padded_records[16384-ECDSA_256-TLS1.3-P-256-OpenSSL-TLS_CHACHA20_POLY1305_SHA256]" time="0.079" /><testcase classname="test_record_padding" name="test_s2n_client_handles_padded_records[16384-ECDSA_256-TLS1.3-P-256-OpenSSL-TLS_AES_256_GCM_SHA384]" time="0.081" /><testcase classname="test_record_padding" name="test_s2n_client_handles_padded_records[16384-ECDSA_384-TLS1.3-P-384-OpenSSL-TLS_CHACHA20_POLY1305_SHA256]" time="0.090" /><testcase classname="test_record_padding" name="test_s2n_client_handles_padded_records[16384-ECDSA_384-TLS1.3-P-384-OpenSSL-TLS_AES_128_GCM_SHA256]" time="0.085" /><testcase classname="test_record_padding" name="test_s2n_client_handles_padded_records[16384-RSA_PSS_2048_SHA256-TLS1.3-X25519-OpenSSL-TLS_CHACHA20_POLY1305_SHA256]" time="0.077" /><testcase classname="test_record_padding" name="test_s2n_client_handles_padded_records[16384-ECDSA_384-TLS1.3-P-384-OpenSSL-TLS_AES_256_GCM_SHA384]" time="0.087" /><testcase classname="test_record_padding" name="test_s2n_client_handles_padded_records[16384-RSA_PSS_2048_SHA256-TLS1.3-X25519-OpenSSL-TLS_AES_128_GCM_SHA256]" time="0.085" /><testcase classname="test_record_padding" name="test_s2n_client_handles_padded_records[16384-RSA_PSS_2048_SHA256-TLS1.3-X25519-OpenSSL-TLS_AES_256_GCM_SHA384]" time="0.080" /><testcase classname="test_record_padding" name="test_s2n_client_handles_padded_records[16384-RSA_PSS_2048_SHA256-TLS1.3-P-256-OpenSSL-TLS_CHACHA20_POLY1305_SHA256]" time="0.082" /><testcase classname="test_record_padding" name="test_s2n_server_handles_padded_records[1000-RSA_PSS_2048_SHA256-TLS1.3-X25519-OpenSSL-TLS_AES_128_GCM_SHA256]" time="0.622" /><testcase classname="test_record_padding" name="test_s2n_client_handles_padded_records[16384-RSA_PSS_2048_SHA256-TLS1.3-P-256-OpenSSL-TLS_AES_256_GCM_SHA384]" time="0.080" /><testcase classname="test_record_padding" name="test_s2n_client_handles_padded_records[16384-RSA_PSS_2048_SHA256-TLS1.3-P-256-OpenSSL-TLS_AES_128_GCM_SHA256]" time="0.089" /><testcase classname="test_record_padding" name="test_s2n_client_handles_padded_records[16384-RSA_PSS_2048_SHA256-TLS1.3-P-384-OpenSSL-TLS_CHACHA20_POLY1305_SHA256]" time="0.085" /><testcase classname="test_record_padding" name="test_s2n_client_handles_padded_records[16384-RSA_PSS_2048_SHA256-TLS1.3-P-384-OpenSSL-TLS_AES_128_GCM_SHA256]" time="0.083" /><testcase classname="test_record_padding" name="test_s2n_client_handles_padded_records[16384-RSA_PSS_2048_SHA256-TLS1.3-P-384-OpenSSL-TLS_AES_256_GCM_SHA384]" time="0.080" /><testcase classname="test_record_padding" name="test_s2n_client_handles_padded_records[16384-RSA_PSS_2048_SHA256-TLS1.3-P-521-OpenSSL-TLS_CHACHA20_POLY1305_SHA256]" time="0.083" /><testcase classname="test_record_padding" name="test_s2n_client_handles_padded_records[16384-RSA_2048_SHA512-TLS1.3-P-384-OpenSSL-TLS_CHACHA20_POLY1305_SHA256]" time="0.087" /><testcase classname="test_record_padding" name="test_s2n_client_handles_padded_records[16384-RSA_PSS_2048_SHA256-TLS1.3-P-521-OpenSSL-TLS_AES_256_GCM_SHA384]" time="0.086" /><testcase classname="test_record_padding" name="test_s2n_client_handles_padded_records[16384-RSA_PSS_2048_SHA256-TLS1.3-P-521-OpenSSL-TLS_AES_128_GCM_SHA256]" time="0.090" /><testcase classname="test_record_padding" name="test_s2n_client_handles_padded_records[16384-ECDSA_521-TLS1.3-P-521-OpenSSL-TLS_AES_128_GCM_SHA256]" time="0.084" /><testcase classname="test_record_padding" name="test_s2n_client_handles_padded_records[16384-ECDSA_521-TLS1.3-P-521-OpenSSL-TLS_CHACHA20_POLY1305_SHA256]" time="0.088" /><testcase classname="test_record_padding" name="test_s2n_client_handles_padded_records[16384-ECDSA_521-TLS1.3-P-521-OpenSSL-TLS_AES_256_GCM_SHA384]" time="0.080" /><testcase classname="test_record_padding" name="test_s2n_server_handles_padded_records[1000-ECDSA_521-TLS1.3-P-521-OpenSSL-TLS_CHACHA20_POLY1305_SHA256]" time="0.640" /><testcase classname="test_record_padding" name="test_s2n_client_handles_padded_records[16384-RSA_4096_SHA256-TLS1.3-P-384-OpenSSL-TLS_AES_128_GCM_SHA256]" time="0.085" /></testsuite></testsuites>