<?xml version="1.0" encoding="utf-8"?><testsuites><testsuite name="pytest" errors="0" failures="0" skipped="351" tests="1999" time="110.947" timestamp="2025-04-01T19:36:56.440120" hostname="devdesktop22"><testcase classname="test_external_psk" name="test_s2n_server_psk_connection[4ecd0eb6ec3b4d87f5d6028f922ca4c5851a277fd41311c9e62d2c9492e1c4f3-2c035d829359ee5ff7af4ec900000000262a6494dc486d2c8a34cb33fa90bf1b0070ad3c498883c9367c09a2be785abc55cd226097a3a982117283f82a03a143efd3ff5dd36d64e861be7fd61d2827db279cce145077d454a3664d4e6da4d29ee03725a6a4dafcd0fc67d2aea70529513e3da2677fa5906c5b3f7d8f92f228bda40dda721470f9fbf297b5aea617646fac5c03272e970727c621a79141ef5f7de6505e5bfbc388e93343694093934ae4d357-S2N-OpenSSL-TLS1.3-P-256-TLS_AES_256_GCM_SHA384]" time="0.002"><skipped type="pytest.skip" message="Skipped">/home/dougch/gitrepos/s2n-tls/tests/integrationv2/test_external_psk.py:93: Skipped</skipped></testcase><testcase classname="test_external_psk" name="test_nothing" time="0.001" /><testcase classname="test_external_psk" name="test_s2n_server_psk_connection[4ecd0eb6ec3b4d87f5d6028f922ca4c5851a277fd41311c9e62d2c9492e1c4f3-2c035d829359ee5ff7af4ec900000000262a6494dc486d2c8a34cb33fa90bf1b0070ad3c498883c9367c09a2be785abc55cd226097a3a982117283f82a03a143efd3ff5dd36d64e861be7fd61d2827db279cce145077d454a3664d4e6da4d29ee03725a6a4dafcd0fc67d2aea70529513e3da2677fa5906c5b3f7d8f92f228bda40dda721470f9fbf297b5aea617646fac5c03272e970727c621a79141ef5f7de6505e5bfbc388e93343694093934ae4d357-S2N-OpenSSL-TLS1.3-X25519-TLS_AES_256_GCM_SHA384]" time="0.003"><skipped type="pytest.skip" message="Skipped">/home/dougch/gitrepos/s2n-tls/tests/integrationv2/test_external_psk.py:93: Skipped</skipped></testcase><testcase classname="test_external_psk" name="test_s2n_server_psk_connection[4ecd0eb6ec3b4d87f5d6028f922ca4c5851a277fd41311c9e62d2c9492e1c4f3-2c035d829359ee5ff7af4ec900000000262a6494dc486d2c8a34cb33fa90bf1b0070ad3c498883c9367c09a2be785abc55cd226097a3a982117283f82a03a143efd3ff5dd36d64e861be7fd61d2827db279cce145077d454a3664d4e6da4d29ee03725a6a4dafcd0fc67d2aea70529513e3da2677fa5906c5b3f7d8f92f228bda40dda721470f9fbf297b5aea617646fac5c03272e970727c621a79141ef5f7de6505e5bfbc388e93343694093934ae4d357-S2N-OpenSSL-TLS1.3-P-256-TLS_CHACHA20_POLY1305_SHA256]" time="0.560" /><testcase classname="test_external_psk" name="test_s2n_server_psk_connection[4ecd0eb6ec3b4d87f5d6028f922ca4c5851a277fd41311c9e62d2c9492e1c4f3-2c035d829359ee5ff7af4ec900000000262a6494dc486d2c8a34cb33fa90bf1b0070ad3c498883c9367c09a2be785abc55cd226097a3a982117283f82a03a143efd3ff5dd36d64e861be7fd61d2827db279cce145077d454a3664d4e6da4d29ee03725a6a4dafcd0fc67d2aea70529513e3da2677fa5906c5b3f7d8f92f228bda40dda721470f9fbf297b5aea617646fac5c03272e970727c621a79141ef5f7de6505e5bfbc388e93343694093934ae4d357-S2N-OpenSSL-TLS1.3-P-521-TLS_AES_256_GCM_SHA384]" time="0.001"><skipped type="pytest.skip" message="Skipped">/home/dougch/gitrepos/s2n-tls/tests/integrationv2/test_external_psk.py:93: Skipped</skipped></testcase><testcase classname="test_external_psk" name="test_s2n_server_psk_connection[4ecd0eb6ec3b4d87f5d6028f922ca4c5851a277fd41311c9e62d2c9492e1c4f3-2c035d829359ee5ff7af4ec900000000262a6494dc486d2c8a34cb33fa90bf1b0070ad3c498883c9367c09a2be785abc55cd226097a3a982117283f82a03a143efd3ff5dd36d64e861be7fd61d2827db279cce145077d454a3664d4e6da4d29ee03725a6a4dafcd0fc67d2aea70529513e3da2677fa5906c5b3f7d8f92f228bda40dda721470f9fbf297b5aea617646fac5c03272e970727c621a79141ef5f7de6505e5bfbc388e93343694093934ae4d357-S2N-OpenSSL-TLS1.3-P-256-TLS_AES_128_GCM_SHA256]" time="0.578" /><testcase classname="test_external_psk" name="test_s2n_server_psk_connection[4ecd0eb6ec3b4d87f5d6028f922ca4c5851a277fd41311c9e62d2c9492e1c4f3-2c035d829359ee5ff7af4ec900000000262a6494dc486d2c8a34cb33fa90bf1b0070ad3c498883c9367c09a2be785abc55cd226097a3a982117283f82a03a143efd3ff5dd36d64e861be7fd61d2827db279cce145077d454a3664d4e6da4d29ee03725a6a4dafcd0fc67d2aea70529513e3da2677fa5906c5b3f7d8f92f228bda40dda721470f9fbf297b5aea617646fac5c03272e970727c621a79141ef5f7de6505e5bfbc388e93343694093934ae4d357-S2N-S2N-TLS1.3-X25519-TLS_AES_128_GCM_SHA256]" time="0.546" /><testcase classname="test_external_psk" name="test_s2n_server_psk_connection[4ecd0eb6ec3b4d87f5d6028f922ca4c5851a277fd41311c9e62d2c9492e1c4f3-2c035d829359ee5ff7af4ec900000000262a6494dc486d2c8a34cb33fa90bf1b0070ad3c498883c9367c09a2be785abc55cd226097a3a982117283f82a03a143efd3ff5dd36d64e861be7fd61d2827db279cce145077d454a3664d4e6da4d29ee03725a6a4dafcd0fc67d2aea70529513e3da2677fa5906c5b3f7d8f92f228bda40dda721470f9fbf297b5aea617646fac5c03272e970727c621a79141ef5f7de6505e5bfbc388e93343694093934ae4d357-S2N-OpenSSL-TLS1.3-P-384-TLS_AES_128_GCM_SHA256]" time="0.574" /><testcase classname="test_external_psk" name="test_s2n_server_psk_connection[4ecd0eb6ec3b4d87f5d6028f922ca4c5851a277fd41311c9e62d2c9492e1c4f3-2c035d829359ee5ff7af4ec900000000262a6494dc486d2c8a34cb33fa90bf1b0070ad3c498883c9367c09a2be785abc55cd226097a3a982117283f82a03a143efd3ff5dd36d64e861be7fd61d2827db279cce145077d454a3664d4e6da4d29ee03725a6a4dafcd0fc67d2aea70529513e3da2677fa5906c5b3f7d8f92f228bda40dda721470f9fbf297b5aea617646fac5c03272e970727c621a79141ef5f7de6505e5bfbc388e93343694093934ae4d357-S2N-OpenSSL-TLS1.3-X25519-TLS_AES_128_GCM_SHA256]" time="0.612" /><testcase classname="test_external_psk" name="test_s2n_server_psk_connection[4ecd0eb6ec3b4d87f5d6028f922ca4c5851a277fd41311c9e62d2c9492e1c4f3-2c035d829359ee5ff7af4ec900000000262a6494dc486d2c8a34cb33fa90bf1b0070ad3c498883c9367c09a2be785abc55cd226097a3a982117283f82a03a143efd3ff5dd36d64e861be7fd61d2827db279cce145077d454a3664d4e6da4d29ee03725a6a4dafcd0fc67d2aea70529513e3da2677fa5906c5b3f7d8f92f228bda40dda721470f9fbf297b5aea617646fac5c03272e970727c621a79141ef5f7de6505e5bfbc388e93343694093934ae4d357-S2N-OpenSSL-TLS1.3-P-521-TLS_AES_128_GCM_SHA256]" time="0.580" /><testcase classname="test_external_psk" name="test_s2n_server_psk_connection[4ecd0eb6ec3b4d87f5d6028f922ca4c5851a277fd41311c9e62d2c9492e1c4f3-2c035d829359ee5ff7af4ec900000000262a6494dc486d2c8a34cb33fa90bf1b0070ad3c498883c9367c09a2be785abc55cd226097a3a982117283f82a03a143efd3ff5dd36d64e861be7fd61d2827db279cce145077d454a3664d4e6da4d29ee03725a6a4dafcd0fc67d2aea70529513e3da2677fa5906c5b3f7d8f92f228bda40dda721470f9fbf297b5aea617646fac5c03272e970727c621a79141ef5f7de6505e5bfbc388e93343694093934ae4d357-S2N-OpenSSL-TLS1.3-X25519-TLS_CHACHA20_POLY1305_SHA256]" time="0.636" /><testcase classname="test_external_psk" name="test_s2n_server_psk_connection[4ecd0eb6ec3b4d87f5d6028f922ca4c5851a277fd41311c9e62d2c9492e1c4f3-2c035d829359ee5ff7af4ec900000000262a6494dc486d2c8a34cb33fa90bf1b0070ad3c498883c9367c09a2be785abc55cd226097a3a982117283f82a03a143efd3ff5dd36d64e861be7fd61d2827db279cce145077d454a3664d4e6da4d29ee03725a6a4dafcd0fc67d2aea70529513e3da2677fa5906c5b3f7d8f92f228bda40dda721470f9fbf297b5aea617646fac5c03272e970727c621a79141ef5f7de6505e5bfbc388e93343694093934ae4d357-S2N-OpenSSL-TLS1.3-P-384-TLS_AES_256_GCM_SHA384]" time="0.001"><skipped type="pytest.skip" message="Skipped">/home/dougch/gitrepos/s2n-tls/tests/integrationv2/test_external_psk.py:93: Skipped</skipped></testcase><testcase classname="test_external_psk" name="test_s2n_server_psk_connection[4ecd0eb6ec3b4d87f5d6028f922ca4c5851a277fd41311c9e62d2c9492e1c4f3-2c035d829359ee5ff7af4ec900000000262a6494dc486d2c8a34cb33fa90bf1b0070ad3c498883c9367c09a2be785abc55cd226097a3a982117283f82a03a143efd3ff5dd36d64e861be7fd61d2827db279cce145077d454a3664d4e6da4d29ee03725a6a4dafcd0fc67d2aea70529513e3da2677fa5906c5b3f7d8f92f228bda40dda721470f9fbf297b5aea617646fac5c03272e970727c621a79141ef5f7de6505e5bfbc388e93343694093934ae4d357-S2N-OpenSSL-TLS1.3-P-384-TLS_CHACHA20_POLY1305_SHA256]" time="0.663" /><testcase classname="test_external_psk" name="test_s2n_server_psk_connection[4ecd0eb6ec3b4d87f5d6028f922ca4c5851a277fd41311c9e62d2c9492e1c4f3-2c035d829359ee5ff7af4ec900000000262a6494dc486d2c8a34cb33fa90bf1b0070ad3c498883c9367c09a2be785abc55cd226097a3a982117283f82a03a143efd3ff5dd36d64e861be7fd61d2827db279cce145077d454a3664d4e6da4d29ee03725a6a4dafcd0fc67d2aea70529513e3da2677fa5906c5b3f7d8f92f228bda40dda721470f9fbf297b5aea617646fac5c03272e970727c621a79141ef5f7de6505e5bfbc388e93343694093934ae4d357-S2N-S2N-TLS1.3-X25519-TLS_CHACHA20_POLY1305_SHA256]" time="0.550" /><testcase classname="test_external_psk" name="test_s2n_server_psk_connection[4ecd0eb6ec3b4d87f5d6028f922ca4c5851a277fd41311c9e62d2c9492e1c4f3-2c035d829359ee5ff7af4ec900000000262a6494dc486d2c8a34cb33fa90bf1b0070ad3c498883c9367c09a2be785abc55cd226097a3a982117283f82a03a143efd3ff5dd36d64e861be7fd61d2827db279cce145077d454a3664d4e6da4d29ee03725a6a4dafcd0fc67d2aea70529513e3da2677fa5906c5b3f7d8f92f228bda40dda721470f9fbf297b5aea617646fac5c03272e970727c621a79141ef5f7de6505e5bfbc388e93343694093934ae4d357-S2N-S2N-TLS1.3-P-256-TLS_CHACHA20_POLY1305_SHA256]" time="0.544" /><testcase classname="test_external_psk" name="test_s2n_server_psk_connection[4ecd0eb6ec3b4d87f5d6028f922ca4c5851a277fd41311c9e62d2c9492e1c4f3-2c035d829359ee5ff7af4ec900000000262a6494dc486d2c8a34cb33fa90bf1b0070ad3c498883c9367c09a2be785abc55cd226097a3a982117283f82a03a143efd3ff5dd36d64e861be7fd61d2827db279cce145077d454a3664d4e6da4d29ee03725a6a4dafcd0fc67d2aea70529513e3da2677fa5906c5b3f7d8f92f228bda40dda721470f9fbf297b5aea617646fac5c03272e970727c621a79141ef5f7de6505e5bfbc388e93343694093934ae4d357-S2N-S2N-TLS1.3-P-521-TLS_CHACHA20_POLY1305_SHA256]" time="0.576" /><testcase classname="test_external_psk" name="test_s2n_server_psk_connection[4ecd0eb6ec3b4d87f5d6028f922ca4c5851a277fd41311c9e62d2c9492e1c4f3-psk_identity-S2N-OpenSSL-TLS1.3-P-256-TLS_AES_256_GCM_SHA384]" time="0.001"><skipped type="pytest.skip" message="Skipped">/home/dougch/gitrepos/s2n-tls/tests/integrationv2/test_external_psk.py:93: Skipped</skipped></testcase><testcase classname="test_external_psk" name="test_s2n_server_psk_connection[4ecd0eb6ec3b4d87f5d6028f922ca4c5851a277fd41311c9e62d2c9492e1c4f3-2c035d829359ee5ff7af4ec900000000262a6494dc486d2c8a34cb33fa90bf1b0070ad3c498883c9367c09a2be785abc55cd226097a3a982117283f82a03a143efd3ff5dd36d64e861be7fd61d2827db279cce145077d454a3664d4e6da4d29ee03725a6a4dafcd0fc67d2aea70529513e3da2677fa5906c5b3f7d8f92f228bda40dda721470f9fbf297b5aea617646fac5c03272e970727c621a79141ef5f7de6505e5bfbc388e93343694093934ae4d357-S2N-S2N-TLS1.3-P-384-TLS_AES_128_GCM_SHA256]" time="0.572" /><testcase classname="test_external_psk" name="test_s2n_server_psk_connection[4ecd0eb6ec3b4d87f5d6028f922ca4c5851a277fd41311c9e62d2c9492e1c4f3-2c035d829359ee5ff7af4ec900000000262a6494dc486d2c8a34cb33fa90bf1b0070ad3c498883c9367c09a2be785abc55cd226097a3a982117283f82a03a143efd3ff5dd36d64e861be7fd61d2827db279cce145077d454a3664d4e6da4d29ee03725a6a4dafcd0fc67d2aea70529513e3da2677fa5906c5b3f7d8f92f228bda40dda721470f9fbf297b5aea617646fac5c03272e970727c621a79141ef5f7de6505e5bfbc388e93343694093934ae4d357-S2N-OpenSSL-TLS1.3-P-521-TLS_CHACHA20_POLY1305_SHA256]" time="0.587" /><testcase classname="test_external_psk" name="test_s2n_server_psk_connection[4ecd0eb6ec3b4d87f5d6028f922ca4c5851a277fd41311c9e62d2c9492e1c4f3-2c035d829359ee5ff7af4ec900000000262a6494dc486d2c8a34cb33fa90bf1b0070ad3c498883c9367c09a2be785abc55cd226097a3a982117283f82a03a143efd3ff5dd36d64e861be7fd61d2827db279cce145077d454a3664d4e6da4d29ee03725a6a4dafcd0fc67d2aea70529513e3da2677fa5906c5b3f7d8f92f228bda40dda721470f9fbf297b5aea617646fac5c03272e970727c621a79141ef5f7de6505e5bfbc388e93343694093934ae4d357-S2N-S2N-TLS1.3-P-384-TLS_CHACHA20_POLY1305_SHA256]" time="0.593" /><testcase classname="test_external_psk" name="test_s2n_server_psk_connection[4ecd0eb6ec3b4d87f5d6028f922ca4c5851a277fd41311c9e62d2c9492e1c4f3-psk_identity-S2N-OpenSSL-TLS1.3-X25519-TLS_AES_256_GCM_SHA384]" time="0.001"><skipped type="pytest.skip" message="Skipped">/home/dougch/gitrepos/s2n-tls/tests/integrationv2/test_external_psk.py:93: Skipped</skipped></testcase><testcase classname="test_external_psk" name="test_s2n_server_psk_connection[4ecd0eb6ec3b4d87f5d6028f922ca4c5851a277fd41311c9e62d2c9492e1c4f3-2c035d829359ee5ff7af4ec900000000262a6494dc486d2c8a34cb33fa90bf1b0070ad3c498883c9367c09a2be785abc55cd226097a3a982117283f82a03a143efd3ff5dd36d64e861be7fd61d2827db279cce145077d454a3664d4e6da4d29ee03725a6a4dafcd0fc67d2aea70529513e3da2677fa5906c5b3f7d8f92f228bda40dda721470f9fbf297b5aea617646fac5c03272e970727c621a79141ef5f7de6505e5bfbc388e93343694093934ae4d357-S2N-S2N-TLS1.3-X25519-TLS_AES_256_GCM_SHA384]" time="0.589" /><testcase classname="test_external_psk" name="test_s2n_server_psk_connection[4ecd0eb6ec3b4d87f5d6028f922ca4c5851a277fd41311c9e62d2c9492e1c4f3-2c035d829359ee5ff7af4ec900000000262a6494dc486d2c8a34cb33fa90bf1b0070ad3c498883c9367c09a2be785abc55cd226097a3a982117283f82a03a143efd3ff5dd36d64e861be7fd61d2827db279cce145077d454a3664d4e6da4d29ee03725a6a4dafcd0fc67d2aea70529513e3da2677fa5906c5b3f7d8f92f228bda40dda721470f9fbf297b5aea617646fac5c03272e970727c621a79141ef5f7de6505e5bfbc388e93343694093934ae4d357-S2N-S2N-TLS1.3-P-256-TLS_AES_128_GCM_SHA256]" time="0.587" /><testcase classname="test_external_psk" name="test_s2n_server_psk_connection[4ecd0eb6ec3b4d87f5d6028f922ca4c5851a277fd41311c9e62d2c9492e1c4f3-2c035d829359ee5ff7af4ec900000000262a6494dc486d2c8a34cb33fa90bf1b0070ad3c498883c9367c09a2be785abc55cd226097a3a982117283f82a03a143efd3ff5dd36d64e861be7fd61d2827db279cce145077d454a3664d4e6da4d29ee03725a6a4dafcd0fc67d2aea70529513e3da2677fa5906c5b3f7d8f92f228bda40dda721470f9fbf297b5aea617646fac5c03272e970727c621a79141ef5f7de6505e5bfbc388e93343694093934ae4d357-S2N-S2N-TLS1.3-P-384-TLS_AES_256_GCM_SHA384]" time="0.571" /><testcase classname="test_external_psk" name="test_s2n_server_psk_connection[4ecd0eb6ec3b4d87f5d6028f922ca4c5851a277fd41311c9e62d2c9492e1c4f3-psk_identity-S2N-OpenSSL-TLS1.3-P-256-TLS_CHACHA20_POLY1305_SHA256]" time="0.532" /><testcase classname="test_external_psk" name="test_s2n_server_psk_connection[4ecd0eb6ec3b4d87f5d6028f922ca4c5851a277fd41311c9e62d2c9492e1c4f3-psk_identity-S2N-OpenSSL-TLS1.3-P-521-TLS_AES_256_GCM_SHA384]" time="0.001"><skipped type="pytest.skip" message="Skipped">/home/dougch/gitrepos/s2n-tls/tests/integrationv2/test_external_psk.py:93: Skipped</skipped></testcase><testcase classname="test_external_psk" name="test_s2n_server_psk_connection[4ecd0eb6ec3b4d87f5d6028f922ca4c5851a277fd41311c9e62d2c9492e1c4f3-2c035d829359ee5ff7af4ec900000000262a6494dc486d2c8a34cb33fa90bf1b0070ad3c498883c9367c09a2be785abc55cd226097a3a982117283f82a03a143efd3ff5dd36d64e861be7fd61d2827db279cce145077d454a3664d4e6da4d29ee03725a6a4dafcd0fc67d2aea70529513e3da2677fa5906c5b3f7d8f92f228bda40dda721470f9fbf297b5aea617646fac5c03272e970727c621a79141ef5f7de6505e5bfbc388e93343694093934ae4d357-S2N-S2N-TLS1.3-P-521-TLS_AES_256_GCM_SHA384]" time="0.574" /><testcase classname="test_external_psk" name="test_s2n_server_psk_connection[4ecd0eb6ec3b4d87f5d6028f922ca4c5851a277fd41311c9e62d2c9492e1c4f3-2c035d829359ee5ff7af4ec900000000262a6494dc486d2c8a34cb33fa90bf1b0070ad3c498883c9367c09a2be785abc55cd226097a3a982117283f82a03a143efd3ff5dd36d64e861be7fd61d2827db279cce145077d454a3664d4e6da4d29ee03725a6a4dafcd0fc67d2aea70529513e3da2677fa5906c5b3f7d8f92f228bda40dda721470f9fbf297b5aea617646fac5c03272e970727c621a79141ef5f7de6505e5bfbc388e93343694093934ae4d357-S2N-S2N-TLS1.3-P-256-TLS_AES_256_GCM_SHA384]" time="0.594" /><testcase classname="test_external_psk" name="test_s2n_server_psk_connection[4ecd0eb6ec3b4d87f5d6028f922ca4c5851a277fd41311c9e62d2c9492e1c4f3-psk_identity-S2N-S2N-TLS1.3-X25519-TLS_AES_128_GCM_SHA256]" time="0.609" /><testcase classname="test_external_psk" name="test_s2n_server_psk_connection[4ecd0eb6ec3b4d87f5d6028f922ca4c5851a277fd41311c9e62d2c9492e1c4f3-2c035d829359ee5ff7af4ec900000000262a6494dc486d2c8a34cb33fa90bf1b0070ad3c498883c9367c09a2be785abc55cd226097a3a982117283f82a03a143efd3ff5dd36d64e861be7fd61d2827db279cce145077d454a3664d4e6da4d29ee03725a6a4dafcd0fc67d2aea70529513e3da2677fa5906c5b3f7d8f92f228bda40dda721470f9fbf297b5aea617646fac5c03272e970727c621a79141ef5f7de6505e5bfbc388e93343694093934ae4d357-S2N-S2N-TLS1.3-P-521-TLS_AES_128_GCM_SHA256]" time="0.589" /><testcase classname="test_external_psk" name="test_s2n_server_psk_connection[4ecd0eb6ec3b4d87f5d6028f922ca4c5851a277fd41311c9e62d2c9492e1c4f3-psk_identity-S2N-OpenSSL-TLS1.3-P-521-TLS_AES_128_GCM_SHA256]" time="0.585" /><testcase classname="test_external_psk" name="test_s2n_server_psk_connection[4ecd0eb6ec3b4d87f5d6028f922ca4c5851a277fd41311c9e62d2c9492e1c4f3-psk_identity-S2N-OpenSSL-TLS1.3-X25519-TLS_CHACHA20_POLY1305_SHA256]" time="0.581" /><testcase classname="test_external_psk" name="test_s2n_server_psk_connection[4ecd0eb6ec3b4d87f5d6028f922ca4c5851a277fd41311c9e62d2c9492e1c4f3-psk_identity-S2N-OpenSSL-TLS1.3-P-384-TLS_AES_256_GCM_SHA384]" time="0.001"><skipped type="pytest.skip" message="Skipped">/home/dougch/gitrepos/s2n-tls/tests/integrationv2/test_external_psk.py:93: Skipped</skipped></testcase><testcase classname="test_external_psk" name="test_s2n_server_psk_connection[4ecd0eb6ec3b4d87f5d6028f922ca4c5851a277fd41311c9e62d2c9492e1c4f3-psk_identity-S2N-OpenSSL-TLS1.3-P-256-TLS_AES_128_GCM_SHA256]" time="0.583" /><testcase classname="test_external_psk" name="test_s2n_server_psk_connection[4ecd0eb6ec3b4d87f5d6028f922ca4c5851a277fd41311c9e62d2c9492e1c4f3-psk_identity-S2N-OpenSSL-TLS1.3-P-384-TLS_AES_128_GCM_SHA256]" time="0.579" /><testcase classname="test_external_psk" name="test_s2n_server_psk_connection[4ecd0eb6ec3b4d87f5d6028f922ca4c5851a277fd41311c9e62d2c9492e1c4f3-psk_identity-S2N-S2N-TLS1.3-P-384-TLS_AES_128_GCM_SHA256]" time="0.595" /><testcase classname="test_external_psk" name="test_s2n_server_psk_connection[4ecd0eb6ec3b4d87f5d6028f922ca4c5851a277fd41311c9e62d2c9492e1c4f3-psk_identity-S2N-OpenSSL-TLS1.3-P-384-TLS_CHACHA20_POLY1305_SHA256]" time="0.556" /><testcase classname="test_external_psk" name="test_s2n_server_psk_connection[4ecd0eb6ec3b4d87f5d6028f922ca4c5851a277fd41311c9e62d2c9492e1c4f3-psk_identity-S2N-OpenSSL-TLS1.3-X25519-TLS_AES_128_GCM_SHA256]" time="0.614" /><testcase classname="test_external_psk" name="test_s2n_server_psk_connection[4ecd0eb6ec3b4d87f5d6028f922ca4c5851a277fd41311c9e62d2c9492e1c4f3-psk_identity-S2N-S2N-TLS1.3-P-384-TLS_CHACHA20_POLY1305_SHA256]" time="0.583" /><testcase classname="test_external_psk" name="test_s2n_server_psk_connection[4ecd0eb6ec3b4d87f5d6028f922ca4c5851a277fd41311c9e62d2c9492e1c4f3-psk_identity-S2N-S2N-TLS1.3-P-521-TLS_CHACHA20_POLY1305_SHA256]" time="0.617" /><testcase classname="test_external_psk" name="test_s2n_server_psk_connection[4ecd0eb6ec3b4d87f5d6028f922ca4c5851a277fd41311c9e62d2c9492e1c4f3-test_psk_identity-S2N-OpenSSL-TLS1.3-X25519-TLS_AES_256_GCM_SHA384]" time="0.001"><skipped type="pytest.skip" message="Skipped">/home/dougch/gitrepos/s2n-tls/tests/integrationv2/test_external_psk.py:93: Skipped</skipped></testcase><testcase classname="test_external_psk" name="test_s2n_server_psk_connection[4ecd0eb6ec3b4d87f5d6028f922ca4c5851a277fd41311c9e62d2c9492e1c4f3-test_psk_identity-S2N-OpenSSL-TLS1.3-P-256-TLS_AES_256_GCM_SHA384]" time="0.001"><skipped type="pytest.skip" message="Skipped">/home/dougch/gitrepos/s2n-tls/tests/integrationv2/test_external_psk.py:93: Skipped</skipped></testcase><testcase classname="test_external_psk" name="test_s2n_server_psk_connection[4ecd0eb6ec3b4d87f5d6028f922ca4c5851a277fd41311c9e62d2c9492e1c4f3-psk_identity-S2N-S2N-TLS1.3-P-256-TLS_AES_128_GCM_SHA256]" time="0.570" /><testcase classname="test_external_psk" name="test_s2n_server_psk_connection[4ecd0eb6ec3b4d87f5d6028f922ca4c5851a277fd41311c9e62d2c9492e1c4f3-psk_identity-S2N-S2N-TLS1.3-X25519-TLS_CHACHA20_POLY1305_SHA256]" time="0.568" /><testcase classname="test_external_psk" name="test_s2n_server_psk_connection[4ecd0eb6ec3b4d87f5d6028f922ca4c5851a277fd41311c9e62d2c9492e1c4f3-psk_identity-S2N-S2N-TLS1.3-P-256-TLS_CHACHA20_POLY1305_SHA256]" time="0.578" /><testcase classname="test_external_psk" name="test_s2n_server_psk_connection[4ecd0eb6ec3b4d87f5d6028f922ca4c5851a277fd41311c9e62d2c9492e1c4f3-test_psk_identity-S2N-OpenSSL-TLS1.3-P-256-TLS_CHACHA20_POLY1305_SHA256]" time="0.579" /><testcase classname="test_external_psk" name="test_s2n_server_psk_connection[4ecd0eb6ec3b4d87f5d6028f922ca4c5851a277fd41311c9e62d2c9492e1c4f3-test_psk_identity-S2N-OpenSSL-TLS1.3-P-521-TLS_AES_256_GCM_SHA384]" time="0.001"><skipped type="pytest.skip" message="Skipped">/home/dougch/gitrepos/s2n-tls/tests/integrationv2/test_external_psk.py:93: Skipped</skipped></testcase><testcase classname="test_external_psk" name="test_s2n_server_psk_connection[4ecd0eb6ec3b4d87f5d6028f922ca4c5851a277fd41311c9e62d2c9492e1c4f3-psk_identity-S2N-S2N-TLS1.3-X25519-TLS_AES_256_GCM_SHA384]" time="0.535" /><testcase classname="test_external_psk" name="test_s2n_server_psk_connection[4ecd0eb6ec3b4d87f5d6028f922ca4c5851a277fd41311c9e62d2c9492e1c4f3-psk_identity-S2N-OpenSSL-TLS1.3-P-521-TLS_CHACHA20_POLY1305_SHA256]" time="0.604" /><testcase classname="test_external_psk" name="test_s2n_server_psk_connection[4ecd0eb6ec3b4d87f5d6028f922ca4c5851a277fd41311c9e62d2c9492e1c4f3-test_psk_identity-S2N-OpenSSL-TLS1.3-X25519-TLS_CHACHA20_POLY1305_SHA256]" time="0.565" /><testcase classname="test_external_psk" name="test_s2n_server_psk_connection[4ecd0eb6ec3b4d87f5d6028f922ca4c5851a277fd41311c9e62d2c9492e1c4f3-test_psk_identity-S2N-OpenSSL-TLS1.3-P-384-TLS_AES_256_GCM_SHA384]" time="0.001"><skipped type="pytest.skip" message="Skipped">/home/dougch/gitrepos/s2n-tls/tests/integrationv2/test_external_psk.py:93: Skipped</skipped></testcase><testcase classname="test_external_psk" name="test_s2n_server_psk_connection[4ecd0eb6ec3b4d87f5d6028f922ca4c5851a277fd41311c9e62d2c9492e1c4f3-test_psk_identity-S2N-S2N-TLS1.3-X25519-TLS_AES_128_GCM_SHA256]" time="0.573" /><testcase classname="test_external_psk" name="test_s2n_server_psk_connection[4ecd0eb6ec3b4d87f5d6028f922ca4c5851a277fd41311c9e62d2c9492e1c4f3-test_psk_identity-S2N-OpenSSL-TLS1.3-P-521-TLS_AES_128_GCM_SHA256]" time="0.618" /><testcase classname="test_external_psk" name="test_s2n_server_psk_connection[4ecd0eb6ec3b4d87f5d6028f922ca4c5851a277fd41311c9e62d2c9492e1c4f3-psk_identity-S2N-S2N-TLS1.3-P-384-TLS_AES_256_GCM_SHA384]" time="0.560" /><testcase classname="test_external_psk" name="test_s2n_server_psk_connection[4ecd0eb6ec3b4d87f5d6028f922ca4c5851a277fd41311c9e62d2c9492e1c4f3-psk_identity-S2N-S2N-TLS1.3-P-521-TLS_AES_256_GCM_SHA384]" time="0.577" /><testcase classname="test_external_psk" name="test_s2n_server_psk_connection[4ecd0eb6ec3b4d87f5d6028f922ca4c5851a277fd41311c9e62d2c9492e1c4f3-psk_identity-S2N-S2N-TLS1.3-P-521-TLS_AES_128_GCM_SHA256]" time="0.583" /><testcase classname="test_external_psk" name="test_s2n_server_psk_connection[4ecd0eb6ec3b4d87f5d6028f922ca4c5851a277fd41311c9e62d2c9492e1c4f3-test_psk_identity-S2N-S2N-TLS1.3-P-384-TLS_AES_128_GCM_SHA256]" time="0.582" /><testcase classname="test_external_psk" name="test_s2n_server_psk_connection[4ecd0eb6ec3b4d87f5d6028f922ca4c5851a277fd41311c9e62d2c9492e1c4f3-psk_identity-S2N-S2N-TLS1.3-P-256-TLS_AES_256_GCM_SHA384]" time="0.580" /><testcase classname="test_external_psk" name="test_s2n_server_psk_connection[4ecd0eb6ec3b4d87f5d6028f922ca4c5851a277fd41311c9e62d2c9492e1c4f3-test_psk_identity-S2N-S2N-TLS1.3-P-521-TLS_CHACHA20_POLY1305_SHA256]" time="0.562" /><testcase classname="test_external_psk" name="test_s2n_server_psk_connection[a6dadae4567876-2c035d829359ee5ff7af4ec900000000262a6494dc486d2c8a34cb33fa90bf1b0070ad3c498883c9367c09a2be785abc55cd226097a3a982117283f82a03a143efd3ff5dd36d64e861be7fd61d2827db279cce145077d454a3664d4e6da4d29ee03725a6a4dafcd0fc67d2aea70529513e3da2677fa5906c5b3f7d8f92f228bda40dda721470f9fbf297b5aea617646fac5c03272e970727c621a79141ef5f7de6505e5bfbc388e93343694093934ae4d357-S2N-OpenSSL-TLS1.3-P-256-TLS_AES_256_GCM_SHA384]" time="0.001"><skipped type="pytest.skip" message="Skipped">/home/dougch/gitrepos/s2n-tls/tests/integrationv2/test_external_psk.py:93: Skipped</skipped></testcase><testcase classname="test_external_psk" name="test_s2n_server_psk_connection[4ecd0eb6ec3b4d87f5d6028f922ca4c5851a277fd41311c9e62d2c9492e1c4f3-test_psk_identity-S2N-S2N-TLS1.3-P-256-TLS_AES_128_GCM_SHA256]" time="0.597" /><testcase classname="test_external_psk" name="test_s2n_server_psk_connection[4ecd0eb6ec3b4d87f5d6028f922ca4c5851a277fd41311c9e62d2c9492e1c4f3-test_psk_identity-S2N-S2N-TLS1.3-P-384-TLS_CHACHA20_POLY1305_SHA256]" time="0.593" /><testcase classname="test_external_psk" name="test_s2n_server_psk_connection[a6dadae4567876-2c035d829359ee5ff7af4ec900000000262a6494dc486d2c8a34cb33fa90bf1b0070ad3c498883c9367c09a2be785abc55cd226097a3a982117283f82a03a143efd3ff5dd36d64e861be7fd61d2827db279cce145077d454a3664d4e6da4d29ee03725a6a4dafcd0fc67d2aea70529513e3da2677fa5906c5b3f7d8f92f228bda40dda721470f9fbf297b5aea617646fac5c03272e970727c621a79141ef5f7de6505e5bfbc388e93343694093934ae4d357-S2N-OpenSSL-TLS1.3-X25519-TLS_AES_256_GCM_SHA384]" time="0.001"><skipped type="pytest.skip" message="Skipped">/home/dougch/gitrepos/s2n-tls/tests/integrationv2/test_external_psk.py:93: Skipped</skipped></testcase><testcase classname="test_external_psk" name="test_s2n_server_psk_connection[4ecd0eb6ec3b4d87f5d6028f922ca4c5851a277fd41311c9e62d2c9492e1c4f3-test_psk_identity-S2N-OpenSSL-TLS1.3-P-384-TLS_AES_128_GCM_SHA256]" time="0.557" /><testcase classname="test_external_psk" name="test_s2n_server_psk_connection[4ecd0eb6ec3b4d87f5d6028f922ca4c5851a277fd41311c9e62d2c9492e1c4f3-test_psk_identity-S2N-OpenSSL-TLS1.3-P-256-TLS_AES_128_GCM_SHA256]" time="0.611" /><testcase classname="test_external_psk" name="test_s2n_server_psk_connection[4ecd0eb6ec3b4d87f5d6028f922ca4c5851a277fd41311c9e62d2c9492e1c4f3-test_psk_identity-S2N-OpenSSL-TLS1.3-P-384-TLS_CHACHA20_POLY1305_SHA256]" time="0.565" /><testcase classname="test_external_psk" name="test_s2n_server_psk_connection[a6dadae4567876-2c035d829359ee5ff7af4ec900000000262a6494dc486d2c8a34cb33fa90bf1b0070ad3c498883c9367c09a2be785abc55cd226097a3a982117283f82a03a143efd3ff5dd36d64e861be7fd61d2827db279cce145077d454a3664d4e6da4d29ee03725a6a4dafcd0fc67d2aea70529513e3da2677fa5906c5b3f7d8f92f228bda40dda721470f9fbf297b5aea617646fac5c03272e970727c621a79141ef5f7de6505e5bfbc388e93343694093934ae4d357-S2N-OpenSSL-TLS1.3-P-256-TLS_CHACHA20_POLY1305_SHA256]" time="0.546" /><testcase classname="test_external_psk" name="test_s2n_server_psk_connection[a6dadae4567876-2c035d829359ee5ff7af4ec900000000262a6494dc486d2c8a34cb33fa90bf1b0070ad3c498883c9367c09a2be785abc55cd226097a3a982117283f82a03a143efd3ff5dd36d64e861be7fd61d2827db279cce145077d454a3664d4e6da4d29ee03725a6a4dafcd0fc67d2aea70529513e3da2677fa5906c5b3f7d8f92f228bda40dda721470f9fbf297b5aea617646fac5c03272e970727c621a79141ef5f7de6505e5bfbc388e93343694093934ae4d357-S2N-OpenSSL-TLS1.3-P-521-TLS_AES_256_GCM_SHA384]" time="0.001"><skipped type="pytest.skip" message="Skipped">/home/dougch/gitrepos/s2n-tls/tests/integrationv2/test_external_psk.py:93: Skipped</skipped></testcase><testcase classname="test_external_psk" name="test_s2n_server_psk_connection[4ecd0eb6ec3b4d87f5d6028f922ca4c5851a277fd41311c9e62d2c9492e1c4f3-test_psk_identity-S2N-OpenSSL-TLS1.3-X25519-TLS_AES_128_GCM_SHA256]" time="0.580" /><testcase classname="test_external_psk" name="test_s2n_server_psk_connection[a6dadae4567876-2c035d829359ee5ff7af4ec900000000262a6494dc486d2c8a34cb33fa90bf1b0070ad3c498883c9367c09a2be785abc55cd226097a3a982117283f82a03a143efd3ff5dd36d64e861be7fd61d2827db279cce145077d454a3664d4e6da4d29ee03725a6a4dafcd0fc67d2aea70529513e3da2677fa5906c5b3f7d8f92f228bda40dda721470f9fbf297b5aea617646fac5c03272e970727c621a79141ef5f7de6505e5bfbc388e93343694093934ae4d357-S2N-S2N-TLS1.3-X25519-TLS_AES_128_GCM_SHA256]" time="0.599" /><testcase classname="test_external_psk" name="test_s2n_server_psk_connection[a6dadae4567876-2c035d829359ee5ff7af4ec900000000262a6494dc486d2c8a34cb33fa90bf1b0070ad3c498883c9367c09a2be785abc55cd226097a3a982117283f82a03a143efd3ff5dd36d64e861be7fd61d2827db279cce145077d454a3664d4e6da4d29ee03725a6a4dafcd0fc67d2aea70529513e3da2677fa5906c5b3f7d8f92f228bda40dda721470f9fbf297b5aea617646fac5c03272e970727c621a79141ef5f7de6505e5bfbc388e93343694093934ae4d357-S2N-OpenSSL-TLS1.3-P-521-TLS_AES_128_GCM_SHA256]" time="0.564" /><testcase classname="test_external_psk" name="test_s2n_server_psk_connection[a6dadae4567876-2c035d829359ee5ff7af4ec900000000262a6494dc486d2c8a34cb33fa90bf1b0070ad3c498883c9367c09a2be785abc55cd226097a3a982117283f82a03a143efd3ff5dd36d64e861be7fd61d2827db279cce145077d454a3664d4e6da4d29ee03725a6a4dafcd0fc67d2aea70529513e3da2677fa5906c5b3f7d8f92f228bda40dda721470f9fbf297b5aea617646fac5c03272e970727c621a79141ef5f7de6505e5bfbc388e93343694093934ae4d357-S2N-OpenSSL-TLS1.3-X25519-TLS_CHACHA20_POLY1305_SHA256]" time="0.631" /><testcase classname="test_external_psk" name="test_s2n_server_psk_connection[a6dadae4567876-2c035d829359ee5ff7af4ec900000000262a6494dc486d2c8a34cb33fa90bf1b0070ad3c498883c9367c09a2be785abc55cd226097a3a982117283f82a03a143efd3ff5dd36d64e861be7fd61d2827db279cce145077d454a3664d4e6da4d29ee03725a6a4dafcd0fc67d2aea70529513e3da2677fa5906c5b3f7d8f92f228bda40dda721470f9fbf297b5aea617646fac5c03272e970727c621a79141ef5f7de6505e5bfbc388e93343694093934ae4d357-S2N-OpenSSL-TLS1.3-P-384-TLS_AES_256_GCM_SHA384]" time="0.001"><skipped type="pytest.skip" message="Skipped">/home/dougch/gitrepos/s2n-tls/tests/integrationv2/test_external_psk.py:93: Skipped</skipped></testcase><testcase classname="test_external_psk" name="test_s2n_server_psk_connection[4ecd0eb6ec3b4d87f5d6028f922ca4c5851a277fd41311c9e62d2c9492e1c4f3-test_psk_identity-S2N-S2N-TLS1.3-X25519-TLS_CHACHA20_POLY1305_SHA256]" time="0.558" /><testcase classname="test_external_psk" name="test_s2n_server_psk_connection[4ecd0eb6ec3b4d87f5d6028f922ca4c5851a277fd41311c9e62d2c9492e1c4f3-test_psk_identity-S2N-S2N-TLS1.3-P-256-TLS_CHACHA20_POLY1305_SHA256]" time="0.584" /><testcase classname="test_external_psk" name="test_s2n_server_psk_connection[4ecd0eb6ec3b4d87f5d6028f922ca4c5851a277fd41311c9e62d2c9492e1c4f3-test_psk_identity-S2N-S2N-TLS1.3-X25519-TLS_AES_256_GCM_SHA384]" time="0.559" /><testcase classname="test_external_psk" name="test_s2n_server_psk_connection[4ecd0eb6ec3b4d87f5d6028f922ca4c5851a277fd41311c9e62d2c9492e1c4f3-test_psk_identity-S2N-OpenSSL-TLS1.3-P-521-TLS_CHACHA20_POLY1305_SHA256]" time="0.537" /><testcase classname="test_external_psk" name="test_s2n_server_psk_connection[a6dadae4567876-2c035d829359ee5ff7af4ec900000000262a6494dc486d2c8a34cb33fa90bf1b0070ad3c498883c9367c09a2be785abc55cd226097a3a982117283f82a03a143efd3ff5dd36d64e861be7fd61d2827db279cce145077d454a3664d4e6da4d29ee03725a6a4dafcd0fc67d2aea70529513e3da2677fa5906c5b3f7d8f92f228bda40dda721470f9fbf297b5aea617646fac5c03272e970727c621a79141ef5f7de6505e5bfbc388e93343694093934ae4d357-S2N-S2N-TLS1.3-P-384-TLS_AES_128_GCM_SHA256]" time="0.608" /><testcase classname="test_external_psk" name="test_s2n_server_psk_connection[a6dadae4567876-2c035d829359ee5ff7af4ec900000000262a6494dc486d2c8a34cb33fa90bf1b0070ad3c498883c9367c09a2be785abc55cd226097a3a982117283f82a03a143efd3ff5dd36d64e861be7fd61d2827db279cce145077d454a3664d4e6da4d29ee03725a6a4dafcd0fc67d2aea70529513e3da2677fa5906c5b3f7d8f92f228bda40dda721470f9fbf297b5aea617646fac5c03272e970727c621a79141ef5f7de6505e5bfbc388e93343694093934ae4d357-S2N-S2N-TLS1.3-P-521-TLS_CHACHA20_POLY1305_SHA256]" time="0.577" /><testcase classname="test_external_psk" name="test_s2n_server_psk_connection[a6dadae4567876-psk_identity-S2N-OpenSSL-TLS1.3-P-256-TLS_AES_256_GCM_SHA384]" time="0.001"><skipped type="pytest.skip" message="Skipped">/home/dougch/gitrepos/s2n-tls/tests/integrationv2/test_external_psk.py:93: Skipped</skipped></testcase><testcase classname="test_external_psk" name="test_s2n_server_psk_connection[a6dadae4567876-2c035d829359ee5ff7af4ec900000000262a6494dc486d2c8a34cb33fa90bf1b0070ad3c498883c9367c09a2be785abc55cd226097a3a982117283f82a03a143efd3ff5dd36d64e861be7fd61d2827db279cce145077d454a3664d4e6da4d29ee03725a6a4dafcd0fc67d2aea70529513e3da2677fa5906c5b3f7d8f92f228bda40dda721470f9fbf297b5aea617646fac5c03272e970727c621a79141ef5f7de6505e5bfbc388e93343694093934ae4d357-S2N-S2N-TLS1.3-P-384-TLS_CHACHA20_POLY1305_SHA256]" time="0.602" /><testcase classname="test_external_psk" name="test_s2n_server_psk_connection[a6dadae4567876-psk_identity-S2N-OpenSSL-TLS1.3-X25519-TLS_AES_256_GCM_SHA384]" time="0.001"><skipped type="pytest.skip" message="Skipped">/home/dougch/gitrepos/s2n-tls/tests/integrationv2/test_external_psk.py:93: Skipped</skipped></testcase><testcase classname="test_external_psk" name="test_s2n_server_psk_connection[a6dadae4567876-2c035d829359ee5ff7af4ec900000000262a6494dc486d2c8a34cb33fa90bf1b0070ad3c498883c9367c09a2be785abc55cd226097a3a982117283f82a03a143efd3ff5dd36d64e861be7fd61d2827db279cce145077d454a3664d4e6da4d29ee03725a6a4dafcd0fc67d2aea70529513e3da2677fa5906c5b3f7d8f92f228bda40dda721470f9fbf297b5aea617646fac5c03272e970727c621a79141ef5f7de6505e5bfbc388e93343694093934ae4d357-S2N-S2N-TLS1.3-P-256-TLS_AES_128_GCM_SHA256]" time="0.557" /><testcase classname="test_external_psk" name="test_s2n_server_psk_connection[4ecd0eb6ec3b4d87f5d6028f922ca4c5851a277fd41311c9e62d2c9492e1c4f3-test_psk_identity-S2N-S2N-TLS1.3-P-521-TLS_AES_256_GCM_SHA384]" time="0.569" /><testcase classname="test_external_psk" name="test_s2n_server_psk_connection[4ecd0eb6ec3b4d87f5d6028f922ca4c5851a277fd41311c9e62d2c9492e1c4f3-test_psk_identity-S2N-S2N-TLS1.3-P-384-TLS_AES_256_GCM_SHA384]" time="0.621" /><testcase classname="test_external_psk" name="test_s2n_server_psk_connection[4ecd0eb6ec3b4d87f5d6028f922ca4c5851a277fd41311c9e62d2c9492e1c4f3-test_psk_identity-S2N-S2N-TLS1.3-P-521-TLS_AES_128_GCM_SHA256]" time="0.576" /><testcase classname="test_external_psk" name="test_s2n_server_psk_connection[4ecd0eb6ec3b4d87f5d6028f922ca4c5851a277fd41311c9e62d2c9492e1c4f3-test_psk_identity-S2N-S2N-TLS1.3-P-256-TLS_AES_256_GCM_SHA384]" time="0.575" /><testcase classname="test_external_psk" name="test_s2n_server_psk_connection[a6dadae4567876-psk_identity-S2N-OpenSSL-TLS1.3-P-256-TLS_CHACHA20_POLY1305_SHA256]" time="0.585" /><testcase classname="test_external_psk" name="test_s2n_server_psk_connection[a6dadae4567876-psk_identity-S2N-OpenSSL-TLS1.3-P-521-TLS_AES_256_GCM_SHA384]" time="0.001"><skipped type="pytest.skip" message="Skipped">/home/dougch/gitrepos/s2n-tls/tests/integrationv2/test_external_psk.py:93: Skipped</skipped></testcase><testcase classname="test_external_psk" name="test_s2n_server_psk_connection[a6dadae4567876-psk_identity-S2N-S2N-TLS1.3-X25519-TLS_AES_128_GCM_SHA256]" time="0.566" /><testcase classname="test_external_psk" name="test_s2n_server_psk_connection[a6dadae4567876-psk_identity-S2N-OpenSSL-TLS1.3-X25519-TLS_CHACHA20_POLY1305_SHA256]" time="0.586" /><testcase classname="test_external_psk" name="test_s2n_server_psk_connection[a6dadae4567876-psk_identity-S2N-OpenSSL-TLS1.3-P-384-TLS_AES_256_GCM_SHA384]" time="0.001"><skipped type="pytest.skip" message="Skipped">/home/dougch/gitrepos/s2n-tls/tests/integrationv2/test_external_psk.py:93: Skipped</skipped></testcase><testcase classname="test_external_psk" name="test_s2n_server_psk_connection[a6dadae4567876-psk_identity-S2N-OpenSSL-TLS1.3-P-521-TLS_AES_128_GCM_SHA256]" time="0.576" /><testcase classname="test_external_psk" name="test_s2n_server_psk_connection[a6dadae4567876-2c035d829359ee5ff7af4ec900000000262a6494dc486d2c8a34cb33fa90bf1b0070ad3c498883c9367c09a2be785abc55cd226097a3a982117283f82a03a143efd3ff5dd36d64e861be7fd61d2827db279cce145077d454a3664d4e6da4d29ee03725a6a4dafcd0fc67d2aea70529513e3da2677fa5906c5b3f7d8f92f228bda40dda721470f9fbf297b5aea617646fac5c03272e970727c621a79141ef5f7de6505e5bfbc388e93343694093934ae4d357-S2N-OpenSSL-TLS1.3-P-256-TLS_AES_128_GCM_SHA256]" time="0.559" /><testcase classname="test_external_psk" name="test_s2n_server_psk_connection[a6dadae4567876-2c035d829359ee5ff7af4ec900000000262a6494dc486d2c8a34cb33fa90bf1b0070ad3c498883c9367c09a2be785abc55cd226097a3a982117283f82a03a143efd3ff5dd36d64e861be7fd61d2827db279cce145077d454a3664d4e6da4d29ee03725a6a4dafcd0fc67d2aea70529513e3da2677fa5906c5b3f7d8f92f228bda40dda721470f9fbf297b5aea617646fac5c03272e970727c621a79141ef5f7de6505e5bfbc388e93343694093934ae4d357-S2N-OpenSSL-TLS1.3-P-384-TLS_AES_128_GCM_SHA256]" time="0.617" /><testcase classname="test_external_psk" name="test_s2n_server_psk_connection[a6dadae4567876-2c035d829359ee5ff7af4ec900000000262a6494dc486d2c8a34cb33fa90bf1b0070ad3c498883c9367c09a2be785abc55cd226097a3a982117283f82a03a143efd3ff5dd36d64e861be7fd61d2827db279cce145077d454a3664d4e6da4d29ee03725a6a4dafcd0fc67d2aea70529513e3da2677fa5906c5b3f7d8f92f228bda40dda721470f9fbf297b5aea617646fac5c03272e970727c621a79141ef5f7de6505e5bfbc388e93343694093934ae4d357-S2N-OpenSSL-TLS1.3-P-384-TLS_CHACHA20_POLY1305_SHA256]" time="0.578" /><testcase classname="test_external_psk" name="test_s2n_server_psk_connection[a6dadae4567876-2c035d829359ee5ff7af4ec900000000262a6494dc486d2c8a34cb33fa90bf1b0070ad3c498883c9367c09a2be785abc55cd226097a3a982117283f82a03a143efd3ff5dd36d64e861be7fd61d2827db279cce145077d454a3664d4e6da4d29ee03725a6a4dafcd0fc67d2aea70529513e3da2677fa5906c5b3f7d8f92f228bda40dda721470f9fbf297b5aea617646fac5c03272e970727c621a79141ef5f7de6505e5bfbc388e93343694093934ae4d357-S2N-OpenSSL-TLS1.3-X25519-TLS_AES_128_GCM_SHA256]" time="0.618" /><testcase classname="test_external_psk" name="test_s2n_server_psk_connection[a6dadae4567876-psk_identity-S2N-S2N-TLS1.3-P-384-TLS_AES_128_GCM_SHA256]" time="0.572" /><testcase classname="test_external_psk" name="test_s2n_server_psk_connection[a6dadae4567876-psk_identity-S2N-S2N-TLS1.3-P-521-TLS_CHACHA20_POLY1305_SHA256]" time="0.586" /><testcase classname="test_external_psk" name="test_s2n_server_psk_connection[a6dadae4567876-test_psk_identity-S2N-OpenSSL-TLS1.3-P-256-TLS_AES_256_GCM_SHA384]" time="0.001"><skipped type="pytest.skip" message="Skipped">/home/dougch/gitrepos/s2n-tls/tests/integrationv2/test_external_psk.py:93: Skipped</skipped></testcase><testcase classname="test_external_psk" name="test_s2n_server_psk_connection[a6dadae4567876-psk_identity-S2N-S2N-TLS1.3-P-384-TLS_CHACHA20_POLY1305_SHA256]" time="0.583" /><testcase classname="test_external_psk" name="test_s2n_server_psk_connection[a6dadae4567876-test_psk_identity-S2N-OpenSSL-TLS1.3-X25519-TLS_AES_256_GCM_SHA384]" time="0.001"><skipped type="pytest.skip" message="Skipped">/home/dougch/gitrepos/s2n-tls/tests/integrationv2/test_external_psk.py:93: Skipped</skipped></testcase><testcase classname="test_external_psk" name="test_s2n_server_psk_connection[a6dadae4567876-psk_identity-S2N-S2N-TLS1.3-P-256-TLS_AES_128_GCM_SHA256]" time="0.614" /><testcase classname="test_external_psk" name="test_s2n_server_psk_connection[a6dadae4567876-2c035d829359ee5ff7af4ec900000000262a6494dc486d2c8a34cb33fa90bf1b0070ad3c498883c9367c09a2be785abc55cd226097a3a982117283f82a03a143efd3ff5dd36d64e861be7fd61d2827db279cce145077d454a3664d4e6da4d29ee03725a6a4dafcd0fc67d2aea70529513e3da2677fa5906c5b3f7d8f92f228bda40dda721470f9fbf297b5aea617646fac5c03272e970727c621a79141ef5f7de6505e5bfbc388e93343694093934ae4d357-S2N-S2N-TLS1.3-P-256-TLS_CHACHA20_POLY1305_SHA256]" time="0.552" /><testcase classname="test_external_psk" name="test_s2n_server_psk_connection[a6dadae4567876-2c035d829359ee5ff7af4ec900000000262a6494dc486d2c8a34cb33fa90bf1b0070ad3c498883c9367c09a2be785abc55cd226097a3a982117283f82a03a143efd3ff5dd36d64e861be7fd61d2827db279cce145077d454a3664d4e6da4d29ee03725a6a4dafcd0fc67d2aea70529513e3da2677fa5906c5b3f7d8f92f228bda40dda721470f9fbf297b5aea617646fac5c03272e970727c621a79141ef5f7de6505e5bfbc388e93343694093934ae4d357-S2N-S2N-TLS1.3-X25519-TLS_AES_256_GCM_SHA384]" time="0.554" /><testcase classname="test_external_psk" name="test_s2n_server_psk_connection[a6dadae4567876-2c035d829359ee5ff7af4ec900000000262a6494dc486d2c8a34cb33fa90bf1b0070ad3c498883c9367c09a2be785abc55cd226097a3a982117283f82a03a143efd3ff5dd36d64e861be7fd61d2827db279cce145077d454a3664d4e6da4d29ee03725a6a4dafcd0fc67d2aea70529513e3da2677fa5906c5b3f7d8f92f228bda40dda721470f9fbf297b5aea617646fac5c03272e970727c621a79141ef5f7de6505e5bfbc388e93343694093934ae4d357-S2N-S2N-TLS1.3-X25519-TLS_CHACHA20_POLY1305_SHA256]" time="0.594" /><testcase classname="test_external_psk" name="test_s2n_server_psk_connection[a6dadae4567876-2c035d829359ee5ff7af4ec900000000262a6494dc486d2c8a34cb33fa90bf1b0070ad3c498883c9367c09a2be785abc55cd226097a3a982117283f82a03a143efd3ff5dd36d64e861be7fd61d2827db279cce145077d454a3664d4e6da4d29ee03725a6a4dafcd0fc67d2aea70529513e3da2677fa5906c5b3f7d8f92f228bda40dda721470f9fbf297b5aea617646fac5c03272e970727c621a79141ef5f7de6505e5bfbc388e93343694093934ae4d357-S2N-OpenSSL-TLS1.3-P-521-TLS_CHACHA20_POLY1305_SHA256]" time="0.598" /><testcase classname="test_external_psk" name="test_s2n_server_psk_connection[a6dadae4567876-test_psk_identity-S2N-OpenSSL-TLS1.3-P-256-TLS_CHACHA20_POLY1305_SHA256]" time="0.585" /><testcase classname="test_external_psk" name="test_s2n_server_psk_connection[a6dadae4567876-test_psk_identity-S2N-OpenSSL-TLS1.3-P-521-TLS_AES_256_GCM_SHA384]" time="0.001"><skipped type="pytest.skip" message="Skipped">/home/dougch/gitrepos/s2n-tls/tests/integrationv2/test_external_psk.py:93: Skipped</skipped></testcase><testcase classname="test_external_psk" name="test_s2n_server_psk_connection[a6dadae4567876-test_psk_identity-S2N-S2N-TLS1.3-X25519-TLS_AES_128_GCM_SHA256]" time="0.550" /><testcase classname="test_external_psk" name="test_s2n_server_psk_connection[a6dadae4567876-test_psk_identity-S2N-OpenSSL-TLS1.3-X25519-TLS_CHACHA20_POLY1305_SHA256]" time="0.562" /><testcase classname="test_external_psk" name="test_s2n_server_psk_connection[a6dadae4567876-test_psk_identity-S2N-OpenSSL-TLS1.3-P-384-TLS_AES_256_GCM_SHA384]" time="0.001"><skipped type="pytest.skip" message="Skipped">/home/dougch/gitrepos/s2n-tls/tests/integrationv2/test_external_psk.py:93: Skipped</skipped></testcase><testcase classname="test_external_psk" name="test_s2n_server_psk_connection[a6dadae4567876-test_psk_identity-S2N-OpenSSL-TLS1.3-P-521-TLS_AES_128_GCM_SHA256]" time="0.606" /><testcase classname="test_external_psk" name="test_s2n_server_psk_connection[a6dadae4567876-2c035d829359ee5ff7af4ec900000000262a6494dc486d2c8a34cb33fa90bf1b0070ad3c498883c9367c09a2be785abc55cd226097a3a982117283f82a03a143efd3ff5dd36d64e861be7fd61d2827db279cce145077d454a3664d4e6da4d29ee03725a6a4dafcd0fc67d2aea70529513e3da2677fa5906c5b3f7d8f92f228bda40dda721470f9fbf297b5aea617646fac5c03272e970727c621a79141ef5f7de6505e5bfbc388e93343694093934ae4d357-S2N-S2N-TLS1.3-P-521-TLS_AES_256_GCM_SHA384]" time="0.532" /><testcase classname="test_external_psk" name="test_s2n_server_psk_connection[a6dadae4567876-2c035d829359ee5ff7af4ec900000000262a6494dc486d2c8a34cb33fa90bf1b0070ad3c498883c9367c09a2be785abc55cd226097a3a982117283f82a03a143efd3ff5dd36d64e861be7fd61d2827db279cce145077d454a3664d4e6da4d29ee03725a6a4dafcd0fc67d2aea70529513e3da2677fa5906c5b3f7d8f92f228bda40dda721470f9fbf297b5aea617646fac5c03272e970727c621a79141ef5f7de6505e5bfbc388e93343694093934ae4d357-S2N-S2N-TLS1.3-P-521-TLS_AES_128_GCM_SHA256]" time="0.601" /><testcase classname="test_external_psk" name="test_s2n_server_psk_connection[a6dadae4567876-2c035d829359ee5ff7af4ec900000000262a6494dc486d2c8a34cb33fa90bf1b0070ad3c498883c9367c09a2be785abc55cd226097a3a982117283f82a03a143efd3ff5dd36d64e861be7fd61d2827db279cce145077d454a3664d4e6da4d29ee03725a6a4dafcd0fc67d2aea70529513e3da2677fa5906c5b3f7d8f92f228bda40dda721470f9fbf297b5aea617646fac5c03272e970727c621a79141ef5f7de6505e5bfbc388e93343694093934ae4d357-S2N-S2N-TLS1.3-P-384-TLS_AES_256_GCM_SHA384]" time="0.610" /><testcase classname="test_external_psk" name="test_s2n_server_psk_connection[a6dadae4567876-2c035d829359ee5ff7af4ec900000000262a6494dc486d2c8a34cb33fa90bf1b0070ad3c498883c9367c09a2be785abc55cd226097a3a982117283f82a03a143efd3ff5dd36d64e861be7fd61d2827db279cce145077d454a3664d4e6da4d29ee03725a6a4dafcd0fc67d2aea70529513e3da2677fa5906c5b3f7d8f92f228bda40dda721470f9fbf297b5aea617646fac5c03272e970727c621a79141ef5f7de6505e5bfbc388e93343694093934ae4d357-S2N-S2N-TLS1.3-P-256-TLS_AES_256_GCM_SHA384]" time="0.611" /><testcase classname="test_external_psk" name="test_s2n_server_psk_connection[a6dadae4567876-test_psk_identity-S2N-S2N-TLS1.3-P-384-TLS_AES_128_GCM_SHA256]" time="0.552" /><testcase classname="test_external_psk" name="test_s2n_server_psk_connection[a6dadae4567876-test_psk_identity-S2N-S2N-TLS1.3-P-521-TLS_CHACHA20_POLY1305_SHA256]" time="0.582" /><testcase classname="test_external_psk" name="test_s2n_server_psk_connection[a64dafcd0fc67d2a-2c035d829359ee5ff7af4ec900000000262a6494dc486d2c8a34cb33fa90bf1b0070ad3c498883c9367c09a2be785abc55cd226097a3a982117283f82a03a143efd3ff5dd36d64e861be7fd61d2827db279cce145077d454a3664d4e6da4d29ee03725a6a4dafcd0fc67d2aea70529513e3da2677fa5906c5b3f7d8f92f228bda40dda721470f9fbf297b5aea617646fac5c03272e970727c621a79141ef5f7de6505e5bfbc388e93343694093934ae4d357-S2N-OpenSSL-TLS1.3-P-256-TLS_AES_256_GCM_SHA384]" time="0.001"><skipped type="pytest.skip" message="Skipped">/home/dougch/gitrepos/s2n-tls/tests/integrationv2/test_external_psk.py:93: Skipped</skipped></testcase><testcase classname="test_external_psk" name="test_s2n_server_psk_connection[a6dadae4567876-test_psk_identity-S2N-S2N-TLS1.3-P-384-TLS_CHACHA20_POLY1305_SHA256]" time="0.611" /><testcase classname="test_external_psk" name="test_s2n_server_psk_connection[a64dafcd0fc67d2a-2c035d829359ee5ff7af4ec900000000262a6494dc486d2c8a34cb33fa90bf1b0070ad3c498883c9367c09a2be785abc55cd226097a3a982117283f82a03a143efd3ff5dd36d64e861be7fd61d2827db279cce145077d454a3664d4e6da4d29ee03725a6a4dafcd0fc67d2aea70529513e3da2677fa5906c5b3f7d8f92f228bda40dda721470f9fbf297b5aea617646fac5c03272e970727c621a79141ef5f7de6505e5bfbc388e93343694093934ae4d357-S2N-OpenSSL-TLS1.3-X25519-TLS_AES_256_GCM_SHA384]" time="0.001"><skipped type="pytest.skip" message="Skipped">/home/dougch/gitrepos/s2n-tls/tests/integrationv2/test_external_psk.py:93: Skipped</skipped></testcase><testcase classname="test_external_psk" name="test_s2n_server_psk_connection[a6dadae4567876-test_psk_identity-S2N-S2N-TLS1.3-P-256-TLS_AES_128_GCM_SHA256]" time="0.612" /><testcase classname="test_external_psk" name="test_s2n_server_psk_connection[a6dadae4567876-psk_identity-S2N-OpenSSL-TLS1.3-P-384-TLS_AES_128_GCM_SHA256]" time="0.599" /><testcase classname="test_external_psk" name="test_s2n_server_psk_connection[a6dadae4567876-psk_identity-S2N-OpenSSL-TLS1.3-P-256-TLS_AES_128_GCM_SHA256]" time="0.588" /><testcase classname="test_external_psk" name="test_s2n_server_psk_connection[a6dadae4567876-psk_identity-S2N-OpenSSL-TLS1.3-P-384-TLS_CHACHA20_POLY1305_SHA256]" time="0.620" /><testcase classname="test_external_psk" name="test_s2n_server_psk_connection[a6dadae4567876-psk_identity-S2N-OpenSSL-TLS1.3-X25519-TLS_AES_128_GCM_SHA256]" time="0.580" /><testcase classname="test_external_psk" name="test_s2n_server_psk_connection[a64dafcd0fc67d2a-2c035d829359ee5ff7af4ec900000000262a6494dc486d2c8a34cb33fa90bf1b0070ad3c498883c9367c09a2be785abc55cd226097a3a982117283f82a03a143efd3ff5dd36d64e861be7fd61d2827db279cce145077d454a3664d4e6da4d29ee03725a6a4dafcd0fc67d2aea70529513e3da2677fa5906c5b3f7d8f92f228bda40dda721470f9fbf297b5aea617646fac5c03272e970727c621a79141ef5f7de6505e5bfbc388e93343694093934ae4d357-S2N-OpenSSL-TLS1.3-P-256-TLS_CHACHA20_POLY1305_SHA256]" time="0.594" /><testcase classname="test_external_psk" name="test_s2n_server_psk_connection[a64dafcd0fc67d2a-2c035d829359ee5ff7af4ec900000000262a6494dc486d2c8a34cb33fa90bf1b0070ad3c498883c9367c09a2be785abc55cd226097a3a982117283f82a03a143efd3ff5dd36d64e861be7fd61d2827db279cce145077d454a3664d4e6da4d29ee03725a6a4dafcd0fc67d2aea70529513e3da2677fa5906c5b3f7d8f92f228bda40dda721470f9fbf297b5aea617646fac5c03272e970727c621a79141ef5f7de6505e5bfbc388e93343694093934ae4d357-S2N-OpenSSL-TLS1.3-P-521-TLS_AES_256_GCM_SHA384]" time="0.001"><skipped type="pytest.skip" message="Skipped">/home/dougch/gitrepos/s2n-tls/tests/integrationv2/test_external_psk.py:93: Skipped</skipped></testcase><testcase classname="test_external_psk" name="test_s2n_server_psk_connection[a64dafcd0fc67d2a-2c035d829359ee5ff7af4ec900000000262a6494dc486d2c8a34cb33fa90bf1b0070ad3c498883c9367c09a2be785abc55cd226097a3a982117283f82a03a143efd3ff5dd36d64e861be7fd61d2827db279cce145077d454a3664d4e6da4d29ee03725a6a4dafcd0fc67d2aea70529513e3da2677fa5906c5b3f7d8f92f228bda40dda721470f9fbf297b5aea617646fac5c03272e970727c621a79141ef5f7de6505e5bfbc388e93343694093934ae4d357-S2N-S2N-TLS1.3-X25519-TLS_AES_128_GCM_SHA256]" time="0.573" /><testcase classname="test_external_psk" name="test_s2n_server_psk_connection[a64dafcd0fc67d2a-2c035d829359ee5ff7af4ec900000000262a6494dc486d2c8a34cb33fa90bf1b0070ad3c498883c9367c09a2be785abc55cd226097a3a982117283f82a03a143efd3ff5dd36d64e861be7fd61d2827db279cce145077d454a3664d4e6da4d29ee03725a6a4dafcd0fc67d2aea70529513e3da2677fa5906c5b3f7d8f92f228bda40dda721470f9fbf297b5aea617646fac5c03272e970727c621a79141ef5f7de6505e5bfbc388e93343694093934ae4d357-S2N-OpenSSL-TLS1.3-X25519-TLS_CHACHA20_POLY1305_SHA256]" time="0.579" /><testcase classname="test_external_psk" name="test_s2n_server_psk_connection[a64dafcd0fc67d2a-2c035d829359ee5ff7af4ec900000000262a6494dc486d2c8a34cb33fa90bf1b0070ad3c498883c9367c09a2be785abc55cd226097a3a982117283f82a03a143efd3ff5dd36d64e861be7fd61d2827db279cce145077d454a3664d4e6da4d29ee03725a6a4dafcd0fc67d2aea70529513e3da2677fa5906c5b3f7d8f92f228bda40dda721470f9fbf297b5aea617646fac5c03272e970727c621a79141ef5f7de6505e5bfbc388e93343694093934ae4d357-S2N-OpenSSL-TLS1.3-P-384-TLS_AES_256_GCM_SHA384]" time="0.001"><skipped type="pytest.skip" message="Skipped">/home/dougch/gitrepos/s2n-tls/tests/integrationv2/test_external_psk.py:93: Skipped</skipped></testcase><testcase classname="test_external_psk" name="test_s2n_server_psk_connection[a64dafcd0fc67d2a-2c035d829359ee5ff7af4ec900000000262a6494dc486d2c8a34cb33fa90bf1b0070ad3c498883c9367c09a2be785abc55cd226097a3a982117283f82a03a143efd3ff5dd36d64e861be7fd61d2827db279cce145077d454a3664d4e6da4d29ee03725a6a4dafcd0fc67d2aea70529513e3da2677fa5906c5b3f7d8f92f228bda40dda721470f9fbf297b5aea617646fac5c03272e970727c621a79141ef5f7de6505e5bfbc388e93343694093934ae4d357-S2N-OpenSSL-TLS1.3-P-521-TLS_AES_128_GCM_SHA256]" time="0.571" /><testcase classname="test_external_psk" name="test_s2n_server_psk_connection[a6dadae4567876-psk_identity-S2N-S2N-TLS1.3-P-256-TLS_CHACHA20_POLY1305_SHA256]" time="0.553" /><testcase classname="test_external_psk" name="test_s2n_server_psk_connection[a6dadae4567876-psk_identity-S2N-S2N-TLS1.3-X25519-TLS_CHACHA20_POLY1305_SHA256]" time="0.568" /><testcase classname="test_external_psk" name="test_s2n_server_psk_connection[a6dadae4567876-psk_identity-S2N-S2N-TLS1.3-X25519-TLS_AES_256_GCM_SHA384]" time="0.603" /><testcase classname="test_external_psk" name="test_s2n_server_psk_connection[a6dadae4567876-psk_identity-S2N-OpenSSL-TLS1.3-P-521-TLS_CHACHA20_POLY1305_SHA256]" time="0.634" /><testcase classname="test_external_psk" name="test_s2n_server_psk_connection[a64dafcd0fc67d2a-2c035d829359ee5ff7af4ec900000000262a6494dc486d2c8a34cb33fa90bf1b0070ad3c498883c9367c09a2be785abc55cd226097a3a982117283f82a03a143efd3ff5dd36d64e861be7fd61d2827db279cce145077d454a3664d4e6da4d29ee03725a6a4dafcd0fc67d2aea70529513e3da2677fa5906c5b3f7d8f92f228bda40dda721470f9fbf297b5aea617646fac5c03272e970727c621a79141ef5f7de6505e5bfbc388e93343694093934ae4d357-S2N-S2N-TLS1.3-P-384-TLS_AES_128_GCM_SHA256]" time="0.590" /><testcase classname="test_external_psk" name="test_s2n_server_psk_connection[a64dafcd0fc67d2a-2c035d829359ee5ff7af4ec900000000262a6494dc486d2c8a34cb33fa90bf1b0070ad3c498883c9367c09a2be785abc55cd226097a3a982117283f82a03a143efd3ff5dd36d64e861be7fd61d2827db279cce145077d454a3664d4e6da4d29ee03725a6a4dafcd0fc67d2aea70529513e3da2677fa5906c5b3f7d8f92f228bda40dda721470f9fbf297b5aea617646fac5c03272e970727c621a79141ef5f7de6505e5bfbc388e93343694093934ae4d357-S2N-S2N-TLS1.3-P-521-TLS_CHACHA20_POLY1305_SHA256]" time="0.540" /><testcase classname="test_external_psk" name="test_s2n_server_psk_connection[a64dafcd0fc67d2a-psk_identity-S2N-OpenSSL-TLS1.3-P-256-TLS_AES_256_GCM_SHA384]" time="0.001"><skipped type="pytest.skip" message="Skipped">/home/dougch/gitrepos/s2n-tls/tests/integrationv2/test_external_psk.py:93: Skipped</skipped></testcase><testcase classname="test_external_psk" name="test_s2n_server_psk_connection[a64dafcd0fc67d2a-2c035d829359ee5ff7af4ec900000000262a6494dc486d2c8a34cb33fa90bf1b0070ad3c498883c9367c09a2be785abc55cd226097a3a982117283f82a03a143efd3ff5dd36d64e861be7fd61d2827db279cce145077d454a3664d4e6da4d29ee03725a6a4dafcd0fc67d2aea70529513e3da2677fa5906c5b3f7d8f92f228bda40dda721470f9fbf297b5aea617646fac5c03272e970727c621a79141ef5f7de6505e5bfbc388e93343694093934ae4d357-S2N-S2N-TLS1.3-P-384-TLS_CHACHA20_POLY1305_SHA256]" time="0.534" /><testcase classname="test_external_psk" name="test_s2n_server_psk_connection[a64dafcd0fc67d2a-psk_identity-S2N-OpenSSL-TLS1.3-X25519-TLS_AES_256_GCM_SHA384]" time="0.001"><skipped type="pytest.skip" message="Skipped">/home/dougch/gitrepos/s2n-tls/tests/integrationv2/test_external_psk.py:93: Skipped</skipped></testcase><testcase classname="test_external_psk" name="test_s2n_server_psk_connection[a64dafcd0fc67d2a-2c035d829359ee5ff7af4ec900000000262a6494dc486d2c8a34cb33fa90bf1b0070ad3c498883c9367c09a2be785abc55cd226097a3a982117283f82a03a143efd3ff5dd36d64e861be7fd61d2827db279cce145077d454a3664d4e6da4d29ee03725a6a4dafcd0fc67d2aea70529513e3da2677fa5906c5b3f7d8f92f228bda40dda721470f9fbf297b5aea617646fac5c03272e970727c621a79141ef5f7de6505e5bfbc388e93343694093934ae4d357-S2N-S2N-TLS1.3-P-256-TLS_AES_128_GCM_SHA256]" time="0.579" /><testcase classname="test_external_psk" name="test_s2n_server_psk_connection[a6dadae4567876-psk_identity-S2N-S2N-TLS1.3-P-521-TLS_AES_256_GCM_SHA384]" time="0.582" /><testcase classname="test_external_psk" name="test_s2n_server_psk_connection[a6dadae4567876-psk_identity-S2N-S2N-TLS1.3-P-384-TLS_AES_256_GCM_SHA384]" time="0.578" /><testcase classname="test_external_psk" name="test_s2n_server_psk_connection[a6dadae4567876-psk_identity-S2N-S2N-TLS1.3-P-521-TLS_AES_128_GCM_SHA256]" time="0.538" /><testcase classname="test_external_psk" name="test_s2n_server_psk_connection[a64dafcd0fc67d2a-psk_identity-S2N-OpenSSL-TLS1.3-P-256-TLS_CHACHA20_POLY1305_SHA256]" time="0.569" /><testcase classname="test_external_psk" name="test_s2n_server_psk_connection[a64dafcd0fc67d2a-psk_identity-S2N-OpenSSL-TLS1.3-P-521-TLS_AES_256_GCM_SHA384]" time="0.001"><skipped type="pytest.skip" message="Skipped">/home/dougch/gitrepos/s2n-tls/tests/integrationv2/test_external_psk.py:93: Skipped</skipped></testcase><testcase classname="test_external_psk" name="test_s2n_server_psk_connection[a6dadae4567876-psk_identity-S2N-S2N-TLS1.3-P-256-TLS_AES_256_GCM_SHA384]" time="0.617" /><testcase classname="test_external_psk" name="test_s2n_server_psk_connection[a64dafcd0fc67d2a-psk_identity-S2N-S2N-TLS1.3-X25519-TLS_AES_128_GCM_SHA256]" time="0.587" /><testcase classname="test_external_psk" name="test_s2n_server_psk_connection[a64dafcd0fc67d2a-psk_identity-S2N-OpenSSL-TLS1.3-P-521-TLS_AES_128_GCM_SHA256]" time="0.578" /><testcase classname="test_external_psk" name="test_s2n_server_psk_connection[a64dafcd0fc67d2a-psk_identity-S2N-OpenSSL-TLS1.3-X25519-TLS_CHACHA20_POLY1305_SHA256]" time="0.569" /><testcase classname="test_external_psk" name="test_s2n_server_psk_connection[a64dafcd0fc67d2a-psk_identity-S2N-OpenSSL-TLS1.3-P-384-TLS_AES_256_GCM_SHA384]" time="0.001"><skipped type="pytest.skip" message="Skipped">/home/dougch/gitrepos/s2n-tls/tests/integrationv2/test_external_psk.py:93: Skipped</skipped></testcase><testcase classname="test_external_psk" name="test_s2n_server_psk_connection[a6dadae4567876-test_psk_identity-S2N-OpenSSL-TLS1.3-P-384-TLS_AES_128_GCM_SHA256]" time="0.604" /><testcase classname="test_external_psk" name="test_s2n_server_psk_connection[a6dadae4567876-test_psk_identity-S2N-OpenSSL-TLS1.3-P-256-TLS_AES_128_GCM_SHA256]" time="0.558" /><testcase classname="test_external_psk" name="test_s2n_server_psk_connection[a6dadae4567876-test_psk_identity-S2N-OpenSSL-TLS1.3-P-384-TLS_CHACHA20_POLY1305_SHA256]" time="0.560" /><testcase classname="test_external_psk" name="test_s2n_server_psk_connection[a6dadae4567876-test_psk_identity-S2N-OpenSSL-TLS1.3-X25519-TLS_AES_128_GCM_SHA256]" time="0.545" /><testcase classname="test_external_psk" name="test_s2n_server_psk_connection[a64dafcd0fc67d2a-psk_identity-S2N-S2N-TLS1.3-P-521-TLS_CHACHA20_POLY1305_SHA256]" time="0.567" /><testcase classname="test_external_psk" name="test_s2n_server_psk_connection[a64dafcd0fc67d2a-test_psk_identity-S2N-OpenSSL-TLS1.3-P-256-TLS_AES_256_GCM_SHA384]" time="0.001"><skipped type="pytest.skip" message="Skipped">/home/dougch/gitrepos/s2n-tls/tests/integrationv2/test_external_psk.py:93: Skipped</skipped></testcase><testcase classname="test_external_psk" name="test_s2n_server_psk_connection[a64dafcd0fc67d2a-psk_identity-S2N-S2N-TLS1.3-P-384-TLS_AES_128_GCM_SHA256]" time="0.596" /><testcase classname="test_external_psk" name="test_s2n_server_psk_connection[a64dafcd0fc67d2a-psk_identity-S2N-S2N-TLS1.3-P-384-TLS_CHACHA20_POLY1305_SHA256]" time="0.584" /><testcase classname="test_external_psk" name="test_s2n_server_psk_connection[a64dafcd0fc67d2a-test_psk_identity-S2N-OpenSSL-TLS1.3-X25519-TLS_AES_256_GCM_SHA384]" time="0.001"><skipped type="pytest.skip" message="Skipped">/home/dougch/gitrepos/s2n-tls/tests/integrationv2/test_external_psk.py:93: Skipped</skipped></testcase><testcase classname="test_external_psk" name="test_s2n_server_psk_connection[a64dafcd0fc67d2a-psk_identity-S2N-S2N-TLS1.3-P-256-TLS_AES_128_GCM_SHA256]" time="0.559" /><testcase classname="test_external_psk" name="test_s2n_server_psk_connection[a6dadae4567876-test_psk_identity-S2N-S2N-TLS1.3-P-256-TLS_CHACHA20_POLY1305_SHA256]" time="0.561" /><testcase classname="test_external_psk" name="test_s2n_server_psk_connection[a6dadae4567876-test_psk_identity-S2N-S2N-TLS1.3-X25519-TLS_AES_256_GCM_SHA384]" time="0.542" /><testcase classname="test_external_psk" name="test_s2n_server_psk_connection[a6dadae4567876-test_psk_identity-S2N-S2N-TLS1.3-X25519-TLS_CHACHA20_POLY1305_SHA256]" time="0.605" /><testcase classname="test_external_psk" name="test_s2n_server_psk_connection[a64dafcd0fc67d2a-test_psk_identity-S2N-OpenSSL-TLS1.3-P-256-TLS_CHACHA20_POLY1305_SHA256]" time="0.522" /><testcase classname="test_external_psk" name="test_s2n_server_psk_connection[a64dafcd0fc67d2a-test_psk_identity-S2N-OpenSSL-TLS1.3-P-521-TLS_AES_256_GCM_SHA384]" time="0.001"><skipped type="pytest.skip" message="Skipped">/home/dougch/gitrepos/s2n-tls/tests/integrationv2/test_external_psk.py:93: Skipped</skipped></testcase><testcase classname="test_external_psk" name="test_s2n_server_psk_connection[a6dadae4567876-test_psk_identity-S2N-OpenSSL-TLS1.3-P-521-TLS_CHACHA20_POLY1305_SHA256]" time="0.605" /><testcase classname="test_external_psk" name="test_s2n_server_psk_connection[a64dafcd0fc67d2a-test_psk_identity-S2N-S2N-TLS1.3-X25519-TLS_AES_128_GCM_SHA256]" time="0.596" /><testcase classname="test_external_psk" name="test_s2n_server_psk_connection[a64dafcd0fc67d2a-test_psk_identity-S2N-OpenSSL-TLS1.3-X25519-TLS_CHACHA20_POLY1305_SHA256]" time="0.585" /><testcase classname="test_external_psk" name="test_s2n_server_psk_connection[a64dafcd0fc67d2a-test_psk_identity-S2N-OpenSSL-TLS1.3-P-384-TLS_AES_256_GCM_SHA384]" time="0.001"><skipped type="pytest.skip" message="Skipped">/home/dougch/gitrepos/s2n-tls/tests/integrationv2/test_external_psk.py:93: Skipped</skipped></testcase><testcase classname="test_external_psk" name="test_s2n_server_psk_connection[a64dafcd0fc67d2a-test_psk_identity-S2N-OpenSSL-TLS1.3-P-521-TLS_AES_128_GCM_SHA256]" time="0.571" /><testcase classname="test_external_psk" name="test_s2n_server_psk_connection[a6dadae4567876-test_psk_identity-S2N-S2N-TLS1.3-P-521-TLS_AES_256_GCM_SHA384]" time="0.608" /><testcase classname="test_external_psk" name="test_s2n_server_psk_connection[a6dadae4567876-test_psk_identity-S2N-S2N-TLS1.3-P-521-TLS_AES_128_GCM_SHA256]" time="0.573" /><testcase classname="test_external_psk" name="test_s2n_server_psk_connection[a6dadae4567876-test_psk_identity-S2N-S2N-TLS1.3-P-384-TLS_AES_256_GCM_SHA384]" time="0.566" /><testcase classname="test_external_psk" name="test_s2n_server_psk_connection[a6dadae4567876-test_psk_identity-S2N-S2N-TLS1.3-P-256-TLS_AES_256_GCM_SHA384]" time="0.596" /><testcase classname="test_external_psk" name="test_s2n_server_psk_connection[a64dafcd0fc67d2a-test_psk_identity-S2N-S2N-TLS1.3-P-384-TLS_AES_128_GCM_SHA256]" time="0.592" /><testcase classname="test_external_psk" name="test_s2n_server_psk_connection[a64dafcd0fc67d2a-test_psk_identity-S2N-S2N-TLS1.3-P-521-TLS_CHACHA20_POLY1305_SHA256]" time="0.612" /><testcase classname="test_external_psk" name="test_s2n_server_multiple_psks[4ecd0eb6ec3b4d87f5d6028f922ca4c5851a277fd41311c9e62d2c9492e1c4f3-2c035d829359ee5ff7af4ec900000000262a6494dc486d2c8a34cb33fa90bf1b0070ad3c498883c9367c09a2be785abc55cd226097a3a982117283f82a03a143efd3ff5dd36d64e861be7fd61d2827db279cce145077d454a3664d4e6da4d29ee03725a6a4dafcd0fc67d2aea70529513e3da2677fa5906c5b3f7d8f92f228bda40dda721470f9fbf297b5aea617646fac5c03272e970727c621a79141ef5f7de6505e5bfbc388e93343694093934ae4d357-S2N-OpenSSL-TLS1.3-P-256-TLS_AES_256_GCM_SHA384]" time="0.001"><skipped type="pytest.skip" message="Skipped">/home/dougch/gitrepos/s2n-tls/tests/integrationv2/test_external_psk.py:93: Skipped</skipped></testcase><testcase classname="test_external_psk" name="test_s2n_server_psk_connection[a64dafcd0fc67d2a-test_psk_identity-S2N-S2N-TLS1.3-P-384-TLS_CHACHA20_POLY1305_SHA256]" time="0.539" /><testcase classname="test_external_psk" name="test_s2n_server_multiple_psks[4ecd0eb6ec3b4d87f5d6028f922ca4c5851a277fd41311c9e62d2c9492e1c4f3-2c035d829359ee5ff7af4ec900000000262a6494dc486d2c8a34cb33fa90bf1b0070ad3c498883c9367c09a2be785abc55cd226097a3a982117283f82a03a143efd3ff5dd36d64e861be7fd61d2827db279cce145077d454a3664d4e6da4d29ee03725a6a4dafcd0fc67d2aea70529513e3da2677fa5906c5b3f7d8f92f228bda40dda721470f9fbf297b5aea617646fac5c03272e970727c621a79141ef5f7de6505e5bfbc388e93343694093934ae4d357-S2N-OpenSSL-TLS1.3-X25519-TLS_AES_256_GCM_SHA384]" time="0.001"><skipped type="pytest.skip" message="Skipped">/home/dougch/gitrepos/s2n-tls/tests/integrationv2/test_external_psk.py:93: Skipped</skipped></testcase><testcase classname="test_external_psk" name="test_s2n_server_psk_connection[a64dafcd0fc67d2a-test_psk_identity-S2N-S2N-TLS1.3-P-256-TLS_AES_128_GCM_SHA256]" time="0.549" /><testcase classname="test_external_psk" name="test_s2n_server_psk_connection[a64dafcd0fc67d2a-2c035d829359ee5ff7af4ec900000000262a6494dc486d2c8a34cb33fa90bf1b0070ad3c498883c9367c09a2be785abc55cd226097a3a982117283f82a03a143efd3ff5dd36d64e861be7fd61d2827db279cce145077d454a3664d4e6da4d29ee03725a6a4dafcd0fc67d2aea70529513e3da2677fa5906c5b3f7d8f92f228bda40dda721470f9fbf297b5aea617646fac5c03272e970727c621a79141ef5f7de6505e5bfbc388e93343694093934ae4d357-S2N-OpenSSL-TLS1.3-P-384-TLS_AES_128_GCM_SHA256]" time="0.556" /><testcase classname="test_external_psk" name="test_s2n_server_psk_connection[a64dafcd0fc67d2a-2c035d829359ee5ff7af4ec900000000262a6494dc486d2c8a34cb33fa90bf1b0070ad3c498883c9367c09a2be785abc55cd226097a3a982117283f82a03a143efd3ff5dd36d64e861be7fd61d2827db279cce145077d454a3664d4e6da4d29ee03725a6a4dafcd0fc67d2aea70529513e3da2677fa5906c5b3f7d8f92f228bda40dda721470f9fbf297b5aea617646fac5c03272e970727c621a79141ef5f7de6505e5bfbc388e93343694093934ae4d357-S2N-OpenSSL-TLS1.3-P-384-TLS_CHACHA20_POLY1305_SHA256]" time="0.611" /><testcase classname="test_external_psk" name="test_s2n_server_psk_connection[a64dafcd0fc67d2a-2c035d829359ee5ff7af4ec900000000262a6494dc486d2c8a34cb33fa90bf1b0070ad3c498883c9367c09a2be785abc55cd226097a3a982117283f82a03a143efd3ff5dd36d64e861be7fd61d2827db279cce145077d454a3664d4e6da4d29ee03725a6a4dafcd0fc67d2aea70529513e3da2677fa5906c5b3f7d8f92f228bda40dda721470f9fbf297b5aea617646fac5c03272e970727c621a79141ef5f7de6505e5bfbc388e93343694093934ae4d357-S2N-OpenSSL-TLS1.3-P-256-TLS_AES_128_GCM_SHA256]" time="0.582" /><testcase classname="test_external_psk" name="test_s2n_server_multiple_psks[4ecd0eb6ec3b4d87f5d6028f922ca4c5851a277fd41311c9e62d2c9492e1c4f3-2c035d829359ee5ff7af4ec900000000262a6494dc486d2c8a34cb33fa90bf1b0070ad3c498883c9367c09a2be785abc55cd226097a3a982117283f82a03a143efd3ff5dd36d64e861be7fd61d2827db279cce145077d454a3664d4e6da4d29ee03725a6a4dafcd0fc67d2aea70529513e3da2677fa5906c5b3f7d8f92f228bda40dda721470f9fbf297b5aea617646fac5c03272e970727c621a79141ef5f7de6505e5bfbc388e93343694093934ae4d357-S2N-OpenSSL-TLS1.3-P-256-TLS_CHACHA20_POLY1305_SHA256]" time="0.560" /><testcase classname="test_external_psk" name="test_s2n_server_multiple_psks[4ecd0eb6ec3b4d87f5d6028f922ca4c5851a277fd41311c9e62d2c9492e1c4f3-2c035d829359ee5ff7af4ec900000000262a6494dc486d2c8a34cb33fa90bf1b0070ad3c498883c9367c09a2be785abc55cd226097a3a982117283f82a03a143efd3ff5dd36d64e861be7fd61d2827db279cce145077d454a3664d4e6da4d29ee03725a6a4dafcd0fc67d2aea70529513e3da2677fa5906c5b3f7d8f92f228bda40dda721470f9fbf297b5aea617646fac5c03272e970727c621a79141ef5f7de6505e5bfbc388e93343694093934ae4d357-S2N-OpenSSL-TLS1.3-P-521-TLS_AES_256_GCM_SHA384]" time="0.001"><skipped type="pytest.skip" message="Skipped">/home/dougch/gitrepos/s2n-tls/tests/integrationv2/test_external_psk.py:93: Skipped</skipped></testcase><testcase classname="test_external_psk" name="test_s2n_server_psk_connection[a64dafcd0fc67d2a-2c035d829359ee5ff7af4ec900000000262a6494dc486d2c8a34cb33fa90bf1b0070ad3c498883c9367c09a2be785abc55cd226097a3a982117283f82a03a143efd3ff5dd36d64e861be7fd61d2827db279cce145077d454a3664d4e6da4d29ee03725a6a4dafcd0fc67d2aea70529513e3da2677fa5906c5b3f7d8f92f228bda40dda721470f9fbf297b5aea617646fac5c03272e970727c621a79141ef5f7de6505e5bfbc388e93343694093934ae4d357-S2N-OpenSSL-TLS1.3-X25519-TLS_AES_128_GCM_SHA256]" time="0.616" /><testcase classname="test_external_psk" name="test_s2n_server_multiple_psks[4ecd0eb6ec3b4d87f5d6028f922ca4c5851a277fd41311c9e62d2c9492e1c4f3-2c035d829359ee5ff7af4ec900000000262a6494dc486d2c8a34cb33fa90bf1b0070ad3c498883c9367c09a2be785abc55cd226097a3a982117283f82a03a143efd3ff5dd36d64e861be7fd61d2827db279cce145077d454a3664d4e6da4d29ee03725a6a4dafcd0fc67d2aea70529513e3da2677fa5906c5b3f7d8f92f228bda40dda721470f9fbf297b5aea617646fac5c03272e970727c621a79141ef5f7de6505e5bfbc388e93343694093934ae4d357-S2N-S2N-TLS1.3-X25519-TLS_AES_128_GCM_SHA256]" time="0.581" /><testcase classname="test_external_psk" name="test_s2n_server_multiple_psks[4ecd0eb6ec3b4d87f5d6028f922ca4c5851a277fd41311c9e62d2c9492e1c4f3-2c035d829359ee5ff7af4ec900000000262a6494dc486d2c8a34cb33fa90bf1b0070ad3c498883c9367c09a2be785abc55cd226097a3a982117283f82a03a143efd3ff5dd36d64e861be7fd61d2827db279cce145077d454a3664d4e6da4d29ee03725a6a4dafcd0fc67d2aea70529513e3da2677fa5906c5b3f7d8f92f228bda40dda721470f9fbf297b5aea617646fac5c03272e970727c621a79141ef5f7de6505e5bfbc388e93343694093934ae4d357-S2N-OpenSSL-TLS1.3-X25519-TLS_CHACHA20_POLY1305_SHA256]" time="0.577" /><testcase classname="test_external_psk" name="test_s2n_server_multiple_psks[4ecd0eb6ec3b4d87f5d6028f922ca4c5851a277fd41311c9e62d2c9492e1c4f3-2c035d829359ee5ff7af4ec900000000262a6494dc486d2c8a34cb33fa90bf1b0070ad3c498883c9367c09a2be785abc55cd226097a3a982117283f82a03a143efd3ff5dd36d64e861be7fd61d2827db279cce145077d454a3664d4e6da4d29ee03725a6a4dafcd0fc67d2aea70529513e3da2677fa5906c5b3f7d8f92f228bda40dda721470f9fbf297b5aea617646fac5c03272e970727c621a79141ef5f7de6505e5bfbc388e93343694093934ae4d357-S2N-OpenSSL-TLS1.3-P-521-TLS_AES_128_GCM_SHA256]" time="0.584" /><testcase classname="test_external_psk" name="test_s2n_server_multiple_psks[4ecd0eb6ec3b4d87f5d6028f922ca4c5851a277fd41311c9e62d2c9492e1c4f3-2c035d829359ee5ff7af4ec900000000262a6494dc486d2c8a34cb33fa90bf1b0070ad3c498883c9367c09a2be785abc55cd226097a3a982117283f82a03a143efd3ff5dd36d64e861be7fd61d2827db279cce145077d454a3664d4e6da4d29ee03725a6a4dafcd0fc67d2aea70529513e3da2677fa5906c5b3f7d8f92f228bda40dda721470f9fbf297b5aea617646fac5c03272e970727c621a79141ef5f7de6505e5bfbc388e93343694093934ae4d357-S2N-OpenSSL-TLS1.3-P-384-TLS_AES_256_GCM_SHA384]" time="0.001"><skipped type="pytest.skip" message="Skipped">/home/dougch/gitrepos/s2n-tls/tests/integrationv2/test_external_psk.py:93: Skipped</skipped></testcase><testcase classname="test_external_psk" name="test_s2n_server_psk_connection[a64dafcd0fc67d2a-2c035d829359ee5ff7af4ec900000000262a6494dc486d2c8a34cb33fa90bf1b0070ad3c498883c9367c09a2be785abc55cd226097a3a982117283f82a03a143efd3ff5dd36d64e861be7fd61d2827db279cce145077d454a3664d4e6da4d29ee03725a6a4dafcd0fc67d2aea70529513e3da2677fa5906c5b3f7d8f92f228bda40dda721470f9fbf297b5aea617646fac5c03272e970727c621a79141ef5f7de6505e5bfbc388e93343694093934ae4d357-S2N-S2N-TLS1.3-P-256-TLS_CHACHA20_POLY1305_SHA256]" time="0.602" /><testcase classname="test_external_psk" name="test_s2n_server_psk_connection[a64dafcd0fc67d2a-2c035d829359ee5ff7af4ec900000000262a6494dc486d2c8a34cb33fa90bf1b0070ad3c498883c9367c09a2be785abc55cd226097a3a982117283f82a03a143efd3ff5dd36d64e861be7fd61d2827db279cce145077d454a3664d4e6da4d29ee03725a6a4dafcd0fc67d2aea70529513e3da2677fa5906c5b3f7d8f92f228bda40dda721470f9fbf297b5aea617646fac5c03272e970727c621a79141ef5f7de6505e5bfbc388e93343694093934ae4d357-S2N-S2N-TLS1.3-X25519-TLS_CHACHA20_POLY1305_SHA256]" time="0.566" /><testcase classname="test_external_psk" name="test_s2n_server_psk_connection[a64dafcd0fc67d2a-2c035d829359ee5ff7af4ec900000000262a6494dc486d2c8a34cb33fa90bf1b0070ad3c498883c9367c09a2be785abc55cd226097a3a982117283f82a03a143efd3ff5dd36d64e861be7fd61d2827db279cce145077d454a3664d4e6da4d29ee03725a6a4dafcd0fc67d2aea70529513e3da2677fa5906c5b3f7d8f92f228bda40dda721470f9fbf297b5aea617646fac5c03272e970727c621a79141ef5f7de6505e5bfbc388e93343694093934ae4d357-S2N-S2N-TLS1.3-X25519-TLS_AES_256_GCM_SHA384]" time="0.599" /><testcase classname="test_external_psk" name="test_s2n_server_multiple_psks[4ecd0eb6ec3b4d87f5d6028f922ca4c5851a277fd41311c9e62d2c9492e1c4f3-2c035d829359ee5ff7af4ec900000000262a6494dc486d2c8a34cb33fa90bf1b0070ad3c498883c9367c09a2be785abc55cd226097a3a982117283f82a03a143efd3ff5dd36d64e861be7fd61d2827db279cce145077d454a3664d4e6da4d29ee03725a6a4dafcd0fc67d2aea70529513e3da2677fa5906c5b3f7d8f92f228bda40dda721470f9fbf297b5aea617646fac5c03272e970727c621a79141ef5f7de6505e5bfbc388e93343694093934ae4d357-S2N-S2N-TLS1.3-P-384-TLS_AES_128_GCM_SHA256]" time="0.542" /><testcase classname="test_external_psk" name="test_s2n_server_psk_connection[a64dafcd0fc67d2a-2c035d829359ee5ff7af4ec900000000262a6494dc486d2c8a34cb33fa90bf1b0070ad3c498883c9367c09a2be785abc55cd226097a3a982117283f82a03a143efd3ff5dd36d64e861be7fd61d2827db279cce145077d454a3664d4e6da4d29ee03725a6a4dafcd0fc67d2aea70529513e3da2677fa5906c5b3f7d8f92f228bda40dda721470f9fbf297b5aea617646fac5c03272e970727c621a79141ef5f7de6505e5bfbc388e93343694093934ae4d357-S2N-OpenSSL-TLS1.3-P-521-TLS_CHACHA20_POLY1305_SHA256]" time="0.613" /><testcase classname="test_external_psk" name="test_s2n_server_multiple_psks[4ecd0eb6ec3b4d87f5d6028f922ca4c5851a277fd41311c9e62d2c9492e1c4f3-2c035d829359ee5ff7af4ec900000000262a6494dc486d2c8a34cb33fa90bf1b0070ad3c498883c9367c09a2be785abc55cd226097a3a982117283f82a03a143efd3ff5dd36d64e861be7fd61d2827db279cce145077d454a3664d4e6da4d29ee03725a6a4dafcd0fc67d2aea70529513e3da2677fa5906c5b3f7d8f92f228bda40dda721470f9fbf297b5aea617646fac5c03272e970727c621a79141ef5f7de6505e5bfbc388e93343694093934ae4d357-S2N-S2N-TLS1.3-P-521-TLS_CHACHA20_POLY1305_SHA256]" time="0.585" /><testcase classname="test_external_psk" name="test_s2n_server_multiple_psks[4ecd0eb6ec3b4d87f5d6028f922ca4c5851a277fd41311c9e62d2c9492e1c4f3-psk_identity-S2N-OpenSSL-TLS1.3-P-256-TLS_AES_256_GCM_SHA384]" time="0.001"><skipped type="pytest.skip" message="Skipped">/home/dougch/gitrepos/s2n-tls/tests/integrationv2/test_external_psk.py:93: Skipped</skipped></testcase><testcase classname="test_external_psk" name="test_s2n_server_multiple_psks[4ecd0eb6ec3b4d87f5d6028f922ca4c5851a277fd41311c9e62d2c9492e1c4f3-2c035d829359ee5ff7af4ec900000000262a6494dc486d2c8a34cb33fa90bf1b0070ad3c498883c9367c09a2be785abc55cd226097a3a982117283f82a03a143efd3ff5dd36d64e861be7fd61d2827db279cce145077d454a3664d4e6da4d29ee03725a6a4dafcd0fc67d2aea70529513e3da2677fa5906c5b3f7d8f92f228bda40dda721470f9fbf297b5aea617646fac5c03272e970727c621a79141ef5f7de6505e5bfbc388e93343694093934ae4d357-S2N-S2N-TLS1.3-P-384-TLS_CHACHA20_POLY1305_SHA256]" time="0.583" /><testcase classname="test_external_psk" name="test_s2n_server_multiple_psks[4ecd0eb6ec3b4d87f5d6028f922ca4c5851a277fd41311c9e62d2c9492e1c4f3-psk_identity-S2N-OpenSSL-TLS1.3-X25519-TLS_AES_256_GCM_SHA384]" time="0.001"><skipped type="pytest.skip" message="Skipped">/home/dougch/gitrepos/s2n-tls/tests/integrationv2/test_external_psk.py:93: Skipped</skipped></testcase><testcase classname="test_external_psk" name="test_s2n_server_multiple_psks[4ecd0eb6ec3b4d87f5d6028f922ca4c5851a277fd41311c9e62d2c9492e1c4f3-2c035d829359ee5ff7af4ec900000000262a6494dc486d2c8a34cb33fa90bf1b0070ad3c498883c9367c09a2be785abc55cd226097a3a982117283f82a03a143efd3ff5dd36d64e861be7fd61d2827db279cce145077d454a3664d4e6da4d29ee03725a6a4dafcd0fc67d2aea70529513e3da2677fa5906c5b3f7d8f92f228bda40dda721470f9fbf297b5aea617646fac5c03272e970727c621a79141ef5f7de6505e5bfbc388e93343694093934ae4d357-S2N-S2N-TLS1.3-P-256-TLS_AES_128_GCM_SHA256]" time="0.561" /><testcase classname="test_external_psk" name="test_s2n_server_psk_connection[a64dafcd0fc67d2a-2c035d829359ee5ff7af4ec900000000262a6494dc486d2c8a34cb33fa90bf1b0070ad3c498883c9367c09a2be785abc55cd226097a3a982117283f82a03a143efd3ff5dd36d64e861be7fd61d2827db279cce145077d454a3664d4e6da4d29ee03725a6a4dafcd0fc67d2aea70529513e3da2677fa5906c5b3f7d8f92f228bda40dda721470f9fbf297b5aea617646fac5c03272e970727c621a79141ef5f7de6505e5bfbc388e93343694093934ae4d357-S2N-S2N-TLS1.3-P-521-TLS_AES_256_GCM_SHA384]" time="0.618" /><testcase classname="test_external_psk" name="test_s2n_server_psk_connection[a64dafcd0fc67d2a-2c035d829359ee5ff7af4ec900000000262a6494dc486d2c8a34cb33fa90bf1b0070ad3c498883c9367c09a2be785abc55cd226097a3a982117283f82a03a143efd3ff5dd36d64e861be7fd61d2827db279cce145077d454a3664d4e6da4d29ee03725a6a4dafcd0fc67d2aea70529513e3da2677fa5906c5b3f7d8f92f228bda40dda721470f9fbf297b5aea617646fac5c03272e970727c621a79141ef5f7de6505e5bfbc388e93343694093934ae4d357-S2N-S2N-TLS1.3-P-384-TLS_AES_256_GCM_SHA384]" time="0.585" /><testcase classname="test_external_psk" name="test_s2n_server_psk_connection[a64dafcd0fc67d2a-2c035d829359ee5ff7af4ec900000000262a6494dc486d2c8a34cb33fa90bf1b0070ad3c498883c9367c09a2be785abc55cd226097a3a982117283f82a03a143efd3ff5dd36d64e861be7fd61d2827db279cce145077d454a3664d4e6da4d29ee03725a6a4dafcd0fc67d2aea70529513e3da2677fa5906c5b3f7d8f92f228bda40dda721470f9fbf297b5aea617646fac5c03272e970727c621a79141ef5f7de6505e5bfbc388e93343694093934ae4d357-S2N-S2N-TLS1.3-P-521-TLS_AES_128_GCM_SHA256]" time="0.571" /><testcase classname="test_external_psk" name="test_s2n_server_multiple_psks[4ecd0eb6ec3b4d87f5d6028f922ca4c5851a277fd41311c9e62d2c9492e1c4f3-psk_identity-S2N-OpenSSL-TLS1.3-P-256-TLS_CHACHA20_POLY1305_SHA256]" time="0.571" /><testcase classname="test_external_psk" name="test_s2n_server_multiple_psks[4ecd0eb6ec3b4d87f5d6028f922ca4c5851a277fd41311c9e62d2c9492e1c4f3-psk_identity-S2N-OpenSSL-TLS1.3-P-521-TLS_AES_256_GCM_SHA384]" time="0.001"><skipped type="pytest.skip" message="Skipped">/home/dougch/gitrepos/s2n-tls/tests/integrationv2/test_external_psk.py:93: Skipped</skipped></testcase><testcase classname="test_external_psk" name="test_s2n_server_psk_connection[a64dafcd0fc67d2a-2c035d829359ee5ff7af4ec900000000262a6494dc486d2c8a34cb33fa90bf1b0070ad3c498883c9367c09a2be785abc55cd226097a3a982117283f82a03a143efd3ff5dd36d64e861be7fd61d2827db279cce145077d454a3664d4e6da4d29ee03725a6a4dafcd0fc67d2aea70529513e3da2677fa5906c5b3f7d8f92f228bda40dda721470f9fbf297b5aea617646fac5c03272e970727c621a79141ef5f7de6505e5bfbc388e93343694093934ae4d357-S2N-S2N-TLS1.3-P-256-TLS_AES_256_GCM_SHA384]" time="0.519" /><testcase classname="test_external_psk" name="test_s2n_server_multiple_psks[4ecd0eb6ec3b4d87f5d6028f922ca4c5851a277fd41311c9e62d2c9492e1c4f3-psk_identity-S2N-S2N-TLS1.3-X25519-TLS_AES_128_GCM_SHA256]" time="0.555" /><testcase classname="test_external_psk" name="test_s2n_server_multiple_psks[4ecd0eb6ec3b4d87f5d6028f922ca4c5851a277fd41311c9e62d2c9492e1c4f3-psk_identity-S2N-OpenSSL-TLS1.3-X25519-TLS_CHACHA20_POLY1305_SHA256]" time="0.559" /><testcase classname="test_external_psk" name="test_s2n_server_multiple_psks[4ecd0eb6ec3b4d87f5d6028f922ca4c5851a277fd41311c9e62d2c9492e1c4f3-psk_identity-S2N-OpenSSL-TLS1.3-P-384-TLS_AES_256_GCM_SHA384]" time="0.001"><skipped type="pytest.skip" message="Skipped">/home/dougch/gitrepos/s2n-tls/tests/integrationv2/test_external_psk.py:93: Skipped</skipped></testcase><testcase classname="test_external_psk" name="test_s2n_server_multiple_psks[4ecd0eb6ec3b4d87f5d6028f922ca4c5851a277fd41311c9e62d2c9492e1c4f3-psk_identity-S2N-OpenSSL-TLS1.3-P-521-TLS_AES_128_GCM_SHA256]" time="0.572" /><testcase classname="test_external_psk" name="test_s2n_server_psk_connection[a64dafcd0fc67d2a-psk_identity-S2N-OpenSSL-TLS1.3-P-384-TLS_AES_128_GCM_SHA256]" time="0.582" /><testcase classname="test_external_psk" name="test_s2n_server_psk_connection[a64dafcd0fc67d2a-psk_identity-S2N-OpenSSL-TLS1.3-P-256-TLS_AES_128_GCM_SHA256]" time="0.589" /><testcase classname="test_external_psk" name="test_s2n_server_psk_connection[a64dafcd0fc67d2a-psk_identity-S2N-OpenSSL-TLS1.3-P-384-TLS_CHACHA20_POLY1305_SHA256]" time="0.596" /><testcase classname="test_external_psk" name="test_s2n_server_psk_connection[a64dafcd0fc67d2a-psk_identity-S2N-OpenSSL-TLS1.3-X25519-TLS_AES_128_GCM_SHA256]" time="0.565" /><testcase classname="test_external_psk" name="test_s2n_server_multiple_psks[4ecd0eb6ec3b4d87f5d6028f922ca4c5851a277fd41311c9e62d2c9492e1c4f3-psk_identity-S2N-S2N-TLS1.3-P-384-TLS_AES_128_GCM_SHA256]" time="0.601" /><testcase classname="test_external_psk" name="test_s2n_server_multiple_psks[4ecd0eb6ec3b4d87f5d6028f922ca4c5851a277fd41311c9e62d2c9492e1c4f3-psk_identity-S2N-S2N-TLS1.3-P-521-TLS_CHACHA20_POLY1305_SHA256]" time="0.556" /><testcase classname="test_external_psk" name="test_s2n_server_multiple_psks[4ecd0eb6ec3b4d87f5d6028f922ca4c5851a277fd41311c9e62d2c9492e1c4f3-test_psk_identity-S2N-OpenSSL-TLS1.3-P-256-TLS_AES_256_GCM_SHA384]" time="0.001"><skipped type="pytest.skip" message="Skipped">/home/dougch/gitrepos/s2n-tls/tests/integrationv2/test_external_psk.py:93: Skipped</skipped></testcase><testcase classname="test_external_psk" name="test_s2n_server_multiple_psks[4ecd0eb6ec3b4d87f5d6028f922ca4c5851a277fd41311c9e62d2c9492e1c4f3-psk_identity-S2N-S2N-TLS1.3-P-384-TLS_CHACHA20_POLY1305_SHA256]" time="0.570" /><testcase classname="test_external_psk" name="test_s2n_server_multiple_psks[4ecd0eb6ec3b4d87f5d6028f922ca4c5851a277fd41311c9e62d2c9492e1c4f3-test_psk_identity-S2N-OpenSSL-TLS1.3-X25519-TLS_AES_256_GCM_SHA384]" time="0.001"><skipped type="pytest.skip" message="Skipped">/home/dougch/gitrepos/s2n-tls/tests/integrationv2/test_external_psk.py:93: Skipped</skipped></testcase><testcase classname="test_external_psk" name="test_s2n_server_multiple_psks[4ecd0eb6ec3b4d87f5d6028f922ca4c5851a277fd41311c9e62d2c9492e1c4f3-psk_identity-S2N-S2N-TLS1.3-P-256-TLS_AES_128_GCM_SHA256]" time="0.578" /><testcase classname="test_external_psk" name="test_s2n_server_psk_connection[a64dafcd0fc67d2a-psk_identity-S2N-S2N-TLS1.3-X25519-TLS_CHACHA20_POLY1305_SHA256]" time="0.575" /><testcase classname="test_external_psk" name="test_s2n_server_psk_connection[a64dafcd0fc67d2a-psk_identity-S2N-S2N-TLS1.3-P-256-TLS_CHACHA20_POLY1305_SHA256]" time="0.615" /><testcase classname="test_external_psk" name="test_s2n_server_psk_connection[a64dafcd0fc67d2a-psk_identity-S2N-S2N-TLS1.3-X25519-TLS_AES_256_GCM_SHA384]" time="0.603" /><testcase classname="test_external_psk" name="test_s2n_server_psk_connection[a64dafcd0fc67d2a-psk_identity-S2N-OpenSSL-TLS1.3-P-521-TLS_CHACHA20_POLY1305_SHA256]" time="0.562" /><testcase classname="test_external_psk" name="test_s2n_server_multiple_psks[4ecd0eb6ec3b4d87f5d6028f922ca4c5851a277fd41311c9e62d2c9492e1c4f3-test_psk_identity-S2N-OpenSSL-TLS1.3-P-256-TLS_CHACHA20_POLY1305_SHA256]" time="0.574" /><testcase classname="test_exter
[...]
test_external_psk" name="test_s2n_client_psk_handshake_failure[a6dadae4567876-psk_identity-OpenSSL-TLS1.3-X25519-TLS_AES_256_GCM_SHA384]" time="0.001"><skipped type="pytest.skip" message="Skipped">/home/dougch/gitrepos/s2n-tls/tests/integrationv2/test_external_psk.py:93: Skipped</skipped></testcase><testcase classname="test_external_psk" name="test_s2n_client_multiple_psks[a64dafcd0fc67d2a-psk_identity-S2N-S2N-TLS1.3-P-521-TLS_AES_128_GCM_SHA256]" time="0.550" /><testcase classname="test_external_psk" name="test_s2n_client_multiple_psks[a64dafcd0fc67d2a-test_psk_identity-S2N-S2N-TLS1.3-P-256-TLS_AES_128_GCM_SHA256]" time="0.589" /><testcase classname="test_external_psk" name="test_s2n_client_psk_handshake_failure[a6dadae4567876-psk_identity-OpenSSL-TLS1.3-P-256-TLS_AES_128_GCM_SHA256]" time="0.009" /><testcase classname="test_external_psk" name="test_s2n_client_psk_handshake_failure[a6dadae4567876-psk_identity-OpenSSL-TLS1.3-P-384-TLS_CHACHA20_POLY1305_SHA256]" time="0.009" /><testcase classname="test_external_psk" name="test_s2n_client_psk_handshake_failure[a6dadae4567876-psk_identity-OpenSSL-TLS1.3-P-384-TLS_AES_128_GCM_SHA256]" time="0.010" /><testcase classname="test_external_psk" name="test_s2n_client_psk_handshake_failure[a6dadae4567876-psk_identity-OpenSSL-TLS1.3-P-521-TLS_CHACHA20_POLY1305_SHA256]" time="0.009" /><testcase classname="test_external_psk" name="test_s2n_client_multiple_psks[a64dafcd0fc67d2a-2c035d829359ee5ff7af4ec900000000262a6494dc486d2c8a34cb33fa90bf1b0070ad3c498883c9367c09a2be785abc55cd226097a3a982117283f82a03a143efd3ff5dd36d64e861be7fd61d2827db279cce145077d454a3664d4e6da4d29ee03725a6a4dafcd0fc67d2aea70529513e3da2677fa5906c5b3f7d8f92f228bda40dda721470f9fbf297b5aea617646fac5c03272e970727c621a79141ef5f7de6505e5bfbc388e93343694093934ae4d357-S2N-S2N-TLS1.3-P-521-TLS_AES_256_GCM_SHA384]" time="0.590" /><testcase classname="test_external_psk" name="test_s2n_client_psk_handshake_failure[a6dadae4567876-psk_identity-OpenSSL-TLS1.3-P-521-TLS_AES_256_GCM_SHA384]" time="0.001"><skipped type="pytest.skip" message="Skipped">/home/dougch/gitrepos/s2n-tls/tests/integrationv2/test_external_psk.py:93: Skipped</skipped></testcase><testcase classname="test_external_psk" name="test_s2n_client_psk_handshake_failure[a6dadae4567876-psk_identity-OpenSSL-TLS1.3-P-384-TLS_AES_256_GCM_SHA384]" time="0.001"><skipped type="pytest.skip" message="Skipped">/home/dougch/gitrepos/s2n-tls/tests/integrationv2/test_external_psk.py:93: Skipped</skipped></testcase><testcase classname="test_external_psk" name="test_s2n_client_psk_handshake_failure[a6dadae4567876-psk_identity-OpenSSL-TLS1.3-P-521-TLS_AES_128_GCM_SHA256]" time="0.009" /><testcase classname="test_external_psk" name="test_s2n_client_multiple_psks[a64dafcd0fc67d2a-psk_identity-S2N-S2N-TLS1.3-P-384-TLS_AES_128_GCM_SHA256]" time="0.607" /><testcase classname="test_external_psk" name="test_s2n_client_psk_handshake_failure[a6dadae4567876-test_psk_identity-OpenSSL-TLS1.3-X25519-TLS_AES_256_GCM_SHA384]" time="0.001"><skipped type="pytest.skip" message="Skipped">/home/dougch/gitrepos/s2n-tls/tests/integrationv2/test_external_psk.py:93: Skipped</skipped></testcase><testcase classname="test_external_psk" name="test_s2n_client_multiple_psks[a64dafcd0fc67d2a-psk_identity-S2N-OpenSSL-TLS1.3-X25519-TLS_CHACHA20_POLY1305_SHA256]" time="0.051" /><testcase classname="test_external_psk" name="test_s2n_client_psk_handshake_failure[a6dadae4567876-test_psk_identity-OpenSSL-TLS1.3-X25519-TLS_CHACHA20_POLY1305_SHA256]" time="0.009" /><testcase classname="test_external_psk" name="test_s2n_client_psk_handshake_failure[a6dadae4567876-test_psk_identity-OpenSSL-TLS1.3-P-256-TLS_CHACHA20_POLY1305_SHA256]" time="0.010" /><testcase classname="test_external_psk" name="test_s2n_client_psk_handshake_failure[a6dadae4567876-test_psk_identity-OpenSSL-TLS1.3-P-256-TLS_AES_256_GCM_SHA384]" time="0.001"><skipped type="pytest.skip" message="Skipped">/home/dougch/gitrepos/s2n-tls/tests/integrationv2/test_external_psk.py:93: Skipped</skipped></testcase><testcase classname="test_external_psk" name="test_s2n_client_psk_handshake_failure[a6dadae4567876-test_psk_identity-OpenSSL-TLS1.3-P-256-TLS_AES_128_GCM_SHA256]" time="0.010" /><testcase classname="test_external_psk" name="test_s2n_client_multiple_psks[a64dafcd0fc67d2a-psk_identity-S2N-OpenSSL-TLS1.3-X25519-TLS_AES_128_GCM_SHA256]" time="0.050" /><testcase classname="test_external_psk" name="test_s2n_client_multiple_psks[a64dafcd0fc67d2a-psk_identity-S2N-OpenSSL-TLS1.3-X25519-TLS_AES_256_GCM_SHA384]" time="0.001"><skipped type="pytest.skip" message="Skipped">/home/dougch/gitrepos/s2n-tls/tests/integrationv2/test_external_psk.py:93: Skipped</skipped></testcase><testcase classname="test_external_psk" name="test_s2n_client_psk_handshake_failure[a6dadae4567876-test_psk_identity-OpenSSL-TLS1.3-P-384-TLS_CHACHA20_POLY1305_SHA256]" time="0.009" /><testcase classname="test_external_psk" name="test_s2n_client_psk_handshake_failure[a6dadae4567876-test_psk_identity-OpenSSL-TLS1.3-P-384-TLS_AES_256_GCM_SHA384]" time="0.001"><skipped type="pytest.skip" message="Skipped">/home/dougch/gitrepos/s2n-tls/tests/integrationv2/test_external_psk.py:93: Skipped</skipped></testcase><testcase classname="test_external_psk" name="test_s2n_client_psk_handshake_failure[a6dadae4567876-test_psk_identity-OpenSSL-TLS1.3-P-521-TLS_CHACHA20_POLY1305_SHA256]" time="0.009" /><testcase classname="test_external_psk" name="test_s2n_client_psk_handshake_failure[a64dafcd0fc67d2a-2c035d829359ee5ff7af4ec900000000262a6494dc486d2c8a34cb33fa90bf1b0070ad3c498883c9367c09a2be785abc55cd226097a3a982117283f82a03a143efd3ff5dd36d64e861be7fd61d2827db279cce145077d454a3664d4e6da4d29ee03725a6a4dafcd0fc67d2aea70529513e3da2677fa5906c5b3f7d8f92f228bda40dda721470f9fbf297b5aea617646fac5c03272e970727c621a79141ef5f7de6505e5bfbc388e93343694093934ae4d357-OpenSSL-TLS1.3-X25519-TLS_AES_128_GCM_SHA256]" time="0.009" /><testcase classname="test_external_psk" name="test_s2n_client_psk_handshake_failure[a6dadae4567876-test_psk_identity-OpenSSL-TLS1.3-P-521-TLS_AES_128_GCM_SHA256]" time="0.009" /><testcase classname="test_external_psk" name="test_s2n_client_psk_handshake_failure[a6dadae4567876-test_psk_identity-OpenSSL-TLS1.3-P-521-TLS_AES_256_GCM_SHA384]" time="0.002"><skipped type="pytest.skip" message="Skipped">/home/dougch/gitrepos/s2n-tls/tests/integrationv2/test_external_psk.py:93: Skipped</skipped></testcase><testcase classname="test_external_psk" name="test_s2n_client_psk_handshake_failure[a64dafcd0fc67d2a-2c035d829359ee5ff7af4ec900000000262a6494dc486d2c8a34cb33fa90bf1b0070ad3c498883c9367c09a2be785abc55cd226097a3a982117283f82a03a143efd3ff5dd36d64e861be7fd61d2827db279cce145077d454a3664d4e6da4d29ee03725a6a4dafcd0fc67d2aea70529513e3da2677fa5906c5b3f7d8f92f228bda40dda721470f9fbf297b5aea617646fac5c03272e970727c621a79141ef5f7de6505e5bfbc388e93343694093934ae4d357-OpenSSL-TLS1.3-X25519-TLS_CHACHA20_POLY1305_SHA256]" time="0.010" /><testcase classname="test_external_psk" name="test_s2n_client_psk_handshake_failure[a64dafcd0fc67d2a-2c035d829359ee5ff7af4ec900000000262a6494dc486d2c8a34cb33fa90bf1b0070ad3c498883c9367c09a2be785abc55cd226097a3a982117283f82a03a143efd3ff5dd36d64e861be7fd61d2827db279cce145077d454a3664d4e6da4d29ee03725a6a4dafcd0fc67d2aea70529513e3da2677fa5906c5b3f7d8f92f228bda40dda721470f9fbf297b5aea617646fac5c03272e970727c621a79141ef5f7de6505e5bfbc388e93343694093934ae4d357-OpenSSL-TLS1.3-X25519-TLS_AES_256_GCM_SHA384]" time="0.001"><skipped type="pytest.skip" message="Skipped">/home/dougch/gitrepos/s2n-tls/tests/integrationv2/test_external_psk.py:93: Skipped</skipped></testcase><testcase classname="test_external_psk" name="test_s2n_client_psk_handshake_failure[a64dafcd0fc67d2a-2c035d829359ee5ff7af4ec900000000262a6494dc486d2c8a34cb33fa90bf1b0070ad3c498883c9367c09a2be785abc55cd226097a3a982117283f82a03a143efd3ff5dd36d64e861be7fd61d2827db279cce145077d454a3664d4e6da4d29ee03725a6a4dafcd0fc67d2aea70529513e3da2677fa5906c5b3f7d8f92f228bda40dda721470f9fbf297b5aea617646fac5c03272e970727c621a79141ef5f7de6505e5bfbc388e93343694093934ae4d357-OpenSSL-TLS1.3-P-256-TLS_CHACHA20_POLY1305_SHA256]" time="0.009" /><testcase classname="test_external_psk" name="test_s2n_client_psk_handshake_failure[a64dafcd0fc67d2a-2c035d829359ee5ff7af4ec900000000262a6494dc486d2c8a34cb33fa90bf1b0070ad3c498883c9367c09a2be785abc55cd226097a3a982117283f82a03a143efd3ff5dd36d64e861be7fd61d2827db279cce145077d454a3664d4e6da4d29ee03725a6a4dafcd0fc67d2aea70529513e3da2677fa5906c5b3f7d8f92f228bda40dda721470f9fbf297b5aea617646fac5c03272e970727c621a79141ef5f7de6505e5bfbc388e93343694093934ae4d357-OpenSSL-TLS1.3-P-256-TLS_AES_256_GCM_SHA384]" time="0.001"><skipped type="pytest.skip" message="Skipped">/home/dougch/gitrepos/s2n-tls/tests/integrationv2/test_external_psk.py:93: Skipped</skipped></testcase><testcase classname="test_external_psk" name="test_s2n_client_psk_handshake_failure[a64dafcd0fc67d2a-2c035d829359ee5ff7af4ec900000000262a6494dc486d2c8a34cb33fa90bf1b0070ad3c498883c9367c09a2be785abc55cd226097a3a982117283f82a03a143efd3ff5dd36d64e861be7fd61d2827db279cce145077d454a3664d4e6da4d29ee03725a6a4dafcd0fc67d2aea70529513e3da2677fa5906c5b3f7d8f92f228bda40dda721470f9fbf297b5aea617646fac5c03272e970727c621a79141ef5f7de6505e5bfbc388e93343694093934ae4d357-OpenSSL-TLS1.3-P-256-TLS_AES_128_GCM_SHA256]" time="0.010" /><testcase classname="test_external_psk" name="test_s2n_client_psk_handshake_failure[a64dafcd0fc67d2a-2c035d829359ee5ff7af4ec900000000262a6494dc486d2c8a34cb33fa90bf1b0070ad3c498883c9367c09a2be785abc55cd226097a3a982117283f82a03a143efd3ff5dd36d64e861be7fd61d2827db279cce145077d454a3664d4e6da4d29ee03725a6a4dafcd0fc67d2aea70529513e3da2677fa5906c5b3f7d8f92f228bda40dda721470f9fbf297b5aea617646fac5c03272e970727c621a79141ef5f7de6505e5bfbc388e93343694093934ae4d357-OpenSSL-TLS1.3-P-384-TLS_CHACHA20_POLY1305_SHA256]" time="0.010" /><testcase classname="test_external_psk" name="test_s2n_client_psk_handshake_failure[a64dafcd0fc67d2a-2c035d829359ee5ff7af4ec900000000262a6494dc486d2c8a34cb33fa90bf1b0070ad3c498883c9367c09a2be785abc55cd226097a3a982117283f82a03a143efd3ff5dd36d64e861be7fd61d2827db279cce145077d454a3664d4e6da4d29ee03725a6a4dafcd0fc67d2aea70529513e3da2677fa5906c5b3f7d8f92f228bda40dda721470f9fbf297b5aea617646fac5c03272e970727c621a79141ef5f7de6505e5bfbc388e93343694093934ae4d357-OpenSSL-TLS1.3-P-384-TLS_AES_128_GCM_SHA256]" time="0.009" /><testcase classname="test_external_psk" name="test_s2n_client_psk_handshake_failure[a64dafcd0fc67d2a-2c035d829359ee5ff7af4ec900000000262a6494dc486d2c8a34cb33fa90bf1b0070ad3c498883c9367c09a2be785abc55cd226097a3a982117283f82a03a143efd3ff5dd36d64e861be7fd61d2827db279cce145077d454a3664d4e6da4d29ee03725a6a4dafcd0fc67d2aea70529513e3da2677fa5906c5b3f7d8f92f228bda40dda721470f9fbf297b5aea617646fac5c03272e970727c621a79141ef5f7de6505e5bfbc388e93343694093934ae4d357-OpenSSL-TLS1.3-P-384-TLS_AES_256_GCM_SHA384]" time="0.001"><skipped type="pytest.skip" message="Skipped">/home/dougch/gitrepos/s2n-tls/tests/integrationv2/test_external_psk.py:93: Skipped</skipped></testcase><testcase classname="test_external_psk" name="test_s2n_client_psk_handshake_failure[a64dafcd0fc67d2a-2c035d829359ee5ff7af4ec900000000262a6494dc486d2c8a34cb33fa90bf1b0070ad3c498883c9367c09a2be785abc55cd226097a3a982117283f82a03a143efd3ff5dd36d64e861be7fd61d2827db279cce145077d454a3664d4e6da4d29ee03725a6a4dafcd0fc67d2aea70529513e3da2677fa5906c5b3f7d8f92f228bda40dda721470f9fbf297b5aea617646fac5c03272e970727c621a79141ef5f7de6505e5bfbc388e93343694093934ae4d357-OpenSSL-TLS1.3-P-521-TLS_CHACHA20_POLY1305_SHA256]" time="0.010" /><testcase classname="test_external_psk" name="test_s2n_client_psk_handshake_failure[a64dafcd0fc67d2a-2c035d829359ee5ff7af4ec900000000262a6494dc486d2c8a34cb33fa90bf1b0070ad3c498883c9367c09a2be785abc55cd226097a3a982117283f82a03a143efd3ff5dd36d64e861be7fd61d2827db279cce145077d454a3664d4e6da4d29ee03725a6a4dafcd0fc67d2aea70529513e3da2677fa5906c5b3f7d8f92f228bda40dda721470f9fbf297b5aea617646fac5c03272e970727c621a79141ef5f7de6505e5bfbc388e93343694093934ae4d357-OpenSSL-TLS1.3-P-521-TLS_AES_256_GCM_SHA384]" time="0.001"><skipped type="pytest.skip" message="Skipped">/home/dougch/gitrepos/s2n-tls/tests/integrationv2/test_external_psk.py:93: Skipped</skipped></testcase><testcase classname="test_external_psk" name="test_s2n_client_psk_handshake_failure[a64dafcd0fc67d2a-2c035d829359ee5ff7af4ec900000000262a6494dc486d2c8a34cb33fa90bf1b0070ad3c498883c9367c09a2be785abc55cd226097a3a982117283f82a03a143efd3ff5dd36d64e861be7fd61d2827db279cce145077d454a3664d4e6da4d29ee03725a6a4dafcd0fc67d2aea70529513e3da2677fa5906c5b3f7d8f92f228bda40dda721470f9fbf297b5aea617646fac5c03272e970727c621a79141ef5f7de6505e5bfbc388e93343694093934ae4d357-OpenSSL-TLS1.3-P-521-TLS_AES_128_GCM_SHA256]" time="0.009" /><testcase classname="test_external_psk" name="test_s2n_client_psk_handshake_failure[a64dafcd0fc67d2a-psk_identity-OpenSSL-TLS1.3-X25519-TLS_CHACHA20_POLY1305_SHA256]" time="0.009" /><testcase classname="test_external_psk" name="test_s2n_client_psk_handshake_failure[a64dafcd0fc67d2a-psk_identity-OpenSSL-TLS1.3-X25519-TLS_AES_128_GCM_SHA256]" time="0.009" /><testcase classname="test_external_psk" name="test_s2n_client_psk_handshake_failure[a64dafcd0fc67d2a-psk_identity-OpenSSL-TLS1.3-X25519-TLS_AES_256_GCM_SHA384]" time="0.001"><skipped type="pytest.skip" message="Skipped">/home/dougch/gitrepos/s2n-tls/tests/integrationv2/test_external_psk.py:93: Skipped</skipped></testcase><testcase classname="test_external_psk" name="test_s2n_client_psk_handshake_failure[a64dafcd0fc67d2a-psk_identity-OpenSSL-TLS1.3-P-256-TLS_CHACHA20_POLY1305_SHA256]" time="0.009" /><testcase classname="test_external_psk" name="test_s2n_client_psk_handshake_failure[a64dafcd0fc67d2a-psk_identity-OpenSSL-TLS1.3-P-256-TLS_AES_256_GCM_SHA384]" time="0.001"><skipped type="pytest.skip" message="Skipped">/home/dougch/gitrepos/s2n-tls/tests/integrationv2/test_external_psk.py:93: Skipped</skipped></testcase><testcase classname="test_external_psk" name="test_s2n_client_psk_handshake_failure[a64dafcd0fc67d2a-psk_identity-OpenSSL-TLS1.3-P-256-TLS_AES_128_GCM_SHA256]" time="0.010" /><testcase classname="test_external_psk" name="test_s2n_client_psk_handshake_failure[a64dafcd0fc67d2a-psk_identity-OpenSSL-TLS1.3-P-384-TLS_AES_128_GCM_SHA256]" time="0.009" /><testcase classname="test_external_psk" name="test_s2n_client_psk_handshake_failure[a64dafcd0fc67d2a-psk_identity-OpenSSL-TLS1.3-P-384-TLS_CHACHA20_POLY1305_SHA256]" time="0.009" /><testcase classname="test_external_psk" name="test_s2n_client_psk_handshake_failure[a64dafcd0fc67d2a-psk_identity-OpenSSL-TLS1.3-P-384-TLS_AES_256_GCM_SHA384]" time="0.001"><skipped type="pytest.skip" message="Skipped">/home/dougch/gitrepos/s2n-tls/tests/integrationv2/test_external_psk.py:93: Skipped</skipped></testcase><testcase classname="test_external_psk" name="test_s2n_client_psk_handshake_failure[a64dafcd0fc67d2a-psk_identity-OpenSSL-TLS1.3-P-521-TLS_CHACHA20_POLY1305_SHA256]" time="0.009" /><testcase classname="test_external_psk" name="test_s2n_client_psk_handshake_failure[a64dafcd0fc67d2a-psk_identity-OpenSSL-TLS1.3-P-521-TLS_AES_256_GCM_SHA384]" time="0.001"><skipped type="pytest.skip" message="Skipped">/home/dougch/gitrepos/s2n-tls/tests/integrationv2/test_external_psk.py:93: Skipped</skipped></testcase><testcase classname="test_external_psk" name="test_s2n_client_psk_handshake_failure[a64dafcd0fc67d2a-psk_identity-OpenSSL-TLS1.3-P-521-TLS_AES_128_GCM_SHA256]" time="0.009" /><testcase classname="test_external_psk" name="test_s2n_client_psk_handshake_failure[a64dafcd0fc67d2a-test_psk_identity-OpenSSL-TLS1.3-X25519-TLS_CHACHA20_POLY1305_SHA256]" time="0.009" /><testcase classname="test_external_psk" name="test_s2n_client_psk_handshake_failure[a64dafcd0fc67d2a-test_psk_identity-OpenSSL-TLS1.3-X25519-TLS_AES_128_GCM_SHA256]" time="0.009" /><testcase classname="test_external_psk" name="test_s2n_client_psk_handshake_failure[a64dafcd0fc67d2a-test_psk_identity-OpenSSL-TLS1.3-X25519-TLS_AES_256_GCM_SHA384]" time="0.001"><skipped type="pytest.skip" message="Skipped">/home/dougch/gitrepos/s2n-tls/tests/integrationv2/test_external_psk.py:93: Skipped</skipped></testcase><testcase classname="test_external_psk" name="test_s2n_client_psk_handshake_failure[a64dafcd0fc67d2a-test_psk_identity-OpenSSL-TLS1.3-P-256-TLS_CHACHA20_POLY1305_SHA256]" time="0.009" /><testcase classname="test_external_psk" name="test_s2n_client_psk_handshake_failure[a64dafcd0fc67d2a-test_psk_identity-OpenSSL-TLS1.3-P-256-TLS_AES_256_GCM_SHA384]" time="0.001"><skipped type="pytest.skip" message="Skipped">/home/dougch/gitrepos/s2n-tls/tests/integrationv2/test_external_psk.py:93: Skipped</skipped></testcase><testcase classname="test_external_psk" name="test_s2n_client_psk_handshake_failure[a64dafcd0fc67d2a-test_psk_identity-OpenSSL-TLS1.3-P-256-TLS_AES_128_GCM_SHA256]" time="0.009" /><testcase classname="test_external_psk" name="test_s2n_client_psk_handshake_failure[a64dafcd0fc67d2a-test_psk_identity-OpenSSL-TLS1.3-P-384-TLS_AES_128_GCM_SHA256]" time="0.010" /><testcase classname="test_external_psk" name="test_s2n_client_psk_handshake_failure[a64dafcd0fc67d2a-test_psk_identity-OpenSSL-TLS1.3-P-384-TLS_CHACHA20_POLY1305_SHA256]" time="0.009" /><testcase classname="test_external_psk" name="test_s2n_client_psk_handshake_failure[a64dafcd0fc67d2a-test_psk_identity-OpenSSL-TLS1.3-P-384-TLS_AES_256_GCM_SHA384]" time="0.001"><skipped type="pytest.skip" message="Skipped">/home/dougch/gitrepos/s2n-tls/tests/integrationv2/test_external_psk.py:93: Skipped</skipped></testcase><testcase classname="test_external_psk" name="test_s2n_client_psk_handshake_failure[a64dafcd0fc67d2a-test_psk_identity-OpenSSL-TLS1.3-P-521-TLS_CHACHA20_POLY1305_SHA256]" time="0.009" /><testcase classname="test_external_psk" name="test_s2n_client_multiple_psks[a64dafcd0fc67d2a-test_psk_identity-S2N-S2N-TLS1.3-P-256-TLS_AES_256_GCM_SHA384]" time="0.573" /><testcase classname="test_external_psk" name="test_s2n_client_psk_handshake_failure[a64dafcd0fc67d2a-test_psk_identity-OpenSSL-TLS1.3-P-521-TLS_AES_256_GCM_SHA384]" time="0.001"><skipped type="pytest.skip" message="Skipped">/home/dougch/gitrepos/s2n-tls/tests/integrationv2/test_external_psk.py:93: Skipped</skipped></testcase><testcase classname="test_external_psk" name="test_s2n_client_psk_handshake_failure[a64dafcd0fc67d2a-test_psk_identity-OpenSSL-TLS1.3-P-521-TLS_AES_128_GCM_SHA256]" time="0.010" /><testcase classname="test_external_psk" name="test_s2n_client_multiple_psks[a64dafcd0fc67d2a-test_psk_identity-S2N-S2N-TLS1.3-P-521-TLS_CHACHA20_POLY1305_SHA256]" time="0.621" /><testcase classname="test_external_psk" name="test_s2n_client_psk_handshake_failure[a6dadae4567876-test_psk_identity-OpenSSL-TLS1.3-X25519-TLS_AES_128_GCM_SHA256]" time="0.009" /><testcase classname="test_external_psk" name="test_s2n_client_multiple_psks[a64dafcd0fc67d2a-psk_identity-S2N-S2N-TLS1.3-P-521-TLS_AES_256_GCM_SHA384]" time="0.627" /><testcase classname="test_external_psk" name="test_s2n_client_multiple_psks[a64dafcd0fc67d2a-test_psk_identity-S2N-OpenSSL-TLS1.3-X25519-TLS_CHACHA20_POLY1305_SHA256]" time="0.051" /><testcase classname="test_external_psk" name="test_s2n_client_multiple_psks[a64dafcd0fc67d2a-psk_identity-S2N-S2N-TLS1.3-P-384-TLS_AES_256_GCM_SHA384]" time="0.589" /><testcase classname="test_external_psk" name="test_s2n_client_psk_handshake_failure[a6dadae4567876-test_psk_identity-OpenSSL-TLS1.3-P-384-TLS_AES_128_GCM_SHA256]" time="0.009" /><testcase classname="test_external_psk" name="test_s2n_client_multiple_psks[a64dafcd0fc67d2a-test_psk_identity-S2N-OpenSSL-TLS1.3-X25519-TLS_AES_128_GCM_SHA256]" time="0.050" /><testcase classname="test_external_psk" name="test_s2n_client_multiple_psks[a64dafcd0fc67d2a-test_psk_identity-S2N-S2N-TLS1.3-P-521-TLS_AES_128_GCM_SHA256]" time="0.614" /><testcase classname="test_external_psk" name="test_s2n_client_multiple_psks[a64dafcd0fc67d2a-test_psk_identity-S2N-S2N-TLS1.3-P-521-TLS_AES_256_GCM_SHA384]" time="0.608" /></testsuite></testsuites>