<?xml version="1.0" encoding="utf-8"?><testsuites><testsuite name="pytest" errors="0" failures="0" skipped="9" tests="127" time="5.284" timestamp="2025-04-01T19:49:35.569332" hostname="devdesktop22"><testcase classname="test_hello_retry_requests" name="test_hrr_with_s2n_as_client[RSA_2048_SHA512-TLS1.3-X25519-S2N-OpenSSL-TLS_AES_128_GCM_SHA256]" time="0.001"><skipped type="pytest.skip" message="No retry if server curve matches client curve">/home/dougch/gitrepos/s2n-tls/tests/integrationv2/test_hello_retry_requests.py:56: No retry if server curve matches client curve</skipped></testcase><testcase classname="test_hello_retry_requests" name="test_hrr_with_s2n_as_client[RSA_2048_SHA512-TLS1.3-X25519-S2N-OpenSSL-TLS_CHACHA20_POLY1305_SHA256]" time="0.002"><skipped type="pytest.skip" message="No retry if server curve matches client curve">/home/dougch/gitrepos/s2n-tls/tests/integrationv2/test_hello_retry_requests.py:56: No retry if server curve matches client curve</skipped></testcase><testcase classname="test_hello_retry_requests" name="test_hrr_with_s2n_as_client[RSA_2048_SHA512-TLS1.3-X25519-S2N-OpenSSL-TLS_AES_256_GCM_SHA384]" time="0.002"><skipped type="pytest.skip" message="No retry if server curve matches client curve">/home/dougch/gitrepos/s2n-tls/tests/integrationv2/test_hello_retry_requests.py:56: No retry if server curve matches client curve</skipped></testcase><testcase classname="test_hello_retry_requests" name="test_nothing" time="0.001" /><testcase classname="test_hello_retry_requests" name="test_hrr_with_s2n_as_client[RSA_2048_SHA512-TLS1.3-P-256-S2N-OpenSSL-TLS_AES_256_GCM_SHA384]" time="0.095" /><testcase classname="test_hello_retry_requests" name="test_hrr_with_s2n_as_client[RSA_2048_SHA512-TLS1.3-P-256-S2N-OpenSSL-TLS_CHACHA20_POLY1305_SHA256]" time="0.096" /><testcase classname="test_hello_retry_requests" name="test_hrr_with_s2n_as_client[RSA_2048_SHA512-TLS1.3-P-256-S2N-OpenSSL-TLS_AES_128_GCM_SHA256]" time="0.096" /><testcase classname="test_hello_retry_requests" name="test_hrr_with_s2n_as_client[RSA_2048_SHA512-TLS1.3-P-384-S2N-OpenSSL-TLS_CHACHA20_POLY1305_SHA256]" time="0.100" /><testcase classname="test_hello_retry_requests" name="test_hrr_with_s2n_as_client[RSA_4096_SHA256-TLS1.3-X25519-S2N-OpenSSL-TLS_AES_128_GCM_SHA256]" time="0.001"><skipped type="pytest.skip" message="No retry if server curve matches client curve">/home/dougch/gitrepos/s2n-tls/tests/integrationv2/test_hello_retry_requests.py:56: No retry if server curve matches client curve</skipped></testcase><testcase classname="test_hello_retry_requests" name="test_hrr_with_s2n_as_client[RSA_4096_SHA256-TLS1.3-X25519-S2N-OpenSSL-TLS_CHACHA20_POLY1305_SHA256]" time="0.001"><skipped type="pytest.skip" message="No retry if server curve matches client curve">/home/dougch/gitrepos/s2n-tls/tests/integrationv2/test_hello_retry_requests.py:56: No retry if server curve matches client curve</skipped></testcase><testcase classname="test_hello_retry_requests" name="test_hrr_with_s2n_as_client[RSA_4096_SHA256-TLS1.3-X25519-S2N-OpenSSL-TLS_AES_256_GCM_SHA384]" time="0.001"><skipped type="pytest.skip" message="No retry if server curve matches client curve">/home/dougch/gitrepos/s2n-tls/tests/integrationv2/test_hello_retry_requests.py:56: No retry if server curve matches client curve</skipped></testcase><testcase classname="test_hello_retry_requests" name="test_hrr_with_s2n_as_client[RSA_2048_SHA512-TLS1.3-P-384-S2N-OpenSSL-TLS_AES_256_GCM_SHA384]" time="0.099" /><testcase classname="test_hello_retry_requests" name="test_hrr_with_s2n_as_client[RSA_2048_SHA512-TLS1.3-P-521-S2N-OpenSSL-TLS_CHACHA20_POLY1305_SHA256]" time="0.099" /><testcase classname="test_hello_retry_requests" name="test_hrr_with_s2n_as_client[RSA_2048_SHA512-TLS1.3-P-521-S2N-OpenSSL-TLS_AES_128_GCM_SHA256]" time="0.098" /><testcase classname="test_hello_retry_requests" name="test_hrr_with_s2n_as_client[RSA_2048_SHA512-TLS1.3-P-384-S2N-OpenSSL-TLS_AES_128_GCM_SHA256]" time="0.098" /><testcase classname="test_hello_retry_requests" name="test_hrr_with_s2n_as_client[RSA_2048_SHA512-TLS1.3-P-521-S2N-OpenSSL-TLS_AES_256_GCM_SHA384]" time="0.099" /><testcase classname="test_hello_retry_requests" name="test_hrr_with_s2n_as_client[RSA_4096_SHA256-TLS1.3-P-256-S2N-OpenSSL-TLS_CHACHA20_POLY1305_SHA256]" time="0.060" /><testcase classname="test_hello_retry_requests" name="test_hrr_with_s2n_as_client[RSA_4096_SHA256-TLS1.3-P-256-S2N-OpenSSL-TLS_AES_256_GCM_SHA384]" time="0.063" /><testcase classname="test_hello_retry_requests" name="test_hrr_with_s2n_as_client[RSA_4096_SHA256-TLS1.3-P-256-S2N-OpenSSL-TLS_AES_128_GCM_SHA256]" time="0.065" /><testcase classname="test_hello_retry_requests" name="test_hrr_with_s2n_as_client[RSA_4096_SHA256-TLS1.3-P-384-S2N-OpenSSL-TLS_CHACHA20_POLY1305_SHA256]" time="0.067" /><testcase classname="test_hello_retry_requests" name="test_hrr_with_s2n_as_client[RSA_4096_SHA256-TLS1.3-P-521-S2N-OpenSSL-TLS_CHACHA20_POLY1305_SHA256]" time="0.107" /><testcase classname="test_hello_retry_requests" name="test_hrr_with_s2n_as_client[RSA_4096_SHA256-TLS1.3-P-521-S2N-OpenSSL-TLS_AES_128_GCM_SHA256]" time="0.103" /><testcase classname="test_hello_retry_requests" name="test_hrr_with_s2n_as_client[RSA_4096_SHA256-TLS1.3-P-384-S2N-OpenSSL-TLS_AES_256_GCM_SHA384]" time="0.104" /><testcase classname="test_hello_retry_requests" name="test_hrr_with_s2n_as_client[RSA_4096_SHA256-TLS1.3-P-384-S2N-OpenSSL-TLS_AES_128_GCM_SHA256]" time="0.062" /><testcase classname="test_hello_retry_requests" name="test_hrr_with_s2n_as_client[ECDSA_256-TLS1.3-P-256-S2N-OpenSSL-TLS_AES_256_GCM_SHA384]" time="0.052" /><testcase classname="test_hello_retry_requests" name="test_hrr_with_s2n_as_client[ECDSA_256-TLS1.3-P-256-S2N-OpenSSL-TLS_CHACHA20_POLY1305_SHA256]" time="0.053" /><testcase classname="test_hello_retry_requests" name="test_hrr_with_s2n_as_client[ECDSA_256-TLS1.3-P-256-S2N-OpenSSL-TLS_AES_128_GCM_SHA256]" time="0.092" /><testcase classname="test_hello_retry_requests" name="test_hrr_with_s2n_as_client[ECDSA_384-TLS1.3-P-384-S2N-OpenSSL-TLS_AES_256_GCM_SHA384]" time="0.057" /><testcase classname="test_hello_retry_requests" name="test_hrr_with_s2n_as_client[RSA_PSS_2048_SHA256-TLS1.3-X25519-S2N-OpenSSL-TLS_CHACHA20_POLY1305_SHA256]" time="0.001"><skipped type="pytest.skip" message="No retry if server curve matches client curve">/home/dougch/gitrepos/s2n-tls/tests/integrationv2/test_hello_retry_requests.py:56: No retry if server curve matches client curve</skipped></testcase><testcase classname="test_hello_retry_requests" name="test_hrr_with_s2n_as_client[RSA_4096_SHA256-TLS1.3-P-521-S2N-OpenSSL-TLS_AES_256_GCM_SHA384]" time="0.104" /><testcase classname="test_hello_retry_requests" name="test_hrr_with_s2n_as_client[RSA_PSS_2048_SHA256-TLS1.3-P-256-S2N-OpenSSL-TLS_AES_128_GCM_SHA256]" time="0.093" /><testcase classname="test_hello_retry_requests" name="test_hrr_with_s2n_as_client[ECDSA_384-TLS1.3-P-384-S2N-OpenSSL-TLS_AES_128_GCM_SHA256]" time="0.097" /><testcase classname="test_hello_retry_requests" name="test_hrr_with_s2n_as_client[RSA_PSS_2048_SHA256-TLS1.3-X25519-S2N-OpenSSL-TLS_AES_128_GCM_SHA256]" time="0.001"><skipped type="pytest.skip" message="No retry if server curve matches client curve">/home/dougch/gitrepos/s2n-tls/tests/integrationv2/test_hello_retry_requests.py:56: No retry if server curve matches client curve</skipped></testcase><testcase classname="test_hello_retry_requests" name="test_hrr_with_s2n_as_client[ECDSA_384-TLS1.3-P-384-S2N-OpenSSL-TLS_CHACHA20_POLY1305_SHA256]" time="0.097" /><testcase classname="test_hello_retry_requests" name="test_hrr_with_s2n_as_client[RSA_PSS_2048_SHA256-TLS1.3-X25519-S2N-OpenSSL-TLS_AES_256_GCM_SHA384]" time="0.001"><skipped type="pytest.skip" message="No retry if server curve matches client curve">/home/dougch/gitrepos/s2n-tls/tests/integrationv2/test_hello_retry_requests.py:56: No retry if server curve matches client curve</skipped></testcase><testcase classname="test_hello_retry_requests" name="test_hrr_with_s2n_as_client[ECDSA_521-TLS1.3-P-521-S2N-OpenSSL-TLS_CHACHA20_POLY1305_SHA256]" time="0.097" /><testcase classname="test_hello_retry_requests" name="test_hrr_with_s2n_as_client[RSA_PSS_2048_SHA256-TLS1.3-P-384-S2N-OpenSSL-TLS_AES_256_GCM_SHA384]" time="0.096" /><testcase classname="test_hello_retry_requests" name="test_hrr_with_s2n_as_client[RSA_PSS_2048_SHA256-TLS1.3-P-256-S2N-OpenSSL-TLS_AES_256_GCM_SHA384]" time="0.093" /><testcase classname="test_hello_retry_requests" name="test_hrr_with_s2n_as_client[ECDSA_521-TLS1.3-P-521-S2N-OpenSSL-TLS_AES_128_GCM_SHA256]" time="0.096" /><testcase classname="test_hello_retry_requests" name="test_hrr_with_s2n_as_client[RSA_PSS_2048_SHA256-TLS1.3-P-521-S2N-OpenSSL-TLS_CHACHA20_POLY1305_SHA256]" time="0.096" /><testcase classname="test_hello_retry_requests" name="test_hrr_with_s2n_as_client[RSA_PSS_2048_SHA256-TLS1.3-P-256-S2N-OpenSSL-TLS_CHACHA20_POLY1305_SHA256]" time="0.093" /><testcase classname="test_hello_retry_requests" name="test_hrr_with_s2n_as_client[RSA_PSS_2048_SHA256-TLS1.3-P-384-S2N-OpenSSL-TLS_CHACHA20_POLY1305_SHA256]" time="0.096" /><testcase classname="test_hello_retry_requests" name="test_hrr_with_s2n_as_client[ECDSA_521-TLS1.3-P-521-S2N-OpenSSL-TLS_AES_256_GCM_SHA384]" time="0.056" /><testcase classname="test_hello_retry_requests" name="test_hrr_with_s2n_as_client[RSA_PSS_2048_SHA256-TLS1.3-P-521-S2N-OpenSSL-TLS_AES_128_GCM_SHA256]" time="0.098" /><testcase classname="test_hello_retry_requests" name="test_hrr_with_s2n_as_client[RSA_PSS_2048_SHA256-TLS1.3-P-384-S2N-OpenSSL-TLS_AES_128_GCM_SHA256]" time="0.097" /><testcase classname="test_hello_retry_requests" name="test_hrr_with_s2n_as_client[RSA_PSS_2048_SHA256-TLS1.3-P-521-S2N-OpenSSL-TLS_AES_256_GCM_SHA384]" time="0.059" /><testcase classname="test_hello_retry_requests" name="test_hrr_with_s2n_as_server[RSA_2048_SHA512-TLS1.3-X25519-S2N-OpenSSL-TLS_AES_128_GCM_SHA256]" time="0.606" /><testcase classname="test_hello_retry_requests" name="test_hrr_with_s2n_as_server[RSA_2048_SHA512-TLS1.3-P-256-S2N-OpenSSL-TLS_AES_256_GCM_SHA384]" time="0.646" /><testcase classname="test_hello_retry_requests" name="test_hrr_with_s2n_as_server[RSA_2048_SHA512-TLS1.3-P-384-S2N-OpenSSL-TLS_AES_256_GCM_SHA384]" time="0.587" /><testcase classname="test_hello_retry_requests" name="test_hrr_with_s2n_as_server[RSA_2048_SHA512-TLS1.3-P-521-S2N-OpenSSL-TLS_AES_256_GCM_SHA384]" time="0.614" /><testcase classname="test_hello_retry_requests" name="test_hrr_with_s2n_as_server[RSA_4096_SHA256-TLS1.3-X25519-S2N-OpenSSL-TLS_AES_256_GCM_SHA384]" time="0.634" /><testcase classname="test_hello_retry_requests" name="test_hrr_with_s2n_as_server[RSA_2048_SHA512-TLS1.3-X25519-S2N-OpenSSL-TLS_CHACHA20_POLY1305_SHA256]" time="0.657" /><testcase classname="test_hello_retry_requests" name="test_hrr_with_s2n_as_server[RSA_4096_SHA256-TLS1.3-P-256-S2N-OpenSSL-TLS_AES_256_GCM_SHA384]" time="0.637" /><testcase classname="test_hello_retry_requests" name="test_hrr_with_s2n_as_server[RSA_4096_SHA256-TLS1.3-P-521-S2N-OpenSSL-TLS_AES_128_GCM_SHA256]" time="0.605" /><testcase classname="test_hello_retry_requests" name="test_hrr_with_s2n_as_server[RSA_2048_SHA512-TLS1.3-X25519-S2N-OpenSSL-TLS_AES_256_GCM_SHA384]" time="0.669" /><testcase classname="test_hello_retry_requests" name="test_hrr_with_s2n_as_server[RSA_2048_SHA512-TLS1.3-P-384-S2N-OpenSSL-TLS_CHACHA20_POLY1305_SHA256]" time="0.633" /><testcase classname="test_hello_retry_requests" name="test_hrr_with_s2n_as_server[RSA_2048_SHA512-TLS1.3-P-521-S2N-OpenSSL-TLS_CHACHA20_POLY1305_SHA256]" time="0.621" /><testcase classname="test_hello_retry_requests" name="test_hrr_with_s2n_as_server[RSA_4096_SHA256-TLS1.3-X25519-S2N-OpenSSL-TLS_CHACHA20_POLY1305_SHA256]" time="0.628" /><testcase classname="test_hello_retry_requests" name="test_hrr_with_s2n_as_server[RSA_4096_SHA256-TLS1.3-P-256-S2N-OpenSSL-TLS_CHACHA20_POLY1305_SHA256]" time="0.638" /><testcase classname="test_hello_retry_requests" name="test_hrr_with_s2n_as_server[RSA_4096_SHA256-TLS1.3-P-384-S2N-OpenSSL-TLS_AES_256_GCM_SHA384]" time="0.626" /><testcase classname="test_hello_retry_requests" name="test_hrr_with_s2n_as_server[RSA_4096_SHA256-TLS1.3-P-521-S2N-OpenSSL-TLS_AES_256_GCM_SHA384]" time="0.611" /><testcase classname="test_hello_retry_requests" name="test_hrr_with_s2n_as_server[RSA_4096_SHA256-TLS1.3-P-384-S2N-OpenSSL-TLS_CHACHA20_POLY1305_SHA256]" time="0.629" /><testcase classname="test_hello_retry_requests" name="test_hrr_with_s2n_as_server[RSA_2048_SHA512-TLS1.3-P-256-S2N-OpenSSL-TLS_CHACHA20_POLY1305_SHA256]" time="0.597" /><testcase classname="test_hello_retry_requests" name="test_hrr_with_s2n_as_server[RSA_2048_SHA512-TLS1.3-P-384-S2N-OpenSSL-TLS_AES_128_GCM_SHA256]" time="0.601" /><testcase classname="test_hello_retry_requests" name="test_hrr_with_s2n_as_server[RSA_2048_SHA512-TLS1.3-P-521-S2N-OpenSSL-TLS_AES_128_GCM_SHA256]" time="0.644" /><testcase classname="test_hello_retry_requests" name="test_hrr_with_s2n_as_server[RSA_4096_SHA256-TLS1.3-X25519-S2N-OpenSSL-TLS_AES_128_GCM_SHA256]" time="0.601" /><testcase classname="test_hello_retry_requests" name="test_hrr_with_s2n_as_server[RSA_4096_SHA256-TLS1.3-P-256-S2N-OpenSSL-TLS_AES_128_GCM_SHA256]" time="0.644" /><testcase classname="test_hello_retry_requests" name="test_hrr_with_s2n_as_server[RSA_4096_SHA256-TLS1.3-P-521-S2N-OpenSSL-TLS_CHACHA20_POLY1305_SHA256]" time="0.618" /><testcase classname="test_hello_retry_requests" name="test_hrr_with_s2n_as_server[ECDSA_256-TLS1.3-P-256-S2N-OpenSSL-TLS_CHACHA20_POLY1305_SHA256]" time="0.638" /><testcase classname="test_hello_retry_requests" name="test_hrr_with_s2n_as_server[RSA_4096_SHA256-TLS1.3-P-384-S2N-OpenSSL-TLS_AES_128_GCM_SHA256]" time="0.636" /><testcase classname="test_hello_retry_requests" name="test_hrr_with_s2n_as_server[ECDSA_256-TLS1.3-P-256-S2N-OpenSSL-TLS_AES_256_GCM_SHA384]" time="0.581" /><testcase classname="test_hello_retry_requests" name="test_hrr_with_s2n_as_server[RSA_2048_SHA512-TLS1.3-P-256-S2N-OpenSSL-TLS_AES_128_GCM_SHA256]" time="0.609" /><testcase classname="test_hello_retry_requests" name="test_hrr_with_s2n_as_server[RSA_PSS_2048_SHA256-TLS1.3-X25519-S2N-OpenSSL-TLS_CHACHA20_POLY1305_SHA256]" time="0.579" /><testcase classname="test_hello_retry_requests" name="test_hrr_with_s2n_as_server[ECDSA_384-TLS1.3-P-384-S2N-OpenSSL-TLS_AES_128_GCM_SHA256]" time="0.627" /><testcase classname="test_hello_retry_requests" name="test_hrr_with_s2n_as_server[RSA_PSS_2048_SHA256-TLS1.3-P-256-S2N-OpenSSL-TLS_AES_128_GCM_SHA256]" time="0.642" /><testcase classname="test_hello_retry_requests" name="test_hrr_with_s2n_as_server[RSA_PSS_2048_SHA256-TLS1.3-X25519-S2N-OpenSSL-TLS_AES_256_GCM_SHA384]" time="0.679" /><testcase classname="test_hello_retry_requests" name="test_hrr_with_s2n_as_server[ECDSA_256-TLS1.3-P-256-S2N-OpenSSL-TLS_AES_128_GCM_SHA256]" time="0.631" /><testcase classname="test_hello_retry_requests" name="test_hrr_with_s2n_as_server[RSA_PSS_2048_SHA256-TLS1.3-P-256-S2N-OpenSSL-TLS_AES_256_GCM_SHA384]" time="0.651" /><testcase classname="test_hello_retry_requests" name="test_hrr_with_s2n_as_server[RSA_PSS_2048_SHA256-TLS1.3-P-384-S2N-OpenSSL-TLS_CHACHA20_POLY1305_SHA256]" time="0.615" /><testcase classname="test_hello_retry_requests" name="test_hrr_with_s2n_as_server[ECDSA_384-TLS1.3-P-384-S2N-OpenSSL-TLS_CHACHA20_POLY1305_SHA256]" time="0.637" /><testcase classname="test_hello_retry_requests" name="test_hrr_with_s2n_as_server[RSA_PSS_2048_SHA256-TLS1.3-X25519-S2N-OpenSSL-TLS_AES_128_GCM_SHA256]" time="0.624" /><testcase classname="test_hello_retry_requests" name="test_hrr_with_s2n_as_server[ECDSA_384-TLS1.3-P-384-S2N-OpenSSL-TLS_AES_256_GCM_SHA384]" time="0.602" /><testcase classname="test_hello_retry_requests" name="test_hrr_with_s2n_as_server[RSA_PSS_2048_SHA256-TLS1.3-P-384-S2N-OpenSSL-TLS_AES_128_GCM_SHA256]" time="0.618" /><testcase classname="test_hello_retry_requests" name="test_hrr_with_s2n_as_server[RSA_PSS_2048_SHA256-TLS1.3-P-256-S2N-OpenSSL-TLS_CHACHA20_POLY1305_SHA256]" time="0.605" /><testcase classname="test_hello_retry_requests" name="test_hrr_with_s2n_as_server[RSA_PSS_2048_SHA256-TLS1.3-P-384-S2N-OpenSSL-TLS_AES_256_GCM_SHA384]" time="0.602" /><testcase classname="test_hello_retry_requests" name="test_hrr_with_default_keyshare[RSA_2048_SHA512-TLS1.3-P-256-S2N-OpenSSL-TLS_CHACHA20_POLY1305_SHA256]" time="0.053" /><testcase classname="test_hello_retry_requests" name="test_hrr_with_default_keyshare[RSA_2048_SHA512-TLS1.3-P-256-S2N-OpenSSL-TLS_AES_128_GCM_SHA256]" time="0.054" /><testcase classname="test_hello_retry_requests" name="test_hrr_with_s2n_as_server[RSA_PSS_2048_SHA256-TLS1.3-P-521-S2N-OpenSSL-TLS_CHACHA20_POLY1305_SHA256]" time="0.623" /><testcase classname="test_hello_retry_requests" name="test_hrr_with_default_keyshare[RSA_2048_SHA512-TLS1.3-P-256-S2N-OpenSSL-TLS_AES_256_GCM_SHA384]" time="0.054" /><testcase classname="test_hello_retry_requests" name="test_hrr_with_default_keyshare[RSA_2048_SHA512-TLS1.3-P-521-S2N-OpenSSL-TLS_AES_256_GCM_SHA384]" time="0.095" /><testcase classname="test_hello_retry_requests" name="test_hrr_with_default_keyshare[RSA_4096_SHA256-TLS1.3-P-256-S2N-OpenSSL-TLS_CHACHA20_POLY1305_SHA256]" time="0.099" /><testcase classname="test_hello_retry_requests" name="test_hrr_with_default_keyshare[RSA_4096_SHA256-TLS1.3-P-256-S2N-OpenSSL-TLS_AES_128_GCM_SHA256]" time="0.058" /><testcase classname="test_hello_retry_requests" name="test_hrr_with_s2n_as_server[RSA_PSS_2048_SHA256-TLS1.3-P-521-S2N-OpenSSL-TLS_AES_256_GCM_SHA384]" time="0.591" /><testcase classname="test_hello_retry_requests" name="test_hrr_with_default_keyshare[RSA_4096_SHA256-TLS1.3-P-384-S2N-OpenSSL-TLS_CHACHA20_POLY1305_SHA256]" time="0.102" /><testcase classname="test_hello_retry_requests" name="test_hrr_with_s2n_as_server[RSA_PSS_2048_SHA256-TLS1.3-P-521-S2N-OpenSSL-TLS_AES_128_GCM_SHA256]" time="0.629" /><testcase classname="test_hello_retry_requests" name="test_hrr_with_s2n_as_server[ECDSA_521-TLS1.3-P-521-S2N-OpenSSL-TLS_CHACHA20_POLY1305_SHA256]" time="0.601" /><testcase classname="test_hello_retry_requests" name="test_hrr_with_default_keyshare[RSA_4096_SHA256-TLS1.3-P-256-S2N-OpenSSL-TLS_AES_256_GCM_SHA384]" time="0.100" /><testcase classname="test_hello_retry_requests" name="test_hrr_with_default_keyshare[RSA_4096_SHA256-TLS1.3-P-384-S2N-OpenSSL-TLS_AES_256_GCM_SHA384]" time="0.101" /><testcase classname="test_hello_retry_requests" name="test_hrr_with_default_keyshare[RSA_2048_SHA512-TLS1.3-P-384-S2N-OpenSSL-TLS_CHACHA20_POLY1305_SHA256]" time="0.096" /><testcase classname="test_hello_retry_requests" name="test_hrr_with_s2n_as_server[ECDSA_521-TLS1.3-P-521-S2N-OpenSSL-TLS_AES_128_GCM_SHA256]" time="0.638" /><testcase classname="test_hello_retry_requests" name="test_hrr_with_default_keyshare[RSA_2048_SHA512-TLS1.3-P-384-S2N-OpenSSL-TLS_AES_256_GCM_SHA384]" time="0.056" /><testcase classname="test_hello_retry_requests" name="test_hrr_with_default_keyshare[RSA_4096_SHA256-TLS1.3-P-384-S2N-OpenSSL-TLS_AES_128_GCM_SHA256]" time="0.102" /><testcase classname="test_hello_retry_requests" name="test_hrr_with_default_keyshare[RSA_2048_SHA512-TLS1.3-P-384-S2N-OpenSSL-TLS_AES_128_GCM_SHA256]" time="0.096" /><testcase classname="test_hello_retry_requests" name="test_hrr_with_default_keyshare[RSA_4096_SHA256-TLS1.3-P-521-S2N-OpenSSL-TLS_CHACHA20_POLY1305_SHA256]" time="0.101" /><testcase classname="test_hello_retry_requests" name="test_hrr_with_default_keyshare[RSA_4096_SHA256-TLS1.3-P-521-S2N-OpenSSL-TLS_AES_128_GCM_SHA256]" time="0.101" /><testcase classname="test_hello_retry_requests" name="test_hrr_with_default_keyshare[ECDSA_256-TLS1.3-P-256-S2N-OpenSSL-TLS_AES_128_GCM_SHA256]" time="0.051" /><testcase classname="test_hello_retry_requests" name="test_hrr_with_default_keyshare[RSA_4096_SHA256-TLS1.3-P-521-S2N-OpenSSL-TLS_AES_256_GCM_SHA384]" time="0.101" /><testcase classname="test_hello_retry_requests" name="test_hrr_with_default_keyshare[ECDSA_256-TLS1.3-P-256-S2N-OpenSSL-TLS_AES_256_GCM_SHA384]" time="0.093" /><testcase classname="test_hello_retry_requests" name="test_hrr_with_default_keyshare[RSA_2048_SHA512-TLS1.3-P-521-S2N-OpenSSL-TLS_CHACHA20_POLY1305_SHA256]" time="0.096" /><testcase classname="test_hello_retry_requests" name="test_hrr_with_default_keyshare[ECDSA_256-TLS1.3-P-256-S2N-OpenSSL-TLS_CHACHA20_POLY1305_SHA256]" time="0.091" /><testcase classname="test_hello_retry_requests" name="test_hrr_with_default_keyshare[ECDSA_384-TLS1.3-P-384-S2N-OpenSSL-TLS_CHACHA20_POLY1305_SHA256]" time="0.097" /><testcase classname="test_hello_retry_requests" name="test_hrr_with_default_keyshare[RSA_PSS_2048_SHA256-TLS1.3-P-256-S2N-OpenSSL-TLS_CHACHA20_POLY1305_SHA256]" time="0.053" /><testcase classname="test_hello_retry_requests" name="test_hrr_with_default_keyshare[RSA_PSS_2048_SHA256-TLS1.3-P-256-S2N-OpenSSL-TLS_AES_256_GCM_SHA384]" time="0.053" /><testcase classname="test_hello_retry_requests" name="test_hrr_with_default_keyshare[ECDSA_384-TLS1.3-P-384-S2N-OpenSSL-TLS_AES_128_GCM_SHA256]" time="0.097" /><testcase classname="test_hello_retry_requests" name="test_hrr_with_default_keyshare[RSA_PSS_2048_SHA256-TLS1.3-P-384-S2N-OpenSSL-TLS_CHACHA20_POLY1305_SHA256]" time="0.097" /><testcase classname="test_hello_retry_requests" name="test_hrr_with_default_keyshare[ECDSA_384-TLS1.3-P-384-S2N-OpenSSL-TLS_AES_256_GCM_SHA384]" time="0.097" /><testcase classname="test_hello_retry_requests" name="test_hrr_with_default_keyshare[RSA_PSS_2048_SHA256-TLS1.3-P-256-S2N-OpenSSL-TLS_AES_128_GCM_SHA256]" time="0.093" /><testcase classname="test_hello_retry_requests" name="test_hrr_with_default_keyshare[RSA_PSS_2048_SHA256-TLS1.3-P-384-S2N-OpenSSL-TLS_AES_128_GCM_SHA256]" time="0.096" /><testcase classname="test_hello_retry_requests" name="test_hrr_with_default_keyshare[RSA_PSS_2048_SHA256-TLS1.3-P-521-S2N-OpenSSL-TLS_AES_256_GCM_SHA384]" time="0.097" /><testcase classname="test_hello_retry_requests" name="test_hrr_with_default_keyshare[ECDSA_521-TLS1.3-P-521-S2N-OpenSSL-TLS_AES_128_GCM_SHA256]" time="0.096" /><testcase classname="test_hello_retry_requests" name="test_hrr_with_default_keyshare[ECDSA_521-TLS1.3-P-521-S2N-OpenSSL-TLS_CHACHA20_POLY1305_SHA256]" time="0.058" /><testcase classname="test_hello_retry_requests" name="test_hrr_with_default_keyshare[RSA_PSS_2048_SHA256-TLS1.3-P-384-S2N-OpenSSL-TLS_AES_256_GCM_SHA384]" time="0.097" /><testcase classname="test_hello_retry_requests" name="test_hrr_with_default_keyshare[RSA_PSS_2048_SHA256-TLS1.3-P-521-S2N-OpenSSL-TLS_CHACHA20_POLY1305_SHA256]" time="0.097" /><testcase classname="test_hello_retry_requests" name="test_hrr_with_default_keyshare[RSA_PSS_2048_SHA256-TLS1.3-P-521-S2N-OpenSSL-TLS_AES_128_GCM_SHA256]" time="0.096" /><testcase classname="test_hello_retry_requests" name="test_hrr_with_s2n_as_server[ECDSA_521-TLS1.3-P-521-S2N-OpenSSL-TLS_AES_256_GCM_SHA384]" time="0.637" /><testcase classname="test_hello_retry_requests" name="test_hrr_with_default_keyshare[ECDSA_521-TLS1.3-P-521-S2N-OpenSSL-TLS_AES_256_GCM_SHA384]" time="0.098" /><testcase classname="test_hello_retry_requests" name="test_hrr_with_default_keyshare[RSA_2048_SHA512-TLS1.3-P-521-S2N-OpenSSL-TLS_AES_128_GCM_SHA256]" time="0.097" /></testsuite></testsuites>