<?xml version="1.0" encoding="utf-8"?><testsuites><testsuite name="pytest" errors="0" failures="0" skipped="0" tests="2588" time="152.930" timestamp="2025-04-01T19:55:20.689567" hostname="devdesktop22"><testcase classname="test_signature_algorithms" name="test_s2n_server_signature_algorithms[client-auth-RSA+SHA1-RSA_2048_SHA512-TLS1.2-S2N-OpenSSL-DHE-RSA-AES256-SHA]" time="0.585" /><testcase classname="test_signature_algorithms" name="test_s2n_server_signature_algorithms[client-auth-RSA+SHA1-RSA_2048_SHA512-TLS1.2-S2N-OpenSSL-AES128-SHA]" time="0.597" /><testcase classname="test_signature_algorithms" name="test_s2n_server_signature_algorithms[client-auth-RSA+SHA1-RSA_2048_SHA512-TLS1.2-S2N-OpenSSL-DHE-RSA-AES128-GCM-SHA256]" time="0.616" /><testcase classname="test_signature_algorithms" name="test_s2n_server_signature_algorithms[client-auth-RSA+SHA1-RSA_2048_SHA512-TLS1.2-S2N-OpenSSL-DHE-RSA-CHACHA20-POLY1305]" time="0.646" /><testcase classname="test_signature_algorithms" name="test_s2n_server_signature_algorithms[client-auth-RSA+SHA1-RSA_2048_SHA512-TLS1.2-S2N-OpenSSL-DHE-RSA-AES256-GCM-SHA384]" time="0.649" /><testcase classname="test_signature_algorithms" name="test_s2n_server_signature_algorithms[client-auth-RSA+SHA1-RSA_2048_SHA512-TLS1.2-S2N-OpenSSL-DHE-RSA-AES128-SHA]" time="0.649" /><testcase classname="test_signature_algorithms" name="test_s2n_server_signature_algorithms[client-auth-RSA+SHA1-RSA_2048_SHA512-TLS1.2-S2N-OpenSSL-DHE-RSA-AES128-SHA256]" time="0.650" /><testcase classname="test_signature_algorithms" name="test_s2n_server_signature_algorithms[client-auth-RSA+SHA1-RSA_2048_SHA512-TLS1.2-S2N-OpenSSL-DHE-RSA-AES256-SHA256]" time="0.650" /><testcase classname="test_signature_algorithms" name="test_s2n_server_signature_algorithms[client-auth-RSA+SHA1-RSA_2048_SHA512-TLS1.2-S2N-OpenSSL-AES128-SHA256]" time="0.593" /><testcase classname="test_signature_algorithms" name="test_s2n_server_signature_algorithms[client-auth-RSA+SHA1-RSA_2048_SHA512-TLS1.2-S2N-OpenSSL-ECDHE-RSA-AES128-GCM-SHA256]" time="0.628" /><testcase classname="test_signature_algorithms" name="test_s2n_server_signature_algorithms[client-auth-RSA+SHA1-RSA_2048_SHA512-TLS1.2-S2N-OpenSSL-AES256-SHA256]" time="0.592" /><testcase classname="test_signature_algorithms" name="test_s2n_server_signature_algorithms[client-auth-RSA+SHA1-RSA_2048_SHA512-TLS1.2-S2N-OpenSSL-ECDHE-RSA-AES128-SHA256]" time="0.620" /><testcase classname="test_signature_algorithms" name="test_s2n_server_signature_algorithms[client-auth-RSA+SHA1-RSA_2048_SHA512-TLS1.2-S2N-OpenSSL-ECDHE-RSA-AES256-SHA]" time="0.663" /><testcase classname="test_signature_algorithms" name="test_s2n_server_signature_algorithms[client-auth-RSA+SHA1-RSA_2048_SHA512-TLS1.2-S2N-OpenSSL-ECDHE-RSA-AES128-SHA]" time="0.630" /><testcase classname="test_signature_algorithms" name="test_s2n_server_signature_algorithms[client-auth-RSA+SHA1-RSA_2048_SHA512-TLS1.2-S2N-OpenSSL-AES256-SHA]" time="0.652" /><testcase classname="test_signature_algorithms" name="test_s2n_server_signature_algorithms[client-auth-RSA+SHA1-RSA_2048_SHA512-TLS1.2-S2N-OpenSSL-ECDHE-RSA-AES256-SHA384]" time="0.660" /><testcase classname="test_signature_algorithms" name="test_s2n_server_signature_algorithms[client-auth-RSA+SHA1-RSA_2048_SHA512-TLS1.2-S2N-OpenSSL-ECDHE-RSA-CHACHA20-POLY1305]" time="0.633" /><testcase classname="test_signature_algorithms" name="test_s2n_server_signature_algorithms[client-auth-RSA+SHA1-RSA_2048_SHA512-TLS1.2-S2N-GnuTLS-DHE-RSA-AES128-SHA]" time="0.646" /><testcase classname="test_signature_algorithms" name="test_s2n_server_signature_algorithms[client-auth-RSA+SHA1-RSA_2048_SHA512-TLS1.2-S2N-GnuTLS-DHE-RSA-AES256-SHA]" time="0.614" /><testcase classname="test_signature_algorithms" name="test_s2n_server_signature_algorithms[client-auth-RSA+SHA1-RSA_2048_SHA512-TLS1.2-S2N-GnuTLS-DHE-RSA-AES256-GCM-SHA384]" time="0.697" /><testcase classname="test_signature_algorithms" name="test_s2n_server_signature_algorithms[client-auth-RSA+SHA1-RSA_2048_SHA512-TLS1.2-S2N-GnuTLS-DHE-RSA-AES128-SHA256]" time="0.649" /><testcase classname="test_signature_algorithms" name="test_s2n_server_signature_algorithms[client-auth-RSA+SHA1-RSA_2048_SHA512-TLS1.2-S2N-OpenSSL-ECDHE-RSA-AES256-GCM-SHA384]" time="0.632" /><testcase classname="test_signature_algorithms" name="test_s2n_server_signature_algorithms[client-auth-RSA+SHA1-RSA_2048_SHA512-TLS1.2-S2N-GnuTLS-DHE-RSA-AES256-SHA256]" time="0.701" /><testcase classname="test_signature_algorithms" name="test_s2n_server_signature_algorithms[client-auth-RSA+SHA1-RSA_2048_SHA512-TLS1.2-S2N-GnuTLS-DHE-RSA-AES128-GCM-SHA256]" time="0.699" /><testcase classname="test_signature_algorithms" name="test_s2n_server_signature_algorithms[client-auth-RSA+SHA1-RSA_2048_SHA512-TLS1.2-S2N-GnuTLS-AES128-SHA]" time="0.640" /><testcase classname="test_signature_algorithms" name="test_s2n_server_signature_algorithms[client-auth-RSA+SHA1-RSA_2048_SHA512-TLS1.2-S2N-GnuTLS-AES256-SHA]" time="0.641" /><testcase classname="test_signature_algorithms" name="test_s2n_server_signature_algorithms[client-auth-RSA+SHA1-RSA_2048_SHA512-TLS1.2-S2N-GnuTLS-AES128-SHA256]" time="0.643" /><testcase classname="test_signature_algorithms" name="test_s2n_server_signature_algorithms[client-auth-RSA+SHA1-RSA_2048_SHA512-TLS1.2-S2N-GnuTLS-AES256-SHA256]" time="0.644" /><testcase classname="test_signature_algorithms" name="test_s2n_server_signature_algorithms[client-auth-RSA+SHA1-RSA_2048_SHA512-TLS1.2-S2N-GnuTLS-DHE-RSA-CHACHA20-POLY1305]" time="0.656" /><testcase classname="test_signature_algorithms" name="test_s2n_server_signature_algorithms[client-auth-RSA+SHA1-RSA_2048_SHA512-TLS1.2-S2N-GnuTLS-ECDHE-RSA-AES128-SHA]" time="0.620" /><testcase classname="test_signature_algorithms" name="test_s2n_server_signature_algorithms[client-auth-RSA+SHA1-RSA_2048_SHA512-TLS1.2-S2N-GnuTLS-ECDHE-RSA-AES128-SHA256]" time="0.699" /><testcase classname="test_signature_algorithms" name="test_s2n_server_signature_algorithms[client-auth-RSA+SHA1-RSA_2048_SHA512-TLS1.2-S2N-GnuTLS-ECDHE-RSA-AES256-SHA]" time="0.674" /><testcase classname="test_signature_algorithms" name="test_s2n_server_signature_algorithms[client-auth-RSA+SHA1-RSA_2048_SHA512-TLS1.2-S2N-GnuTLS-ECDHE-RSA-AES128-GCM-SHA256]" time="0.672" /><testcase classname="test_signature_algorithms" name="test_s2n_server_signature_algorithms[client-auth-RSA+SHA1-RSA_2048_SHA512-TLS1.1-S2N-OpenSSL-AES256-SHA]" time="0.579" /><testcase classname="test_signature_algorithms" name="test_s2n_server_signature_algorithms[client-auth-RSA+SHA1-RSA_2048_SHA512-TLS1.2-S2N-GnuTLS-ECDHE-RSA-AES256-GCM-SHA384]" time="0.671" /><testcase classname="test_signature_algorithms" name="test_s2n_server_signature_algorithms[client-auth-RSA+SHA1-RSA_2048_SHA512-TLS1.1-S2N-OpenSSL-DHE-RSA-AES128-SHA]" time="0.633" /><testcase classname="test_signature_algorithms" name="test_s2n_server_signature_algorithms[client-auth-RSA+SHA1-RSA_2048_SHA512-TLS1.2-S2N-GnuTLS-ECDHE-RSA-CHACHA20-POLY1305]" time="0.667" /><testcase classname="test_signature_algorithms" name="test_s2n_server_signature_algorithms[client-auth-RSA+SHA1-RSA_2048_SHA512-TLS1.1-S2N-OpenSSL-DHE-RSA-AES256-SHA]" time="0.626" /><testcase classname="test_signature_algorithms" name="test_s2n_server_signature_algorithms[client-auth-RSA+SHA1-RSA_2048_SHA512-TLS1.2-S2N-GnuTLS-ECDHE-RSA-AES256-SHA384]" time="0.649" /><testcase classname="test_signature_algorithms" name="test_s2n_server_signature_algorithms[client-auth-RSA+SHA1-RSA_2048_SHA512-TLS1.1-S2N-OpenSSL-AES128-SHA]" time="0.590" /><testcase classname="test_signature_algorithms" name="test_s2n_server_signature_algorithms[client-auth-RSA+SHA1-RSA_2048_SHA512-TLS1.1-S2N-OpenSSL-ECDHE-RSA-AES256-SHA]" time="0.634" /><testcase classname="test_signature_algorithms" name="test_s2n_server_signature_algorithms[client-auth-RSA+SHA1-RSA_2048_SHA512-TLS1.1-S2N-OpenSSL-ECDHE-RSA-AES128-SHA]" time="0.593" /><testcase classname="test_signature_algorithms" name="test_s2n_server_signature_algorithms[client-auth-RSA+SHA1-RSA_2048_SHA512-TLS1.1-S2N-GnuTLS-DHE-RSA-AES256-SHA]" time="0.626" /><testcase classname="test_signature_algorithms" name="test_s2n_server_signature_algorithms[client-auth-RSA+SHA1-RSA_2048_SHA512-TLS1.1-S2N-GnuTLS-ECDHE-RSA-AES256-SHA]" time="0.647" /><testcase classname="test_signature_algorithms" name="test_s2n_server_signature_algorithms[client-auth-RSA+SHA1-RSA_2048_SHA512-TLS1.1-S2N-GnuTLS-AES256-SHA]" time="0.636" /><testcase classname="test_signature_algorithms" name="test_s2n_server_signature_algorithms[client-auth-RSA+SHA1-RSA_2048_SHA512-TLS1.1-S2N-GnuTLS-DHE-RSA-AES128-SHA]" time="0.685" /><testcase classname="test_signature_algorithms" name="test_s2n_server_signature_algorithms[client-auth-RSA+SHA1-RSA_2048_SHA512-TLS1.1-S2N-GnuTLS-AES128-SHA]" time="0.694" /><testcase classname="test_signature_algorithms" name="test_s2n_server_signature_algorithms[client-auth-RSA+SHA1-RSA_2048_SHA512-TLS1.1-S2N-GnuTLS-ECDHE-RSA-AES128-SHA]" time="0.678" /><testcase classname="test_signature_algorithms" name="test_s2n_server_signature_algorithms[client-auth-RSA+SHA1-RSA_4096_SHA256-TLS1.2-S2N-OpenSSL-DHE-RSA-AES256-SHA]" time="0.684" /><testcase classname="test_signature_algorithms" name="test_s2n_server_signature_algorithms[client-auth-RSA+SHA1-RSA_4096_SHA256-TLS1.2-S2N-OpenSSL-DHE-RSA-AES128-SHA]" time="0.628" /><testcase classname="test_signature_algorithms" name="test_s2n_server_signature_algorithms[client-auth-RSA+SHA1-RSA_4096_SHA256-TLS1.2-S2N-OpenSSL-DHE-RSA-AES256-SHA256]" time="0.653" /><testcase classname="test_signature_algorithms" name="test_s2n_server_signature_algorithms[client-auth-RSA+SHA1-RSA_4096_SHA256-TLS1.2-S2N-OpenSSL-AES128-SHA]" time="0.641" /><testcase classname="test_signature_algorithms" name="test_s2n_server_signature_algorithms[client-auth-RSA+SHA1-RSA_4096_SHA256-TLS1.2-S2N-OpenSSL-DHE-RSA-AES128-GCM-SHA256]" time="0.604" /><testcase classname="test_signature_algorithms" name="test_s2n_server_signature_algorithms[client-auth-RSA+SHA1-RSA_4096_SHA256-TLS1.2-S2N-OpenSSL-DHE-RSA-AES256-GCM-SHA384]" time="0.671" /><testcase classname="test_signature_algorithms" name="test_s2n_server_signature_algorithms[client-auth-RSA+SHA1-RSA_4096_SHA256-TLS1.2-S2N-OpenSSL-DHE-RSA-AES128-SHA256]" time="0.656" /><testcase classname="test_signature_algorithms" name="test_s2n_server_signature_algorithms[client-auth-RSA+SHA1-RSA_4096_SHA256-TLS1.2-S2N-OpenSSL-DHE-RSA-CHACHA20-POLY1305]" time="0.678" /><testcase classname="test_signature_algorithms" name="test_s2n_server_signature_algorithms[client-auth-RSA+SHA1-RSA_4096_SHA256-TLS1.2-S2N-OpenSSL-AES128-SHA256]" time="0.611" /><testcase classname="test_signature_algorithms" name="test_s2n_server_signature_algorithms[client-auth-RSA+SHA1-RSA_4096_SHA256-TLS1.2-S2N-OpenSSL-ECDHE-RSA-AES128-SHA]" time="0.608" /><testcase classname="test_signature_algorithms" name="test_s2n_server_signature_algorithms[client-auth-RSA+SHA1-RSA_4096_SHA256-TLS1.2-S2N-OpenSSL-ECDHE-RSA-AES128-GCM-SHA256]" time="0.613" /><testcase classname="test_signature_algorithms" name="test_s2n_server_signature_algorithms[client-auth-RSA+SHA1-RSA_4096_SHA256-TLS1.2-S2N-OpenSSL-AES256-SHA]" time="0.657" /><testcase classname="test_signature_algorithms" name="test_s2n_server_signature_algorithms[client-auth-RSA+SHA1-RSA_4096_SHA256-TLS1.2-S2N-OpenSSL-ECDHE-RSA-AES256-SHA]" time="0.622" /><testcase classname="test_signature_algorithms" name="test_s2n_server_signature_algorithms[client-auth-RSA+SHA1-RSA_4096_SHA256-TLS1.2-S2N-OpenSSL-ECDHE-RSA-AES128-SHA256]" time="0.641" /><testcase classname="test_signature_algorithms" name="test_s2n_server_signature_algorithms[client-auth-RSA+SHA1-RSA_4096_SHA256-TLS1.2-S2N-OpenSSL-AES256-SHA256]" time="0.656" /><testcase classname="test_signature_algorithms" name="test_s2n_server_signature_algorithms[client-auth-RSA+SHA1-RSA_4096_SHA256-TLS1.2-S2N-OpenSSL-ECDHE-RSA-AES256-SHA384]" time="0.633" /><testcase classname="test_signature_algorithms" name="test_s2n_server_signature_algorithms[client-auth-RSA+SHA1-RSA_4096_SHA256-TLS1.2-S2N-OpenSSL-ECDHE-RSA-CHACHA20-POLY1305]" time="0.605" /><testcase classname="test_signature_algorithms" name="test_s2n_server_signature_algorithms[client-auth-RSA+SHA1-RSA_4096_SHA256-TLS1.2-S2N-OpenSSL-ECDHE-RSA-AES256-GCM-SHA384]" time="0.614" /><testcase classname="test_signature_algorithms" name="test_s2n_server_signature_algorithms[client-auth-RSA+SHA1-RSA_4096_SHA256-TLS1.2-S2N-GnuTLS-DHE-RSA-AES128-SHA256]" time="0.682" /><testcase classname="test_signature_algorithms" name="test_s2n_server_signature_algorithms[client-auth-RSA+SHA1-RSA_4096_SHA256-TLS1.2-S2N-GnuTLS-DHE-RSA-AES256-GCM-SHA384]" time="0.705" /><testcase classname="test_signature_algorithms" name="test_s2n_server_signature_algorithms[client-auth-RSA+SHA1-RSA_4096_SHA256-TLS1.2-S2N-GnuTLS-DHE-RSA-AES256-SHA]" time="0.722" /><testcase classname="test_signature_algorithms" name="test_s2n_server_signature_algorithms[client-auth-RSA+SHA1-RSA_4096_SHA256-TLS1.2-S2N-GnuTLS-DHE-RSA-AES128-SHA]" time="0.674" /><testcase classname="test_signature_algorithms" name="test_s2n_server_signature_algorithms[client-auth-RSA+SHA1-RSA_4096_SHA256-TLS1.2-S2N-GnuTLS-DHE-RSA-AES256-SHA256]" time="0.718" /><testcase classname="test_signature_algorithms" name="test_s2n_server_signature_algorithms[client-auth-RSA+SHA1-RSA_4096_SHA256-TLS1.2-S2N-GnuTLS-DHE-RSA-AES128-GCM-SHA256]" time="0.697" /><testcase classname="test_signature_algorithms" name="test_s2n_server_signature_algorithms[client-auth-RSA+SHA1-RSA_4096_SHA256-TLS1.2-S2N-GnuTLS-AES128-SHA]" time="0.657" /><testcase classname="test_signature_algorithms" name="test_s2n_server_signature_algorithms[client-auth-RSA+SHA1-RSA_4096_SHA256-TLS1.2-S2N-GnuTLS-DHE-RSA-CHACHA20-POLY1305]" time="0.724" /><testcase classname="test_signature_algorithms" name="test_s2n_server_signature_algorithms[client-auth-RSA+SHA1-RSA_4096_SHA256-TLS1.2-S2N-GnuTLS-AES256-SHA256]" time="0.668" /><testcase classname="test_signature_algorithms" name="test_s2n_server_signature_algorithms[client-auth-RSA+SHA1-RSA_4096_SHA256-TLS1.2-S2N-GnuTLS-AES128-SHA256]" time="0.662" /><testcase classname="test_signature_algorithms" name="test_s2n_server_signature_algorithms[client-auth-RSA+SHA1-RSA_4096_SHA256-TLS1.2-S2N-GnuTLS-ECDHE-RSA-AES128-SHA256]" time="0.716" /><testcase classname="test_signature_algorithms" name="test_s2n_server_signature_algorithms[client-auth-RSA+SHA1-RSA_4096_SHA256-TLS1.2-S2N-GnuTLS-AES256-SHA]" time="0.674" /><testcase classname="test_signature_algorithms" name="test_s2n_server_signature_algorithms[client-auth-RSA+SHA1-RSA_4096_SHA256-TLS1.2-S2N-GnuTLS-ECDHE-RSA-AES128-SHA]" time="0.698" /><testcase classname="test_signature_algorithms" name="test_s2n_server_signature_algorithms[client-auth-RSA+SHA1-RSA_4096_SHA256-TLS1.2-S2N-GnuTLS-ECDHE-RSA-AES256-SHA]" time="0.675" /><testcase classname="test_signature_algorithms" name="test_s2n_server_signature_algorithms[client-auth-RSA+SHA1-RSA_4096_SHA256-TLS1.2-S2N-GnuTLS-ECDHE-RSA-AES128-GCM-SHA256]" time="0.652" /><testcase classname="test_signature_algorithms" name="test_s2n_server_signature_algorithms[client-auth-RSA+SHA1-RSA_4096_SHA256-TLS1.2-S2N-GnuTLS-ECDHE-RSA-AES256-SHA384]" time="0.655" /><testcase classname="test_signature_algorithms" name="test_s2n_server_signature_algorithms[client-auth-RSA+SHA1-RSA_4096_SHA256-TLS1.1-S2N-OpenSSL-DHE-RSA-AES128-SHA]" time="0.668" /><testcase classname="test_signature_algorithms" name="test_s2n_server_signature_algorithms[client-auth-RSA+SHA1-RSA_4096_SHA256-TLS1.2-S2N-GnuTLS-ECDHE-RSA-CHACHA20-POLY1305]" time="0.707" /><testcase classname="test_signature_algorithms" name="test_s2n_server_signature_algorithms[client-auth-RSA+SHA1-RSA_4096_SHA256-TLS1.1-S2N-OpenSSL-AES256-SHA]" time="0.674" /><testcase classname="test_signature_algorithms" name="test_s2n_server_signature_algorithms[client-auth-RSA+SHA1-RSA_4096_SHA256-TLS1.2-S2N-GnuTLS-ECDHE-RSA-AES256-GCM-SHA384]" time="0.675" /><testcase classname="test_signature_algorithms" name="test_s2n_server_signature_algorithms[client-auth-RSA+SHA1-RSA_4096_SHA256-TLS1.1-S2N-OpenSSL-DHE-RSA-AES256-SHA]" time="0.682" /><testcase classname="test_signature_algorithms" name="test_s2n_server_signature_algorithms[client-auth-RSA+SHA1-RSA_4096_SHA256-TLS1.1-S2N-OpenSSL-AES128-SHA]" time="0.659" /><testcase classname="test_signature_algorithms" name="test_s2n_server_signature_algorithms[client-auth-RSA+SHA1-RSA_4096_SHA256-TLS1.1-S2N-OpenSSL-ECDHE-RSA-AES256-SHA]" time="0.615" /><testcase classname="test_signature_algorithms" name="test_s2n_server_signature_algorithms[client-auth-RSA+SHA1-RSA_4096_SHA256-TLS1.1-S2N-OpenSSL-ECDHE-RSA-AES128-SHA]" time="0.642" /><testcase classname="test_signature_algorithms" name="test_s2n_server_signature_algorithms[client-auth-RSA+SHA1-RSA_4096_SHA256-TLS1.1-S2N-GnuTLS-AES128-SHA]" time="0.660" /><testcase classname="test_signature_algorithms" name="test_s2n_server_signature_algorithms[client-auth-RSA+SHA1-RSA_4096_SHA256-TLS1.1-S2N-GnuTLS-DHE-RSA-AES256-SHA]" time="0.702" /><testcase classname="test_signature_algorithms" name="test_s2n_server_signature_algorithms[client-auth-RSA+SHA1-RSA_4096_SHA256-TLS1.1-S2N-GnuTLS-ECDHE-RSA-AES256-SHA]" time="0.695" /><testcase classname="test_signature_algorithms" name="test_s2n_server_signature_algorithms[client-auth-RSA+SHA1-RSA_4096_SHA256-TLS1.1-S2N-GnuTLS-DHE-RSA-AES128-SHA]" time="0.716" /><testcase classname="test_signature_algorithms" name="test_s2n_server_signature_algorithms[client-auth-RSA+SHA1-RSA_4096_SHA256-TLS1.1-S2N-GnuTLS-ECDHE-RSA-AES128-SHA]" time="0.672" /><testcase classname="test_signature_algorithms" name="test_s2n_server_signature_algorithms[client-auth-RSA+SHA1-RSA_4096_SHA256-TLS1.1-S2N-GnuTLS-AES256-SHA]" time="0.731" /><testcase classname="test_signature_algorithms" name="test_s2n_server_signature_algorithms[client-auth-RSA+SHA224-RSA_2048_SHA512-TLS1.2-S2N-OpenSSL-DHE-RSA-AES256-SHA]" time="0.604" /><testcase classname="test_signature_algorithms" name="test_s2n_server_signature_algorithms[client-auth-RSA+SHA224-RSA_2048_SHA512-TLS1.2-S2N-OpenSSL-DHE-RSA-AES128-SHA]" time="0.642" /><testcase classname="test_signature_algorithms" name="test_s2n_server_signature_algorithms[client-auth-RSA+SHA224-RSA_2048_SHA512-TLS1.2-S2N-OpenSSL-DHE-RSA-AES128-GCM-SHA256]" time="0.643" /><testcase classname="test_signature_algorithms" name="test_s2n_server_signature_algorithms[client-auth-RSA+SHA224-RSA_2048_SHA512-TLS1.2-S2N-OpenSSL-DHE-RSA-AES256-SHA256]" time="0.636" /><testcase classname="test_signature_algorithms" name="test_s2n_server_signature_algorithms[client-auth-RSA+SHA224-RSA_2048_SHA512-TLS1.2-S2N-OpenSSL-AES128-SHA]" time="0.643" /><testcase classname="test_signature_algorithms" name="test_s2n_server_signature_algorithms[client-auth-RSA+SHA224-RSA_2048_SHA512-TLS1.2-S2N-OpenSSL-DHE-RSA-AES128-SHA256]" time="0.630" /><testcase classname="test_signature_algorithms" name="test_s2n_server_signature_algorithms[client-auth-RSA+SHA224-RSA_2048_SHA512-TLS1.2-S2N-OpenSSL-DHE-RSA-CHACHA20-POLY1305]" time="0.623" /><testcase classname="test_signature_algorithms" name="test_s2n_server_signature_algorithms[client-auth-RSA+SHA224-RSA_2048_SHA512-TLS1.2-S2N-OpenSSL-DHE-RSA-AES256-GCM-SHA384]" time="0.605" /><testcase classname="test_signature_algorithms" name="test_s2n_server_signature_algorithms[client-auth-RSA+SHA224-RSA_2048_SHA512-TLS1.2-S2N-OpenSSL-AES128-SHA256]" time="0.593" /><testcase classname="test_signature_algorithms" name="test_s2n_server_signature_algorithms[client-auth-RSA+SHA224-RSA_2048_SHA512-TLS1.2-S2N-OpenSSL-AES256-SHA]" time="0.613" /><testcase classname="test_signature_algorithms" name="test_s2n_server_signature_algorithms[client-auth-RSA+SHA224-RSA_2048_SHA512-TLS1.2-S2N-OpenSSL-ECDHE-RSA-AES256-SHA]" time="0.638" /><testcase classname="test_signature_algorithms" name="test_s2n_server_signature_algorithms[client-auth-RSA+SHA224-RSA_2048_SHA512-TLS1.2-S2N-OpenSSL-ECDHE-RSA-AES128-GCM-SHA256]" time="0.620" /><testcase classname="test_signature_algorithms" name="test_s2n_server_signature_algorithms[client-auth-RSA+SHA224-RSA_2048_SHA512-TLS1.2-S2N-OpenSSL-AES256-SHA256]" time="0.592" /><testcase classname="test_signature_algorithms" name="test_s2n_server_signature_algorithms[client-auth-RSA+SHA224-RSA_2048_SHA512-TLS1.2-S2N-OpenSSL-ECDHE-RSA-AES128-SHA]" time="0.650" /><testcase classname="test_signature_algorithms" name="test_s2n_server_signature_algorithms[client-auth-RSA+SHA224-RSA_2048_SHA512-TLS1.2-S2N-OpenSSL-ECDHE-RSA-AES256-SHA384]" time="0.620" /><testcase classname="test_signature_algorithms" name="test_s2n_server_signature_algorithms[client-auth-RSA+SHA224-RSA_2048_SHA512-TLS1.2-S2N-OpenSSL-ECDHE-RSA-AES128-SHA256]" time="0.654" /><testcase classname="test_signature_algorithms" name="test_s2n_server_signature_algorithms[client-auth-RSA+SHA224-RSA_2048_SHA512-TLS1.2-S2N-OpenSSL-ECDHE-RSA-CHACHA20-POLY1305]" time="0.636" /><testcase classname="test_signature_algorithms" name="test_s2n_server_signature_algorithms[client-auth-RSA+SHA224-RSA_2048_SHA512-TLS1.2-S2N-OpenSSL-ECDHE-RSA-AES256-GCM-SHA384]" time="0.619" /><testcase classname="test_signature_algorithms" name="test_s2n_server_signature_algorithms[client-auth-RSA+SHA224-RSA_2048_SHA512-TLS1.1-S2N-OpenSSL-AES128-SHA]" time="0.619" /><testcase classname="test_signature_algorithms" name="test_s2n_server_signature_algorithms[client-auth-RSA+SHA224-RSA_2048_SHA512-TLS1.1-S2N-OpenSSL-ECDHE-RSA-AES128-SHA]" time="0.587" /><testcase classname="test_signature_algorithms" name="test_s2n_server_signature_algorithms[client-auth-RSA+SHA224-RSA_2048_SHA512-TLS1.1-S2N-OpenSSL-ECDHE-RSA-AES256-SHA]" time="0.637" /><testcase classname="test_signature_algorithms" name="test_s2n_server_signature_algorithms[client-auth-RSA+SHA224-RSA_2048_SHA512-TLS1.1-S2N-OpenSSL-DHE-RSA-AES128-SHA]" time="0.650" /><testcase classname="test_signature_algorithms" name="test_s2n_server_signature_algorithms[client-auth-RSA+SHA224-RSA_2048_SHA512-TLS1.1-S2N-OpenSSL-DHE-RSA-AES256-SHA]" time="0.639" /><testcase classname="test_signature_algorithms" name="test_s2n_server_signature_algorithms[client-auth-RSA+SHA224-RSA_2048_SHA512-TLS1.1-S2N-OpenSSL-AES256-SHA]" time="0.625" /><testcase classname="test_signature_algorithms" name="test_s2n_server_signature_algorithms[client-auth-RSA+SHA224-RSA_4096_SHA256-TLS1.2-S2N-OpenSSL-DHE-RSA-AES256-SHA]" time="0.629" /><testcase classname="test_signature_algorithms" name="test_s2n_server_signature_algorithms[client-auth-RSA+SHA224-RSA_4096_SHA256-TLS1.2-S2N-OpenSSL-DHE-RSA-AES128-SHA]" time="0.683" /><testcase classname="test_signature_algorithms" name="test_s2n_server_signature_algorithms[client-auth-RSA+SHA224-RSA_4096_SHA256-TLS1.2-S2N-OpenSSL-DHE-RSA-AES128-GCM-SHA256]" time="0.639" /><testcase classname="test_signature_algorithms" name="test_s2n_server_signature_algorithms[client-auth-RSA+SHA224-RSA_4096_SHA256-TLS1.2-S2N-OpenSSL-AES128-SHA]" time="0.626" /><testcase classname="test_signature_algorithms" name="test_s2n_server_signature_algorithms[client-auth-RSA+SHA224-RSA_4096_SHA256-TLS1.2-S2N-OpenSSL-DHE-RSA-CHACHA20-POLY1305]" time="0.666" /><testcase classname="test_signature_algorithms" name="test_s2n_server_signature_algorithms[client-auth-RSA+SHA224-RSA_4096_SHA256-TLS1.2-S2N-OpenSSL-DHE-RSA-AES128-SHA256]" time="0.678" /><testcase classname="test_signature_algorithms" name="test_s2n_server_signature_algorithms[client-auth-RSA+SHA224-RSA_4096_SHA256-TLS1.2-S2N-OpenSSL-DHE-RSA-AES256-SHA256]" time="0.692" /><testcase classname="test_signature_algorithms" name="test_s2n_server_signature_algorithms[client-auth-RSA+SHA224-RSA_4096_SHA256-TLS1.2-S2N-OpenSSL-DHE-RSA-AES256-GCM-SHA384]" time="0.681" /><testcase classname="test_signature_algorithms" name="test_s2n_server_signature_algorithms[client-auth-RSA+SHA224-RSA_4096_SHA256-TLS1.2-S2N-OpenSSL-AES128-SHA256]" time="0.611" /><testcase classname="test_signature_algorithms" name="test_s2n_server_signature_algorithms[client-auth-RSA+SHA224-RSA_4096_SHA256-TLS1.2-S2N-OpenSSL-AES256-SHA]" time="0.667" /><testcase classname="test_signature_algorithms" name="test_s2n_server_signature_algorithms[client-auth-RSA+SHA224-RSA_4096_SHA256-TLS1.2-S2N-OpenSSL-ECDHE-RSA-AES256-SHA]" time="0.662" /><testcase classname="test_signature_algorithms" name="test_s2n_server_signature_algorithms[client-auth-RSA+SHA224-RSA_4096_SHA256-TLS1.2-S2N-OpenSSL-ECDHE-RSA-AES128-GCM-SHA256]" time="0.642" /><testcase classname="test_signature_algorithms" name="test_s2n_server_signature_algorithms[client-auth-RSA+SHA224-RSA_4096_SHA256-TLS1.2-S2N-OpenSSL-ECDHE-RSA-AES256-SHA384]" time="0.635" /><testcase classname="test_signature_algorithms" name="test_s2n_server_signature_algorithms[client-auth-RSA+SHA224-RSA_4096_SHA256-TLS1.2-S2N-OpenSSL-ECDHE-RSA-AES128-SHA]" time="0.613" /><testcase classname="test_signature_algorithms" name="test_s2n_server_signature_algorithms[client-auth-RSA+SHA224-RSA_4096_SHA256-TLS1.2-S2N-OpenSSL-AES256-SHA256]" time="0.634" /><testcase classname="test_signature_algorithms" name="test_s2n_server_signature_algorithms[client-auth-RSA+SHA224-RSA_4096_SHA256-TLS1.2-S2N-OpenSSL-ECDHE-RSA-AES128-SHA256]" time="0.668" /><testcase classname="test_signature_algorithms" name="test_s2n_server_signature_algorithms[client-auth-RSA+SHA224-RSA_4096_SHA256-TLS1.2-S2N-OpenSSL-ECDHE-RSA-CHACHA20-POLY1305]" time="0.594" /><testcase classname="test_signature_algorithms" name="test_s2n_server_signature_algorithms[client-auth-RSA+SHA224-RSA_4096_SHA256-TLS1.2-S2N-OpenSSL-ECDHE-RSA-AES256-GCM-SHA384]" time="0.642" /><testcase classname="test_signature_algorithms" name="test_s2n_server_signature_algorithms[client-auth-RSA+SHA224-RSA_4096_SHA256-TLS1.1-S2N-OpenSSL-AES128-SHA]" time="0.622" /><testcase classname="test_signature_algorithms" name="test_s2n_server_signature_algorithms[client-auth-RSA+SHA224-RSA_4096_SHA256-TLS1.1-S2N-OpenSSL-ECDHE-RSA-AES256-SHA]" time="0.667" /><testcase classname="test_signature_algorithms" name="test_s2n_server_signature_algorithms[client-auth-RSA+SHA224-RSA_4096_SHA256-TLS1.1-S2N-OpenSSL-ECDHE-RSA-AES128-SHA]" time="0.649" /><testcase classname="test_signature_algorithms" name="test_s2n_server_signature_algorithms[client-auth-RSA+SHA224-RSA_4096_SHA256-TLS1.1-S2N-OpenSSL-DHE-RSA-AES256-SHA]" time="0.634" /><testcase classname="test_signature_algorithms" name="test_s2n_server_signature_algorithms[client-auth-RSA+SHA224-RSA_4096_SHA256-TLS1.1-S2N-OpenSSL-DHE-RSA-AES128-SHA]" time="0.718" /><testcase classname="test_signature_algorithms" name="test_s2n_server_signature_algorithms[client-auth-RSA+SHA224-RSA_4096_SHA256-TLS1.1-S2N-OpenSSL-AES256-SHA]" time="0.631" /><testcase classname="test_signature_algorithms" name="test_s2n_server_signature_algorithms[client-auth-RSA+SHA256-RSA_2048_SHA512-TLS1.2-S2N-OpenSSL-DHE-RSA-AES256-SHA]" time="0.622" /><testcase classname="test_signature_algorithms" name="test_s2n_server_signature_algorithms[client-auth-RSA+SHA256-RSA_2048_SHA512-TLS1.2-S2N-OpenSSL-DHE-RSA-AES128-GCM-SHA256]" time="0.615" /><testcase classname="test_signature_algorithms" name="test_s2n_server_signature_algorithms[client-auth-RSA+SHA256-RSA_2048_SHA512-TLS1.2-S2N-OpenSSL-DHE-RSA-AES128-SHA]" time="0.632" /><testcase classname="test_signature_algorithms" name="test_s2n_server_signature_algorithms[client-auth-RSA+SHA256-RSA_2048_SHA512-TLS1.2-S2N-OpenSSL-AES128-SHA]" time="0.615" /><testcase classname="test_signature_algorithms" name="test_s2n_server_signature_algorithms[client-auth-RSA+SHA256-RSA_2048_SHA512-TLS1.2-S2N-OpenSSL-DHE-RSA-AES256-SHA256]" time="0.630" /><testcase classname="test_signature_algorithms" name="test_s2n_server_signature_algorithms[client-auth-RSA+SHA256-RSA_2048_SHA512-TLS1.2-S2N-OpenSSL-DHE-RSA-CHACHA20-POLY1305]" time="0.657" /><testcase classname="test_signature_algorithms" name="test_s2n_server_signature_algorithms[client-auth-RSA+SHA256-RSA_2048_SHA512-TLS1.2-S2N-OpenSSL-DHE-RSA-AES128-SHA256]" time="0.628" /><testcase classname="test_signature_algorithms" name="test_s2n_server_signature_algorithms[client-auth-RSA+SHA256-RSA_2048_SHA512-TLS1.2-S2N-OpenSSL-DHE-RSA-AES256-GCM-SHA384]" time="0.624" /><testcase classname="test_signature_algorithms" name="test_s2n_server_signature_algorithms[client-auth-RSA+SHA256-RSA_2048_SHA512-TLS1.2-S2N-OpenSSL-AES128-SHA256]" time="0.612" /><testcase classname="test_signature_algorithms" name="test_s2n_server_signature_algorithms[client-auth-RSA+SHA256-RSA_2048_SHA512-TLS1.2-S2N-OpenSSL-AES256-SHA]" time="0.617" /><testcase classname="test_signature_algorithms" name="test_s2n_server_signature_algorithms[client-auth-RSA+SHA256-RSA_2048_SHA512-TLS1.2-S2N-OpenSSL-ECDHE-RSA-AES256-SHA]" time="0.697" /><testcase classname="test_signature_algorithms" name="test_s2n_server_signature_algorithms[client-auth-RSA+SHA256-RSA_2048_SHA512-TLS1.2-S2N-OpenSSL-ECDHE-RSA-AES128-GCM-SHA256]" time="0.612" /><testcase classname="test_signature_algorithms" name="test_s2n_server_signature_algorithms[client-auth-RSA+SHA256-RSA_2048_SHA512-TLS1.2-S2N-OpenSSL-ECDHE-RSA-AES128-SHA]" time="0.597" /><testcase classname="test_signature_algorithms" name="test_s2n_server_signature_algorithms[client-auth-RSA+SHA256-RSA_2048_SHA512-TLS1.2-S2N-OpenSSL-ECDHE-RSA-AES256-SHA384]" time="0.623" /><testcase classname="test_signature_algorithms" name="test_s2n_server_signature_algorithms[client-auth-RSA+SHA256-RSA_2048_SHA512-TLS1.2-S2N-OpenSSL-AES256-SHA256]" time="0.621" /><testcase classname="test_signature_algorithms" name="test_s2n_server_signature_algorithms[client-auth-RSA+SHA256-RSA_2048_SHA512-TLS1.2-S2N-OpenSSL-ECDHE-RSA-AES128-SHA256]" time="0.613" /><testcase classname="test_signature_algorithms" name="test_s2n_server_signature_algorithms[client-auth-RSA+SHA256-RSA_2048_SHA512-TLS1.2-S2N-OpenSSL-ECDHE-RSA-CHACHA20-POLY1305]" time="0.650" /><testcase classname="test_signature_algorithms" name="test_s2n_server_signature_algorithms[client-auth-RSA+SHA256-RSA_2048_SHA512-TLS1.2-S2N-OpenSSL-ECDHE-RSA-AES256-GCM-SHA384]" time="0.676" /><testcase classname="test_signature_algorithms" name="test_s2n_server_signature_algorithms[client-auth-RSA+SHA256-RSA_2048_SHA512-TLS1.2-S2N-GnuTLS-DHE-RSA-AES128-SHA256]" time="0.664" /><testcase classname="test_signature_algorithms" name="test_s2n_server_signature_algorithms[client-auth-RSA+SHA256-RSA_2048_SHA512-TLS1.2-S2N-GnuTLS-DHE-RSA-AES256-GCM-SHA384]" time="0.680" /><testcase classname="test_signature_algorithms" name="test_s2n_server_signature_algorithms[client-auth-RSA+SHA256-RSA_2048_SHA512-TLS1.2-S2N-GnuTLS-DHE-RSA-AES256-SHA]" time="0.684" /><testcase classname="test_signature_algorithms" name="test_s2n_server_signature_algorithms[client-auth-RSA+SHA256-RSA_2048_SHA512-TLS1.2-S2N-GnuTLS-DHE-RSA-AES128-GCM-SHA256]" time="0.680" /><testcase classname="test_signature_algorithms" name="test_s2n_server_signature_algorithms[client-auth-RSA+SHA256-RSA_2048_SHA512-TLS1.2-S2N-GnuTLS-DHE-RSA-AES128-SHA]" time="0.687" /><testcase classname="test_signature_algorithms" name="test_s2n_server_signature_algorithms[client-auth-RSA+SHA256-RSA_2048_SHA512-TLS1.2-S2N-GnuTLS-DHE-RSA-AES256-SHA256]" time="0.686" /><testcase classname="test_signature_algorithms" name="test_s2n_server_signature_algorithms[client-auth-RSA+SHA256-RSA_2048_SHA512-TLS1.2-S2N-GnuTLS-AES128-SHA]" time="0.694" /><testcase classname="test_signature_algorithms" name="test_s2n_server_signature_algorithms[client-auth-RSA+SHA256-RSA_2048_SHA512-TLS1.2-S2N-GnuTLS-DHE-RSA-CHACHA20-POLY1305]" time="0.681" /><testcase classname="test_signature_algorithms" name="test_s2n_server_signature_algorithms[client-auth-RSA+SHA256-RSA_2048_SHA512-TLS1.2-S2N-GnuTLS-AES256-SHA256]" time="0.635" /><testcase classname="test_signature_algorithms" name="test_s2n_server_signature_algorithms[client-auth-RSA+SHA256-RSA_2048_SHA512-TLS1.2-S2N-GnuTLS-ECDHE-RSA-AES128-SHA256]" time="0.631" /><testcase classname="test_signature_algorithms" name="test_s2n_server_signature_algorithms[client-auth-RSA+SHA256-RSA_2048_SHA512-TLS1.2-S2N-GnuTLS-AES128-SHA256]" time="0.690" /><testcase classname="test_signature_algorithms" name="test_s2n_server_signature_algorithms[client-auth-RSA+SHA256-RSA_2048_SHA512-TLS1.2-S2N-GnuTLS-ECDHE-RSA-AES256-SHA]" time="0.657" /><testcase classname="test_signature_algorithms" name="test_s2n_server_signature_algorithms[client-auth-RSA+SHA256-RSA_2048_SHA512-TLS1.2-S2N-GnuTLS-AES256-SHA]" time="0.673" /><testcase classname="test_signature_algorithms" name="test_s2n_server_signature_algorithms[client-auth-RSA+SHA256-RSA_2048_SHA512-TLS1.2-S2N-GnuTLS-ECDHE-RSA-AES128-GCM-SHA256]" time="0.640" /><testcase classname="test_signature_algorithms" name="test_s2n_server_signature_algorithms[client-auth-RSA+SHA256-RSA_2048_SHA512-TLS1.2-S2N-GnuTLS-ECDHE-RSA-AES128-SHA]" time="0.710" /><testcase classname="test_signature_algorithms" name="test_s2n_server_signature_algorithms[client-auth-RSA+SHA256-RSA_2048_SHA512-TLS1.1-S2N-OpenSSL-DHE-RSA-AES128-SHA]" time="0.615" /><testcase classname="test_signature_algorithms" name="test_s2n_server_signature_algorithms[client-auth-RSA+SHA256-RSA_2048_SHA512-TLS1.1-S2N-OpenSSL-AES256-SHA]" time="0.605" /><testcase classname="test_signature_algorithms" name="test_s2n_server_signature_algorithms[client-auth-RSA+SHA256-RSA_2048_SHA512-TLS1.2-S2N-GnuTLS-ECDHE-RSA-AES256-SHA384]" time="0.682" /><testcase classname="test_signature_algorithms" name="test_s2n_server_signature_algorithms[client-auth-RSA+SHA256-RSA_2048_SHA512-TLS1.1-S2N-OpenSSL-AES128-SHA]" time="0.645" /><testcase classname="test_signature_algorithms" name="test_s2n_server_signature_algorithms[client-auth-RSA+SHA256-RSA_2048_SHA512-TLS1.2-S2N-GnuTLS-ECDHE-RSA-CHACHA20-POLY1305]" time="0.650" /><testcase classname="test_signature_algorithms" name="test_s2n_server_signature_algorithms[client-auth-RSA+SHA256-RSA_2048_SHA512-TLS1.1-S2N-OpenSSL-ECDHE-RSA-AES256-SHA]" time="0.636" /><testcase classname="test_signature_algorithms" name="test_s2n_server_signature_algorithms[client-auth-RSA+SHA256-RSA_2048_SHA512-TLS1.2-S2N-GnuTLS-ECDHE-RSA-AES256-GCM-SHA384]" time="0.678" /><testcase classname="test_signature_algorithms" name="test_s2n_server_signature_algorithms[client-auth-RSA+SHA256-RSA_2048_SHA512-TLS1.1-S2N-OpenSSL-DHE-RSA-AES256-SHA]" time="0.653" /><testcase classname="test_signature_algorithms" name="test_s2n_server_signature_algorithms[client-auth-RSA+SHA256-RSA_2048_SHA512-TLS1.1-S2N-OpenSSL-ECDHE-RSA-AES128-SHA]" time="0.623" /><testcase classname="test_signature_algorithms" name="test_s2n_server_signature_algorithms[client-auth-RSA+SHA256-RSA_2048_SHA512-TLS1.1-S2N-GnuTLS-AES128-SHA]" time="0.692" /><testcase classname="test_signature_algorithms" name="test_s2n_server_signature_algorithms[client-auth-RSA+SHA256-RSA_2048_SHA512-TLS1.1-S2N-GnuTLS-ECDHE-RSA-AES256-SHA]" time="0.673" /><testcase classname="test_signature_algorithms" name="test_s2n_server_signature_algorithms[client-auth-RSA+SHA256-RSA_2048_SHA512-TLS1.1-S2N-GnuTLS-DHE-RSA-AES256-SHA]" time="0.663" /><testcase classname="test_signature_algorithms" name="test_s2n_server_signature_algorithms[client-auth-RSA+SHA256-RSA_2048_SHA512-TLS1.1-S2N-GnuTLS-ECDHE-RSA-AES128-SHA]" time="0.668" /><testcase classname="test_signature_algorithms" name="test_s2n_server_signature_algorithms[client-auth-RSA+SHA256-RSA_2048_SHA512-TLS1.1-S2N-GnuTLS-DHE-RSA-AES128-SHA]" time="0.649" /><testcase classname="test_signature_algorithms" name="test_s2n_server_signature_algorithms[client-auth-RSA+SHA256-RSA_4096_SHA256-TLS1.2-S2N-OpenSSL-DHE-RSA-AES256-SHA]" time="0.699" /><testcase classname="test_signature_algorithms" name="test_s2n_server_signature_algorithms[client-auth-RSA+SHA256-RSA_2048_SHA512-TLS1.1-S2N-GnuTLS-AES256-SHA]" time="0.709" /><testcase classname="test_signature_algorithms" name="test_s2n_server_signature_algorithms[client-auth-RSA+SHA256-RSA_4096_SHA256-TLS1.2-S2N-OpenSSL-AES128-SHA]" time="0.589" /><testcase classname="test_signature_algorithms" name="test_s2n_server_signature_algorithms[client-auth-RSA+SHA256-RSA_4096_SHA256-TLS1.2-S2N-OpenSSL-DHE-RSA-AES128-GCM-SHA256]" time="0.626" /><testcase classname="test_signature_algorithms" name="test_s2n_server_signature_algorithms[client-auth-RSA+SHA256-RSA_4096_SHA256-TLS1.2-S2N-OpenSSL-DHE-RSA-AES128-SHA]" time="0.664" /><testcase classname="test_signature_algorithms" name="test_s2n_server_signature_algorithms[client-auth-RSA+SHA256-RSA_4096_SHA256-TLS1.2-S2N-OpenSSL-DHE-RSA-AES256-SHA256]" time="0.615" /><testcase classname="test_signature_algorithms" name="test_s2n_server_signature_algorithms[client-auth-RSA+SHA256-RSA_4096_SHA256-TLS1.2-S2N-OpenSSL-DHE-RSA-CHACHA20-POLY1305]" time="0.667" /><testcase classname="test_signature_algorithms" name="test_s2n_server_signature_algorithms[client-auth-RSA+SHA256-RSA_4096_SHA256-TLS1.2-S2N-OpenSSL-AES128-SHA256]" time="0.651" /><testcase classname="test_signature_algorithms" name="test_s2n_server_signature_algorithms[client-auth-RSA+SHA256-RSA_4096_SHA256-TLS1.2-S2N-OpenSSL-DHE-RSA-AES128-SHA256]" time="0.690" /><testcase classname="test_signature_algorithms" name="test_s2n_server_signature_algorithms[client-auth-RSA+SHA256-RSA_4096_SHA256-TLS1.2-S2N-OpenSSL-DHE-RSA-AES256-GCM-SHA384]" time="0.669" /><testcase classname="test_signature_algorithms" name="test_s2n_server_signature_algorithms[client-auth-RSA+SHA256-RSA_4096_SHA256-TLS1.2-S2N-OpenSSL-ECDHE-RSA-AES128-GCM-SHA256]" time="0.622" /><testcase classname="test_signature_algorithms" name="test_s2n_server_signature_algorithms[client-auth-RSA+SHA256-RSA_4096_SHA256-TLS1.2-S2N-OpenSSL-ECDHE-RSA-AES256-SHA]" time="0.635" /><testcase classname="test_signature_algorithms" name="test_s2n_server_signature_algorithms[client-auth-RSA+SHA256-RSA_4096_SHA256-TLS1.2-S2N-OpenSSL-AES256-SHA]" time="0.682" /><testcase classname="test_signature_algorithms" name="test_s2n_server_signature_algorithms[client-auth-RSA+SHA256-RSA_4096_SHA256-TLS1.2-S2N-OpenSSL-ECDHE-RSA-AES128-SHA]" time="0.662" /><testcase classname="test_signature_algorithms" name="test_s2n_server_signature_algorithms[client-auth-RSA+SHA256-RSA_4096_SHA256-TLS1.2-S2N-OpenSSL-ECDHE-RSA-AES256-SHA384]" time="0.610" /><testcase classname="test_signature_algorithms" name="test_s2n_server_signature_algorithms[client-auth-RSA+SHA256-RSA_4096_SHA256-TLS1.2-S2N-OpenSSL-ECDHE-RSA-CHACHA20-POLY1305]" time="0.631" /><testcase classname="test_signature_algorithms" name="test_s2n_server_signature_algorithms[client-auth-RSA+SHA256-RSA_4096_SHA256-TLS1.2-S2N-OpenSSL-AES256-SHA256]" time="0.688" /><testcase classname="test_signature_algorithms" name="test_s2n_server_signature_algorithms[client-auth-RSA+SHA256-RSA_4096_SHA256-TLS1.2-S2N-OpenSSL-ECDHE-RSA-AES128-SHA256]" time="0.648" /><testcase classname="test_signature_algorithms" name="test_s2n_server_signature_algorithms[client-auth-RSA+SHA256-RSA_4096_SHA256-TLS1.2-S2N-GnuTLS-DHE-RSA-AES256-GCM-SHA384]" time="0.709" /><testcase classname="test_signature_algorithms" name="test_s2n_server_signature_algorithms[client-auth-RSA+SHA256-RSA_4096_SHA256-TLS1.2-S2N-GnuTLS-DHE-RSA-AES128-SHA256]" time="0.685" /><testcase classname="test_signature_algorithms" name="test_s2n_server_signature_algorithms[client-auth-RSA+SHA256-RSA_4096_SHA256-TLS1.2-S2N-OpenSSL-ECDHE-RSA-AES256-GCM-SHA384]" time="0.636" /><testcase classname="test_signature_algorithms" name="test_s2n_server_signature_algorithms[client-auth-RSA+SHA256-RSA_4096_SHA256-TLS1.2-S2N-GnuTLS-DHE-RSA-AES256-SHA]" time="0.686" /><testcase classname="test_signature_algorithms" name="test_s2n_server_signature_algorithms[client-auth-RSA+SHA256-RSA_4096_SHA256-TLS1.2-S2N-GnuTLS-DHE-RSA-AES128-GCM-SHA256]" time="0.770" /><testcase classname="test_signature_algorithms" name="test_s2n_server_signature_algorithms[client-auth-RSA+SHA256-RSA_4096_SHA256-TLS1.2-S2N-GnuTLS-AES128-SHA]" time="0.727" /><testcase classname="test_signature_algorithms" name="test_s2n_server_signature_algorithms[client-auth-RSA+SHA256-RSA_4096_SHA256-TLS1.2-S2N-GnuTLS-DHE-RSA-AES128-SHA]" time="0.702" /><testcase classname="test_signature_algorithms" name="test_s2n_server_signature_algorithms[client-auth-RSA+SHA256-RSA_4096_SHA256-TLS1.2-S2N-GnuTLS-DHE-RSA-AES256-SHA256]" time="0.717" /><testcase classname="test_signature_algorithms" name="test_s2n_server_signature_algorithms[client-auth-RSA+SHA256-RSA_4096_SHA256-TLS1.2-S2N-GnuTLS-AES256-SHA256]" time="0.687" /><testcase classname="test_signature_algorithms" name="test_s2n_server_signature_algorithms[client-auth-RSA+SHA256-RSA_4096_SHA256-TLS1.2-S2N-GnuTLS-ECDHE-RSA-AES128-SHA256]" time="0.722" /><testcase classname="test_signature_algorithms" name="test_s2n_server_signature_algorithms[client-auth-RSA+SHA256-RSA_4096_SHA256-TLS1.2-S2N-GnuTLS-DHE-RSA-CHACHA20-POLY1305]" time="0.687" /><testcase classname="test_signature_algorithms" name="test_s2n_server_signature_algorithms[client-auth-RSA+SHA256-RSA_4096_SHA256-TLS1.2-S2N-GnuTLS-AES128-SHA256]" time="0.697" /><testcase classname="test_signature_algorithms" name="test_s2n_server_signature_algorithms[client-auth-RSA+SHA256-RSA_4096_SHA256-TLS1.2-S2N-GnuTLS-ECDHE-RSA-AES256-SHA]" time="0.698" /><testcase classname="test_signature_algorithms" name="test_s2n_server_signature_algorithms[client-auth-RSA+SHA256-RSA_4096_SHA256-TLS1.2-S2N-GnuTLS-ECDHE-RSA-AES128-GCM-SHA256]" time="0.692" /><testcase classname="test_signature_algorithms" name="test_s2n_server_signature_algorithms[client-auth-RSA+SHA256-RSA_4096_SHA256-TLS1.2-S2N-GnuTLS-AES256-SHA]" time="0.667" /><testcase classname="test_signature_algorithms" name="test_s2n_server_signature_algorithms[client-auth-RSA+SHA256-RSA_4096_SHA256-TLS1.2-S2N-GnuTLS-ECDHE-RSA-AES128-SHA]" time="0.653" /><testcase classname="test_signature_algorithms" name="test_s2n_server_signature_algorithms[client-auth-RSA+SHA256-RSA_4096_SHA256-TLS1.1-S2N-OpenSSL-AES256-SHA]" time="0.629" /><testcase classname="test_signature_algorithms" name="test_s2n_server_signature_algorithms[client-auth-RSA+SHA256-RSA_4096_SHA256-TLS1.1-S2N-OpenSSL-DHE-RSA-AES128-SHA]" time="0.670" /><testcase classname="test_signature_algorithms" name="test_s2n_server_signature_algorithms[client-auth-RSA+SHA256-RSA_4096_SHA256-TLS1.2-S2N-GnuTLS-ECDHE-RSA-AES256-SHA384]" time="0.658" /><testcase classname="test_signature_algorithms" name="test_s2n_server_signature_algorithms[client-auth-RSA+SHA256-RSA_4096_SHA256-TLS1.2-S2N-GnuTLS-ECDHE-RSA-CHACHA20-POLY1305]" time="0.670" /><testcase classname="test_signature_algorithms" name="test_s2n_server_signature_algorithms[client-auth-RSA+SHA256-RSA_4096_SHA256-TLS1.1-S2N-OpenSSL-AES128-SHA]" time="0.629" /><testcase classname="test_signature_algorithms" name="test_s2n_server_signature_algorithms[client-auth-RSA+SHA256-RSA_4096_SHA256-TLS1.1-S2N-OpenSSL-ECDHE-RSA-AES256-SHA]" time="0.666" /><testcase classname="test_signature_algorithms" name="test_s2n_server_signature_algorithms[client-auth-RSA+SHA256-RSA_4096_SHA256-TLS1.1-S2N-OpenSSL-DHE-RSA-AES256-SHA]" time="0.668" /><testcase classname="test_signature_algorithms" name="test_s2n_server_signature_algorithms[client-auth-RSA+SHA256-RSA_4096_SHA256-TLS1.2-S2N-GnuTLS-ECDHE-RSA-AES256-GCM-SHA384]" time="0.697" /><testcase classname="test_signature_algorithms" name="test_s2n_server_signature_algorithms[client-auth-RSA+SHA256-RSA_4096_SHA256-TLS1.1-S2N-GnuTLS-ECDHE-RSA-AES256-SHA]" time="0.639" /><testcase classname="test_signature_algorithms" name="test_s2n_server_signature_algorithms[client-auth-RSA+SHA256-RSA_4096_SHA256-TLS1.1-S2N-OpenSSL-ECDHE-RSA-AES128-SHA]" time="0.673" /><testcase classname="test_signature_algorithms" name="test_s2n_server_signature_algorithms[client-auth-RSA+SHA256-RSA_4096_SHA256-TLS1.1-S2N-GnuTLS-AES128-SHA]" time="0.691" /><testcase classname="test_signature_algorithms" name="test_s2n_server_signature_algorithms[client-auth-RSA+SHA256-RSA_4096_SHA256-TLS1.1-S2N-GnuTLS-DHE-RSA-AES256-SHA]" time="0.684" /><testcase classname="test_signature_algorithms" name="test_s2n_server_signature_algorithms[client-auth-RSA+SHA256-RSA_4096_SHA256-TLS1.1-S2N-GnuTLS-ECDHE-RSA-AES128-SHA]" time="0.706" /><testcase classname="test_signature_algorithms" name="test_s2n_server_signature_algorithms[client-auth-RSA+SHA384-RSA_2048_SHA512-TLS1.2-S2N-OpenSSL-DHE-RSA-AES256-SHA]" time="0.628" /><testcase classname="test_signature_algorithms" name="test_s2n_server_signature_algorithms[client-auth-RSA+SHA256-RSA_4096_SHA256-TLS1.1-S2N-GnuTLS-AES256-SHA]" time="0.723" /><testcase classname="test_signature_algorithms" name="test_s2n_server_signature_algorithms[client-auth-RSA+SHA256-RSA_4096_SHA256-TLS1.1-S2N-GnuTLS-DHE-RSA-AES128-SHA]" time="0.712" /><testcase classname="test_signature_algorithms" name="test_s2n_server_signature_algorithms[client-auth-RSA+SHA384-RSA_2048_SHA512-TLS1.2-S2N-OpenSSL-AES128-SHA]" time="0.662" /><testcase classname="test_signature_algorithms" name="test_s2n_server_signature_algorithms[client-auth-RSA+SHA384-RSA_2048_SHA512-TLS1.2-S2N-OpenSSL-DHE-RSA-AES128-SHA]" time="0.626" /><testcase classname="test_signature_algorithms" name="test_s2n_server_signature_algorithms[client-auth-RSA+SHA384-RSA_2048_SHA512-TLS1.2-S2N-OpenSSL-DHE-RSA-AES128-GCM-SHA256]" time="0.649" /><testcase classname="test_signature_algorithms" name="test_s2n_server_signature_algorithms[client-auth-RSA+SHA384-RSA_2048_SHA512-TLS1.2-S2N-OpenSSL-DHE-RSA-AES256-SHA256]" time="0.622" /><testcase classname="test_signature_algorithms" name="test_s2n_server_signature_algorithms[client-auth-RSA+SHA384-RSA_2048_SHA512-TLS1.2-S2N-OpenSSL-DHE-RSA-CHACHA20-POLY1305]" time="0.655" /><testcase classname="test_signature_algorithms" name="test_s2n_server_signature_algorithms[client-auth-RSA+SHA384-RSA_2048_SHA512-TLS1.2-S2N-OpenSSL-AES128-SHA256]" time="0.629" /><testcase classname="test_signature_algorithms" name="test_s2n_server_signature_algorithms[client-auth-RSA+SHA384-RSA_2048_SHA512-TLS1.2-S2N-OpenSSL-DHE-RSA-AES128-SHA256]" time="0.625" /><testcase classname="test_signature_algorithms" name="test_s2n_server_signature_algorithms[client-auth-RSA+SHA384-RSA_2048_SHA512-TLS1.2-S2N-OpenSSL-DHE-RSA-AES256-GCM-SHA384]" time="0.660" /><testcase classname="test_signature_algorithms" name="test_s2n_server_signature_algorithms[client-auth-RSA+SHA384-RSA_2048_SHA512-TLS1.2-S2N-OpenSSL-ECDHE-RSA-AES128-GCM-SHA256]" time="0.626" /><testcase classname="test_signature_algorithms" name="test_s2n_server_signature_algorithms[client-auth-RSA+SHA384-RSA_2048_SHA512-TLS1.2-S2N-OpenSSL-AES256-SHA]" time="0.601" /><testcase classname="test_signature_algorithms" name="test_s2n_server_signature_algorithms[client-auth-RSA+SHA384-RSA_2048_SHA512-TLS1.2-S2N-OpenSSL-ECDHE-RSA-AES256-SHA]" time="0.645" /><testcase classname="test_signature_algorithms" name="test_s2n_server_signature_algorithms[client-auth-RSA+SHA384-RSA_2048_SHA512-TLS1.2-S2N-OpenSSL-ECDHE-RSA-AES128-SHA]" time="0.594" /><testcase classname="test_signature_algorithms" name="test_s2n_server_signature_algorithms[client-auth-RSA+SHA384-RSA_2048_SHA512-TLS1.2-S2N-OpenSSL-ECDHE-RSA-AES256-SHA384]" time="0.638" /><testcase classname="test_signature_algorithms" name="test_s2n_server_signature_algorithms[client-auth-RSA+SHA384-RSA_2048_SHA512-TLS1.2-S2N-OpenSSL-ECDHE-RSA-CHACHA20-POLY1305]" time="0.620" /><testcase classname="test_signature_algorithms" name="test_s2n_server_signature_algorithms[client-auth-RSA+SHA384-RSA_2048_SHA512-TLS1.2-S2N-OpenSSL-ECDHE-RSA-AES128-SHA256]" time="0.547" /><testcase classname="test_signature_algorithms" name="test_s2n_server_signature_algorithms[client-auth-RSA+SHA384-RSA_2048_SHA512-TLS1.2-S2N-OpenSSL-AES256-SHA256]" time="0.638" /><testcase classname="test_signature_algorithms" name="test_s2n_server_signature_algorithms[client-auth-RSA+SHA384-RSA_2048_SHA512-TLS1.2-S2N-OpenSSL-ECDHE-RSA-AES256-GCM-SHA384]" time="0.613" /><testcase classname="test_signature_algorithms" name="test_s2n_server_signature_algorithms[client-auth-RSA+SHA384-RSA_2048_SHA512-TLS1.2-S2N-GnuTLS-DHE-RSA-AES256-GCM-SHA384]" time="0.673" /><testcase classname="test_signature_algorithms" name="test_s2n_server_signature_algorithms[client-auth-RSA+SHA384-RSA_2048_SHA512-TLS1.2-S2N-GnuTLS-DHE-RSA-AES128-SHA256]" time="0.671" /><testcase classname="test_signature_algorithms" name="test_s2n_server_signature_algorithms[client-auth-RSA+SHA384-RSA_2048_SHA512-TLS1.2-S2N-GnuTLS-DHE-RSA-AES256-SHA]" time="0.674" /><testcase classname="test_signature_algorithms" name="test_s2n_server_signature_algorithms[client-auth-RSA+SHA384-RSA_2048_SHA512-TLS1.2-S2N-GnuTLS-AES128-SHA]" time="0.681" /><testcase classname="test_signature_algorithms" name="test_s2n_server_signature_algorithms[client-auth-RSA+SHA384-RSA_2048_SHA512-TLS1.2-S2N-GnuTLS-DHE-RSA-AES128-GCM-SHA256]" time="0.701" /><testcase classname="test_signature_algorithms" name="test_s2n_server_signature_algorithms[client-auth-RSA+SHA384-RSA_2048_SHA512-TLS1.2-S2N-GnuTLS-DHE-RSA-AES256-SHA256]" time="0.672" /><testcase classname="test_signature_algorithms" name="test_s2n_server_signature_algorithms[client-auth-RSA+SHA384-RSA_2048_SHA512-TLS1.2-S2N-GnuTLS-DHE-RSA-AES128-SHA]" time="0.675" /><testcase classname="test_signature_algorithms" name="test_s2n_server_signature_algorithms[client-auth-RSA+SHA384-RSA_2048_SHA512-TLS1.2-S2N-GnuTLS-DHE-RSA-CHACHA20-POLY1305]" time="0.655" /><testcase classname="test_signature_algorithms" name="test_s2n_server_signature_algorithms[client-auth-RSA+SHA384-RSA_2048_SHA512-TLS1.2-S2N-GnuTLS-ECDHE-RSA-AES128-SHA256]" time="0.661" /><testcase classname="test_signature_algorithms" name="test_s2n_server_signature_algorithms[client-auth-RSA+SHA384-RSA_2048_SHA512-TLS1.2-S2N-GnuTLS-AES256-SHA256]" time="0.621" /><testcase classname="test_signature_algorithms" name="test_s2n_server_signature_algorithms[client-auth-RSA+SHA384-RSA_2048_SHA512-TLS1.2-S2N-GnuTLS-AES128-SHA256]" time="0.664" /><testcase classname="test_signature_algorithms" name="test_s2n_server_signature_algorithms[client-auth-RSA+SHA384-RSA_2048_SHA512-TLS1.2-S2N-GnuTLS-ECDHE-RSA-AES128-GCM-SHA256]" time="0.622" /><testcase classname="test_signature_algorithms" name="test_s2n_server_signature_algorithms[client-auth-RSA+SHA384-RSA_2048_SHA512-TLS1.2-S2N-GnuTLS-ECDHE-RSA-AES256-SHA]" time="0.672" /><testcase classname="test_signature_algorithms" name="test_s2n_server_signature_algorithms[client-auth-RSA+SHA384-RSA_2048_SHA512-TLS1.2-S2N-GnuTLS-ECDHE-RSA-AES128-SHA]" time="0.647" /><testcase classname="test_signature_algorithms" name="test_s2n_server_signature_algorithms[client-auth-RSA+SHA384-RSA_2048_SHA512-TLS1.2-S2N-GnuTLS-AES256-SHA]" time="0.645" /><testcase classname="test_signature_algorithms" name="test_s2n_server_signature_algorithms[client-auth-RSA+SHA384-RSA_2048_SHA512-TLS1.2-S2N-GnuTLS-ECDHE-RSA-AES256-SHA384]" time="0.642" /><testcase classname="test_signature_algorithms" name="test_s2n_server_signature_algorithms[client-auth-RSA+SHA384-RSA_2048_SHA512-TLS1.1-S2N-OpenSSL-DHE-RSA-AES128-SHA]" time="0.610" /><testcase classname="test_signature_algorithms" name="test_s2n_server_signature_algorithms[client-auth-RSA+SHA384-RSA_2048_SHA512-TLS1.1-S2N-OpenSSL-AES256-SHA]" time="0.677" /><testcase classname="test_signature_algorithms" name="test_s2n_server_signature_algorithms[client-auth-RSA+SHA384-RSA_2048_SHA512-TLS1.2-S2N-GnuTLS-ECDHE-RSA-CHACHA20-POLY1305]" time="0.631" /><testcase classname="test_signature_algorithms" name="test_s2n_server_signature_algorithms[client-auth-RSA+SHA384-RSA_2048_SHA512-TLS1.1-S2N-OpenSSL-ECDHE-RSA-AES256-SHA]" time="0.623" /><testcase classname="test_signature_algorithms" name="test_s2n_server_signature_algorithms[client-auth-RSA+SHA384-RSA_2048_SHA512-TLS1.1-S2N-OpenSSL-AES128-SHA]" time="0.629" /><testcase classname="test_signature_algorithms" name="test_s2n_server_signature_algorithms[client-auth-RSA+SHA384-RSA_2048_SHA512-TLS1.1-S2N-OpenSSL-DHE-RSA-AES256-SHA]" time="0.637" /><testcase classname="test_signature_algorithms" name="test_s2n_server_signature_algorithms[client-auth-RSA+SHA384-RSA_2048_SHA512-TLS1.2-S2N-GnuTLS-ECDHE-RSA-AES256-GCM-SHA384]" time="0.663" /><testcase classname="test_signature_algorithms" name="test_s2n_server_signature_algorithms[client-auth-RSA+SHA384-RSA_2048_SHA512-TLS1.1-S2N-OpenSSL-ECDHE-RSA-AES128-SHA]" time="0.614" /><testcase classname="test_signature_algorithms" name="test_s2n_server_signature_algorithms[client-auth-RSA+SHA384-RSA_2048_SHA512-TLS1.1-S2N-GnuTLS-AES128-SHA]" time="0.682" /><testcase classname="test_signature_algorithms" name="test_s2n_server_signature_algorithms[client-auth-RSA+SHA384-RSA_2048_SHA512-TLS1.1-S2N-GnuTLS-ECDHE-RSA-AES256-SHA]" time="0.688" /><testcase classname="test_signature_algorithms" name="test_s2n_server_signature_algorithms[client-auth-RSA+SHA384-RSA_2048_SHA512-TLS1.1-S2N-GnuTLS-DHE-RSA-AES256-SHA]" time="0.670" /><testcase classname="test_signature_algorithms" name="test_s2n_server_signature_algorithms[client-auth-RSA+SHA384-RSA_4096_SHA256-TLS1.2-S2N-OpenSSL-DHE-RSA-AES256-SHA]" time="0.607" /><testcase classname="test_signature_algorithms" name="test_s2n_server_signature_algorithms[client-auth-RSA+SHA384-RSA_2048_SHA512-TLS1.1-S2N-GnuTLS-ECDHE-RSA-AES128-SHA]" time="0.670" /><testcase classname="test_signature_algorithms" name="test_s2n_server_signature_algorithms[client-auth-RSA+SHA384-RSA_2048_SHA512-TLS1.1-S2N-GnuTLS-AES256-SHA]" time="0.660" /><testcase classname="test_signature_algorithms" name="test_s2n_server_signature_algorithms[client-auth-RSA+SHA384-RSA_2048_SHA512-TLS1.1-S2N-GnuTLS-DHE-RSA-AES128-SHA]" time="0.713" /><testcase classname="test_signature_algorithms" name="test_s2n_server_signature_algorithms[client-auth-RSA+SHA384-RSA_4096_SHA256-TLS1.2-S2N-OpenSSL-DHE-RSA-AES128-SHA]" time="0.651" /><testcase classname="test_signature_algorithms" name="test_s2n_server_signature_algorithms[client-auth-RSA+SHA384-RSA_4096_SHA256-TLS1.2-S2N-OpenSSL-AES128-SHA]" time="0.620" /><testcase classname="test_signature_algorithms" name="test_s2n_server_signature_algorithms[client-auth-RSA+SHA384-RSA_4096_SHA256-TLS1.2-S2N-OpenSSL-DHE-RSA-AES128-GCM-SHA256]" time="0.652" /><testcase classname="test_signature_algorithms" name="test_s2n_server_signature_algorithms[client-auth-RSA+SHA384-RSA_4096_SHA256-TLS1.2-S2N-OpenSSL-DHE-RSA-AES256-SHA256]" time="0.654" /><testcase classname="test_signature_algorithms" name="test_s2n_server_signature_algorithms[client-auth-RSA+SHA384-RSA_4096_SHA256-TLS1.2-S2N-OpenSSL-AES128-SHA256]" time="0.623" /><testcase classname="test_signature_algorithms" name="test_s2n_server_signature_algorithms[client-auth-RSA+SHA384-RSA_4096_SHA256-TLS1.2-S2N-OpenSSL-DHE-RSA-CHACHA20-POLY1305]" time="0.668" /><testcase classname="test_signature_algorithms" name="test_s2n_server_signature_algorithms[client-auth-RSA+SHA384-RSA_4096_SHA256-TLS1.2-S2N-OpenSSL-DHE-RSA-AES256-GCM-SHA384]" time="0.651" /><testcase classname="test_signature_algorithms" name="test_s2n_server_signature_algorithms[client-auth-RSA+SHA384-RSA_4096_SHA256-TLS1.2-S2N-OpenSSL-DHE-RSA-AES128-SHA256]" time="0.674" /><testcase classname="test_signature_algorithms" name="test_s2n_server_signature_algorithms[client-auth-RSA+SHA384-RSA_4096_SHA256-TLS1.2-S2N-OpenSSL-AES256-SHA]" time="0.668" /><testcase classname="test_signature_algorithms" name="test_s2n_server_signature_algorithms[client-auth-RSA+SHA384-RSA_4096_SHA256-TLS1.2-S2N-OpenSSL-ECDHE-RSA-AES128-GCM-SHA256]" time="0.624" /><testcase classname="test_signature_algorithms" name="test_s2n_server_signature_algorithms[client-auth-RSA+SHA384-RSA_4096_SHA256-TLS1.2-S2N-OpenSSL-ECDHE-RSA-AES256-SHA]" time="0.642" /><testcase classname="test_signature_algorithms" name="test_s2n_server_signature_algorithms[client-auth-RSA+SHA384-RSA_4096_SHA256-TLS1.2-S2N-OpenSSL-ECDHE-RSA-AES128-SHA]" time="0.650" /><testcase classname="test_signature_algorithms" name="test_s2n_server_signature_algorithms[client-auth-RSA+SHA384-RSA_4096_SHA256-TLS1.2-S2N-OpenSSL-ECDHE-RSA-CHACHA20-POLY1305]" time="0.648" /><testcase classname="test_signature_algorithms" name="test_s2n_server_signature_algorithms[client-auth-RSA+SHA384-RSA_4096_SHA256-TLS1.2-S2N-OpenSSL-ECDHE-RSA-AES256-SHA384]" time="0.645" /><testcase classname="test_signature_algorithms" name="test_s2n_server_signature_algorithms[client-auth-RSA+SHA384-RSA_4096_SHA256-TLS1.2-S2N-OpenSSL-ECDHE-RSA-AES128-SHA256]" time="0.638" /><testcase classname="test_signature_algorithms" name="test_s2n_server_signature_algorithms[client-auth-RSA+SHA384-RSA_4096_SHA256-TLS1.2-S2N-OpenSSL-AES256-SHA256]" time="0.625" /><testcase classname="test_signature_algorithms" name="test_s2n_server_signature_algorithms[client-auth-RSA+SHA384-RSA_4096_SHA256-TLS1.2-S2N-OpenSSL-ECDHE-RSA-AES256-GCM-SHA384]" time="0.642" /><testcase classname="test_signature_algorithms" name="test_s2n_server_signature_algorithms[client-auth-RSA+SHA384-RSA_4096_SHA256-TLS1.2-S2N-GnuTLS-DHE-RSA-AES256-GCM-SHA384]" time="0.683" /><testcase classname="test_signature_algorithms" name="test_s2n_server_signature_algorithms[client-auth-RSA+SHA384-RSA_4096_SHA256-TLS1.2-S2N-GnuTLS-DHE-RSA-AES128-SHA256]" time="0.671" /><testcase classname="test_signature_algorithms" name="test_s2n_server_signature_algorithms[client-auth-RSA+SHA384-RSA_4096_SHA256-TLS1.2-S2N-GnuTLS-AES128-SHA]" time="0.666" /><testcase classname="test_signature_algorithms" name="test_s2n_server_signature_algorithms[client-auth-RSA+SHA384-RSA_4096_SHA256-TLS1.2-S2N-GnuTLS-DHE-RSA-AES256-SHA]" time="0.693" /><testcase classname="test_signature_algorithms" name="test_s2n_server_signature_algorithms[client-auth-RSA+SHA384-RSA_4096_SHA256-TLS1.2-S2N-GnuTLS-DHE-RSA-AES256-SHA256]" time="0.671" /><testcase classname="test_signature_algorithms" name="test_s2n_server_signature_algorithms[client-auth-RSA+SHA384-RSA_4096_SHA256-TLS1.2-S2N-GnuTLS-DHE-RSA-AES128-GCM-SHA256]" time="0.700" /><testcase classname="test_signature_algorithms" name="test_s2n_server_signature_algorithms[client-auth-RSA+SHA384-RSA_4096_SHA256-TLS1.2-S2N-GnuTLS-DHE-RSA-CHACHA20-POLY1305]" time="0.677" /><testcase classname="test_signature_algorithms" name="test_s2n_server_signature_algorithms[client-auth-RSA+SHA384-RSA_4096_SHA256-TLS1.2-S2N-GnuTLS-DHE-RSA-AES128-SHA]" time="0.757" /><testcase classname="test_signature_algorithms" name="test_s2n_server_signature_algorithms[client-auth-RSA+SHA384-RSA_4096_SHA256-TLS1.2-S2N-GnuTLS-AES256-SHA256]" time="0.696" /><testcase classname="test_signature_algorithms" name="test_s2n_server_signature_algorithms[client-auth-RSA+SHA384-RSA_4096_SHA256-TLS1.2-S2N-GnuTLS-ECDHE-RSA-AES128-SHA256]" time="0.711" /><testcase classname="test_signature_algorithms" name="test_s2n_server_signature_algorithms[client-auth-RSA+SHA384-RSA_4096_SHA256-TLS1.2-S2N-GnuTLS-ECDHE-RSA-AES128-GCM-SHA256]" time="0.666" /><testcase classname="test_signature_algorithms" name="test_s2n_server_signature_algorithms[client-auth-RSA+SHA384-RSA_4096_SHA256-TLS1.2-S2N-GnuTLS-AES128-SHA256]" time="0.673" /><testcase classname="test_signature_algorithms" name="test_s2n_server_signature_algorithms[client-auth-RSA+SHA384-RSA_4096_SHA256-TLS1.2-S2N-GnuTLS-ECDHE-RSA-AES128-SHA]" time="0.681" /><testcase classname="test_signature_algorithms" name="test_s2n_server_signature_algorithms[client-auth-RSA+SHA384-RSA_4096_SHA256-TLS1.2-S2N-GnuTLS-ECDHE-RSA-AES256-SHA]" time="0.747" /><testcase classname="test_signature_algorithms" name="test_s2n_server_signature_algorithms[client-auth-RSA+SHA384-RSA_4096_SHA256-TLS1.2-S2N-GnuTLS-ECDHE-RSA-AES256-SHA384]" time="0.661" /><testcase classname="test_signature_algorithms" name="test_s2n_server_signature_algorithms[client-auth-RSA+SHA384-RSA_4096_SHA256-TLS1.2-S2N-GnuTLS-AES256-SHA]" time="0.658" /><testcase classname="test_signature_algorithms" name="test_s2n_server_signature_algorithms[client-auth-RSA+SHA384-RSA_4096_SHA256-TLS1.1-S2N-OpenSSL-AES256-SHA]" time="0.613" /><testcase classname="test_signature_algorithms" name="test_s2n_server_signature_algorithms[client-auth-RSA+SHA384-RSA_4096_SHA256-TLS1.1-S2N-OpenSSL-DHE-RSA-AES128-SHA]" time="0.684" /><testcase classname="test_signature_algorithms" name="test_s2n_server_signature_algorithms[client-auth-RSA+SHA384-RSA_4096_SHA256-TLS1.1-S2N-OpenSSL-ECDHE-RSA-AES256-SHA]" time="0.637" /><testcase classname="test_signature_algorithms" name="test_s2n_server_signature_algorithms[client-auth-RSA+SHA384-RSA_4096_SHA256-TLS1.2-S2N-GnuTLS-ECDHE-RSA-CHACHA20-POLY1305]" time="0.677" /><testcase classname="test_signature_algorithms" name="test_s2n_server_signature_algorithms[client-auth-RSA+SHA384-RSA_4096_SHA256-TLS1.1-S2N-OpenSSL-DHE-RSA-AES256-SHA]" time="0.649" /><testcase classname="test_signature_algorithms" name="test_s2n_server_signature_algorithms[client-auth-RSA+SHA384-RSA_4096_SHA256-TLS1.1-S2N-OpenSSL-AES128-SHA]" time="0.655" /><testcase classname="test_signature_algorithms" name="test_s2n_server_signature_algorithms[client-auth-RSA+SHA384-RSA_4096_SHA256-TLS1.1-S2N-OpenSSL-ECDHE-RSA-AES128-SHA]" time="0.678" /><testcase classname="test_signature_algorithms" name="test_s2n_server_signature_algorithms[client-auth-RSA+SHA384-RSA_4096_SHA256-TLS1.2-S2N-GnuTLS-ECDHE-RSA-AES256-GCM-SHA384]" time="0.690" /><testcase classname="test_signature_algorithms" name="test_s2n_server_signature_algorithms[client-auth-RSA+SHA384-RSA_4096_SHA256-TLS1.1-S2N-GnuTLS-ECDHE-RSA-AES256-SHA]" time="0.695" /><testcase classname="test_signature_algorithms" name="test_s2n_server_signature_algorithms[client-auth-RSA+SHA512-RSA_2048_SHA512-TLS1.2-S2N-OpenSSL-DHE-RSA-AES256-SHA]" time="0.612" /><testcase classname="test_signature_algorithms" name="test_s2n_server_signature_algorithms[client-auth-RSA+SHA384-RSA_4096_SHA256-TLS1.1-S2N-GnuTLS-AES128-SHA]" time="0.704" /><testcase classname="test_signature_algorithms" name="test_s2n_server_signature_algorithms[client-auth-RSA+SHA384-RSA_4096_SHA256-TLS1.1-S2N-GnuTLS-DHE-RSA-AES256-SHA]" time="0.689" /><testcase classname="test_signature_algorithms" name="test_s2n_server_signature_algorithms[client-auth-RSA+SHA384-RSA_4096_SHA256-TLS1.1-S2N-GnuTLS-AES256-SHA]" time="0.716" /><testcase classname="test_signature_algorithms" name="test_s2n_server_signature_algorithms[client-auth-RSA+SHA384-RSA_4096_SHA256-TLS1.1-S2N-GnuTLS-ECDHE-RSA-AES128-SHA]" time="0.669" /><testcase classname="test_signature_algorithms" name="test_s2n_server_signature_algorithms[client-auth-RSA+SHA512-RSA_2048_SHA512-TLS1.2-S2N-OpenSSL-DHE-RSA-AES128-SHA]" time="0.646" /><testcase classname="test_signature_algorithms" name="test_s2n_server_signature_algorithms[client-auth-RSA+SHA512-RSA_2048_SHA512-TLS1.2-S2N-OpenSSL-AES128-SHA]" time="0.568" /><testcase classname="test_signature_algorithms" name="test_s2n_server_signature_algorithms[client-auth-RSA+SHA384-RSA_4096_SHA256-TLS1.1-S2N-GnuTLS-DHE-RSA-AES128-SHA]" time="0.671" /><testcase classname="test_signature_algorithms" name="test_s2n_server_signature_algorithms[client-auth-RSA+SHA512-RSA_2048_SHA512-TLS1.2-S2N-OpenSSL-AES128-SHA256]" time="0.607" /><testcase classname="test_signature_algorithms" name="test_s2n_server_signature_algorithms[client-auth-RSA+SHA512-RSA_2048_SHA512-TLS1.2-S2N-OpenSSL-DHE-RSA-AES128-GCM-SHA256]" time="0.587" /><testcase classname="test_signature_algorithms" name="test_s2n_server_signature_algorithms[client-auth-RSA+SHA512-RSA_2048_SHA512-TLS1.2-S2N-OpenSSL-DHE-RSA-AES256-SHA256]" time="0.624" /><testcase classname="test_signature_algorithms" name="test_s2n_server_signature_algorithms[client-auth-RSA+SHA512-RSA_2048_SHA512-TLS1.2-S2N-OpenSSL-DHE-RSA-AES256-GCM-SHA384]" time="0.633" /><testcase classname="test_signature_algorithms" name="test_s2n_server_signature_algorithms[client-auth-RSA+SHA512-RSA_2048_SHA512-TLS1.2-S2N-OpenSSL-DHE-RSA-CHACHA20-POLY1305]" time="0.615" /><testcase classname="test_signature_algorithms" name="test_s2n_server_signature_algorithms[client-auth-RSA+SHA512-RSA_2048_SHA512-TLS1.2-S2N-OpenSSL-AES256-SHA]" time="0.605" /><testcase classname="test_signature_algorithms" name="test_s2n_server_signature_algorithms[client-auth-RSA+SHA512-RSA_2048_SHA512-TLS1.2-S2N-OpenSSL-ECDHE-RSA-AES128-GCM-SHA256]" time="0.617" /><testcase classname="test_signature_algorithms" name="test_s2n_server_signature_algorithms[client-auth-RSA+SHA512-RSA_2048_SHA512-TLS1.2-S2N-OpenSSL-DHE-RSA-AES128-SHA256]" time="0.637" /><testcase classname="test_signature_algorithms" name="test_s2n_server_signature_algorithms[client-auth-RSA+SHA512-RSA_2048_SHA512-TLS1.2-S2N-OpenSSL-ECDHE-RSA-AES256-SHA]" time="0.611" /><testcase classname="test_signature_algorithms" name="test_s2n_server_signature_algorithms[client-auth-RSA+SHA512-RSA_2048_SHA512-TLS1.2-S2N-OpenSSL-ECDHE-RSA-CHACHA20-POLY1305]" time="0.630" /><testcase classname="test_signature_algorithms" name="test_s2n_server_signature_algorithms[client-auth-RSA+SHA512-RSA_2048_SHA512-TLS1.2-S2N-OpenSSL-ECDHE-RSA-AES128-SHA]" time="0.598" /><testcase classname="test_signature_algorithms" name="test_s2n_server_signature_algorithms[client-auth-RSA+SHA512-RSA_2048_SHA512-TLS1.2-S2N-OpenSSL-ECDHE-RSA-AES256-SHA384]" time="0.604" /><testcase classname="test_signature_algorithms" name="test_s2n_server_signature_algorithms[client-auth-RSA+SHA512-RSA_2048_SHA512-TLS1.2-S2N-OpenSSL-ECDHE-RSA-AES128-SHA256]" time="0.659" /><testcase classname="test_signature_algorithms" name="test_s2n_server_signature_algorithms[client-auth-RSA+SHA512-RSA_2048_SHA512-TLS1.2-S2N-OpenSSL-ECDHE-RSA-AES256-GCM-SHA384]" time="0.601" /><testcase classname="test_signature_algorithms" name="test_s2n_server_signature_algorithms[client-auth-RSA+SHA512-RSA_2048_SHA512-TLS1.2-S2N-OpenSSL-AES256-SHA256]" time="0.604" /><testcase classname="test_signature_algorithms" name="test_s2n_server_signature_algorithms[client-auth-RSA+SHA512-RSA_2048_SHA512-TLS1.2-S2N-GnuTLS-DHE-RSA-AES256-GCM-SHA384]" time="0.695" /><testcase classname="test_signature_algorithms" name="test_s2n_server_signature_algorithms[client-auth-RSA+SHA512-RSA_2048_SHA512-TLS1.2-S2N-GnuTLS-DHE-RSA-AES128-SHA256]" time="0.677" /><testcase classname="test_signature_algorithms" name="test_s2n_server_signature_algorithms[client-auth-RSA+SHA512-RSA_2048_SHA512-TLS1.2-S2N-GnuTLS-AES128-SHA]" time="0.710" /><testcase classname="test_signature_algorithms" name="test_s2n_server_signature_algorithms[client-auth-RSA+SHA512-RSA_2048_SHA512-TLS1.2-S2N-GnuTLS-DHE-RSA-AES256-SHA]" time="0.702" /><testcase classname="test_signature_algorithms" name="test_s2n_server_signature_algorithms[client-auth-RSA+SHA512-RSA_2048_SHA512-TLS1.2-S2N-GnuTLS-DHE-RSA-AES128-GCM-SHA256]" time="0.708" /><testcase classname="test_signature_algorithms" name="test_s2n_server_signature_algorithms[client-auth-RSA+SHA512-RSA_2048_SHA512-TLS1.2-S2N-GnuTLS-DHE-RSA-CHACHA20-POLY1305]" time="0.678" /><testcase classname="test_signature_algorithms" name="test_s2n_server_signature_algorithms[client-auth-RSA+SHA512-RSA_2048_SHA512-TLS1.2-S2N-GnuTLS-DHE-RSA-AES256-SHA256]" time="0.755" /><testcase classname="test_signature_algorithms" name="test_s2n_server_signature_algorithms[client-auth-RSA+SHA512-RSA_2048_SHA512-TLS1.2-S2N-GnuTLS-DHE-RSA-AES128-SHA]" time="0.720" /><testcase classname="test_signature_algorithms" name="test_s2n_server_signature_algorithms[client-auth-RSA+SHA512-RSA_2048_SHA512-TLS1.2-S2N-GnuTLS-ECDHE-RSA-AES128-SHA256]" time="0.685" /><testcase classname="test_signature_algorithms" name="test_s2n_server_signature_algorithms[client-auth-RSA+SHA512-RSA_2048_SHA512-TLS1.2-S2N-GnuTLS-AES256-SHA256]" time="0.675" /><testcase classname="test_signature_algorithms" name="test_s2n_server_signature_algorithms[client-auth-RSA+SHA512-RSA_2048_SHA512-TLS1.2-S2N-GnuTLS-ECDHE-RSA-AES128-GCM-SHA256]" time="0.683" /><testcase classname="test_signature_algorithms" name="test_s2n_server_signature_algorithms[client-auth-RSA+SHA512-RSA_2048_SHA512-TLS1.2-S2N-GnuTLS-AES128-SHA256]" time="0.662" /><testcase classname="test_signature_algorithms" name="test_s2n_server_signature_algorithms[client-auth-RSA+SHA512-RSA_2048_SHA512-TLS1.2-S2N-GnuTLS-ECDHE-RSA-AES256-SHA]" time="0.658" /><testcase classname="test_signature_algorithms" name="test_s2n_server_signature_algorithms[client-auth-RSA+SHA512-RSA_2048_SHA512-TLS1.2-S2N-GnuTLS-ECDHE-RSA-AES256-SHA384]" time="0.657" /><testcase classname="test_signature_algorithms" name="test_s2n_server_signature_algorithms[client-auth-RSA+SHA512-RSA_2048_SHA512-TLS1.2-S2N-GnuTLS-ECDHE-RSA-AES128-SHA]" time="0.657" /><testcase classname="test_signature_algorithms" name="test_s2n_server_signature_algorithms[client-auth-RSA+SHA512-RSA_2048_SHA512-TLS1.1-S2N-OpenSSL-AES256-SHA]" time="0.627" /><testcase classname="test_signature_algorithms" name="test_s2n_server_signature_algorithms[client-auth-RSA+SHA512-RSA_2048_SHA512-TLS1.2-S2N-GnuTLS-AES256-SHA]" time="0.671" /><testcase classname="test_signature_algorithms" name="test_s2n_server_signature_algorithms[client-auth-RSA+SHA512-RSA_2048_SHA512-TLS1.1-S2N-OpenSSL-DHE-RSA-AES128-SHA]" time="0.616" /><testcase classname="test_signature_algorithms" name="test_s2n_server_signature_algorithms[client-auth-RSA+SHA512-RSA_2048_SHA512-TLS1.1-S2N-OpenSSL-ECDHE-RSA-AES256-SHA]" time="0.652" /><testcase classname="test_signature_algorithms" name="test_s2n_server_signature_algorithms[client-auth-RSA+SHA512-RSA_2048_SHA512-TLS1.2-S2N-GnuTLS-ECDHE-RSA-CHACHA20-POLY1305]" time="0.632" /><testcase classname="test_signature_algorithms" name="test_s2n_server_signature_algorithms[client-auth-RSA+SHA512-RSA_2048_SHA512-TLS1.1-S2N-OpenSSL-AES128-SHA]" time="0.602" /><testcase classname="test_signature_algorithms" name="test_s2n_server_signature_algorithms[client-auth-RSA+SHA512-RSA_2048_SHA512-TLS1.1-S2N-OpenSSL-DHE-RSA-AES256-SHA]" time="0.660" /><testcase classname="test_signature_algorithms" name="test_s2n_server_signature_algorithms[client-auth-RSA+SHA512-RSA_2048_SHA512-TLS1.1-S2N-OpenSSL-ECDHE-RSA-AES128-SHA]" time="0.692" /><testcase classname="test_signature_algorithms" name="test_s2n_server_signature_algorithms[client-auth-RSA+SHA512-RSA_2048_SHA512-TLS1.1-S2N-GnuTLS-ECDHE-RSA-AES256-SHA]" time="0.679" /><testcase classname="test_signature_algorithms" name="test_s2n_server_signature_algorithms[client-auth-RSA+SHA512-RSA_2048_SHA512-TLS1.2-S2N-GnuTLS-ECDHE-RSA-AES256-GCM-SHA384]" time="0.676" /><testcase classname="test_signature_algorithms" name="test_s2n_server_signature_algorithms[client-auth-RSA+SHA512-RSA_2048_SHA512-TLS1.1-S2N-GnuTLS-AES128-SHA]" time="0.670" /><testcase classname="test_signature_algorithms" name="test_s2n_server_signature_algorithms[client-auth-RSA+SHA512-RSA_4096_SHA256-TLS1.2-S2N-OpenSSL-DHE-RSA-AES256-SHA]" time="0.623" /><testcase classname="test_signature_algorithms" name="test_s2n_server_signature_algorithms[client-auth-RSA+SHA512-RSA_2048_SHA512-TLS1.1-S2N-GnuTLS-DHE-RSA-AES256-SHA]" time="0.653" /><testcase classname="test_signature_algorithms" name="test_s2n_server_signature_algorithms[client-auth-RSA+SHA512-RSA_2048_SHA512-TLS1.1-S2N-GnuTLS-ECDHE-RSA-AES128-SHA]" time="0.650" /><testcase classname="test_signature_algorithms" name="test_s2n_server_signature_algorithms[client-auth-RSA+SHA512-RSA_4096_SHA256-TLS1.2-S2N-OpenSSL-DHE-RSA-AES128-SHA]" time="0.651" /><testcase classname="test_signature_algorithms" name="test_s2n_server_signature_algorithms[client-auth-RSA+SHA512-RSA_2048_SHA512-TLS1.1-S2N-GnuTLS-AES256-SHA]" time="0.686" /><testcase classname="test_signature_algorithms" name="test_s2n_server_signature_algorithms[client-auth-RSA+SHA512-RSA_4096_SHA256-TLS1.2-S2N-OpenSSL-AES128-SHA]" time="0.665" /><testcase classname="test_signature_algorithms" name="test_s2n_server_signature_algorithms[client-auth-RSA+SHA512-RSA_2048_SHA512-TLS1.1-S2N-GnuTLS-DHE-RSA-AES128-SHA]" time="0.653" /><testcase classname="test_signature_algorithms" name="test_s2n_server_signature_algorithms[client-auth-RSA+SHA512-RSA_4096_SHA256-TLS1.2-S2N-OpenSSL-DHE-RSA-AES128-GCM-SHA256]" time="0.659" /><testcase classname="test_signature_algorithms" name="test_s2n_server_signature_algorithms[client-auth-RSA+SHA512-RSA_4096_SHA256-TLS1.2-S2N-OpenSSL-AES128-SHA256]" time="0.625" /><testcase classname="test_signature_algorithms" name="test_s2n_server_signature_algorithms[client-auth-RSA+SHA512-RSA_4096_SHA256-TLS1.2-S2N-OpenSSL-DHE-RSA-AES256-SHA256]" time="0.700" /><testcase classname="test_signature_algorithms" name="test_s2n_server_signature_algorithms[client-auth-RSA+SHA512-RSA_4096_SHA256-TLS1.2-S2N-OpenSSL-DHE-RSA-CHACHA20-POLY1305]" time="0.659" /><testcase classname="test_signature_algorithms" name="test_s2n_server_signature_algorithms[client-auth-RSA+SHA512-RSA_4096_SHA256-TLS1.2-S2N-OpenSSL-AES256-SHA]" time="0.595" /><testcase classname="test_signature_algorithms" name="test_s2n_server_signature_algorithms[client-auth-RSA+SHA512-RSA_4096_SHA256-TLS1.2-S2N-OpenSSL-DHE-RSA-AES256-GCM-SHA384]" time="0.604" /><testcase classname="test_signature_algorithms" name="test_s2n_server_signature_algorithms[client-auth-RSA+SHA512-RSA_4096_SHA256-TLS1.2-S2N-OpenSSL-ECDHE-RSA-AES256-SHA]" time="0.596" /><testcase classname="test_signature_algorithms" name="test_s2n_server_signature_algorithms[client-auth-RSA+SHA512-RSA_4096_SHA256-TLS1.2-S2N-OpenSSL-ECDHE-RSA-AES128-GCM-SHA256]" time="0.637" /><testcase classname="test_signature_algorithms" name="test_s2n_server_signature_algorithms[client-auth-RSA+SHA512-RSA_4096_SHA256-TLS1.2-S2N-OpenSSL-DHE-RSA-AES128-SHA256]" time="0.662" /><testcase classname="test_signature_algorithms" name="test_s2n_server_signature_algorithms[client-auth-RSA+SHA512-RSA_4096_SHA256-TLS1.2-S2N-OpenSSL-ECDHE-RSA-CHACHA20-POLY1305]" time="0.668" /><testcase classname="test_signature_algorithms" name="test_s2n_server_signature_algorithms[client-auth-RSA+SHA512-RSA_4096_SHA256-TLS1.2-S2N-OpenSSL-ECDHE-RSA-AES128-SHA]" time="0.674" /><testcase classname="test_signature_algorithms" name="test_s2n_server_signature_algorithms[client-auth-RSA+SHA512-RSA_4096_SHA256-TLS1.2-S2N-OpenSSL-ECDHE-RSA-AES256-SHA384]" time="0.666" /><testcase classname="test_signature_algorithms" name="test_s2n_server_signature_algorithms[client-auth-RSA+SHA512-RSA_4096_SHA256-TLS1.2-S2N-OpenSSL-ECDHE-RSA-AES128-SHA256]" time="0.618" /><testcase classname="test_signature_algorithms" name="test_s2n_server_signature_algorithms[client-auth-RSA+SHA512-RSA_4096_SHA256-TLS1.2-S2N-OpenSSL-ECDHE-RSA-AES256-GCM-SHA384]" time="0.650" /><testcase classname="test_signature_algorithms" name="test_s2n_server_signature_algorithms[client-auth-RSA+SHA512-RSA_4096_SHA256-TLS1.2-S2N-GnuTLS-DHE-RSA-AES128-SHA256]" time="0.637" /><testcase classname="test_signature_algorithms" name="test_s2n_server_signature_algorithms[client-auth-RSA+SHA512-RSA_4096_SHA256-TLS1.2-S2N-OpenSSL-AES256-SHA256]" time="0.678" /><testcase classname="test_signature_algorithms" name="test_s2n_server_signature_algorithms[client-auth-RSA+SHA512-RSA_4096_SHA256-TLS1.2-S2N-GnuTLS-DHE-RSA-AES256-GCM-SHA384]" time="0.746" /><testcase classname="test_signature_algorithms" name="test_s2n_server_signature_algorithms[client-auth-RSA+SHA512-RSA_4096_SHA256-TLS1.2-S2N-GnuTLS-AES128-SHA]" time="0.732" /><testcase classname="test_signature_algorithms" name="test_s2n_server_signature_algorithms[client-auth-RSA+SHA512-RSA_4096_SHA256-TLS1.2-S2N-GnuTLS-DHE-RSA-AES256-SHA]" time="0.633" /><testcase classname="test_signature_algorithms" name="test_s2n_server_signature_algorithms[client-auth-RSA+SHA512-RSA_4096_SHA256-TLS1.2-S2N-GnuTLS-DHE-RSA-AES128-GCM-SHA256]" time="0.727" /><testcase classname="test_signature_algorithms" name="test_s2n_server_signature_algorithms[client-auth-RSA+SHA512-RSA_4096_SHA256-TLS1.2-S2N-GnuTLS-DHE-RSA-AES256-SHA256]" time="0.720" /><testcase classname="test_signature_algorithms" name="test_s2n_server_signature_algorithms[client-auth-RSA+SHA512-RSA_4096_SHA256-TLS1.2-S2N-GnuTLS-DHE-RSA-CHACHA20-POLY1305]" time="0.730" /><testcase classname="test_signature_algorithms" name="test_s2n_server_signature_algorithms[client-auth-RSA+SHA512-RSA_4096_SHA256-TLS1.2-S2N-GnuTLS-AES256-SHA256]" time="0.698" /><testcase classname="test_signature_algorithms" name="test_s2n_server_signature_algorithms[client-auth-RSA+SHA512-RSA_4096_SHA256-TLS1.2-S2N-GnuTLS-DHE-RSA-AES128-SHA]" time="0.687" /><testcase classname="test_signature_algorithms" name="test_s2n_server_signature_algorithms[client-auth-RSA+SHA512-RSA_4096_SHA256-TLS1.2-S2N-GnuTLS-ECDHE-RSA-AES128-SHA256]" time="0.670" /><testcase classname="test_signature_algorithms" name="test_s2n_server_signature_algorithms[client-auth-RSA+SHA512-RSA_4096_SHA256-TLS1.2-S2N-GnuTLS-ECDHE-RSA-AES128-GCM-SHA256]" time="0.683" /><testcase classname="test_signature_algorithms" name="test_s2n_server_signature_algorithms[client-auth-RSA+SHA512-RSA_4096_SHA256-TLS1.2-S2N-GnuTLS-AES128-SHA256]" time="0.735" /><testcase classname="test_signature_algorithms" name="test_s2n_server_signature_algorithms[client-auth-RSA+SHA512-RSA_4096_SHA256-TLS1.2-S2N-GnuTLS-ECDHE-RSA-AES256-SHA]" time="0.698" /><testcase classname="test_signature_algorithms" name="test_s2n_server_signature_algorithms[client-auth-RSA+SHA512-RSA_4096_SHA256-TLS1.2-S2N-GnuTLS-ECDHE-RSA-AES128-SHA]" time="0.644" /><testcase classname="test_signature_algorithms" name="test_s2n_server_signature_algorithms[client-auth-RSA+SHA512-RSA_4096_SHA256-TLS1.2-S2N-GnuTLS-ECDHE-RSA-AES256-SHA384]" time="0.719" /><testcase classname="test_signature_algorithms" name="test_s2n_server_signature_algorithms[client-auth-RSA+SHA512-RSA_4096_SHA256-TLS1.1-S2N-OpenSSL-DHE-RSA-AES128-SHA]" time="0.602" /><testcase classname="test_signature_algorithms" name="test_s2n_server_signature_algorithms[client-auth-RSA+SHA512-RSA_4096_SHA256-TLS1.2-S2N-GnuTLS-AES256-SHA]" time="0.667" /><testcase classname="test_signature_algorithms" name="test_s2n_server_signature_algorithms[client-auth-RSA+SHA512-RSA_4096_SHA256-TLS1.1-S2N-OpenSSL-AES256-SHA]" time="0.669" /><testcase classname="test_signature_algorithms" name="test_s2n_server_signature_algorithms[client-auth-RSA+SHA512-RSA_4096_SHA256-TLS1.1-S2N-OpenSSL-ECDHE-RSA-AES256-SHA]" time="0.674" /><testcase classname="test_signature_algorithms" name="test_s2n_server_signature_algorithms[client-auth-RSA+SHA512-RSA_4096_SHA256-TLS1.2-S2N-GnuTLS-ECDHE-RSA-CHACHA20-POLY1305]" time="0.695" /><testcase classname="test_signature_algorithms" name="test_s2n_server_signature_algorithms[client-auth-RSA+SHA512-RSA_4096_SHA256-TLS1.1-S2N-OpenSSL-AES128-SHA]" time="0.627" /><testcase classname="test_signature_algorithms" name="test_s2n_server_signature_algorithms[client-auth-RSA+SHA512-RSA_4096_SHA256-TLS1.1-S2N-OpenSSL-DHE-RSA-AES256-SHA]" time="0.693" /><testcase classname="test_signature_algorithms" name="test_s2n_server_signature_algorithms[client-auth-RSA+SHA512-RSA_4096_SHA256-TLS1.1-S2N-OpenSSL-ECDHE-RSA-AES128-SHA]" time="0.613" /><testcase classname="test_signature_algorithms" name="test_s2n_server_signature_algorithms[client-auth-RSA+SHA512-RSA_4096_SHA256-TLS1.1-S2N-GnuTLS-AES128-SHA]" time="0.654" /><testcase classname="test_signature_algorithms" name="test_s2n_server_signature_algorithms[client-auth-ecdsa_secp256r1_sha256-ECDSA_256-TLS1.3-S2N-OpenSSL-TLS_AES_256_GCM_SHA384]" time="0.562" /><testcase classname="test_signature_algorithms" name="test_s2n_server_signature_algorithms[client-auth-RSA+SHA512-RSA_4096_SHA256-TLS1.1-S2N-GnuTLS-ECDHE-RSA-AES256-SHA]" time="0.688" /><testcase classname="test_signature_algorithms" name="test_s2n_server_signature_algorithms[client-auth-RSA+SHA512-RSA_4096_SHA256-TLS1.2-S2N-GnuTLS-ECDHE-RSA-AES256-GCM-SHA384]" time="0.719" /><testcase classname="test_signature_algorithms" name="test_s2n_server_signature_algorithms[client-auth-RSA+SHA512-RSA_4096_SHA256-TLS1.1-S2N-GnuTLS-DHE-RSA-AES256-SHA]" time="0.731" /><testcase classname="test_signature_algorithms" name="test_s2n_server_sig
[...]
_384-TLS1.2-S2N-OpenSSL-ECDHE-ECDSA-AES256-GCM-SHA384]" time="0.093" /><testcase classname="test_signature_algorithms" name="test_s2n_client_signature_algorithms[no-client-auth-ECDSA+SHA224-ECDSA_384-TLS1.1-S2N-OpenSSL-ECDHE-ECDSA-AES128-SHA]" time="0.092" /><testcase classname="test_signature_algorithms" name="test_s2n_client_signature_algorithms[no-client-auth-ECDSA+SHA224-ECDSA_521-TLS1.2-S2N-OpenSSL-ECDHE-ECDSA-AES256-GCM-SHA384]" time="0.092" /><testcase classname="test_signature_algorithms" name="test_s2n_client_signature_algorithms[no-client-auth-ECDSA+SHA1-ECDSA_521-TLS1.1-S2N-OpenSSL-ECDHE-ECDSA-AES128-SHA]" time="0.092" /><testcase classname="test_signature_algorithms" name="test_s2n_client_signature_algorithms[no-client-auth-ECDSA+SHA224-ECDSA_384-TLS1.2-S2N-OpenSSL-ECDHE-ECDSA-AES128-SHA]" time="0.093" /><testcase classname="test_signature_algorithms" name="test_s2n_client_signature_algorithms[no-client-auth-ECDSA+SHA224-ECDSA_521-TLS1.2-S2N-OpenSSL-ECDHE-ECDSA-AES256-SHA]" time="0.093" /><testcase classname="test_signature_algorithms" name="test_s2n_client_signature_algorithms[no-client-auth-ECDSA+SHA256-ECDSA_256-TLS1.2-S2N-OpenSSL-ECDHE-ECDSA-AES128-GCM-SHA256]" time="0.092" /><testcase classname="test_signature_algorithms" name="test_s2n_client_signature_algorithms[no-client-auth-ECDSA+SHA224-ECDSA_384-TLS1.1-S2N-OpenSSL-ECDHE-ECDSA-AES256-SHA]" time="0.092" /><testcase classname="test_signature_algorithms" name="test_s2n_client_signature_algorithms[no-client-auth-ECDSA+SHA224-ECDSA_521-TLS1.2-S2N-OpenSSL-ECDHE-ECDSA-AES128-SHA256]" time="0.093" /><testcase classname="test_signature_algorithms" name="test_s2n_client_signature_algorithms[no-client-auth-RSA-PSS+SHA256-RSA_4096_SHA256-TLS1.1-S2N-OpenSSL-DHE-RSA-AES256-SHA]" time="0.638" /><testcase classname="test_signature_algorithms" name="test_s2n_client_signature_algorithms[no-client-auth-ECDSA+SHA1-ECDSA_521-TLS1.1-S2N-OpenSSL-ECDHE-ECDSA-AES256-SHA]" time="0.093" /><testcase classname="test_signature_algorithms" name="test_s2n_client_signature_algorithms[no-client-auth-ECDSA+SHA224-ECDSA_384-TLS1.2-S2N-OpenSSL-ECDHE-ECDSA-AES256-SHA]" time="0.093" /><testcase classname="test_signature_algorithms" name="test_s2n_client_signature_algorithms[no-client-auth-ECDSA+SHA256-ECDSA_256-TLS1.2-S2N-OpenSSL-ECDHE-ECDSA-AES256-GCM-SHA384]" time="0.091" /><testcase classname="test_signature_algorithms" name="test_s2n_client_signature_algorithms[no-client-auth-ECDSA+SHA224-ECDSA_521-TLS1.2-S2N-OpenSSL-ECDHE-ECDSA-CHACHA20-POLY1305]" time="0.093" /><testcase classname="test_signature_algorithms" name="test_s2n_client_signature_algorithms[no-client-auth-ECDSA+SHA224-ECDSA_521-TLS1.2-S2N-OpenSSL-ECDHE-ECDSA-AES128-GCM-SHA256]" time="0.093" /><testcase classname="test_signature_algorithms" name="test_s2n_client_signature_algorithms[no-client-auth-ECDSA+SHA224-ECDSA_521-TLS1.2-S2N-OpenSSL-ECDHE-ECDSA-AES256-SHA384]" time="0.092" /><testcase classname="test_signature_algorithms" name="test_s2n_client_signature_algorithms[no-client-auth-RSA-PSS+SHA256-RSA_4096_SHA256-TLS1.1-S2N-OpenSSL-AES128-SHA]" time="0.091" /><testcase classname="test_signature_algorithms" name="test_s2n_client_signature_algorithms[no-client-auth-ECDSA+SHA224-ECDSA_256-TLS1.2-S2N-OpenSSL-ECDHE-ECDSA-AES128-GCM-SHA256]" time="0.091" /><testcase classname="test_signature_algorithms" name="test_s2n_client_signature_algorithms[no-client-auth-ECDSA+SHA256-ECDSA_256-TLS1.2-S2N-OpenSSL-ECDHE-ECDSA-AES128-SHA]" time="0.091" /><testcase classname="test_signature_algorithms" name="test_s2n_client_signature_algorithms[no-client-auth-ECDSA+SHA256-ECDSA_256-TLS1.2-S2N-OpenSSL-ECDHE-ECDSA-AES128-SHA256]" time="0.091" /><testcase classname="test_signature_algorithms" name="test_s2n_client_signature_algorithms[no-client-auth-ECDSA+SHA224-ECDSA_521-TLS1.1-S2N-OpenSSL-ECDHE-ECDSA-AES128-SHA]" time="0.093" /><testcase classname="test_signature_algorithms" name="test_s2n_client_signature_algorithms[no-client-auth-ECDSA+SHA256-ECDSA_256-TLS1.1-S2N-OpenSSL-ECDHE-ECDSA-AES128-SHA]" time="0.091" /><testcase classname="test_signature_algorithms" name="test_s2n_client_signature_algorithms[no-client-auth-ECDSA+SHA224-ECDSA_521-TLS1.2-S2N-OpenSSL-ECDHE-ECDSA-AES128-SHA]" time="0.093" /><testcase classname="test_signature_algorithms" name="test_s2n_client_signature_algorithms[no-client-auth-ECDSA+SHA256-ECDSA_384-TLS1.2-S2N-OpenSSL-ECDHE-ECDSA-AES256-GCM-SHA384]" time="0.093" /><testcase classname="test_signature_algorithms" name="test_s2n_client_signature_algorithms[no-client-auth-ECDSA+SHA224-ECDSA_256-TLS1.2-S2N-OpenSSL-ECDHE-ECDSA-AES256-GCM-SHA384]" time="0.091" /><testcase classname="test_signature_algorithms" name="test_s2n_client_signature_algorithms[no-client-auth-ECDSA+SHA256-ECDSA_256-TLS1.2-S2N-OpenSSL-ECDHE-ECDSA-AES256-SHA]" time="0.091" /><testcase classname="test_signature_algorithms" name="test_s2n_client_signature_algorithms[no-client-auth-ECDSA+SHA256-ECDSA_256-TLS1.2-S2N-OpenSSL-ECDHE-ECDSA-AES256-SHA384]" time="0.091" /><testcase classname="test_signature_algorithms" name="test_s2n_client_signature_algorithms[no-client-auth-ECDSA+SHA224-ECDSA_521-TLS1.1-S2N-OpenSSL-ECDHE-ECDSA-AES256-SHA]" time="0.094" /><testcase classname="test_signature_algorithms" name="test_s2n_client_signature_algorithms[no-client-auth-ECDSA+SHA256-ECDSA_256-TLS1.1-S2N-OpenSSL-ECDHE-ECDSA-AES256-SHA]" time="0.091" /><testcase classname="test_signature_algorithms" name="test_s2n_client_signature_algorithms[no-client-auth-ECDSA+SHA256-ECDSA_384-TLS1.2-S2N-OpenSSL-ECDHE-ECDSA-AES128-SHA]" time="0.093" /><testcase classname="test_signature_algorithms" name="test_s2n_client_signature_algorithms[no-client-auth-ECDSA+SHA256-ECDSA_384-TLS1.2-S2N-OpenSSL-ECDHE-ECDSA-AES128-SHA256]" time="0.093" /><testcase classname="test_signature_algorithms" name="test_s2n_client_signature_algorithms[no-client-auth-ECDSA+SHA256-ECDSA_384-TLS1.1-S2N-OpenSSL-ECDHE-ECDSA-AES128-SHA]" time="0.093" /><testcase classname="test_signature_algorithms" name="test_s2n_client_signature_algorithms[no-client-auth-ECDSA+SHA256-ECDSA_256-TLS1.2-S2N-OpenSSL-ECDHE-ECDSA-CHACHA20-POLY1305]" time="0.092" /><testcase classname="test_signature_algorithms" name="test_s2n_client_signature_algorithms[no-client-auth-ECDSA+SHA256-ECDSA_521-TLS1.2-S2N-OpenSSL-ECDHE-ECDSA-AES256-GCM-SHA384]" time="0.093" /><testcase classname="test_signature_algorithms" name="test_s2n_client_signature_algorithms[no-client-auth-ECDSA+SHA256-ECDSA_521-TLS1.2-S2N-OpenSSL-ECDHE-ECDSA-AES256-SHA384]" time="0.092" /><testcase classname="test_signature_algorithms" name="test_s2n_client_signature_algorithms[no-client-auth-ECDSA+SHA256-ECDSA_384-TLS1.2-S2N-OpenSSL-ECDHE-ECDSA-AES128-GCM-SHA256]" time="0.093" /><testcase classname="test_signature_algorithms" name="test_s2n_client_signature_algorithms[no-client-auth-ECDSA+SHA256-ECDSA_384-TLS1.2-S2N-OpenSSL-ECDHE-ECDSA-AES256-SHA]" time="0.092" /><testcase classname="test_signature_algorithms" name="test_s2n_client_signature_algorithms[no-client-auth-ECDSA+SHA256-ECDSA_384-TLS1.2-S2N-OpenSSL-ECDHE-ECDSA-AES256-SHA384]" time="0.093" /><testcase classname="test_signature_algorithms" name="test_s2n_client_signature_algorithms[no-client-auth-ECDSA+SHA256-ECDSA_384-TLS1.1-S2N-OpenSSL-ECDHE-ECDSA-AES256-SHA]" time="0.093" /><testcase classname="test_signature_algorithms" name="test_s2n_client_signature_algorithms[no-client-auth-ECDSA+SHA256-ECDSA_521-TLS1.2-S2N-OpenSSL-ECDHE-ECDSA-AES256-SHA]" time="0.093" /><testcase classname="test_signature_algorithms" name="test_s2n_client_signature_algorithms[no-client-auth-ECDSA+SHA256-ECDSA_521-TLS1.2-S2N-OpenSSL-ECDHE-ECDSA-AES128-SHA256]" time="0.093" /><testcase classname="test_signature_algorithms" name="test_s2n_client_signature_algorithms[no-client-auth-ECDSA+SHA256-ECDSA_521-TLS1.2-S2N-OpenSSL-ECDHE-ECDSA-AES128-SHA]" time="0.092" /><testcase classname="test_signature_algorithms" name="test_s2n_client_signature_algorithms[no-client-auth-ECDSA+SHA256-ECDSA_521-TLS1.1-S2N-OpenSSL-ECDHE-ECDSA-AES128-SHA]" time="0.092" /><testcase classname="test_signature_algorithms" name="test_s2n_client_signature_algorithms[no-client-auth-ECDSA+SHA256-ECDSA_384-TLS1.2-S2N-OpenSSL-ECDHE-ECDSA-CHACHA20-POLY1305]" time="0.093" /><testcase classname="test_signature_algorithms" name="test_s2n_client_signature_algorithms[no-client-auth-rsa_pss_pss_sha256-RSA_PSS_2048_SHA256-TLS1.2-S2N-OpenSSL-DHE-RSA-AES256-SHA256]" time="0.676" /><testcase classname="test_signature_algorithms" name="test_s2n_client_signature_algorithms[no-client-auth-ECDSA+SHA384-ECDSA_256-TLS1.2-S2N-OpenSSL-ECDHE-ECDSA-AES128-GCM-SHA256]" time="0.092" /><testcase classname="test_signature_algorithms" name="test_s2n_client_signature_algorithms[no-client-auth-ECDSA+SHA256-ECDSA_521-TLS1.2-S2N-OpenSSL-ECDHE-ECDSA-AES128-GCM-SHA256]" time="0.093" /><testcase classname="test_signature_algorithms" name="test_s2n_client_signature_algorithms[no-client-auth-ECDSA+SHA256-ECDSA_521-TLS1.2-S2N-OpenSSL-ECDHE-ECDSA-CHACHA20-POLY1305]" time="0.094" /><testcase classname="test_signature_algorithms" name="test_s2n_client_signature_algorithms[no-client-auth-ECDSA+SHA384-ECDSA_256-TLS1.2-S2N-OpenSSL-ECDHE-ECDSA-AES128-SHA256]" time="0.091" /><testcase classname="test_signature_algorithms" name="test_s2n_client_signature_algorithms[no-client-auth-ECDSA+SHA384-ECDSA_256-TLS1.2-S2N-OpenSSL-ECDHE-ECDSA-AES128-SHA]" time="0.091" /><testcase classname="test_signature_algorithms" name="test_s2n_client_signature_algorithms[no-client-auth-ECDSA+SHA256-ECDSA_521-TLS1.1-S2N-OpenSSL-ECDHE-ECDSA-AES256-SHA]" time="0.094" /><testcase classname="test_signature_algorithms" name="test_s2n_client_signature_algorithms[no-client-auth-ECDSA+SHA384-ECDSA_256-TLS1.2-S2N-OpenSSL-ECDHE-ECDSA-CHACHA20-POLY1305]" time="0.091" /><testcase classname="test_signature_algorithms" name="test_s2n_client_signature_algorithms[no-client-auth-ECDSA+SHA384-ECDSA_256-TLS1.2-S2N-OpenSSL-ECDHE-ECDSA-AES256-GCM-SHA384]" time="0.093" /><testcase classname="test_signature_algorithms" name="test_s2n_client_signature_algorithms[no-client-auth-ECDSA+SHA384-ECDSA_256-TLS1.1-S2N-OpenSSL-ECDHE-ECDSA-AES256-SHA]" time="0.091" /><testcase classname="test_signature_algorithms" name="test_s2n_client_signature_algorithms[no-client-auth-ECDSA+SHA384-ECDSA_384-TLS1.2-S2N-OpenSSL-ECDHE-ECDSA-AES128-GCM-SHA256]" time="0.093" /><testcase classname="test_signature_algorithms" name="test_s2n_client_signature_algorithms[no-client-auth-ECDSA+SHA384-ECDSA_256-TLS1.2-S2N-OpenSSL-ECDHE-ECDSA-AES256-SHA384]" time="0.093" /><testcase classname="test_signature_algorithms" name="test_s2n_client_signature_algorithms[no-client-auth-ECDSA+SHA384-ECDSA_256-TLS1.2-S2N-OpenSSL-ECDHE-ECDSA-AES256-SHA]" time="0.091" /><testcase classname="test_signature_algorithms" name="test_s2n_client_signature_algorithms[no-client-auth-ECDSA+SHA384-ECDSA_384-TLS1.2-S2N-OpenSSL-ECDHE-ECDSA-AES256-GCM-SHA384]" time="0.093" /><testcase classname="test_signature_algorithms" name="test_s2n_client_signature_algorithms[no-client-auth-ECDSA+SHA384-ECDSA_256-TLS1.1-S2N-OpenSSL-ECDHE-ECDSA-AES128-SHA]" time="0.091" /><testcase classname="test_signature_algorithms" name="test_s2n_client_signature_algorithms[no-client-auth-ECDSA+SHA384-ECDSA_384-TLS1.2-S2N-OpenSSL-ECDHE-ECDSA-AES128-SHA256]" time="0.093" /><testcase classname="test_signature_algorithms" name="test_s2n_client_signature_algorithms[no-client-auth-ECDSA+SHA384-ECDSA_384-TLS1.2-S2N-OpenSSL-ECDHE-ECDSA-AES256-SHA384]" time="0.093" /><testcase classname="test_signature_algorithms" name="test_s2n_client_signature_algorithms[no-client-auth-ECDSA+SHA384-ECDSA_384-TLS1.2-S2N-OpenSSL-ECDHE-ECDSA-AES128-SHA]" time="0.093" /><testcase classname="test_signature_algorithms" name="test_s2n_client_signature_algorithms[no-client-auth-ECDSA+SHA384-ECDSA_384-TLS1.2-S2N-OpenSSL-ECDHE-ECDSA-AES256-SHA]" time="0.092" /><testcase classname="test_signature_algorithms" name="test_s2n_client_signature_algorithms[no-client-auth-ECDSA+SHA384-ECDSA_384-TLS1.2-S2N-OpenSSL-ECDHE-ECDSA-CHACHA20-POLY1305]" time="0.093" /><testcase classname="test_signature_algorithms" name="test_s2n_client_signature_algorithms[no-client-auth-ECDSA+SHA384-ECDSA_384-TLS1.1-S2N-OpenSSL-ECDHE-ECDSA-AES128-SHA]" time="0.093" /><testcase classname="test_signature_algorithms" name="test_s2n_client_signature_algorithms[no-client-auth-ECDSA+SHA384-ECDSA_384-TLS1.1-S2N-OpenSSL-ECDHE-ECDSA-AES256-SHA]" time="0.092" /><testcase classname="test_signature_algorithms" name="test_s2n_client_signature_algorithms[no-client-auth-ECDSA+SHA384-ECDSA_521-TLS1.2-S2N-OpenSSL-ECDHE-ECDSA-AES128-GCM-SHA256]" time="0.093" /><testcase classname="test_signature_algorithms" name="test_s2n_client_signature_algorithms[no-client-auth-ECDSA+SHA384-ECDSA_521-TLS1.2-S2N-OpenSSL-ECDHE-ECDSA-AES256-GCM-SHA384]" time="0.093" /><testcase classname="test_signature_algorithms" name="test_s2n_client_signature_algorithms[no-client-auth-ECDSA+SHA384-ECDSA_521-TLS1.2-S2N-OpenSSL-ECDHE-ECDSA-AES128-SHA256]" time="0.093" /><testcase classname="test_signature_algorithms" name="test_s2n_client_signature_algorithms[no-client-auth-ECDSA+SHA384-ECDSA_521-TLS1.2-S2N-OpenSSL-ECDHE-ECDSA-AES128-SHA]" time="0.092" /><testcase classname="test_signature_algorithms" name="test_s2n_client_signature_algorithms[no-client-auth-ECDSA+SHA384-ECDSA_521-TLS1.2-S2N-OpenSSL-ECDHE-ECDSA-AES256-SHA384]" time="0.093" /><testcase classname="test_signature_algorithms" name="test_s2n_client_signature_algorithms[no-client-auth-ECDSA+SHA384-ECDSA_521-TLS1.2-S2N-OpenSSL-ECDHE-ECDSA-AES256-SHA]" time="0.092" /><testcase classname="test_signature_algorithms" name="test_s2n_client_signature_algorithms[no-client-auth-ECDSA+SHA384-ECDSA_521-TLS1.2-S2N-OpenSSL-ECDHE-ECDSA-CHACHA20-POLY1305]" time="0.093" /><testcase classname="test_signature_algorithms" name="test_s2n_client_signature_algorithms[no-client-auth-ECDSA+SHA384-ECDSA_521-TLS1.1-S2N-OpenSSL-ECDHE-ECDSA-AES128-SHA]" time="0.093" /><testcase classname="test_signature_algorithms" name="test_s2n_client_signature_algorithms[no-client-auth-ECDSA+SHA384-ECDSA_521-TLS1.1-S2N-OpenSSL-ECDHE-ECDSA-AES256-SHA]" time="0.092" /><testcase classname="test_signature_algorithms" name="test_s2n_client_signature_algorithms[no-client-auth-ECDSA+SHA512-ECDSA_256-TLS1.2-S2N-OpenSSL-ECDHE-ECDSA-AES128-GCM-SHA256]" time="0.091" /><testcase classname="test_signature_algorithms" name="test_s2n_client_signature_algorithms[no-client-auth-ECDSA+SHA512-ECDSA_256-TLS1.2-S2N-OpenSSL-ECDHE-ECDSA-AES128-SHA256]" time="0.091" /><testcase classname="test_signature_algorithms" name="test_s2n_client_signature_algorithms[no-client-auth-ECDSA+SHA512-ECDSA_256-TLS1.2-S2N-OpenSSL-ECDHE-ECDSA-AES256-GCM-SHA384]" time="0.091" /><testcase classname="test_signature_algorithms" name="test_s2n_client_signature_algorithms[no-client-auth-ECDSA+SHA512-ECDSA_256-TLS1.2-S2N-OpenSSL-ECDHE-ECDSA-AES256-SHA384]" time="0.091" /><testcase classname="test_signature_algorithms" name="test_s2n_client_signature_algorithms[no-client-auth-ECDSA+SHA512-ECDSA_256-TLS1.2-S2N-OpenSSL-ECDHE-ECDSA-AES128-SHA]" time="0.091" /><testcase classname="test_signature_algorithms" name="test_s2n_client_signature_algorithms[no-client-auth-ECDSA+SHA512-ECDSA_256-TLS1.2-S2N-OpenSSL-ECDHE-ECDSA-AES256-SHA]" time="0.091" /><testcase classname="test_signature_algorithms" name="test_s2n_client_signature_algorithms[no-client-auth-ECDSA+SHA512-ECDSA_256-TLS1.2-S2N-OpenSSL-ECDHE-ECDSA-CHACHA20-POLY1305]" time="0.091" /><testcase classname="test_signature_algorithms" name="test_s2n_client_signature_algorithms[no-client-auth-ECDSA+SHA512-ECDSA_256-TLS1.1-S2N-OpenSSL-ECDHE-ECDSA-AES128-SHA]" time="0.091" /><testcase classname="test_signature_algorithms" name="test_s2n_client_signature_algorithms[no-client-auth-ECDSA+SHA512-ECDSA_256-TLS1.1-S2N-OpenSSL-ECDHE-ECDSA-AES256-SHA]" time="0.091" /><testcase classname="test_signature_algorithms" name="test_s2n_client_signature_algorithms[no-client-auth-ECDSA+SHA512-ECDSA_384-TLS1.2-S2N-OpenSSL-ECDHE-ECDSA-AES128-GCM-SHA256]" time="0.093" /><testcase classname="test_signature_algorithms" name="test_s2n_client_signature_algorithms[no-client-auth-ECDSA+SHA512-ECDSA_384-TLS1.2-S2N-OpenSSL-ECDHE-ECDSA-AES256-GCM-SHA384]" time="0.093" /><testcase classname="test_signature_algorithms" name="test_s2n_client_signature_algorithms[no-client-auth-ECDSA+SHA512-ECDSA_384-TLS1.2-S2N-OpenSSL-ECDHE-ECDSA-AES128-SHA256]" time="0.093" /><testcase classname="test_signature_algorithms" name="test_s2n_client_signature_algorithms[no-client-auth-ECDSA+SHA512-ECDSA_384-TLS1.2-S2N-OpenSSL-ECDHE-ECDSA-AES256-SHA384]" time="0.094" /><testcase classname="test_signature_algorithms" name="test_s2n_client_signature_algorithms[no-client-auth-ECDSA+SHA512-ECDSA_384-TLS1.2-S2N-OpenSSL-ECDHE-ECDSA-AES128-SHA]" time="0.094" /><testcase classname="test_signature_algorithms" name="test_s2n_client_signature_algorithms[no-client-auth-ECDSA+SHA512-ECDSA_384-TLS1.2-S2N-OpenSSL-ECDHE-ECDSA-AES256-SHA]" time="0.094" /><testcase classname="test_signature_algorithms" name="test_s2n_client_signature_algorithms[no-client-auth-ECDSA+SHA512-ECDSA_384-TLS1.1-S2N-OpenSSL-ECDHE-ECDSA-AES128-SHA]" time="0.093" /><testcase classname="test_signature_algorithms" name="test_s2n_client_signature_algorithms[no-client-auth-ECDSA+SHA512-ECDSA_384-TLS1.2-S2N-OpenSSL-ECDHE-ECDSA-CHACHA20-POLY1305]" time="0.093" /><testcase classname="test_signature_algorithms" name="test_s2n_client_signature_algorithms[no-client-auth-ECDSA+SHA512-ECDSA_384-TLS1.1-S2N-OpenSSL-ECDHE-ECDSA-AES256-SHA]" time="0.092" /><testcase classname="test_signature_algorithms" name="test_s2n_client_signature_algorithms[no-client-auth-ECDSA+SHA512-ECDSA_521-TLS1.2-S2N-OpenSSL-ECDHE-ECDSA-AES128-GCM-SHA256]" time="0.094" /><testcase classname="test_signature_algorithms" name="test_s2n_client_signature_algorithms[no-client-auth-ECDSA+SHA512-ECDSA_521-TLS1.2-S2N-OpenSSL-ECDHE-ECDSA-AES256-GCM-SHA384]" time="0.093" /><testcase classname="test_signature_algorithms" name="test_s2n_client_signature_algorithms[no-client-auth-ECDSA+SHA512-ECDSA_521-TLS1.2-S2N-OpenSSL-ECDHE-ECDSA-AES128-SHA256]" time="0.093" /><testcase classname="test_signature_algorithms" name="test_s2n_client_signature_algorithms[no-client-auth-ECDSA+SHA512-ECDSA_521-TLS1.2-S2N-OpenSSL-ECDHE-ECDSA-AES256-SHA384]" time="0.094" /><testcase classname="test_signature_algorithms" name="test_s2n_client_signature_algorithms[no-client-auth-ECDSA+SHA512-ECDSA_521-TLS1.2-S2N-OpenSSL-ECDHE-ECDSA-AES128-SHA]" time="0.094" /><testcase classname="test_signature_algorithms" name="test_s2n_client_signature_algorithms[no-client-auth-ECDSA+SHA512-ECDSA_521-TLS1.2-S2N-OpenSSL-ECDHE-ECDSA-AES256-SHA]" time="0.094" /><testcase classname="test_signature_algorithms" name="test_s2n_client_signature_algorithms[no-client-auth-rsa_pss_pss_sha256-RSA_PSS_2048_SHA256-TLS1.2-S2N-OpenSSL-DHE-RSA-AES128-GCM-SHA256]" time="0.691" /><testcase classname="test_signature_algorithms" name="test_s2n_client_signature_algorithms[no-client-auth-ECDSA+SHA512-ECDSA_521-TLS1.2-S2N-OpenSSL-ECDHE-ECDSA-CHACHA20-POLY1305]" time="0.093" /><testcase classname="test_signature_algorithms" name="test_s2n_client_signature_algorithms[no-client-auth-ECDSA+SHA512-ECDSA_521-TLS1.1-S2N-OpenSSL-ECDHE-ECDSA-AES128-SHA]" time="0.092" /><testcase classname="test_signature_algorithms" name="test_s2n_client_signature_algorithms[no-client-auth-ECDSA+SHA512-ECDSA_521-TLS1.1-S2N-OpenSSL-ECDHE-ECDSA-AES256-SHA]" time="0.093" /><testcase classname="test_signature_algorithms" name="test_s2n_client_signature_algorithms[no-client-auth-rsa_pss_pss_sha256-RSA_PSS_2048_SHA256-TLS1.2-S2N-OpenSSL-DHE-RSA-AES256-GCM-SHA384]" time="0.703" /><testcase classname="test_signature_algorithms" name="test_s2n_client_signature_algorithms[no-client-auth-rsa_pss_pss_sha256-RSA_PSS_2048_SHA256-TLS1.2-S2N-OpenSSL-DHE-RSA-CHACHA20-POLY1305]" time="0.621" /></testsuite></testsuites>