<?xml version="1.0" encoding="utf-8"?><testsuites><testsuite name="pytest" errors="0" failures="0" skipped="0" tests="468" time="74.487" timestamp="2025-04-01T19:33:40.156863" hostname="devdesktop22"><testcase classname="test_cross_compatibility" name="test_s2n_old_server_new_ticket[S2N-OpenSSL-TLS1.2-RSA_2048_SHA512-P-256-DHE-RSA-AES256-SHA256]" time="1.184" /><testcase classname="test_cross_compatibility" name="test_s2n_old_server_new_ticket[S2N-OpenSSL-TLS1.2-RSA_2048_SHA512-P-256-DHE-RSA-AES128-SHA256]" time="1.223" /><testcase classname="test_cross_compatibility" name="test_s2n_old_server_new_ticket[S2N-OpenSSL-TLS1.2-RSA_2048_SHA512-P-256-DHE-RSA-AES128-SHA]" time="1.225" /><testcase classname="test_cross_compatibility" name="test_s2n_old_server_new_ticket[S2N-OpenSSL-TLS1.2-RSA_2048_SHA512-P-256-DHE-RSA-CHACHA20-POLY1305]" time="1.230" /><testcase classname="test_cross_compatibility" name="test_s2n_old_server_new_ticket[S2N-OpenSSL-TLS1.2-RSA_2048_SHA512-P-256-AES128-SHA]" time="1.235" /><testcase classname="test_cross_compatibility" name="test_s2n_old_server_new_ticket[S2N-OpenSSL-TLS1.2-RSA_2048_SHA512-P-256-DHE-RSA-AES128-GCM-SHA256]" time="1.241" /><testcase classname="test_cross_compatibility" name="test_s2n_old_server_new_ticket[S2N-OpenSSL-TLS1.2-RSA_2048_SHA512-P-256-DHE-RSA-AES256-SHA]" time="1.242" /><testcase classname="test_cross_compatibility" name="test_s2n_old_server_new_ticket[S2N-OpenSSL-TLS1.2-RSA_2048_SHA512-P-256-DHE-RSA-AES256-GCM-SHA384]" time="1.256" /><testcase classname="test_cross_compatibility" name="test_s2n_old_server_new_ticket[S2N-OpenSSL-TLS1.2-RSA_2048_SHA512-P-256-ECDHE-RSA-AES128-SHA]" time="1.242" /><testcase classname="test_cross_compatibility" name="test_s2n_old_server_new_ticket[S2N-OpenSSL-TLS1.2-RSA_2048_SHA512-P-256-AES128-SHA256]" time="1.200" /><testcase classname="test_cross_compatibility" name="test_s2n_old_server_new_ticket[S2N-OpenSSL-TLS1.2-RSA_2048_SHA512-P-256-ECDHE-RSA-AES256-SHA384]" time="1.221" /><testcase classname="test_cross_compatibility" name="test_s2n_old_server_new_ticket[S2N-OpenSSL-TLS1.2-RSA_2048_SHA512-P-256-AES256-SHA]" time="1.229" /><testcase classname="test_cross_compatibility" name="test_s2n_old_server_new_ticket[S2N-OpenSSL-TLS1.2-RSA_2048_SHA512-P-256-ECDHE-RSA-AES256-SHA]" time="1.222" /><testcase classname="test_cross_compatibility" name="test_s2n_old_server_new_ticket[S2N-OpenSSL-TLS1.2-RSA_2048_SHA512-P-256-ECDHE-RSA-AES128-SHA256]" time="1.217" /><testcase classname="test_cross_compatibility" name="test_s2n_old_server_new_ticket[S2N-OpenSSL-TLS1.2-RSA_2048_SHA512-P-256-AES256-SHA256]" time="1.273" /><testcase classname="test_cross_compatibility" name="test_s2n_old_server_new_ticket[S2N-OpenSSL-TLS1.2-RSA_2048_SHA512-P-256-ECDHE-RSA-AES128-GCM-SHA256]" time="1.267" /><testcase classname="test_cross_compatibility" name="test_s2n_old_server_new_ticket[S2N-OpenSSL-TLS1.2-RSA_2048_SHA512-P-384-DHE-RSA-AES256-SHA]" time="1.168" /><testcase classname="test_cross_compatibility" name="test_s2n_old_server_new_ticket[S2N-OpenSSL-TLS1.2-RSA_2048_SHA512-P-256-ECDHE-RSA-CHACHA20-POLY1305]" time="1.222" /><testcase classname="test_cross_compatibility" name="test_s2n_old_server_new_ticket[S2N-OpenSSL-TLS1.2-RSA_2048_SHA512-P-384-DHE-RSA-AES256-SHA256]" time="1.211" /><testcase classname="test_cross_compatibility" name="test_s2n_old_server_new_ticket[S2N-OpenSSL-TLS1.2-RSA_2048_SHA512-P-256-ECDHE-RSA-AES256-GCM-SHA384]" time="1.262" /><testcase classname="test_cross_compatibility" name="test_s2n_old_server_new_ticket[S2N-OpenSSL-TLS1.2-RSA_2048_SHA512-P-384-DHE-RSA-AES256-GCM-SHA384]" time="1.216" /><testcase classname="test_cross_compatibility" name="test_s2n_old_server_new_ticket[S2N-OpenSSL-TLS1.2-RSA_2048_SHA512-P-384-DHE-RSA-AES128-GCM-SHA256]" time="1.285" /><testcase classname="test_cross_compatibility" name="test_s2n_old_server_new_ticket[S2N-OpenSSL-TLS1.2-RSA_2048_SHA512-P-384-DHE-RSA-AES128-SHA256]" time="1.289" /><testcase classname="test_cross_compatibility" name="test_s2n_old_server_new_ticket[S2N-OpenSSL-TLS1.2-RSA_2048_SHA512-P-384-DHE-RSA-AES128-SHA]" time="1.271" /><testcase classname="test_cross_compatibility" name="test_s2n_old_server_new_ticket[S2N-OpenSSL-TLS1.2-RSA_2048_SHA512-P-384-AES128-SHA256]" time="1.259" /><testcase classname="test_cross_compatibility" name="test_s2n_old_server_new_ticket[S2N-OpenSSL-TLS1.2-RSA_2048_SHA512-P-384-AES128-SHA]" time="1.193" /><testcase classname="test_cross_compatibility" name="test_s2n_old_server_new_ticket[S2N-OpenSSL-TLS1.2-RSA_2048_SHA512-P-384-ECDHE-RSA-AES128-SHA]" time="1.208" /><testcase classname="test_cross_compatibility" name="test_s2n_old_server_new_ticket[S2N-OpenSSL-TLS1.2-RSA_2048_SHA512-P-384-ECDHE-RSA-AES128-SHA256]" time="1.223" /><testcase classname="test_cross_compatibility" name="test_s2n_old_server_new_ticket[S2N-OpenSSL-TLS1.2-RSA_2048_SHA512-P-384-DHE-RSA-CHACHA20-POLY1305]" time="1.228" /><testcase classname="test_cross_compatibility" name="test_s2n_old_server_new_ticket[S2N-OpenSSL-TLS1.2-RSA_2048_SHA512-P-384-ECDHE-RSA-AES256-SHA]" time="1.264" /><testcase classname="test_cross_compatibility" name="test_s2n_old_server_new_ticket[S2N-OpenSSL-TLS1.2-RSA_2048_SHA512-P-384-AES256-SHA256]" time="1.273" /><testcase classname="test_cross_compatibility" name="test_s2n_old_server_new_ticket[S2N-OpenSSL-TLS1.2-RSA_2048_SHA512-P-384-AES256-SHA]" time="1.259" /><testcase classname="test_cross_compatibility" name="test_s2n_old_server_new_ticket[S2N-OpenSSL-TLS1.2-RSA_2048_SHA512-P-384-ECDHE-RSA-CHACHA20-POLY1305]" time="1.187" /><testcase classname="test_cross_compatibility" name="test_s2n_old_server_new_ticket[S2N-OpenSSL-TLS1.2-RSA_2048_SHA512-P-384-ECDHE-RSA-AES128-GCM-SHA256]" time="1.214" /><testcase classname="test_cross_compatibility" name="test_s2n_old_server_new_ticket[S2N-OpenSSL-TLS1.2-RSA_2048_SHA512-P-521-DHE-RSA-AES256-SHA]" time="1.247" /><testcase classname="test_cross_compatibility" name="test_s2n_old_server_new_ticket[S2N-OpenSSL-TLS1.2-RSA_2048_SHA512-P-521-DHE-RSA-AES256-SHA256]" time="1.263" /><testcase classname="test_cross_compatibility" name="test_s2n_old_server_new_ticket[S2N-OpenSSL-TLS1.2-RSA_2048_SHA512-P-384-ECDHE-RSA-AES256-SHA384]" time="1.288" /><testcase classname="test_cross_compatibility" name="test_s2n_old_server_new_ticket[S2N-OpenSSL-TLS1.2-RSA_2048_SHA512-P-384-ECDHE-RSA-AES256-GCM-SHA384]" time="1.260" /><testcase classname="test_cross_compatibility" name="test_s2n_old_server_new_ticket[S2N-OpenSSL-TLS1.2-RSA_2048_SHA512-P-521-DHE-RSA-AES128-SHA256]" time="1.303" /><testcase classname="test_cross_compatibility" name="test_s2n_old_server_new_ticket[S2N-OpenSSL-TLS1.2-RSA_2048_SHA512-P-521-DHE-RSA-AES128-SHA]" time="1.307" /><testcase classname="test_cross_compatibility" name="test_s2n_old_server_new_ticket[S2N-OpenSSL-TLS1.2-RSA_2048_SHA512-P-521-AES128-SHA]" time="1.235" /><testcase classname="test_cross_compatibility" name="test_s2n_old_server_new_ticket[S2N-OpenSSL-TLS1.2-RSA_2048_SHA512-P-521-DHE-RSA-AES256-GCM-SHA384]" time="1.244" /><testcase classname="test_cross_compatibility" name="test_s2n_old_server_new_ticket[S2N-OpenSSL-TLS1.2-RSA_2048_SHA512-P-521-AES128-SHA256]" time="1.215" /><testcase classname="test_cross_compatibility" name="test_s2n_old_server_new_ticket[S2N-OpenSSL-TLS1.2-RSA_2048_SHA512-P-521-ECDHE-RSA-AES128-SHA]" time="1.256" /><testcase classname="test_cross_compatibility" name="test_s2n_old_server_new_ticket[S2N-OpenSSL-TLS1.2-RSA_2048_SHA512-P-521-AES256-SHA]" time="1.191" /><testcase classname="test_cross_compatibility" name="test_s2n_old_server_new_ticket[S2N-OpenSSL-TLS1.2-RSA_2048_SHA512-P-521-DHE-RSA-AES128-GCM-SHA256]" time="1.303" /><testcase classname="test_cross_compatibility" name="test_s2n_old_server_new_ticket[S2N-OpenSSL-TLS1.2-RSA_2048_SHA512-P-521-AES256-SHA256]" time="1.240" /><testcase classname="test_cross_compatibility" name="test_s2n_old_server_new_ticket[S2N-OpenSSL-TLS1.2-RSA_2048_SHA512-P-521-DHE-RSA-CHACHA20-POLY1305]" time="1.268" /><testcase classname="test_cross_compatibility" name="test_s2n_old_server_new_ticket[S2N-OpenSSL-TLS1.2-RSA_2048_SHA512-P-521-ECDHE-RSA-AES128-GCM-SHA256]" time="1.228" /><testcase classname="test_cross_compatibility" name="test_s2n_old_server_new_ticket[S2N-OpenSSL-TLS1.2-RSA_2048_SHA512-P-521-ECDHE-RSA-AES128-SHA256]" time="1.259" /><testcase classname="test_cross_compatibility" name="test_s2n_old_server_new_ticket[S2N-OpenSSL-TLS1.2-RSA_2048_SHA512-P-521-ECDHE-RSA-CHACHA20-POLY1305]" time="1.292" /><testcase classname="test_cross_compatibility" name="test_s2n_old_server_new_ticket[S2N-OpenSSL-TLS1.2-RSA_4096_SHA256-P-256-DHE-RSA-AES128-SHA]" time="1.202" /><testcase classname="test_cross_compatibility" name="test_s2n_old_server_new_ticket[S2N-OpenSSL-TLS1.2-RSA_4096_SHA256-P-256-DHE-RSA-AES256-SHA]" time="1.284" /><testcase classname="test_cross_compatibility" name="test_s2n_old_server_new_ticket[S2N-OpenSSL-TLS1.2-RSA_2048_SHA512-P-521-ECDHE-RSA-AES256-GCM-SHA384]" time="1.265" /><testcase classname="test_cross_compatibility" name="test_s2n_old_server_new_ticket[S2N-OpenSSL-TLS1.2-RSA_2048_SHA512-P-521-ECDHE-RSA-AES256-SHA]" time="1.257" /><testcase classname="test_cross_compatibility" name="test_s2n_old_server_new_ticket[S2N-OpenSSL-TLS1.2-RSA_2048_SHA512-P-521-ECDHE-RSA-AES256-SHA384]" time="1.243" /><testcase classname="test_cross_compatibility" name="test_s2n_old_server_new_ticket[S2N-OpenSSL-TLS1.2-RSA_4096_SHA256-P-256-DHE-RSA-AES256-GCM-SHA384]" time="1.251" /><testcase classname="test_cross_compatibility" name="test_s2n_old_server_new_ticket[S2N-OpenSSL-TLS1.2-RSA_4096_SHA256-P-256-DHE-RSA-AES256-SHA256]" time="1.339" /><testcase classname="test_cross_compatibility" name="test_s2n_old_server_new_ticket[S2N-OpenSSL-TLS1.2-RSA_4096_SHA256-P-256-AES128-SHA]" time="1.277" /><testcase classname="test_cross_compatibility" name="test_s2n_old_server_new_ticket[S2N-OpenSSL-TLS1.2-RSA_4096_SHA256-P-256-AES256-SHA]" time="1.208" /><testcase classname="test_cross_compatibility" name="test_s2n_old_server_new_ticket[S2N-OpenSSL-TLS1.2-RSA_4096_SHA256-P-256-DHE-RSA-AES128-SHA256]" time="1.216" /><testcase classname="test_cross_compatibility" name="test_s2n_old_server_new_ticket[S2N-OpenSSL-TLS1.2-RSA_4096_SHA256-P-256-AES128-SHA256]" time="1.292" /><testcase classname="test_cross_compatibility" name="test_s2n_old_server_new_ticket[S2N-OpenSSL-TLS1.2-RSA_4096_SHA256-P-256-DHE-RSA-CHACHA20-POLY1305]" time="1.268" /><testcase classname="test_cross_compatibility" name="test_s2n_old_server_new_ticket[S2N-OpenSSL-TLS1.2-RSA_4096_SHA256-P-256-DHE-RSA-AES128-GCM-SHA256]" time="1.269" /><testcase classname="test_cross_compatibility" name="test_s2n_old_server_new_ticket[S2N-OpenSSL-TLS1.2-RSA_4096_SHA256-P-256-ECDHE-RSA-AES128-SHA256]" time="1.238" /><testcase classname="test_cross_compatibility" name="test_s2n_old_server_new_ticket[S2N-OpenSSL-TLS1.2-RSA_4096_SHA256-P-256-ECDHE-RSA-AES128-GCM-SHA256]" time="1.236" /><testcase classname="test_cross_compatibility" name="test_s2n_old_server_new_ticket[S2N-OpenSSL-TLS1.2-RSA_4096_SHA256-P-256-ECDHE-RSA-AES128-SHA]" time="1.247" /><testcase classname="test_cross_compatibility" name="test_s2n_old_server_new_ticket[S2N-OpenSSL-TLS1.2-RSA_4096_SHA256-P-256-ECDHE-RSA-AES256-GCM-SHA384]" time="1.260" /><testcase classname="test_cross_compatibility" name="test_s2n_old_server_new_ticket[S2N-OpenSSL-TLS1.2-RSA_4096_SHA256-P-256-ECDHE-RSA-CHACHA20-POLY1305]" time="1.202" /><testcase classname="test_cross_compatibility" name="test_s2n_old_server_new_ticket[S2N-OpenSSL-TLS1.2-RSA_4096_SHA256-P-256-ECDHE-RSA-AES256-SHA]" time="1.214" /><testcase classname="test_cross_compatibility" name="test_s2n_old_server_new_ticket[S2N-OpenSSL-TLS1.2-RSA_4096_SHA256-P-256-AES256-SHA256]" time="1.291" /><testcase classname="test_cross_compatibility" name="test_s2n_old_server_new_ticket[S2N-OpenSSL-TLS1.2-RSA_4096_SHA256-P-256-ECDHE-RSA-AES256-SHA384]" time="1.257" /><testcase classname="test_cross_compatibility" name="test_s2n_old_server_new_ticket[S2N-OpenSSL-TLS1.2-RSA_4096_SHA256-P-384-DHE-RSA-AES256-SHA256]" time="1.267" /><testcase classname="test_cross_compatibility" name="test_s2n_old_server_new_ticket[S2N-OpenSSL-TLS1.2-RSA_4096_SHA256-P-384-DHE-RSA-AES256-GCM-SHA384]" time="1.210" /><testcase classname="test_cross_compatibility" name="test_s2n_old_server_new_ticket[S2N-OpenSSL-TLS1.2-RSA_4096_SHA256-P-384-DHE-RSA-AES256-SHA]" time="1.278" /><testcase classname="test_cross_compatibility" name="test_s2n_old_server_new_ticket[S2N-OpenSSL-TLS1.2-RSA_4096_SHA256-P-384-AES128-SHA]" time="1.227" /><testcase classname="test_cross_compatibility" name="test_s2n_old_server_new_ticket[S2N-OpenSSL-TLS1.2-RSA_4096_SHA256-P-384-DHE-RSA-CHACHA20-POLY1305]" time="1.260" /><testcase classname="test_cross_compatibility" name="test_s2n_old_server_new_ticket[S2N-OpenSSL-TLS1.2-RSA_4096_SHA256-P-384-DHE-RSA-AES128-SHA256]" time="1.229" /><testcase classname="test_cross_compatibility" name="test_s2n_old_server_new_ticket[S2N-OpenSSL-TLS1.2-RSA_4096_SHA256-P-384-DHE-RSA-AES128-GCM-SHA256]" time="1.247" /><testcase classname="test_cross_compatibility" name="test_s2n_old_server_new_ticket[S2N-OpenSSL-TLS1.2-RSA_4096_SHA256-P-384-DHE-RSA-AES128-SHA]" time="1.342" /><testcase classname="test_cross_compatibility" name="test_s2n_old_server_new_ticket[S2N-OpenSSL-TLS1.2-RSA_4096_SHA256-P-384-ECDHE-RSA-AES128-SHA]" time="1.258" /><testcase classname="test_cross_compatibility" name="test_s2n_old_server_new_ticket[S2N-OpenSSL-TLS1.2-RSA_4096_SHA256-P-384-ECDHE-RSA-AES128-SHA256]" time="1.241" /><testcase classname="test_cross_compatibility" name="test_s2n_old_server_new_ticket[S2N-OpenSSL-TLS1.2-RSA_4096_SHA256-P-384-AES128-SHA256]" time="1.242" /><testcase classname="test_cross_compatibility" name="test_s2n_old_server_new_ticket[S2N-OpenSSL-TLS1.2-RSA_4096_SHA256-P-384-ECDHE-RSA-AES256-SHA384]" time="1.264" /><testcase classname="test_cross_compatibility" name="test_s2n_old_server_new_ticket[S2N-OpenSSL-TLS1.2-RSA_4096_SHA256-P-384-ECDHE-RSA-AES128-GCM-SHA256]" time="1.272" /><testcase classname="test_cross_compatibility" name="test_s2n_old_server_new_ticket[S2N-OpenSSL-TLS1.2-RSA_4096_SHA256-P-384-AES256-SHA256]" time="1.230" /><testcase classname="test_cross_compatibility" name="test_s2n_old_server_new_ticket[S2N-OpenSSL-TLS1.2-RSA_4096_SHA256-P-384-ECDHE-RSA-AES256-SHA]" time="1.297" /><testcase classname="test_cross_compatibility" name="test_s2n_old_server_new_ticket[S2N-OpenSSL-TLS1.2-RSA_4096_SHA256-P-384-AES256-SHA]" time="1.258" /><testcase classname="test_cross_compatibility" name="test_s2n_old_server_new_ticket[S2N-OpenSSL-TLS1.2-RSA_4096_SHA256-P-521-DHE-RSA-AES256-SHA]" time="1.212" /><testcase classname="test_cross_compatibility" name="test_s2n_old_server_new_ticket[S2N-OpenSSL-TLS1.2-RSA_4096_SHA256-P-521-DHE-RSA-AES256-SHA256]" time="1.269" /><testcase classname="test_cross_compatibility" name="test_s2n_old_server_new_ticket[S2N-OpenSSL-TLS1.2-RSA_4096_SHA256-P-521-DHE-RSA-AES256-GCM-SHA384]" time="1.255" /><testcase classname="test_cross_compatibility" name="test_s2n_old_server_new_ticket[S2N-OpenSSL-TLS1.2-RSA_4096_SHA256-P-384-ECDHE-RSA-CHACHA20-POLY1305]" time="1.335" /><testcase classname="test_cross_compatibility" name="test_s2n_old_server_new_ticket[S2N-OpenSSL-TLS1.2-RSA_4096_SHA256-P-521-DHE-RSA-AES128-SHA]" time="1.295" /><testcase classname="test_cross_compatibility" name="test_s2n_old_server_new_ticket[S2N-OpenSSL-TLS1.2-RSA_4096_SHA256-P-521-DHE-RSA-AES128-GCM-SHA256]" time="1.357" /><testcase classname="test_cross_compatibility" name="test_s2n_old_server_new_ticket[S2N-OpenSSL-TLS1.2-RSA_4096_SHA256-P-384-ECDHE-RSA-AES256-GCM-SHA384]" time="1.263" /><testcase classname="test_cross_compatibility" name="test_s2n_old_server_new_ticket[S2N-OpenSSL-TLS1.2-RSA_4096_SHA256-P-521-DHE-RSA-AES128-SHA256]" time="1.333" /><testcase classname="test_cross_compatibility" name="test_s2n_old_server_new_ticket[S2N-OpenSSL-TLS1.2-RSA_4096_SHA256-P-521-AES128-SHA256]" time="1.273" /><testcase classname="test_cross_compatibility" name="test_s2n_old_server_new_ticket[S2N-OpenSSL-TLS1.2-RSA_4096_SHA256-P-521-ECDHE-RSA-AES128-SHA]" time="1.233" /><testcase classname="test_cross_compatibility" name="test_s2n_old_server_new_ticket[S2N-OpenSSL-TLS1.2-RSA_4096_SHA256-P-521-AES128-SHA]" time="1.256" /><testcase classname="test_cross_compatibility" name="test_s2n_old_server_new_ticket[S2N-OpenSSL-TLS1.2-RSA_4096_SHA256-P-521-ECDHE-RSA-AES128-SHA256]" time="1.286" /><testcase classname="test_cross_compatibility" name="test_s2n_old_server_new_ticket[S2N-OpenSSL-TLS1.2-RSA_4096_SHA256-P-521-AES256-SHA]" time="1.256" /><testcase classname="test_cross_compatibility" name="test_s2n_old_server_new_ticket[S2N-OpenSSL-TLS1.2-RSA_4096_SHA256-P-521-ECDHE-RSA-AES256-SHA]" time="1.230" /><testcase classname="test_cross_compatibility" name="test_s2n_old_server_new_ticket[S2N-OpenSSL-TLS1.2-RSA_4096_SHA256-P-521-DHE-RSA-CHACHA20-POLY1305]" time="1.230" /><testcase classname="test_cross_compatibility" name="test_s2n_old_server_new_ticket[S2N-OpenSSL-TLS1.2-RSA_4096_SHA256-P-521-AES256-SHA256]" time="1.260" /><testcase classname="test_cross_compatibility" name="test_s2n_old_server_new_ticket[S2N-OpenSSL-TLS1.2-RSA_4096_SHA256-P-521-ECDHE-RSA-CHACHA20-POLY1305]" time="1.286" /><testcase classname="test_cross_compatibility" name="test_s2n_old_server_new_ticket[S2N-OpenSSL-TLS1.2-ECDSA_256-P-256-ECDHE-ECDSA-AES256-GCM-SHA384]" time="1.184" /><testcase classname="test_cross_compatibility" name="test_s2n_old_server_new_ticket[S2N-OpenSSL-TLS1.2-ECDSA_256-P-256-ECDHE-ECDSA-AES256-SHA384]" time="1.192" /><testcase classname="test_cross_compatibility" name="test_s2n_old_server_new_ticket[S2N-OpenSSL-TLS1.2-RSA_4096_SHA256-P-521-ECDHE-RSA-AES128-GCM-SHA256]" time="1.249" /><testcase classname="test_cross_compatibility" name="test_s2n_old_server_new_ticket[S2N-OpenSSL-TLS1.2-RSA_4096_SHA256-P-521-ECDHE-RSA-AES256-GCM-SHA384]" time="1.279" /><testcase classname="test_cross_compatibility" name="test_s2n_old_server_new_ticket[S2N-OpenSSL-TLS1.2-ECDSA_256-P-256-ECDHE-ECDSA-AES128-SHA256]" time="1.323" /><testcase classname="test_cross_compatibility" name="test_s2n_old_server_new_ticket[S2N-OpenSSL-TLS1.2-ECDSA_256-P-256-ECDHE-ECDSA-AES128-GCM-SHA256]" time="1.215" /><testcase classname="test_cross_compatibility" name="test_s2n_old_server_new_ticket[S2N-OpenSSL-TLS1.2-RSA_4096_SHA256-P-521-ECDHE-RSA-AES256-SHA384]" time="1.296" /><testcase classname="test_cross_compatibility" name="test_s2n_old_server_new_ticket[S2N-OpenSSL-TLS1.2-ECDSA_384-P-384-ECDHE-ECDSA-AES128-GCM-SHA256]" time="1.226" /><testcase classname="test_cross_compatibility" name="test_s2n_old_server_new_ticket[S2N-OpenSSL-TLS1.2-ECDSA_384-P-384-ECDHE-ECDSA-AES128-SHA256]" time="1.312" /><testcase classname="test_cross_compatibility" name="test_s2n_old_server_new_ticket[S2N-OpenSSL-TLS1.2-RSA_PSS_2048_SHA256-P-384-DHE-RSA-AES256-SHA]" time="1.277" /><testcase classname="test_cross_compatibility" name="test_s2n_old_server_new_ticket[S2N-OpenSSL-TLS1.2-ECDSA_256-P-256-ECDHE-ECDSA-AES256-SHA]" time="1.230" /><testcase classname="test_cross_compatibility" name="test_s2n_old_server_new_ticket[S2N-OpenSSL-TLS1.2-ECDSA_256-P-256-ECDHE-ECDSA-CHACHA20-POLY1305]" time="1.243" /><testcase classname="test_cross_compatibility" name="test_s2n_old_server_new_ticket[S2N-OpenSSL-TLS1.2-ECDSA_384-P-384-ECDHE-ECDSA-AES256-GCM-SHA384]" time="1.259" /><testcase classname="test_cross_compatibility" name="test_s2n_old_server_new_ticket[S2N-OpenSSL-TLS1.2-RSA_PSS_2048_SHA256-P-521-DHE-RSA-CHACHA20-POLY1305]" time="1.292" /><testcase classname="test_cross_compatibility" name="test_s2n_old_server_new_ticket[S2N-OpenSSL-TLS1.2-ECDSA_256-P-256-ECDHE-ECDSA-AES128-SHA]" time="1.321" /><testcase classname="test_cross_compatibility" name="test_s2n_old_server_new_ticket[S2N-OpenSSL-TLS1.3-RSA_2048_SHA512-P-256-TLS_AES_128_GCM_SHA256]" time="1.271" /><testcase classname="test_cross_compatibility" name="test_s2n_old_server_new_ticket[S2N-OpenSSL-TLS1.2-ECDSA_384-P-384-ECDHE-ECDSA-AES256-SHA384]" time="1.222" /><testcase classname="test_cross_compatibility" name="test_s2n_old_server_new_ticket[S2N-OpenSSL-TLS1.2-RSA_PSS_2048_SHA256-P-384-DHE-RSA-AES128-SHA256]" time="1.214" /><testcase classname="test_cross_compatibility" name="test_s2n_old_server_new_ticket[S2N-OpenSSL-TLS1.3-RSA_PSS_2048_SHA256-P-384-TLS_AES_128_GCM_SHA256]" time="1.220" /><testcase classname="test_cross_compatibility" name="test_s2n_old_server_new_ticket[S2N-OpenSSL-TLS1.3-RSA_4096_SHA256-P-384-TLS_CHACHA20_POLY1305_SHA256]" time="1.306" /><testcase classname="test_cross_compatibility" name="test_s2n_new_server_old_ticket[S2N-OpenSSL-TLS1.2-RSA_2048_SHA512-P-256-DHE-RSA-CHACHA20-POLY1305]" time="1.210" /><testcase classname="test_cross_compatibility" name="test_s2n_old_server_new_ticket[S2N-OpenSSL-TLS1.2-RSA_PSS_2048_SHA256-P-521-ECDHE-RSA-AES128-SHA]" time="1.211" /><testcase classname="test_cross_compatibility" name="test_s2n_new_server_old_ticket[S2N-OpenSSL-TLS1.2-RSA_2048_SHA512-P-384-DHE-RSA-AES128-SHA256]" time="1.284" /><testcase classname="test_cross_compatibility" name="test_s2n_old_server_new_ticket[S2N-OpenSSL-TLS1.3-RSA_2048_SHA512-P-256-TLS_AES_256_GCM_SHA384]" time="1.269" /><testcase classname="test_cross_compatibility" name="test_s2n_old_server_new_ticket[S2N-OpenSSL-TLS1.2-ECDSA_384-P-384-ECDHE-ECDSA-AES128-SHA]" time="1.234" /><testcase classname="test_cross_compatibility" name="test_s2n_old_server_new_ticket[S2N-OpenSSL-TLS1.2-RSA_PSS_2048_SHA256-P-384-DHE-RSA-AES256-SHA256]" time="1.247" /><testcase classname="test_cross_compatibility" name="test_s2n_old_server_new_ticket[S2N-OpenSSL-TLS1.3-RSA_PSS_2048_SHA256-P-384-TLS_AES_256_GCM_SHA384]" time="1.207" /><testcase classname="test_cross_compatibility" name="test_s2n_old_server_new_ticket[S2N-OpenSSL-TLS1.3-RSA_4096_SHA256-P-521-TLS_AES_128_GCM_SHA256]" time="1.235" /><testcase classname="test_cross_compatibility" name="test_s2n_new_server_old_ticket[S2N-OpenSSL-TLS1.2-RSA_2048_SHA512-P-256-AES128-SHA]" time="1.266" /><testcase classname="test_cross_compatibility" name="test_s2n_old_server_new_ticket[S2N-OpenSSL-TLS1.2-RSA_PSS_2048_SHA256-P-521-ECDHE-RSA-AES256-SHA]" time="1.259" /><testcase classname="test_cross_compatibility" name="test_s2n_new_server_old_ticket[S2N-OpenSSL-TLS1.2-RSA_2048_SHA512-P-384-DHE-RSA-AES256-SHA256]" time="1.286" /><testcase classname="test_cross_compatibility" name="test_s2n_old_server_new_ticket[S2N-OpenSSL-TLS1.2-ECDSA_384-P-384-ECDHE-ECDSA-AES256-SHA]" time="1.256" /><testcase classname="test_cross_compatibility" name="test_s2n_old_server_new_ticket[S2N-OpenSSL-TLS1.3-RSA_2048_SHA512-P-256-TLS_CHACHA20_POLY1305_SHA256]" time="1.267" /><testcase classname="test_cross_compatibility" name="test_s2n_old_server_new_ticket[S2N-OpenSSL-TLS1.2-RSA_PSS_2048_SHA256-P-384-DHE-RSA-AES128-GCM-SHA256]" time="1.247" /><testcase classname="test_cross_compatibility" name="test_s2n_old_server_new_ticket[S2N-OpenSSL-TLS1.3-RSA_PSS_2048_SHA256-P-384-TLS_CHACHA20_POLY1305_SHA256]" time="1.254" /><testcase classname="test_cross_compatibility" name="test_s2n_old_server_new_ticket[S2N-OpenSSL-TLS1.3-RSA_4096_SHA256-P-521-TLS_AES_256_GCM_SHA384]" time="1.257" /><testcase classname="test_cross_compatibility" name="test_s2n_old_server_new_ticket[S2N-OpenSSL-TLS1.2-RSA_PSS_2048_SHA256-P-521-ECDHE-RSA-AES128-SHA256]" time="1.251" /><testcase classname="test_cross_compatibility" name="test_s2n_new_server_old_ticket[S2N-OpenSSL-TLS1.2-RSA_2048_SHA512-P-256-AES256-SHA]" time="1.274" /><testcase classname="test_cross_compatibility" name="test_s2n_new_server_old_ticket[S2N-OpenSSL-TLS1.2-RSA_2048_SHA512-P-384-DHE-RSA-AES128-GCM-SHA256]" time="1.265" /><testcase classname="test_cross_compatibility" name="test_s2n_old_server_new_ticket[S2N-OpenSSL-TLS1.2-ECDSA_384-P-384-ECDHE-ECDSA-CHACHA20-POLY1305]" time="1.238" /><testcase classname="test_cross_compatibility" name="test_s2n_old_server_new_ticket[S2N-OpenSSL-TLS1.3-RSA_2048_SHA512-P-384-TLS_AES_128_GCM_SHA256]" time="1.260" /><testcase classname="test_cross_compatibility" name="test_s2n_old_server_new_ticket[S2N-OpenSSL-TLS1.2-RSA_PSS_2048_SHA256-P-384-DHE-RSA-AES256-GCM-SHA384]" time="1.244" /><testcase classname="test_cross_compatibility" name="test_s2n_old_server_new_ticket[S2N-OpenSSL-TLS1.3-RSA_PSS_2048_SHA256-P-521-TLS_AES_128_GCM_SHA256]" time="1.227" /><testcase classname="test_cross_compatibility" name="test_s2n_old_server_new_ticket[S2N-OpenSSL-TLS1.3-RSA_4096_SHA256-P-521-TLS_CHACHA20_POLY1305_SHA256]" time="1.231" /><testcase classname="test_cross_compatibility" name="test_s2n_old_server_new_ticket[S2N-OpenSSL-TLS1.2-RSA_PSS_2048_SHA256-P-521-ECDHE-RSA-AES256-SHA384]" time="1.244" /><testcase classname="test_cross_compatibility" name="test_s2n_new_server_old_ticket[S2N-OpenSSL-TLS1.2-RSA_2048_SHA512-P-256-AES128-SHA256]" time="1.261" /><testcase classname="test_cross_compatibility" name="test_s2n_new_server_old_ticket[S2N-OpenSSL-TLS1.2-RSA_2048_SHA512-P-384-DHE-RSA-AES256-GCM-SHA384]" time="1.277" /><testcase classname="test_cross_compatibility" name="test_s2n_old_server_new_ticket[S2N-OpenSSL-TLS1.2-RSA_PSS_2048_SHA256-P-256-DHE-RSA-AES128-SHA]" time="1.184" /><testcase classname="test_cross_compatibility" name="test_s2n_old_server_new_ticket[S2N-OpenSSL-TLS1.3-RSA_2048_SHA512-P-384-TLS_AES_256_GCM_SHA384]" time="1.182" /><testcase classname="test_cross_compatibility" name="test_s2n_old_server_new_ticket[S2N-OpenSSL-TLS1.2-RSA_PSS_2048_SHA256-P-384-DHE-RSA-CHACHA20-POLY1305]" time="1.258" /><testcase classname="test_cross_compatibility" name="test_s2n_old_server_new_ticket[S2N-OpenSSL-TLS1.3-RSA_PSS_2048_SHA256-P-521-TLS_AES_256_GCM_SHA384]" time="1.251" /><testcase classname="test_cross_compatibility" name="test_s2n_old_server_new_ticket[S2N-OpenSSL-TLS1.3-ECDSA_256-P-256-TLS_AES_128_GCM_SHA256]" time="1.276" /><testcase classname="test_cross_compatibility" name="test_s2n_old_server_new_ticket[S2N-OpenSSL-TLS1.2-RSA_PSS_2048_SHA256-P-521-ECDHE-RSA-AES128-GCM-SHA256]" time="1.240" /><testcase classname="test_cross_compatibility" name="test_s2n_new_server_old_ticket[S2N-OpenSSL-TLS1.2-RSA_2048_SHA512-P-256-AES256-SHA256]" time="1.299" /><testcase classname="test_cross_compatibility" name="test_s2n_new_server_old_ticket[S2N-OpenSSL-TLS1.2-RSA_2048_SHA512-P-384-DHE-RSA-CHACHA20-POLY1305]" time="1.290" /><testcase classname="test_cross_compatibility" name="test_s2n_old_server_new_ticket[S2N-OpenSSL-TLS1.3-RSA_2048_SHA512-P-384-TLS_CHACHA20_POLY1305_SHA256]" time="1.226" /><testcase classname="test_cross_compatibility" name="test_s2n_old_server_new_ticket[S2N-OpenSSL-TLS1.2-RSA_PSS_2048_SHA256-P-256-DHE-RSA-AES256-SHA]" time="1.318" /><testcase classname="test_cross_compatibility" name="test_s2n_old_server_new_ticket[S2N-OpenSSL-TLS1.3-RSA_PSS_2048_SHA256-P-521-TLS_CHACHA20_POLY1305_SHA256]" time="1.218" /><testcase classname="test_cross_compatibility" name="test_s2n_old_server_new_ticket[S2N-OpenSSL-TLS1.2-RSA_PSS_2048_SHA256-P-384-ECDHE-RSA-AES128-SHA]" time="1.252" /><testcase classname="test_cross_compatibility" name="test_s2n_old_server_new_ticket[S2N-OpenSSL-TLS1.3-ECDSA_256-P-256-TLS_AES_256_GCM_SHA384]" time="1.257" /><testcase classname="test_cross_compatibility" name="test_s2n_old_server_new_ticket[S2N-OpenSSL-TLS1.2-RSA_PSS_2048_SHA256-P-521-ECDHE-RSA-AES256-GCM-SHA384]" time="1.255" /><testcase classname="test_cross_compatibility" name="test_s2n_new_server_old_ticket[S2N-OpenSSL-TLS1.2-RSA_2048_SHA512-P-256-ECDHE-RSA-AES128-SHA]" time="1.226" /><testcase classname="test_cross_compatibility" name="test_s2n_new_server_old_ticket[S2N-OpenSSL-TLS1.2-RSA_2048_SHA512-P-384-AES128-SHA]" time="1.202" /><testcase classname="test_cross_compatibility" name="test_s2n_old_server_new_ticket[S2N-OpenSSL-TLS1.3-RSA_2048_SHA512-P-521-TLS_AES_128_GCM_SHA256]" time="1.255" /><testcase classname="test_cross_compatibility" name="test_s2n_old_server_new_ticket[S2N-OpenSSL-TLS1.2-RSA_PSS_2048_SHA256-P-256-DHE-RSA-AES128-SHA256]" time="1.273" /><testcase classname="test_cross_compatibility" name="test_s2n_old_server_new_ticket[S2N-OpenSSL-TLS1.2-RSA_PSS_2048_SHA256-P-384-ECDHE-RSA-AES256-SHA]" time="1.192" /><testcase classname="test_cross_compatibility" name="test_s2n_old_server_new_ticket[S2N-OpenSSL-TLS1.3-ECDSA_521-P-521-TLS_AES_128_GCM_SHA256]" time="1.222" /><testcase classname="test_cross_compatibility" name="test_s2n_old_server_new_ticket[S2N-OpenSSL-TLS1.3-ECDSA_256-P-256-TLS_CHACHA20_POLY1305_SHA256]" time="1.259" /><testcase classname="test_cross_compatibility" name="test_s2n_new_server_old_ticket[S2N-OpenSSL-TLS1.2-RSA_2048_SHA512-P-256-ECDHE-RSA-AES256-SHA]" time="1.171" /><testcase classname="test_cross_compatibility" name="test_s2n_old_server_new_ticket[S2N-OpenSSL-TLS1.2-RSA_PSS_2048_SHA256-P-521-ECDHE-RSA-CHACHA20-POLY1305]" time="1.247" /><testcase classname="test_cross_compatibility" name="test_s2n_new_server_old_ticket[S2N-OpenSSL-TLS1.2-RSA_2048_SHA512-P-384-AES256-SHA]" time="1.224" /><testcase classname="test_cross_compatibility" name="test_s2n_old_server_new_ticket[S2N-OpenSSL-TLS1.3-RSA_2048_SHA512-P-521-TLS_AES_256_GCM_SHA384]" time="1.258" /><testcase classname="test_cross_compatibility" name="test_s2n_old_server_new_ticket[S2N-OpenSSL-TLS1.2-RSA_PSS_2048_SHA256-P-256-DHE-RSA-AES256-SHA256]" time="1.207" /><testcase classname="test_cross_compatibility" name="test_s2n_old_server_new_ticket[S2N-OpenSSL-TLS1.3-ECDSA_521-P-521-TLS_AES_256_GCM_SHA384]" time="1.277" /><testcase classname="test_cross_compatibility" name="test_s2n_old_server_new_ticket[S2N-OpenSSL-TLS1.2-RSA_PSS_2048_SHA256-P-384-ECDHE-RSA-AES128-SHA256]" time="1.300" /><testcase classname="test_cross_compatibility" name="test_s2n_old_server_new_ticket[S2N-OpenSSL-TLS1.3-ECDSA_384-P-384-TLS_AES_128_GCM_SHA256]" time="1.281" /><testcase classname="test_cross_compatibility" name="test_s2n_new_server_old_ticket[S2N-OpenSSL-TLS1.2-RSA_2048_SHA512-P-256-ECDHE-RSA-AES128-SHA256]" time="1.248" /><testcase classname="test_cross_compatibility" name="test_s2n_old_server_new_ticket[S2N-OpenSSL-TLS1.2-ECDSA_521-P-521-ECDHE-ECDSA-AES128-GCM-SHA256]" time="1.232" /><testcase classname="test_cross_compatibility" name="test_s2n_new_server_old_ticket[S2N-OpenSSL-TLS1.2-RSA_2048_SHA512-P-384-AES128-SHA256]" time="1.198" /><testcase classname="test_cross_compatibility" name="test_s2n_old_server_new_ticket[S2N-OpenSSL-TLS1.2-RSA_PSS_2048_SHA256-P-256-DHE-RSA-AES128-GCM-SHA256]" time="1.222" /><testcase classname="test_cross_compatibility" name="test_s2n_old_server_new_ticket[S2N-OpenSSL-TLS1.3-RSA_2048_SHA512-P-521-TLS_CHACHA20_POLY1305_SHA256]" time="1.275" /><testcase classname="test_cross_compatibility" name="test_s2n_old_server_new_ticket[S2N-OpenSSL-TLS1.3-ECDSA_521-P-521-TLS_CHACHA20_POLY1305_SHA256]" time="1.208" /><testcase classname="test_cross_compatibility" name="test_s2n_old_server_new_ticket[S2N-OpenSSL-TLS1.2-RSA_PSS_2048_SHA256-P-384-ECDHE-RSA-AES256-SHA384]" time="1.289" /><testcase classname="test_cross_compatibility" name="test_s2n_old_server_new_ticket[S2N-OpenSSL-TLS1.2-ECDSA_521-P-521-ECDHE-ECDSA-AES256-GCM-SHA384]" time="1.245" /><testcase classname="test_cross_compatibility" name="test_s2n_old_server_new_ticket[S2N-OpenSSL-TLS1.3-ECDSA_384-P-384-TLS_AES_256_GCM_SHA384]" time="1.281" /><testcase classname="test_cross_compatibility" name="test_s2n_new_server_old_ticket[S2N-OpenSSL-TLS1.2-RSA_2048_SHA512-P-256-ECDHE-RSA-AES256-SHA384]" time="1.265" /><testcase classname="test_cross_compatibility" name="test_s2n_new_server_old_ticket[S2N-OpenSSL-TLS1.2-RSA_2048_SHA512-P-384-AES256-SHA256]" time="1.242" /><testcase classname="test_cross_compatibility" name="test_s2n_old_server_new_ticket[S2N-OpenSSL-TLS1.3-RSA_4096_SHA256-X25519-TLS_AES_128_GCM_SHA256]" time="1.244" /><testcase classname="test_cross_compatibility" name="test_s2n_old_server_new_ticket[S2N-OpenSSL-TLS1.2-RSA_PSS_2048_SHA256-P-256-DHE-RSA-AES256-GCM-SHA384]" time="1.281" /><testcase classname="test_cross_compatibility" name="test_s2n_new_server_old_ticket[S2N-OpenSSL-TLS1.2-RSA_2048_SHA512-P-256-DHE-RSA-AES128-SHA]" time="1.261" /><testcase classname="test_cross_compatibility" name="test_s2n_old_server_new_ticket[S2N-OpenSSL-TLS1.2-RSA_PSS_2048_SHA256-P-384-ECDHE-RSA-AES128-GCM-SHA256]" time="1.209" /><testcase classname="test_cross_compatibility" name="test_s2n_old_server_new_ticket[S2N-OpenSSL-TLS1.2-ECDSA_521-P-521-ECDHE-ECDSA-AES128-SHA256]" time="1.202" /><testcase classname="test_cross_compatibility" name="test_s2n_new_server_old_ticket[S2N-OpenSSL-TLS1.2-RSA_2048_SHA512-P-256-ECDHE-RSA-AES128-GCM-SHA256]" time="1.187" /><testcase classname="test_cross_compatibility" name="test_s2n_old_server_new_ticket[S2N-OpenSSL-TLS1.3-ECDSA_384-P-384-TLS_CHACHA20_POLY1305_SHA256]" time="1.254" /><testcase classname="test_cross_compatibility" name="test_s2n_new_server_old_ticket[S2N-OpenSSL-TLS1.2-RSA_2048_SHA512-P-384-ECDHE-RSA-AES128-SHA]" time="1.243" /><testcase classname="test_cross_compatibility" name="test_s2n_old_server_new_ticket[S2N-OpenSSL-TLS1.2-RSA_PSS_2048_SHA256-P-256-DHE-RSA-CHACHA20-POLY1305]" time="1.239" /><testcase classname="test_cross_compatibility" name="test_s2n_old_server_new_ticket[S2N-OpenSSL-TLS1.3-RSA_4096_SHA256-X25519-TLS_AES_256_GCM_SHA384]" time="1.268" /><testcase classname="test_cross_compatibility" name="test_s2n_old_server_new_ticket[S2N-OpenSSL-TLS1.2-RSA_PSS_2048_SHA256-P-384-ECDHE-RSA-AES256-GCM-SHA384]" time="1.264" /><testcase classname="test_cross_compatibility" name="test_s2n_new_server_old_ticket[S2N-OpenSSL-TLS1.2-RSA_2048_SHA512-P-256-DHE-RSA-AES256-SHA]" time="1.385" /><testcase classname="test_cross_compatibility" name="test_s2n_new_server_old_ticket[S2N-OpenSSL-TLS1.2-RSA_2048_SHA512-P-256-ECDHE-RSA-AES256-GCM-SHA384]" time="1.234" /><testcase classname="test_cross_compatibility" name="test_s2n_old_server_new_ticket[S2N-OpenSSL-TLS1.2-ECDSA_521-P-521-ECDHE-ECDSA-AES256-SHA384]" time="1.261" /><testcase classname="test_cross_compatibility" name="test_s2n_old_server_new_ticket[S2N-OpenSSL-TLS1.3-RSA_PSS_2048_SHA256-X25519-TLS_AES_128_GCM_SHA256]" time="1.220" /><testcase classname="test_cross_compatibility" name="test_s2n_new_server_old_ticket[S2N-OpenSSL-TLS1.2-RSA_2048_SHA512-P-384-ECDHE-RSA-AES256-SHA]" time="1.266" /><testcase classname="test_cross_compatibility" name="test_s2n_old_server_new_ticket[S2N-OpenSSL-TLS1.3-RSA_4096_SHA256-X25519-TLS_CHACHA20_POLY1305_SHA256]" time="1.249" /><testcase classname="test_cross_compatibility" name="test_s2n_old_server_new_ticket[S2N-OpenSSL-TLS1.2-RSA_PSS_2048_SHA256-P-256-ECDHE-RSA-AES128-SHA]" time="1.283" /><testcase classname="test_cross_compatibility" name="test_s2n_old_server_new_ticket[S2N-OpenSSL-TLS1.2-RSA_PSS_2048_SHA256-P-384-ECDHE-RSA-CHACHA20-POLY1305]" time="1.276" /><testcase classname="test_cross_compatibility" name="test_s2n_new_server_old_ticket[S2N-OpenSSL-TLS1.2-RSA_2048_SHA512-P-256-DHE-RSA-AES128-SHA256]" time="1.232" /><testcase classname="test_cross_compatibility" name="test_s2n_new_server_old_ticket[S2N-OpenSSL-TLS1.2-RSA_2048_SHA512-P-256-ECDHE-RSA-CHACHA20-POLY1305]" time="1.222" /><testcase classname="test_cross_compatibility" name="test_s2n_old_server_new_ticket[S2N-OpenSSL-TLS1.3-RSA_PSS_2048_SHA256-X25519-TLS_AES_256_GCM_SHA384]" time="1.270" /><testcase classname="test_cross_compatibility" name="test_s2n_old_server_new_ticket[S2N-OpenSSL-TLS1.2-ECDSA_521-P-521-ECDHE-ECDSA-AES128-SHA]" time="1.303" /><testcase classname="test_cross_compatibility" name="test_s2n_new_server_old_ticket[S2N-OpenSSL-TLS1.2-RSA_2048_SHA512-P-384-ECDHE-RSA-AES128-SHA256]" time="1.221" /><testcase classname="test_cross_compatibility" name="test_s2n_old_server_new_ticket[S2N-OpenSSL-TLS1.2-RSA_PSS_2048_SHA256-P-256-ECDHE-RSA-AES256-SHA]" time="1.281" /><testcase classname="test_cross_compatibility" name="test_s2n_old_server_new_ticket[S2N-OpenSSL-TLS1.3-RSA_4096_SHA256-P-256-TLS_AES_128_GCM_SHA256]" time="1.324" /><testcase classname="test_cross_compatibility" name="test_s2n_old_server_new_ticket[S2N-OpenSSL-TLS1.2-RSA_PSS_2048_SHA256-P-521-DHE-RSA-AES128-SHA]" time="1.267" /><testcase classname="test_cross_compatibility" name="test_s2n_new_server_old_ticket[S2N-OpenSSL-TLS1.2-RSA_2048_SHA512-P-256-DHE-RSA-AES256-SHA256]" time="1.235" /><testcase classname="test_cross_compatibility" name="test_s2n_new_server_old_ticket[S2N-OpenSSL-TLS1.2-RSA_2048_SHA512-P-384-DHE-RSA-AES128-SHA]" time="1.268" /><testcase classname="test_cross_compatibility" name="test_s2n_old_server_new_ticket[S2N-OpenSSL-TLS1.3-RSA_PSS_2048_SHA256-X25519-TLS_CHACHA20_POLY1305_SHA256]" time="1.180" /><testcase classname="test_cross_compatibility" name="test_s2n_old_server_new_ticket[S2N-OpenSSL-TLS1.2-ECDSA_521-P-521-ECDHE-ECDSA-AES256-SHA]" time="1.261" /><testcase classname="test_cross_compatibility" name="test_s2n_new_server_old_ticket[S2N-OpenSSL-TLS1.2-RSA_2048_SHA512-P-384-ECDHE-RSA-AES256-SHA384]" time="1.267" /><testcase classname="test_cross_compatibility" name="test_s2n_old_server_new_ticket[S2N-OpenSSL-TLS1.2-RSA_PSS_2048_SHA256-P-256-ECDHE-RSA-AES128-SHA256]" time="1.199" /><testcase classname="test_cross_compatibility" name="test_s2n_old_server_new_ticket[S2N-OpenSSL-TLS1.3-RSA_4096_SHA256-P-256-TLS_AES_256_GCM_SHA384]" time="1.291" /><testcase classname="test_cross_compatibility" name="test_s2n_old_server_new_ticket[S2N-OpenSSL-TLS1.2-RSA_PSS_2048_SHA256-P-521-DHE-RSA-AES256-SHA]" time="1.217" /><testcase classname="test_cross_compatibility" name="test_s2n_new_server_old_ticket[S2N-OpenSSL-TLS1.2-RSA_2048_SHA512-P-384-DHE-RSA-AES256-SHA]" time="1.209" /><testcase classname="test_cross_compatibility" name="test_s2n_new_server_old_ticket[S2N-OpenSSL-TLS1.2-RSA_2048_SHA512-P-256-DHE-RSA-AES128-GCM-SHA256]" time="1.264" /><testcase classname="test_cross_compatibility" name="test_s2n_old_server_new_ticket[S2N-OpenSSL-TLS1.3-RSA_PSS_2048_SHA256-P-256-TLS_AES_128_GCM_SHA256]" time="1.267" /><testcase classname="test_cross_compatibility" name="test_s2n_old_server_new_ticket[S2N-OpenSSL-TLS1.2-ECDSA_521-P-521-ECDHE-ECDSA-CHACHA20-POLY1305]" time="1.216" /><testcase classname="test_cross_compatibility" name="test_s2n_new_server_old_ticket[S2N-OpenSSL-TLS1.2-RSA_2048_SHA512-P-384-ECDHE-RSA-AES128-GCM-SHA256]" time="1.252" /><testcase classname="test_cross_compatibility" name="test_s2n_old_server_new_ticket[S2N-OpenSSL-TLS1.2-RSA_PSS_2048_SHA256-P-256-ECDHE-RSA-AES256-SHA384]" time="1.260" /><testcase classname="test_cross_compatibility" name="test_s2n_old_server_new_ticket[S2N-OpenSSL-TLS1.3-RSA_4096_SHA256-P-256-TLS_CHACHA20_POLY1305_SHA256]" time="1.271" /><testcase classname="test_cross_compatibility" name="test_s2n_old_server_new_ticket[S2N-OpenSSL-TLS1.2-RSA_PSS_2048_SHA256-P-521-DHE-RSA-AES128-SHA256]" time="1.214" /><testcase classname="test_cross_compatibility" name="test_s2n_new_server_old_ticket[S2N-OpenSSL-TLS1.2-RSA_2048_SHA512-P-256-DHE-RSA-AES256-GCM-SHA384]" time="1.228" /><testcase classname="test_cross_compatibility" name="test_s2n_new_server_old_ticket[S2N-OpenSSL-TLS1.2-RSA_2048_SHA512-P-521-AES128-SHA256]" time="1.274" /><testcase classname="test_cross_compatibility" name="test_s2n_old_server_new_ticket[S2N-OpenSSL-TLS1.3-RSA_PSS_2048_SHA256-P-256-TLS_AES_256_GCM_SHA384]" time="1.228" /><testcase classname="test_cross_compatibility" name="test_s2n_old_server_new_ticket[S2N-OpenSSL-TLS1.3-RSA_2048_SHA512-X25519-TLS_AES_128_GCM_SHA256]" time="1.248" /><testcase classname="test_cross_compatibility" name="test_s2n_new_server_old_ticket[S2N-OpenSSL-TLS1.2-RSA_2048_SHA512-P-384-ECDHE-RSA-AES256-GCM-SHA384]" time="1.201" /><testcase classname="test_cross_compatibility" name="test_s2n_old_server_new_ticket[S2N-OpenSSL-TLS1.2-RSA_PSS_2048_SHA256-P-256-ECDHE-RSA-AES128-GCM-SHA256]" time="1.198" /><testcase classname="test_cross_compatibility" name="test_s2n_old_server_new_ticket[S2N-OpenSSL-TLS1.2-RSA_PSS_2048_SHA256-P-521-DHE-RSA-AES256-SHA256]" time="1.223" /><testcase classname="test_cross_compatibility" name="test_s2n_old_server_new_ticket[S2N-OpenSSL-TLS1.3-RSA_4096_SHA256-P-384-TLS_AES_128_GCM_SHA256]" time="1.235" /><testcase classname="test_cross_compatibility" name="test_s2n_old_server_new_ticket[S2N-OpenSSL-TLS1.3-RSA_PSS_2048_SHA256-P-256-TLS_CHACHA20_POLY1305_SHA256]" time="1.216" /><testcase classname="test_cross_compatibility" name="test_s2n_new_server_old_ticket[S2N-OpenSSL-TLS1.2-RSA_4096_SHA256-P-256-DHE-RSA-AES128-SHA256]" time="1.268" /><testcase classname="test_cross_compatibility" name="test_s2n_new_server_old_ticket[S2N-OpenSSL-TLS1.2-RSA_2048_SHA512-P-521-AES256-SHA256]" time="1.262" /><testcase classname="test_cross_compatibility" name="test_s2n_old_server_new_ticket[S2N-OpenSSL-TLS1.3-RSA_2048_SHA512-X25519-TLS_AES_256_GCM_SHA384]" time="1.223" /><testcase classname="test_cross_compatibility" name="test_s2n_new_server_old_ticket[S2N-OpenSSL-TLS1.2-RSA_2048_SHA512-P-384-ECDHE-RSA-CHACHA20-POLY1305]" time="1.236" /><testcase classname="test_cross_compatibility" name="test_s2n_old_server_new_ticket[S2N-OpenSSL-TLS1.2-RSA_PSS_2048_SHA256-P-256-ECDHE-RSA-AES256-GCM-SHA384]" time="1.243" /><testcase classname="test_cross_compatibility" name="test_s2n_old_server_new_ticket[S2N-OpenSSL-TLS1.3-RSA_4096_SHA256-P-384-TLS_AES_256_GCM_SHA384]" time="1.214" /><testcase classname="test_cross_compatibility" name="test_s2n_old_server_new_ticket[S2N-OpenSSL-TLS1.2-RSA_PSS_2048_SHA256-P-521-DHE-RSA-AES128-GCM-SHA256]" time="1.276" /><testcase classname="test_cross_compatibility" name="test_s2n_old_server_new_ticket[S2N-OpenSSL-TLS1.3-RSA_2048_SHA512-X25519-TLS_CHACHA20_POLY1305_SHA256]" time="1.198" /><testcase classname="test_cross_compatibility" name="test_s2n_new_server_old_ticket[S2N-OpenSSL-TLS1.2-RSA_4096_SHA256-P-256-DHE-RSA-AES256-SHA256]" time="1.266" /><testcase classname="test_cross_compatibility" name="test_s2n_new_server_old_ticket[S2N-OpenSSL-TLS1.2-RSA_2048_SHA512-P-521-ECDHE-RSA-AES128-SHA]" time="1.262" /><testcase classname="test_cross_compatibility" name="test_s2n_new_server_old_ticket[S2N-OpenSSL-TLS1.2-RSA_4096_SHA256-P-256-ECDHE-RSA-AES128-SHA256]" time="1.306" /><testcase classname="test_cross_compatibility" name="test_s2n_new_server_old_ticket[S2N-OpenSSL-TLS1.2-RSA_2048_SHA512-P-521-DHE-RSA-AES128-SHA]" time="1.269" /><testcase classname="test_cross_compatibility" name="test_s2n_old_server_new_ticket[S2N-OpenSSL-TLS1.2-RSA_PSS_2048_SHA256-P-256-ECDHE-RSA-CHACHA20-POLY1305]" time="1.295" /><testcase classname="test_cross_compatibility" name="test_s2n_old_server_new_ticket[S2N-OpenSSL-TLS1.2-RSA_PSS_2048_SHA256-P-521-DHE-RSA-AES256-GCM-SHA384]" time="1.215" /><testcase classname="test_cross_compatibility" name="test_s2n_new_server_old_ticket[S2N-OpenSSL-TLS1.2-RSA_4096_SHA256-P-384-DHE-RSA-AES256-GCM-SHA384]" time="1.321" /><testcase classname="test_cross_compatibility" name="test_s2n_new_server_old_ticket[S2N-OpenSSL-TLS1.2-RSA_2048_SHA512-P-521-ECDHE-RSA-AES256-SHA]" time="1.254" /><testcase classname="test_cross_compatibility" name="test_s2n_new_server_old_ticket[S2N-OpenSSL-TLS1.2-RSA_4096_SHA256-P-256-DHE-RSA-AES128-GCM-SHA256]" time="1.285" /><testcase classname="test_cross_compatibility" name="test_s2n_new_server_old_ticket[S2N-OpenSSL-TLS1.2-RSA_4096_SHA256-P-384-ECDHE-RSA-AES256-SHA384]" time="1.308" /><testcase classname="test_cross_compatibility" name="test_s2n_new_server_old_ticket[S2N-OpenSSL-TLS1.2-RSA_4096_SHA256-P-256-ECDHE-RSA-AES256-SHA384]" time="1.298" /><testcase classname="test_cross_compatibility" name="test_s2n_new_server_old_ticket[S2N-OpenSSL-TLS1.2-RSA_2048_SHA512-P-521-DHE-RSA-AES256-SHA]" time="1.232" /><testcase classname="test_cross_compatibility" name="test_s2n_old_server_new_ticket[S2N-OpenSSL-TLS1.2-RSA_PSS_2048_SHA256-P-384-DHE-RSA-AES128-SHA]" time="1.254" /><testcase classname="test_cross_compatibility" name="test_s2n_new_server_old_ticket[S2N-OpenSSL-TLS1.2-RSA_4096_SHA256-P-384-DHE-RSA-CHACHA20-POLY1305]" time="1.175" /><testcase classname="test_cross_compatibility" name="test_s2n_new_server_old_ticket[S2N-OpenSSL-TLS1.2-RSA_4096_SHA256-P-521-DHE-RSA-AES256-GCM-SHA384]" time="1.248" /><testcase classname="test_cross_compatibility" name="test_s2n_new_server_old_ticket[S2N-OpenSSL-TLS1.2-RSA_2048_SHA512-P-521-ECDHE-RSA-AES128-SHA256]" time="1.247" /><testcase classname="test_cross_compatibility" name="test_s2n_new_server_old_ticket[S2N-OpenSSL-TLS1.2-RSA_4096_SHA256-P-256-DHE-RSA-AES256-GCM-SHA384]" time="1.287" /><testcase classname="test_cross_compatibility" name="test_s2n_new_server_old_ticket[S2N-OpenSSL-TLS1.2-RSA_4096_SHA256-P-256-ECDHE-RSA-AES128-GCM-SHA256]" time="1.288" /><testcase classname="test_cross_compatibility" name="test_s2n_new_server_old_ticket[S2N-OpenSSL-TLS1.2-RSA_4096_SHA256-P-384-ECDHE-RSA-AES128-GCM-SHA256]" time="1.342" /><testcase classname="test_cross_compatibility" name="test_s2n_new_server_old_ticket[S2N-OpenSSL-TLS1.2-RSA_2048_SHA512-P-521-DHE-RSA-AES128-SHA256]" time="1.235" /><testcase classname="test_cross_compatibility" name="test_s2n_new_server_old_ticket[S2N-OpenSSL-TLS1.2-RSA_4096_SHA256-P-521-ECDHE-RSA-AES128-SHA256]" time="1.207" /><testcase classname="test_cross_compatibility" name="test_s2n_new_server_old_ticket[S2N-OpenSSL-TLS1.2-RSA_4096_SHA256-P-521-DHE-RSA-CHACHA20-POLY1305]" time="1.229" /><testcase classname="test_cross_compatibility" name="test_s2n_new_server_old_ticket[S2N-OpenSSL-TLS1.2-RSA_4096_SHA256-P-384-AES128-SHA]" time="1.264" /><testcase classname="test_cross_compatibility" name="test_s2n_new_server_old_ticket[S2N-OpenSSL-TLS1.2-RSA_2048_SHA512-P-521-ECDHE-RSA-AES256-SHA384]" time="1.240" /><testcase classname="test_cross_compatibility" name="test_s2n_new_server_old_ticket[S2N-OpenSSL-TLS1.2-RSA_4096_SHA256-P-256-DHE-RSA-CHACHA20-POLY1305]" time="1.240" /><testcase classname="test_cross_compatibility" name="test_s2n_new_server_old_ticket[S2N-OpenSSL-TLS1.2-RSA_4096_SHA256-P-256-ECDHE-RSA-AES256-GCM-SHA384]" time="1.250" /><testcase classname="test_cross_compatibility" name="test_s2n_new_server_old_ticket[S2N-OpenSSL-TLS1.2-RSA_4096_SHA256-P-384-ECDHE-RSA-AES256-GCM-SHA384]" time="1.284" /><testcase classname="test_cross_compatibility" name="test_s2n_new_server_old_ticket[S2N-OpenSSL-TLS1.2-RSA_2048_SHA512-P-521-DHE-RSA-AES256-SHA256]" time="1.297" /><testcase classname="test_cross_compatibility" name="test_s2n_new_server_old_ticket[S2N-OpenSSL-TLS1.2-RSA_4096_SHA256-P-521-ECDHE-RSA-AES256-SHA384]" time="1.286" /><testcase classname="test_cross_compatibility" name="test_s2n_new_server_old_ticket[S2N-OpenSSL-TLS1.2-RSA_4096_SHA256-P-384-AES256-SHA]" time="1.245" /><testcase classname="test_cross_compatibility" name="test_s2n_new_server_old_ticket[S2N-OpenSSL-TLS1.2-RSA_4096_SHA256-P-521-AES128-SHA]" time="1.255" /><testcase classname="test_cross_compatibility" name="test_s2n_new_server_old_ticket[S2N-OpenSSL-TLS1.2-RSA_4096_SHA256-P-256-AES128-SHA]" time="1.243" /><testcase classname="test_cross_compatibility" name="test_s2n_new_server_old_ticket[S2N-OpenSSL-TLS1.2-RSA_2048_SHA512-P-521-ECDHE-RSA-AES128-GCM-SHA256]" time="1.354" /><testcase classname="test_cross_compatibility" name="test_s2n_new_server_old_ticket[S2N-OpenSSL-TLS1.2-RSA_4096_SHA256-P-256-ECDHE-RSA-CHACHA20-POLY1305]" time="1.254" /><testcase classname="test_cross_compatibility" name="test_s2n_new_server_old_ticket[S2N-OpenSSL-TLS1.2-RSA_4096_SHA256-P-384-ECDHE-RSA-CHACHA20-POLY1305]" time="1.246" /><testcase classname="test_cross_compatibility" name="test_s2n_new_server_old_ticket[S2N-OpenSSL-TLS1.2-RSA_2048_SHA512-P-521-DHE-RSA-AES128-GCM-SHA256]" time="1.298" /><testcase classname="test_cross_compatibility" name="test_s2n_new_server_old_ticket[S2N-OpenSSL-TLS1.2-RSA_4096_SHA256-P-521-ECDHE-RSA-AES128-GCM-SHA256]" time="1.272" /><testcase classname="test_cross_compatibility" name="test_s2n_new_server_old_ticket[S2N-OpenSSL-TLS1.2-RSA_4096_SHA256-P-384-AES128-SHA256]" time="1.206" /><testcase classname="test_cross_compatibility" name="test_s2n_new_server_old_ticket[S2N-OpenSSL-TLS1.2-RSA_4096_SHA256-P-521-AES256-SHA]" time="1.269" /><testcase classname="test_cross_compatibility" name="test_s2n_new_server_old_ticket[S2N-OpenSSL-TLS1.2-RSA_4096_SHA256-P-256-AES256-SHA]" time="1.251" /><testcase classname="test_cross_compatibility" name="test_s2n_new_server_old_ticket[S2N-OpenSSL-TLS1.2-RSA_4096_SHA256-P-384-DHE-RSA-AES128-SHA]" time="1.231" /><testcase classname="test_cross_compatibility" name="test_s2n_new_server_old_ticket[S2N-OpenSSL-TLS1.2-RSA_2048_SHA512-P-521-ECDHE-RSA-AES256-GCM-SHA384]" time="1.248" /><testcase classname="test_cross_compatibility" name="test_s2n_new_server_old_ticket[S2N-OpenSSL-TLS1.2-RSA_4096_SHA256-P-521-DHE-RSA-AES128-SHA]" time="1.304" /><testcase classname="test_cross_compatibility" name="test_s2n_new_server_old_ticket[S2N-OpenSSL-TLS1.2-RSA_2048_SHA512-P-521-DHE-RSA-AES256-GCM-SHA384]" time="1.279" /><testcase classname="test_cross_compatibility" name="test_s2n_new_server_old_ticket[S2N-OpenSSL-TLS1.2-RSA_4096_SHA256-P-521-ECDHE-RSA-AES256-GCM-SHA384]" time="1.238" /><testcase classname="test_cross_compatibility" name="test_s2n_new_server_old_ticket[S2N-OpenSSL-TLS1.2-RSA_4096_SHA256-P-384-AES256-SHA256]" time="1.223" /><testcase classname="test_cross_compatibility" name="test_s2n_new_server_old_ticket[S2N-OpenSSL-TLS1.2-RSA_4096_SHA256-P-521-AES128-SHA256]" time="1.256" /><testcase classname="test_cross_compatibility" name="test_s2n_new_server_old_ticket[S2N-OpenSSL-TLS1.2-RSA_2048_SHA512-P-521-ECDHE-RSA-CHACHA20-POLY1305]" time="1.220" /><testcase classname="test_cross_compatibility" name="test_s2n_new_server_old_ticket[S2N-OpenSSL-TLS1.2-RSA_4096_SHA256-P-256-AES128-SHA256]" time="1.283" /><testcase classname="test_cross_compatibility" name="test_s2n_new_server_old_ticket[S2N-OpenSSL-TLS1.2-RSA_4096_SHA256-P-384-DHE-RSA-AES256-SHA]" time="1.309" /><testcase classname="test_cross_compatibility" name="test_s2n_new_server_old_ticket[S2N-OpenSSL-TLS1.2-RSA_4096_SHA256-P-521-DHE-RSA-AES256-SHA]" time="1.273" /><testcase classname="test_cross_compatibility" name="test_s2n_new_server_old_ticket[S2N-OpenSSL-TLS1.2-RSA_2048_SHA512-P-521-DHE-RSA-CHACHA20-POLY1305]" time="1.234" /><testcase classname="test_cross_compatibility" name="test_s2n_new_server_old_ticket[S2N-OpenSSL-TLS1.2-RSA_4096_SHA256-P-384-ECDHE-RSA-AES128-SHA]" time="1.260" /><testcase classname="test_cross_compatibility" name="test_s2n_new_server_old_ticket[S2N-OpenSSL-TLS1.2-RSA_4096_SHA256-P-521-ECDHE-RSA-CHACHA20-POLY1305]" time="1.321" /><testcase classname="test_cross_compatibility" name="test_s2n_new_server_old_ticket[S2N-OpenSSL-TLS1.2-RSA_4096_SHA256-P-521-AES256-SHA256]" time="1.270" /><testcase classname="test_cross_compatibility" name="test_s2n_new_server_old_ticket[S2N-OpenSSL-TLS1.2-RSA_4096_SHA256-P-256-DHE-RSA-AES128-SHA]" time="1.242" /><testcase classname="test_cross_compatibility" name="test_s2n_new_server_old_ticket[S2N-OpenSSL-TLS1.2-RSA_4096_SHA256-P-256-AES256-SHA256]" time="1.275" /><testcase classname="test_cross_compatibility" name="test_s2n_new_server_old_ticket[S2N-OpenSSL-TLS1.2-RSA_4096_SHA256-P-384-DHE-RSA-AES128-SHA256]" time="1.267" /><testcase classname="test_cross_compatibility" name="test_s2n_new_server_old_ticket[S2N-OpenSSL-TLS1.2-RSA_4096_SHA256-P-521-DHE-RSA-AES128-SHA256]" time="1.197" /><testcase classname="test_cross_compatibility" name="test_s2n_new_server_old_ticket[S2N-OpenSSL-TLS1.2-RSA_2048_SHA512-P-521-AES128-SHA]" time="1.207" /><testcase classname="test_cross_compatibility" name="test_s2n_new_server_old_ticket[S2N-OpenSSL-TLS1.2-RSA_4096_SHA256-P-384-ECDHE-RSA-AES256-SHA]" time="1.245" /><testcase classname="test_cross_compatibility" name="test_s2n_new_server_old_ticket[S2N-OpenSSL-TLS1.2-ECDSA_256-P-256-ECDHE-ECDSA-AES128-GCM-SHA256]" time="1.222" /><testcase classname="test_cross_compatibility" name="test_s2n_new_server_old_ticket[S2N-OpenSSL-TLS1.2-RSA_4096_SHA256-P-521-ECDHE-RSA-AES128-SHA]" time="1.271" /><testcase classname="test_cross_compatibility" name="test_s2n_new_server_old_ticket[S2N-OpenSSL-TLS1.2-RSA_4096_SHA256-P-256-DHE-RSA-AES256-SHA]" time="1.245" /><testcase classname="test_cross_compatibility" name="test_s2n_new_server_old_ticket[S2N-OpenSSL-TLS1.2-RSA_4096_SHA256-P-256-ECDHE-RSA-AES128-SHA]" time="1.236" /><testcase classname="test_cross_compatibility" name="test_s2n_new_server_old_ticket[S2N-OpenSSL-TLS1.2-RSA_4096_SHA256-P-384-DHE-RSA-AES256-SHA256]" time="1.264" /><testcase classname="test_cross_compatibility" name="test_s2n_new_server_old_ticket[S2N-OpenSSL-TLS1.2-RSA_2048_SHA512-P-521-AES256-SHA]" time="1.226" /><testcase classname="test_cross_compatibility" name="test_s2n_new_server_old_ticket[S2N-OpenSSL-TLS1.2-RSA_4096_SHA256-P-521-DHE-RSA-AES256-SHA256]" time="1.291" /><testcase classname="test_cross_compatibility" name="test_s2n_new_server_old_ticket[S2N-OpenSSL-TLS1.2-RSA_4096_SHA256-P-384-ECDHE-RSA-AES128-SHA256]" time="1.221" /><testcase classname="test_cross_compatibility" name="test_s2n_new_server_old_ticket[S2N-OpenSSL-TLS1.2-ECDSA_256-P-256-ECDHE-ECDSA-AES256-GCM-SHA384]" time="1.341" /><testcase classname="test_cross_compatibility" name="test_s2n_new_server_old_ticket[S2N-OpenSSL-TLS1.2-RSA_4096_SHA256-P-521-ECDHE-RSA-AES256-SHA]" time="1.238" /><testcase classname="test_cross_compatibility" name="test_s2n_new_server_old_ticket[S2N-OpenSSL-TLS1.2-ECDSA_256-P-256-ECDHE-ECDSA-AES256-SHA384]" time="1.265" /><testcase classname="test_cross_compatibility" name="test_s2n_new_server_old_ticket[S2N-OpenSSL-TLS1.2-RSA_4096_SHA256-P-256-ECDHE-RSA-AES256-SHA]" time="1.285" /><testcase classname="test_cross_compatibility" name="test_s2n_new_server_old_ticket[S2N-OpenSSL-TLS1.2-ECDSA_384-P-384-ECDHE-ECDSA-AES256-SHA384]" time="1.215" /><testcase classname="test_cross_compatibility" name="test_s2n_new_server_old_ticket[S2N-OpenSSL-TLS1.2-RSA_4096_SHA256-P-521-DHE-RSA-AES128-GCM-SHA256]" time="1.229" /><testcase classname="test_cross_compatibility" name="test_s2n_new_server_old_ticket[S2N-OpenSSL-TLS1.2-RSA_4096_SHA256-P-384-DHE-RSA-AES128-GCM-SHA256]" time="1.320" /><testcase classname="test_cross_compatibility" name="test_s2n_new_server_old_ticket[S2N-OpenSSL-TLS1.2-RSA_PSS_2048_SHA256-P-256-DHE-RSA-AES256-SHA256]" time="1.262" /><testcase classname="test_cross_compatibility" name="test_s2n_new_server_old_ticket[S2N-OpenSSL-TLS1.2-ECDSA_256-P-256-ECDHE-ECDSA-AES128-SHA256]" time="1.198" /><testcase classname="test_cross_compatibility" name="test_s2n_new_server_old_ticket[S2N-OpenSSL-TLS1.2-RSA_PSS_2048_SHA256-P-256-ECDHE-RSA-AES128-SHA256]" time="1.240" /><testcase classname="test_cross_compatibility" name="test_s2n_new_server_old_ticket[S2N-OpenSSL-TLS1.2-ECDSA_256-P-256-ECDHE-ECDSA-AES128-SHA]" time="1.228" /><testcase classname="test_cross_compatibility" name="test_s2n_new_server_old_ticket[S2N-OpenSSL-TLS1.2-RSA_PSS_2048_SHA256-P-384-DHE-RSA-AES256-SHA]" time="1.207" /><testcase classname="test_cross_compatibility" name="test_s2n_new_server_old_ticket[S2N-OpenSSL-TLS1.2-ECDSA_384-P-384-ECDHE-ECDSA-AES128-SHA]" time="1.261" /><testcase classname="test_cross_compatibility" name="test_s2n_new_server_old_ticket[S2N-OpenSSL-TLS1.2-RSA_PSS_2048_SHA256-P-384-ECDHE-RSA-AES256-GCM-SHA384]" time="1.246" /><testcase classname="test_cross_compatibility" name="test_s2n_new_server_old_ticket[S2N-OpenSSL-TLS1.2-RSA_PSS_2048_SHA256-P-384-ECDHE-RSA-AES128-SHA]" time="1.272" /><testcase classname="test_cross_compatibility" name="test_s2n_new_server_old_ticket[S2N-OpenSSL-TLS1.2-RSA_PSS_2048_SHA256-P-256-DHE-RSA-AES128-GCM-SHA256]" time="1.253" /><testcase classname="test_cross_compatibility" name="test_s2n_new_server_old_ticket[S2N-OpenSSL-TLS1.2-RSA_PSS_2048_SHA256-P-521-DHE-RSA-AES256-SHA256]" time="1.276" /><testcase classname="test_cross_compatibility" name="test_s2n_new_server_old_ticket[S2N-OpenSSL-TLS1.2-RSA_PSS_2048_SHA256-P-256-ECDHE-RSA-AES256-SHA384]" time="1.262" /><testcase classname="test_cross_compatibility" name="test_s2n_new_server_old_ticket[S2N-OpenSSL-TLS1.2-ECDSA_256-P-256-ECDHE-ECDSA-AES256-SHA]" time="1.220" /><testcase classname="test_cross_compatibility" name="test_s2n_new_server_old_ticket[S2N-OpenSSL-TLS1.2-RSA_PSS_2048_SHA256-P-384-DHE-RSA-AES128-SHA256]" time="1.215" /><testcase classname="test_cross_compatibility" name="test_s2n_new_server_old_ticket[S2N-OpenSSL-TLS1.2-ECDSA_384-P-384-ECDHE-ECDSA-AES256-SHA]" time="1.238" /><testcase classname="test_cross_compatibility" name="test_s2n_new_server_old_ticket[S2N-OpenSSL-TLS1.2-RSA_PSS_2048_SHA256-P-384-ECDHE-RSA-CHACHA20-POLY1305]" time="1.262" /><testcase classname="test_cross_compatibility" name="test_s2n_new_server_old_ticket[S2N-OpenSSL-TLS1.2-RSA_PSS_2048_SHA256-P-384-ECDHE-RSA-AES256-SHA]" time="1.225" /><testcase classname="test_cross_compatibility" name="test_s2n_new_server_old_ticket[S2N-OpenSSL-TLS1.2-RSA_PSS_2048_SHA256-P-256-DHE-RSA-AES256-GCM-SHA384]" time="1.189" /><testcase classname="test_cross_compatibility" name="test_s2n_new_server_old_ticket[S2N-OpenSSL-TLS1.2-RSA_PSS_2048_SHA256-P-256-ECDHE-RSA-AES128-GCM-SHA256]" time="1.250" /><testcase classname="test_cross_compatibility" name="test_s2n_new_server_old_ticket[S2N-OpenSSL-TLS1.2-RSA_PSS_2048_SHA256-P-521-DHE-RSA-AES128-GCM-SHA256]" time="1.297" /><testcase classname="test_cross_compatibility" name="test_s2n_new_server_old_ticket[S2N-OpenSSL-TLS1.2-ECDSA_256-P-256-ECDHE-ECDSA-CHACHA20-POLY1305]" time="1.211" /><testcase classname="test_cross_compatibility" name="test_s2n_new_server_old_ticket[S2N-OpenSSL-TLS1.2-RSA_PSS_2048_SHA256-P-384-DHE-RSA-AES256-SHA256]" time="1.268" /><testcase classname="test_cross_compatibility" name="test_s2n_new_server_old_ticket[S2N-OpenSSL-TLS1.2-ECDSA_384-P-384-ECDHE-ECDSA-CHACHA20-POLY1305]" time="1.260" /><testcase classname="test_cross_compatibility" name="test_s2n_new_server_old_ticket[S2N-OpenSSL-TLS1.2-RSA_PSS_2048_SHA256-P-521-DHE-RSA-AES128-SHA]" time="1.309" /><testcase classname="test_cross_compatibility" name="test_s2n_new_server_old_ticket[S2N-OpenSSL-TLS1.2-RSA_PSS_2048_SHA256-P-384-ECDHE-RSA-AES128-SHA256]" time="1.317" /><testcase classname="test_cross_compatibility" name="test_s2n_new_server_old_ticket[S2N-OpenSSL-TLS1.2-RSA_PSS_2048_SHA256-P-256-DHE-RSA-CHACHA20-POLY1305]" time="1.235" /><testcase classname="test_cross_compatibility" name="test_s2n_new_server_old_ticket[S2N-OpenSSL-TLS1.2-RSA_PSS_2048_SHA256-P-256-ECDHE-RSA-AES256-GCM-SHA384]" time="1.242" /><testcase classname="test_cross_compatibility" name="test_s2n_new_server_old_ticket[S2N-OpenSSL-TLS1.2-RSA_PSS_2048_SHA256-P-521-DHE-RSA-AES256-GCM-SHA384]" time="1.275" /><testcase classname="test_cross_compatibility" name="test_s2n_new_server_old_ticket[S2N-OpenSSL-TLS1.2-ECDSA_384-P-384-ECDHE-ECDSA-AES128-GCM-SHA256]" time="1.215" /><testcase classname="test_cross_compatibility" name="test_s2n_new_server_old_ticket[S2N-OpenSSL-TLS1.2-RSA_PSS_2048_SHA256-P-384-DHE-RSA-AES128-GCM-SHA256]" time="1.192" /><testcase classname="test_cross_compatibility" name="test_s2n_new_server_old_ticket[S2N-OpenSSL-TLS1.2-RSA_PSS_2048_SHA256-P-256-DHE-RSA-AES128-SHA]" time="1.212" /><testcase classname="test_cross_compatibility" name="test_s2n_new_server_old_ticket[S2N-OpenSSL-TLS1.2-RSA_PSS_2048_SHA256-P-521-DHE-RSA-AES256-SHA]" time="1.242" /><testcase classname="test_cross_compatibility" name="test_s2n_new_server_old_ticket[S2N-OpenSSL-TLS1.2-RSA_PSS_2048_SHA256-P-384-ECDHE-RSA-AES256-SHA384]" time="1.253" /><testcase classname="test_cross_compatibility" name="test_s2n_new_server_old_ticket[S2N-OpenSSL-TLS1.2-RSA_PSS_2048_SHA256-P-256-ECDHE-RSA-AES128-SHA]" time="1.278" /><testcase classname="test_cross_compatibility" name="test_s2n_new_server_old_ticket[S2N-OpenSSL-TLS1.2-RSA_PSS_2048_SHA256-P-521-DHE-RSA-CHACHA20-POLY1305]" time="1.197" /><testcase classname="test_cross_compatibility" name="test_s2n_new_server_old_ticket[S2N-OpenSSL-TLS1.2-RSA_PSS_2048_SHA256-P-256-ECDHE-RSA-CHACHA20-POLY1305]" time="1.305" /><testcase classname="test_cross_compatibility" name="test_s2n_new_server_old_ticket[S2N-OpenSSL-TLS1.2-ECDSA_384-P-384-ECDHE-ECDSA-AES256-GCM-SHA384]" time="1.239" /><testcase classname="test_cross_compatibility" name="test_s2n_new_server_old_ticket[S2N-OpenSSL-TLS1.2-RSA_PSS_2048_SHA256-P-384-DHE-RSA-AES256-GCM-SHA384]" time="1.272" /><testcase classname="test_cross_compatibility" name="test_s2n_new_server_old_ticket[S2N-OpenSSL-TLS1.2-RSA_PSS_2048_SHA256-P-256-DHE-RSA-AES256-SHA]" time="1.216" /><testcase classname="test_cross_compatibility" name="test_s2n_new_server_old_ticket[S2N-OpenSSL-TLS1.2-RSA_PSS_2048_SHA256-P-521-DHE-RSA-AES128-SHA256]" time="1.242" /><testcase classname="test_cross_compatibility" name="test_s2n_new_server_old_ticket[S2N-OpenSSL-TLS1.2-RSA_PSS_2048_SHA256-P-384-ECDHE-RSA-AES128-GCM-SHA256]" time="1.255" /><testcase classname="test_cross_compatibility" name="test_s2n_new_server_old_ticket[S2N-OpenSSL-TLS1.2-RSA_PSS_2048_SHA256-P-256-ECDHE-RSA-AES256-SHA]" time="1.215" /><testcase classname="test_cross_compatibility" name="test_s2n_new_server_old_ticket[S2N-OpenSSL-TLS1.2-RSA_PSS_2048_SHA256-P-521-ECDHE-RSA-AES128-SHA]" time="1.215" /><testcase classname="test_cross_compatibility" name="test_s2n_new_server_old_ticket[S2N-OpenSSL-TLS1.2-RSA_PSS_2048_SHA256-P-384-DHE-RSA-AES128-SHA]" time="1.280" /><testcase classname="test_cross_compatibility" name="test_s2n_new_server_old_ticket[S2N-OpenSSL-TLS1.2-ECDSA_384-P-384-ECDHE-ECDSA-AES128-SHA256]" time="1.322" /><testcase classname="test_cross_compatibility" name="test_s2n_new_server_old_ticket[S2N-OpenSSL-TLS1.2-RSA_PSS_2048_SHA256-P-384-DHE-RSA-CHACHA20-POLY1305]" time="1.295" /><testcase classname="test_cross_compatibility" name="test_s2n_new_server_old_ticket[S2N-OpenSSL-TLS1.2-RSA_PSS_2048_SHA256-P-256-DHE-RSA-AES128-SHA256]" time="1.272" /><testcase classname="test_cross_compatibility" name="test_s2n_new_server_old_ticket[S2N-OpenSSL-TLS1.2-RSA_PSS_2048_SHA256-P-521-ECDHE-RSA-AES256-SHA]" time="1.233" /><testcase classname="test_cross_compatibility" name="test_s2n_new_server_old_ticket[S2N-OpenSSL-TLS1.2-RSA_PSS_2048_SHA256-P-521-ECDHE-RSA-AES256-GCM-SHA384]" time="1.267" /><testcase classname="test_cross_compatibility" name="test_s2n_new_server_old_ticket[S2N-OpenSSL-TLS1.2-ECDSA_521-P-521-ECDHE-ECDSA-AES128-SHA256]" time="1.214" /><testcase classname="test_cross_compatibility" name="test_s2n_new_server_old_ticket[S2N-OpenSSL-TLS1.2-ECDSA_521-P-521-ECDHE-ECDSA-CHACHA20-POLY1305]" time="1.310" /><testcase classname="test_cross_compatibility" name="test_s2n_new_server_old_ticket[S2N-OpenSSL-TLS1.3-RSA_2048_SHA512-P-256-TLS_AES_128_GCM_SHA256]" time="1.242" /><testcase classname="test_cross_compatibility" name="test_s2n_new_server_old_ticket[S2N-OpenSSL-TLS1.3-RSA_2048_SHA512-P-384-TLS_AES_128_GCM_SHA256]" time="1.228" /><testcase classname="test_cross_compatibility" name="test_s2n_new_server_old_ticket[S2N-OpenSSL-TLS1.3-RSA_2048_SHA512-P-521-TLS_AES_128_GCM_SHA256]" time="1.276" /><testcase classname="test_cross_compatibility" name="test_s2n_new_server_old_ticket[S2N-OpenSSL-TLS1.3-RSA_4096_SHA256-X25519-TLS_AES_128_GCM_SHA256]" time="1.258" /><testcase classname="test_cross_compatibility" name="test_s2n_new_server_old_ticket[S2N-OpenSSL-TLS1.2-RSA_PSS_2048_SHA256-P-521-ECDHE-RSA-AES128-SHA256]" time="1.247" /><testcase classname="test_cross_compatibility" name="test_s2n_new_server_old_ticket[S2N-OpenSSL-TLS1.2-RSA_PSS_2048_SHA256-P-521-ECDHE-RSA-CHACHA20-POLY1305]" time="1.259" /><testcase classname="test_cross_compatibility" name="test_s2n_new_server_old_ticket[S2N-OpenSSL-TLS1.2-ECDSA_521-P-521-ECDHE-ECDSA-AES256-SHA384]" time="1.239" /><testcase classname="test_cross_compatibility" name="test_s2n_new_server_old_ticket[S2N-OpenSSL-TLS1.3-RSA_2048_SHA512-X25519-TLS_AES_128_GCM_SHA256]" time="1.248" /><testcase classname="test_cross_compatibility" name="test_s2n_new_server_old_ticket[S2N-OpenSSL-TLS1.3-RSA_2048_SHA512-P-256-TLS_AES_256_GCM_SHA384]" time="1.232" /><testcase classname="test_cross_compatibility" name="test_s2n_new_server_old_ticket[S2N-OpenSSL-TLS1.3-RSA_2048_SHA512-P-384-TLS_AES_256_GCM_SHA384]" time="1.230" /><testcase classname="test_cross_compatibility" name="test_s2n_new_server_old_ticket[S2N-OpenSSL-TLS1.3-RSA_4096_SHA256-X25519-TLS_AES_256_GCM_SHA384]" time="1.231" /><testcase classname="test_cross_compatibility" name="test_s2n_new_server_old_ticket[S2N-OpenSSL-TLS1.3-RSA_2048_SHA512-P-521-TLS_AES_256_GCM_SHA384]" time="1.299" /><testcase classname="test_cross_compatibility" name="test_s2n_new_server_old_ticket[S2N-OpenSSL-TLS1.2-RSA_PSS_2048_SHA256-P-521-ECDHE-RSA-AES256-SHA384]" time="1.228" /><testcase classname="test_cross_compatibility" name="test_s2n_new_server_old_ticket[S2N-OpenSSL-TLS1.2-ECDSA_521-P-521-ECDHE-ECDSA-AES128-GCM-SHA256]" time="1.238" /><testcase classname="test_cross_compatibility" name="test_s2n_new_server_old_ticket[S2N-OpenSSL-TLS1.2-ECDSA_521-P-521-ECDHE-ECDSA-AES128-SHA]" time="1.255" /><testcase classname="test_cross_compatibility" name="test_s2n_new_server_old_ticket[S2N-OpenSSL-TLS1.3-RSA_2048_SHA512-X25519-TLS_AES_256_GCM_SHA384]" time="1.266" /><testcase classname="test_cross_compatibility" name="test_s2n_new_server_old_ticket[S2N-OpenSSL-TLS1.3-RSA_2048_SHA512-P-256-TLS_CHACHA20_POLY1305_SHA256]" time="1.310" /><testcase classname="test_cross_compatibility" name="test_s2n_new_server_old_ticket[S2N-OpenSSL-TLS1.3-RSA_2048_SHA512-P-384-TLS_CHACHA20_POLY1305_SHA256]" time="1.300" /><testcase classname="test_cross_compatibility" name="test_s2n_new_server_old_ticket[S2N-OpenSSL-TLS1.3-RSA_4096_SHA256-X25519-TLS_CHACHA20_POLY1305_SHA256]" time="1.267" /><testcase classname="test_cross_compatibility" name="test_s2n_new_server_old_ticket[S2N-OpenSSL-TLS1.3-RSA_2048_SHA512-P-521-TLS_CHACHA20_POLY1305_SHA256]" time="1.242" /><testcase classname="test_cross_compatibility" name="test_s2n_new_server_old_ticket[S2N-OpenSSL-TLS1.2-RSA_PSS_2048_SHA256-P-521-ECDHE-RSA-AES128-GCM-SHA256]" time="1.219" /><testcase classname="test_cross_compatibility" name="test_s2n_new_server_old_ticket[S2N-OpenSSL-TLS1.2-ECDSA_521-P-521-ECDHE-ECDSA-AES256-GCM-SHA384]" time="1.235" /><testcase classname="test_cross_compatibility" name="test_s2n_new_server_old_ticket[S2N-OpenSSL-TLS1.2-ECDSA_521-P-521-ECDHE-ECDSA-AES256-SHA]" time="1.270" /><testcase classname="test_cross_compatibility" name="test_s2n_new_server_old_ticket[S2N-OpenSSL-TLS1.3-RSA_2048_SHA512-X25519-TLS_CHACHA20_POLY1305_SHA256]" time="1.221" /><testcase classname="test_cross_compatibility" name="test_s2n_new_server_old_ticket[S2N-OpenSSL-TLS1.3-RSA_4096_SHA256-P-256-TLS_AES_128_GCM_SHA256]" time="1.213" /><testcase classname="test_cross_compatibility" name="test_s2n_new_server_old_ticket[S2N-OpenSSL-TLS1.3-RSA_4096_SHA256-P-384-TLS_AES_128_GCM_SHA256]" time="1.238" /><testcase classname="test_cross_compatibility" name="test_s2n_new_server_old_ticket[S2N-OpenSSL-TLS1.3-RSA_4096_SHA256-P-384-TLS_CHACHA20_POLY1305_SHA256]" time="1.252" /><testcase classname="test_cross_compatibility" name="test_s2n_new_server_old_ticket[S2N-OpenSSL-TLS1.3-RSA_4096_SHA256-P-521-TLS_AES_256_GCM_SHA384]" time="1.265" /><testcase classname="test_cross_compatibility" name="test_s2n_new_server_old_ticket[S2N-OpenSSL-TLS1.3-ECDSA_256-P-256-TLS_AES_128_GCM_SHA256]" time="1.238" /><testcase classname="test_cross_compatibility" name="test_s2n_new_server_old_ticket[S2N-OpenSSL-TLS1.3-ECDSA_256-P-256-TLS_CHACHA20_POLY1305_SHA256]" time="1.194" /><testcase classname="test_cross_compatibility" name="test_s2n_new_server_old_ticket[S2N-OpenSSL-TLS1.3-ECDSA_384-P-384-TLS_AES_256_GCM_SHA384]" time="1.234" /><testcase classname="test_cross_compatibility" name="test_s2n_new_server_old_ticket[S2N-OpenSSL-TLS1.3-RSA_PSS_2048_SHA256-X25519-TLS_AES_128_GCM_SHA256]" time="1.261" /><testcase classname="test_cross_compatibility" name="test_s2n_new_server_old_ticket[S2N-OpenSSL-TLS1.3-RSA_4096_SHA256-P-256-TLS_AES_256_GCM_SHA384]" time="1.217" /><testcase classname="test_cross_compatibility" name="test_s2n_new_server_old_ticket[S2N-OpenSSL-TLS1.3-RSA_4096_SHA256-P-384-TLS_AES_256_GCM_SHA384]" time="1.285" /><testcase classname="test_cross_compatibility" name="test_s2n_new_server_old_ticket[S2N-OpenSSL-TLS1.3-RSA_4096_SHA256-P-521-TLS_AES_128_GCM_SHA256]" time="1.229" /><testcase classname="test_cross_compatibility" name="test_s2n_new_server_old_ticket[S2N-OpenSSL-TLS1.3-RSA_4096_SHA256-P-521-TLS_CHACHA20_POLY1305_SHA256]" time="1.275" /><testcase classname="test_cross_compatibility" name="test_s2n_new_server_old_ticket[S2N-OpenSSL-TLS1.3-ECDSA_256-P-256-TLS_AES_256_GCM_SHA384]" time="1.264" /><testcase classname="test_cross_compatibility" name="test_s2n_new_server_old_ticket[S2N-OpenSSL-TLS1.3-ECDSA_384-P-384-TLS_AES_128_GCM_SHA256]" time="1.235" /><testcase classname="test_cross_compatibility" name="test_s2n_new_server_old_ticket[S2N-OpenSSL-TLS1.3-ECDSA_384-P-384-TLS_CHACHA20_POLY1305_SHA256]" time="1.194" /><testcase classname="test_cross_compatibility" name="test_s2n_new_server_old_ticket[S2N-OpenSSL-TLS1.3-RSA_PSS_2048_SHA256-X25519-TLS_AES_256_GCM_SHA384]" time="1.242" /><testcase classname="test_cross_compatibility" name="test_s2n_new_server_old_ticket[S2N-OpenSSL-TLS1.3-RSA_4096_SHA256-P-256-TLS_CHACHA20_POLY1305_SHA256]" time="1.268" /><testcase classname="test_cross_compatibility" name="test_s2n_new_server_old_ticket[S2N-OpenSSL-TLS1.3-RSA_PSS_2048_SHA256-X25519-TLS_CHACHA20_POLY1305_SHA256]" time="1.210" /><testcase classname="test_cross_compatibility" name="test_s2n_new_server_old_ticket[S2N-OpenSSL-TLS1.3-RSA_PSS_2048_SHA256-P-256-TLS_AES_256_GCM_SHA384]" time="1.209" /><testcase classname="test_cross_compatibility" name="test_s2n_new_server_old_ticket[S2N-OpenSSL-TLS1.3-RSA_PSS_2048_SHA256-P-256-TLS_CHACHA20_POLY1305_SHA256]" time="1.182" /><testcase classname="test_cross_compatibility" name="test_s2n_new_server_old_ticket[S2N-OpenSSL-TLS1.3-RSA_PSS_2048_SHA256-P-384-TLS_AES_128_GCM_SHA256]" time="1.201" /><testcase classname="test_cross_compatibility" name="test_s2n_new_server_old_ticket[S2N-OpenSSL-TLS1.3-RSA_PSS_2048_SHA256-P-384-TLS_AES_256_GCM_SHA384]" time="1.263" /><testcase classname="test_cross_compatibility" name="test_s2n_new_server_old_ticket[S2N-OpenSSL-TLS1.3-RSA_PSS_2048_SHA256-P-384-TLS_CHACHA20_POLY1305_SHA256]" time="1.315" /><testcase classname="test_cross_compatibility" name="test_s2n_new_server_old_ticket[S2N-OpenSSL-TLS1.3-RSA_PSS_2048_SHA256-P-521-TLS_AES_128_GCM_SHA256]" time="1.232" /><testcase classname="test_cross_compatibility" name="test_s2n_new_server_old_ticket[S2N-OpenSSL-TLS1.3-RSA_PSS_2048_SHA256-P-521-TLS_AES_256_GCM_SHA384]" time="1.228" /><testcase classname="test_cross_compatibility" name="test_s2n_new_server_old_ticket[S2N-OpenSSL-TLS1.3-RSA_PSS_2048_SHA256-P-521-TLS_CHACHA20_POLY1305_SHA256]" time="1.198" /><testcase classname="test_cross_compatibility" name="test_s2n_new_server_old_ticket[S2N-OpenSSL-TLS1.3-RSA_PSS_2048_SHA256-P-256-TLS_AES_128_GCM_SHA256]" time="1.309" /><testcase classname="test_cross_compatibility" name="test_s2n_new_server_old_ticket[S2N-OpenSSL-TLS1.3-ECDSA_521-P-521-TLS_AES_128_GCM_SHA256]" time="1.216" /><testcase classname="test_cross_compatibility" name="test_s2n_new_server_old_ticket[S2N-OpenSSL-TLS1.3-ECDSA_521-P-521-TLS_AES_256_GCM_SHA384]" time="1.215" /><testcase classname="test_cross_compatibility" name="test_s2n_new_server_old_ticket[S2N-OpenSSL-TLS1.3-ECDSA_521-P-521-TLS_CHACHA20_POLY1305_SHA256]" time="1.224" /><testcase classname="test_cross_compatibility" name="test_s2n_old_client_new_ticket[S2N-S2N-RSA_2048_SHA512-default]" time="1.159" /><testcase classname="test_cross_compatibility" name="test_s2n_old_client_new_ticket[S2N-S2N-RSA_2048_SHA512-20240501]" time="1.163" /><testcase classname="test_cross_compatibility" name="test_s2n_old_client_new_ticket[S2N-S2N-RSA_2048_SHA512-default_tls13]" time="1.184" /><testcase classname="test_cross_compatibility" name="test_s2n_old_client_new_ticket[S2N-S2N-RSA_4096_SHA256-20240501]" time="1.149" /><testcase classname="test_cross_compatibility" name="test_s2n_old_client_new_ticket[S2N-S2N-RSA_4096_SHA256-default]" time="1.171" /><testcase classname="test_cross_compatibility" name="test_s2n_old_client_new_ticket[S2N-S2N-ECDSA_256-default]" time="1.154" /><testcase classname="test_cross_compatibility" name="test_s2n_old_client_new_ticket[S2N-S2N-RSA_4096_SHA256-default_tls13]" time="1.188" /><testcase classname="test_cross_compatibility" name="test_s2n_old_client_new_ticket[S2N-S2N-ECDSA_256-20240501]" time="1.110" /><testcase classname="test_cross_compatibility" name="test_s2n_old_client_new_ticket[S2N-S2N-ECDSA_256-default_tls13]" time="1.157" /><testcase classname="test_cross_compatibility" name="test_s2n_old_client_new_ticket[S2N-S2N-ECDSA_384-default]" time="1.146" /><testcase classname="test_cross_compatibility" name="test_s2n_old_client_new_ticket[S2N-S2N-ECDSA_384-20240501]" time="1.139" /><testcase classname="test_cross_compatibility" name="test_s2n_old_client_new_ticket[S2N-S2N-ECDSA_384-default_tls13]" time="1.125" /><testcase classname="test_cross_compatibility" name="test_s2n_old_client_new_ticket[S2N-S2N-RSA_PSS_2048_SHA256-default]" time="1.160" /><testcase classname="test_cross_compatibility" name="test_s2n_old_client_new_ticket[S2N-S2N-RSA_PSS_2048_SHA256-20240501]" time="1.180" /><testcase classname="test_cross_compatibility" name="test_s2n_old_client_new_ticket[S2N-S2N-RSA_PSS_2048_SHA256-default_tls13]" time="1.220" /><testcase classname="test_cross_compatibility" name="test_s2n_old_client_new_ticket[S2N-S2N-ECDSA_521-default]" time="1.167" /><testcase classname="test_cross_compatibility" name="test_s2n_old_client_new_ticket[S2N-S2N-ECDSA_521-20240501]" time="1.149" /><testcase classname="test_cross_compatibility" name="test_s2n_old_client_new_ticket[S2N-S2N-ECDSA_521-default_tls13]" time="1.099" /><testcase classname="test_cross_compatibility" name="test_s2n_new_client_old_ticket[S2N-S2N-RSA_2048_SHA512-default]" time="1.137" /><testcase classname="test_cross_compatibility" name="test_s2n_new_client_old_ticket[S2N-S2N-RSA_2048_SHA512-20240501]" time="1.121" /><testcase classname="test_cross_compatibility" name="test_s2n_new_client_old_ticket[S2N-S2N-RSA_2048_SHA512-default_tls13]" time="1.118" /><testcase classname="test_cross_compatibility" name="test_s2n_new_client_old_ticket[S2N-S2N-RSA_4096_SHA256-20240501]" time="1.126" /><testcase classname="test_cross_compatibility" name="test_s2n_new_client_old_ticket[S2N-S2N-RSA_4096_SHA256-default]" time="1.158" /><testcase classname="test_cross_compatibility" name="test_s2n_new_client_old_ticket[S2N-S2N-RSA_4096_SHA256-default_tls13]" time="1.178" /><testcase classname="test_cross_compatibility" name="test_s2n_new_client_old_ticket[S2N-S2N-ECDSA_256-default]" time="1.168" /><testcase classname="test_cross_compatibility" name="test_s2n_new_client_old_ticket[S2N-S2N-ECDSA_256-20240501]" time="1.160" /><testcase classname="test_cross_compatibility" name="test_s2n_new_client_old_ticket[S2N-S2N-ECDSA_256-default_tls13]" time="1.172" /><testcase classname="test_cross_compatibility" name="test_s2n_new_client_old_ticket[S2N-S2N-ECDSA_384-default]" time="1.181" /><testcase classname="test_cross_compatibility" name="test_s2n_new_client_old_ticket[S2N-S2N-ECDSA_384-20240501]" time="1.161" /><testcase classname="test_cross_compatibility" name="test_s2n_new_client_old_ticket[S2N-S2N-ECDSA_384-default_tls13]" time="1.147" /><testcase classname="test_cross_compatibility" name="test_s2n_new_client_old_ticket[S2N-S2N-RSA_PSS_2048_SHA256-default]" time="1.165" /><testcase classname="test_cross_compatibility" name="test_s2n_new_client_old_ticket[S2N-S2N-RSA_PSS_2048_SHA256-20240501]" time="1.190" /><testcase classname="test_cross_compatibility" name="test_s2n_new_client_old_ticket[S2N-S2N-RSA_PSS_2048_SHA256-default_tls13]" time="1.163" /><testcase classname="test_cross_compatibility" name="test_s2n_new_client_old_ticket[S2N-S2N-ECDSA_521-default]" time="1.168" /><testcase classname="test_cross_compatibility" name="test_s2n_new_client_old_ticket[S2N-S2N-ECDSA_521-20240501]" time="1.151" /><testcase classname="test_cross_compatibility" name="test_s2n_new_client_old_ticket[S2N-S2N-ECDSA_521-default_tls13]" time="1.181" /></testsuite></testsuites>